0000 000d0010 MOV r4, 0010
		 r4=00000010
0003 004d0010 LSH r4, 0010
		 r4=00100000
0006 002d0020 ADD r4, 0020
0006 000f4010 MOV r13, 0010
		 r13=00000010
000c 004f4010 LSH r13, 0010
		 r13=00100000
000f 002f4020 ADD r13, 0020
000f 000f0004 MOV r12, 0004
		 r12=00000004
0015 00041000 MOV r0, [r4]
		 read mem : aaaaaaaa
		 r0=AAAAAAAA
0018 004c0010 LSH r0, 0010
		 r0=AAAA0000
001b 005c0010 RSH r0, 0010
		 r0=0000AAAA
001e 00b00000 SWAP r0
		 r0=0000AAAA
0021 002d0002 ADD r4, 0002
0021 00045000 MOV r1, [r4]
		 read mem : bbbbaaaa
		 r1=BBBBAAAA
0027 004c4010 LSH r1, 0010
		 r1=AAAA0000
002a 005c4010 RSH r1, 0010
		 r1=0000AAAA
002d 00b04000 SWAP r1
		 r1=0000AAAA
0030 002d0002 ADD r4, 0002
0030 00049000 MOV r2, [r4]
		 read mem : bbbbbbbb
		 r2=BBBBBBBB
0036 004c8010 LSH r2, 0010
		 r2=BBBB0000
0039 005c8010 RSH r2, 0010
		 r2=0000BBBB
003c 00b08000 SWAP r2
		 r2=0000BBBB
003f 002d0002 ADD r4, 0002
003f 0004d000 MOV r3, [r4]
		 read mem : ccccbbbb
		 r3=CCCCBBBB
0045 004cc010 LSH r3, 0010
		 r3=BBBB0000
0048 005cc010 RSH r3, 0010
		 r3=0000BBBB
004b 00b0c000 SWAP r3
		 r3=0000BBBB
004e 000f8020 MOV r14, 0020
		 r14=00000020
0051 000dc007 MOV r7, 0007
		 r7=00000007
00dd0000 OP_d (0d 03 04 00 0000)
0057 00138000 DEC r14
0057 00010400 MOV r4, r1
		 r4=0000AAAA
005d 00015000 MOV r5, r4
		 r5=0000AAAA
0060 005d0008 RSH r4, 0008
		 r4=000000AA
0063 007d00ff AND r4, 00ff
		 r4=000000aa
0063 007d40ff AND r5, 00ff
		 r5=000000aa
0063 0002d400 MOV r11, r5
		 r11=000000AA
006c 004ec008 LSH r11, 0008
		 r11=0000AA00
006f 00029c00 MOV r10, r7
		 r10=00000007
0072 004e8010 LSH r10, 0010
		 r10=00070000
0075 0022ac00 ADD_270 r10, r11
0075 00229000 ADD_270 r10, r4
0075 002e9000 ADD r10, 0000
0075 0005a800 MOV r6, [r10]
		 read mem : 952629e1
		 r6=952629E1
0081 007d80ff AND r6, 00ff
		 r6=000000e1
0081 009dc08a JA r7 008a
008a 0011c000 DEC r7
008a 0002d000 MOV r11, r4
		 r11=000000AA
0090 004ec008 LSH r11, 0008
		 r11=0000AA00
0093 00029c00 MOV r10, r7
		 r10=00000006
0096 004e8010 LSH r10, 0010
		 r10=00060000
0099 0022ac00 ADD_270 r10, r11
0099 00229800 ADD_270 r10, r6
0099 002e9000 ADD r10, 0000
0099 00056800 MOV r5, [r10]
		 read mem : 5eb23994
		 r5=5EB23994
00a5 007d40ff AND r5, 00ff
		 r5=00000094
00a5 009dc0ae JA r7 00ae
00ae 0011c000 DEC r7
00ae 0002d800 MOV r11, r6
		 r11=000000E1
00b4 004ec008 LSH r11, 0008
		 r11=0000E100
00b7 00029c00 MOV r10, r7
		 r10=00000005
00ba 004e8010 LSH r10, 0010
		 r10=00050000
00bd 0022ac00 ADD_270 r10, r11
00bd 00229400 ADD_270 r10, r5
00bd 002e9000 ADD r10, 0000
00bd 00052800 MOV r4, [r10]
		 read mem : bfce8b2a
		 r4=BFCE8B2A
00c9 007d00ff AND r4, 00ff
		 r4=0000002a
00c9 009dc0d2 JA r7 00d2
00d2 0011c000 DEC r7
00d2 0002d400 MOV r11, r5
		 r11=00000094
00d8 004ec008 LSH r11, 0008
		 r11=00009400
00db 00029c00 MOV r10, r7
		 r10=00000004
00de 004e8010 LSH r10, 0010
		 r10=00040000
00e1 0022ac00 ADD_270 r10, r11
00e1 00229000 ADD_270 r10, r4
00e1 002e9000 ADD r10, 0000
00e1 0005a800 MOV r6, [r10]
		 read mem : 331fccb8
		 r6=331FCCB8
00ed 007d80ff AND r6, 00ff
		 r6=000000b8
00ed 009dc0f6 JA r7 00f6
00f6 0011c000 DEC r7
00f6 00025800 MOV r9, r6
		 r9=000000B8
00fc 004e4008 LSH r9, 0008
		 r9=0000B800
00ff 00225000 ADD_270 r9, r4
00ff 00023800 MOV r8, r14
		 r8=0000001F
0105 005e0003 RSH r8, 0003
		 r8=00000003
0108 007e0001 AND r8, 0001
		 r8=00000001
00cf8000 MOV [0X10000+r14], cst (0c 03 0e 00 0000)
010e 009e012f JA r8 012f
012f 00020000 MOV r8, r0
		 r8=0000AAAA
0132 00002400 MOV r0, r9
		 r0=0000B82A
0135 00007800 MOV r1, r14
		 r1=0000001F
0138 002c4001 ADD r1, 0001
0138 00604000 XOR r1, r0
		 r1=0000b80a
0138 00604800 XOR r1, r2
		 r1=000003b1
00ec414a OP_e (0e 03 01 00 014a)
0144 00008c00 MOV r2, r3
		 r2=0000BBBB
0147 0000e000 MOV r3, r8
		 r3=0000AAAA
014a 009f8057 JA r14 0057
0057 00138000 DEC r14
0057 00010400 MOV r4, r1
		 r4=000003B1
005d 00015000 MOV r5, r4
		 r5=000003B1
0060 005d0008 RSH r4, 0008
		 r4=00000003
0063 007d00ff AND r4, 00ff
		 r4=00000003
0063 007d40ff AND r5, 00ff
		 r5=000000b1
0063 0002d400 MOV r11, r5
		 r11=000000B1
006c 004ec008 LSH r11, 0008
		 r11=0000B100
006f 00029c00 MOV r10, r7
		 r10=00000003
0072 004e8010 LSH r10, 0010
		 r10=00030000
0075 0022ac00 ADD_270 r10, r11
0075 00229000 ADD_270 r10, r4
0075 002e9000 ADD r10, 0000
0075 0005a800 MOV r6, [r10]
		 read mem : 7009fb77
		 r6=7009FB77
0081 007d80ff AND r6, 00ff
		 r6=00000077
0081 009dc08a JA r7 008a
008a 0011c000 DEC r7
008a 0002d000 MOV r11, r4
		 r11=00000003
0090 004ec008 LSH r11, 0008
		 r11=00000300
0093 00029c00 MOV r10, r7
		 r10=00000002
0096 004e8010 LSH r10, 0010
		 r10=00020000
0099 0022ac00 ADD_270 r10, r11
0099 00229800 ADD_270 r10, r6
0099 002e9000 ADD r10, 0000
0099 00056800 MOV r5, [r10]
		 read mem : aac69cdc
		 r5=AAC69CDC
00a5 007d40ff AND r5, 00ff
		 r5=000000dc
00a5 009dc0ae JA r7 00ae
00ae 0011c000 DEC r7
00ae 0002d800 MOV r11, r6
		 r11=00000077
00b4 004ec008 LSH r11, 0008
		 r11=00007700
00b7 00029c00 MOV r10, r7
		 r10=00000001
00ba 004e8010 LSH r10, 0010
		 r10=00010000
00bd 0022ac00 ADD_270 r10, r11
00bd 00229400 ADD_270 r10, r5
00bd 002e9000 ADD r10, 0000
00bd 00052800 MOV r4, [r10]
		 read mem : 5b1c8200
		 r4=5B1C8200
00c9 007d00ff AND r4, 00ff
		 r4=00000000
00c9 009dc0d2 JA r7 00d2
00d2 0011c000 DEC r7
00d2 0002d400 MOV r11, r5
		 r11=000000DC
00d8 004ec008 LSH r11, 0008
		 r11=0000DC00
00db 00029c00 MOV r10, r7
		 r10=00000000
00de 004e8010 LSH r10, 0010
		 r10=00000000
00e1 0022ac00 ADD_270 r10, r11
00e1 00229000 ADD_270 r10, r4
00e1 002e9000 ADD r10, 0000
00e1 0005a800 MOV r6, [r10]
		 read mem : e489423f
		 r6=E489423F
00ed 007d80ff AND r6, 00ff
		 r6=0000003f
00ed 009dc0f6 JA r7 00f6
00f3 000dc00a MOV r7, 000a
		 r7=0000000A
00f6 0011c000 DEC r7
00f6 00025800 MOV r9, r6
		 r9=0000003F
00fc 004e4008 LSH r9, 0008
		 r9=00003F00
00ff 00225000 ADD_270 r9, r4
00ff 00023800 MOV r8, r14
		 r8=0000001E
0105 005e0003 RSH r8, 0003
		 r8=00000003
0108 007e0001 AND r8, 0001
		 r8=00000001
00cf8000 MOV [0X10000+r14], cst (0c 03 0e 00 0000)
010e 009e012f JA r8 012f
012f 00020000 MOV r8, r0
		 r8=0000B82A
0132 00002400 MOV r0, r9
		 r0=00003F00
0135 00007800 MOV r1, r14
		 r1=0000001E
0138 002c4001 ADD r1, 0001
0138 00604000 XOR r1, r0
		 r1=00003f1f
0138 00604800 XOR r1, r2
		 r1=000084a4
00ec414a OP_e (0e 03 01 00 014a)
0144 00008c00 MOV r2, r3
		 r2=0000AAAA
0147 0000e000 MOV r3, r8
		 r3=0000B82A
014a 009f8057 JA r14 0057
0057 00138000 DEC r14
0057 00010400 MOV r4, r1
		 r4=000084A4
005d 00015000 MOV r5, r4
		 r5=000084A4
0060 005d0008 RSH r4, 0008
		 r4=00000084
0063 007d00ff AND r4, 00ff
		 r4=00000084
0063 007d40ff AND r5, 00ff
		 r5=000000a4
0063 0002d400 MOV r11, r5
		 r11=000000A4
006c 004ec008 LSH r11, 0008
		 r11=0000A400
006f 00029c00 MOV r10, r7
		 r10=00000009
0072 004e8010 LSH r10, 0010
		 r10=00090000
0075 0022ac00 ADD_270 r10, r11
0075 00229000 ADD_270 r10, r4
0075 002e9000 ADD r10, 0000
0075 0005a800 MOV r6, [r10]
		 read mem : 66095406
		 r6=66095406
0081 007d80ff AND r6, 00ff
		 r6=00000006
0081 009dc08a JA r7 008a
008a 0011c000 DEC r7
008a 0002d000 MOV r11, r4
		 r11=00000084
0090 004ec008 LSH r11, 0008
		 r11=00008400
0093 00029c00 MOV r10, r7
		 r10=00000008
0096 004e8010 LSH r10, 0010
		 r10=00080000
0099 0022ac00 ADD_270 r10, r11
0099 00229800 ADD_270 r10, r6
0099 002e9000 ADD r10, 0000
0099 00056800 MOV r5, [r10]
		 read mem : 9ee35ae5
		 r5=9EE35AE5
00a5 007d40ff AND r5, 00ff
		 r5=000000e5
00a5 009dc0ae JA r7 00ae
00ae 0011c000 DEC r7
00ae 0002d800 MOV r11, r6
		 r11=00000006
00b4 004ec008 LSH r11, 0008
		 r11=00000600
00b7 00029c00 MOV r10, r7
		 r10=00000007
00ba 004e8010 LSH r10, 0010
		 r10=00070000
00bd 0022ac00 ADD_270 r10, r11
00bd 00229400 ADD_270 r10, r5
00bd 002e9000 ADD r10, 0000
00bd 00052800 MOV r4, [r10]
		 read mem : 79e42aa4
		 r4=79E42AA4
00c9 007d00ff AND r4, 00ff
		 r4=000000a4
00c9 009dc0d2 JA r7 00d2
00d2 0011c000 DEC r7
00d2 0002d400 MOV r11, r5
		 r11=000000E5
00d8 004ec008 LSH r11, 0008
		 r11=0000E500
00db 00029c00 MOV r10, r7
		 r10=00000006
00de 004e8010 LSH r10, 0010
		 r10=00060000
00e1 0022ac00 ADD_270 r10, r11
00e1 00229000 ADD_270 r10, r4
00e1 002e9000 ADD r10, 0000
00e1 0005a800 MOV r6, [r10]
		 read mem : 00dabd2f
		 r6=00DABD2F
00ed 007d80ff AND r6, 00ff
		 r6=0000002f
00ed 009dc0f6 JA r7 00f6
00f6 0011c000 DEC r7
00f6 00025800 MOV r9, r6
		 r9=0000002F
00fc 004e4008 LSH r9, 0008
		 r9=00002F00
00ff 00225000 ADD_270 r9, r4
00ff 00023800 MOV r8, r14
		 r8=0000001D
0105 005e0003 RSH r8, 0003
		 r8=00000003
0108 007e0001 AND r8, 0001
		 r8=00000001
00cf8000 MOV [0X10000+r14], cst (0c 03 0e 00 0000)
010e 009e012f JA r8 012f
012f 00020000 MOV r8, r0
		 r8=00003F00
0132 00002400 MOV r0, r9
		 r0=00002FA4
0135 00007800 MOV r1, r14
		 r1=0000001D
0138 002c4001 ADD r1, 0001
0138 00604000 XOR r1, r0
		 r1=00002fba
0138 00604800 XOR r1, r2
		 r1=00008510
00ec414a OP_e (0e 03 01 00 014a)
0144 00008c00 MOV r2, r3
		 r2=0000B82A
0147 0000e000 MOV r3, r8
		 r3=00003F00
014a 009f8057 JA r14 0057
0057 00138000 DEC r14
0057 00010400 MOV r4, r1
		 r4=00008510
005d 00015000 MOV r5, r4
		 r5=00008510
0060 005d0008 RSH r4, 0008
		 r4=00000085
0063 007d00ff AND r4, 00ff
		 r4=00000085
0063 007d40ff AND r5, 00ff
		 r5=00000010
0063 0002d400 MOV r11, r5
		 r11=00000010
006c 004ec008 LSH r11, 0008
		 r11=00001000
006f 00029c00 MOV r10, r7
		 r10=00000005
0072 004e8010 LSH r10, 0010
		 r10=00050000
0075 0022ac00 ADD_270 r10, r11
0075 00229000 ADD_270 r10, r4
0075 002e9000 ADD r10, 0000
0075 0005a800 MOV r6, [r10]
		 read mem : d92203b9
		 r6=D92203B9
0081 007d80ff AND r6, 00ff
		 r6=000000b9
0081 009dc08a JA r7 008a
008a 0011c000 DEC r7
008a 0002d000 MOV r11, r4
		 r11=00000085
0090 004ec008 LSH r11, 0008
		 r11=00008500
0093 00029c00 MOV r10, r7
		 r10=00000004
0096 004e8010 LSH r10, 0010
		 r10=00040000
0099 0022ac00 ADD_270 r10, r11
0099 00229800 ADD_270 r10, r6
0099 002e9000 ADD r10, 0000
0099 00056800 MOV r5, [r10]
		 read mem : a77b9d19
		 r5=A77B9D19
00a5 007d40ff AND r5, 00ff
		 r5=00000019
00a5 009dc0ae JA r7 00ae
00ae 0011c000 DEC r7
00ae 0002d800 MOV r11, r6
		 r11=000000B9
00b4 004ec008 LSH r11, 0008
		 r11=0000B900
00b7 00029c00 MOV r10, r7
		 r10=00000003
00ba 004e8010 LSH r10, 0010
		 r10=00030000
00bd 0022ac00 ADD_270 r10, r11
00bd 00229400 ADD_270 r10, r5
00bd 002e9000 ADD r10, 0000
00bd 00052800 MOV r4, [r10]
		 read mem : 0569dd5e
		 r4=0569DD5E
00c9 007d00ff AND r4, 00ff
		 r4=0000005e
00c9 009dc0d2 JA r7 00d2
00d2 0011c000 DEC r7
00d2 0002d400 MOV r11, r5
		 r11=00000019
00d8 004ec008 LSH r11, 0008
		 r11=00001900
00db 00029c00 MOV r10, r7
		 r10=00000002
00de 004e8010 LSH r10, 0010
		 r10=00020000
00e1 0022ac00 ADD_270 r10, r11
00e1 00229000 ADD_270 r10, r4
00e1 002e9000 ADD r10, 0000
00e1 0005a800 MOV r6, [r10]
		 read mem : 00812ab5
		 r6=00812AB5
00ed 007d80ff AND r6, 00ff
		 r6=000000b5
00ed 009dc0f6 JA r7 00f6
00f6 0011c000 DEC r7
00f6 00025800 MOV r9, r6
		 r9=000000B5
00fc 004e4008 LSH r9, 0008
		 r9=0000B500
00ff 00225000 ADD_270 r9, r4
00ff 00023800 MOV r8, r14
		 r8=0000001C
0105 005e0003 RSH r8, 0003
		 r8=00000003
0108 007e0001 AND r8, 0001
		 r8=00000001
00cf8000 MOV [0X10000+r14], cst (0c 03 0e 00 0000)
010e 009e012f JA r8 012f
012f 00020000 MOV r8, r0
		 r8=00002FA4
0132 00002400 MOV r0, r9
		 r0=0000B55E
0135 00007800 MOV r1, r14
		 r1=0000001C
0138 002c4001 ADD r1, 0001
0138 00604000 XOR r1, r0
		 r1=0000b543
0138 00604800 XOR r1, r2
		 r1=00000d69
00ec414a OP_e (0e 03 01 00 014a)
0144 00008c00 MOV r2, r3
		 r2=00003F00
0147 0000e000 MOV r3, r8
		 r3=00002FA4
014a 009f8057 JA r14 0057
0057 00138000 DEC r14
0057 00010400 MOV r4, r1
		 r4=00000D69
005d 00015000 MOV r5, r4
		 r5=00000D69
0060 005d0008 RSH r4, 0008
		 r4=0000000D
0063 007d00ff AND r4, 00ff
		 r4=0000000d
0063 007d40ff AND r5, 00ff
		 r5=00000069
0063 0002d400 MOV r11, r5
		 r11=00000069
006c 004ec008 LSH r11, 0008
		 r11=00006900
006f 00029c00 MOV r10, r7
		 r10=00000001
0072 004e8010 LSH r10, 0010
		 r10=00010000
0075 0022ac00 ADD_270 r10, r11
0075 00229000 ADD_270 r10, r4
0075 002e9000 ADD r10, 0000
0075 0005a800 MOV r6, [r10]
		 read mem : cd06aef2
		 r6=CD06AEF2
0081 007d80ff AND r6, 00ff
		 r6=000000f2
0081 009dc08a JA r7 008a
008a 0011c000 DEC r7
008a 0002d000 MOV r11, r4
		 r11=0000000D
0090 004ec008 LSH r11, 0008
		 r11=00000D00
0093 00029c00 MOV r10, r7
		 r10=00000000
0096 004e8010 LSH r10, 0010
		 r10=00000000
0099 0022ac00 ADD_270 r10, r11
0099 00229800 ADD_270 r10, r6
0099 002e9000 ADD r10, 0000
0099 00056800 MOV r5, [r10]
		 read mem : 5c5a185c
		 r5=5C5A185C
00a5 007d40ff AND r5, 00ff
		 r5=0000005c
00a5 009dc0ae JA r7 00ae
00ab 000dc00a MOV r7, 000a
		 r7=0000000A
00ae 0011c000 DEC r7
00ae 0002d800 MOV r11, r6
		 r11=000000F2
00b4 004ec008 LSH r11, 0008
		 r11=0000F200
00b7 00029c00 MOV r10, r7
		 r10=00000009
00ba 004e8010 LSH r10, 0010
		 r10=00090000
00bd 0022ac00 ADD_270 r10, r11
00bd 00229400 ADD_270 r10, r5
00bd 002e9000 ADD r10, 0000
00bd 00052800 MOV r4, [r10]
		 read mem : 47a05ebb
		 r4=47A05EBB
00c9 007d00ff AND r4, 00ff
		 r4=000000bb
00c9 009dc0d2 JA r7 00d2
00d2 0011c000 DEC r7
00d2 0002d400 MOV r11, r5
		 r11=0000005C
00d8 004ec008 LSH r11, 0008
		 r11=00005C00
00db 00029c00 MOV r10, r7
		 r10=00000008
00de 004e8010 LSH r10, 0010
		 r10=00080000
00e1 0022ac00 ADD_270 r10, r11
00e1 00229000 ADD_270 r10, r4
00e1 002e9000 ADD r10, 0000
00e1 0005a800 MOV r6, [r10]
		 read mem : f43ef06b
		 r6=F43EF06B
00ed 007d80ff AND r6, 00ff
		 r6=0000006b
00ed 009dc0f6 JA r7 00f6
00f6 0011c000 DEC r7
00f6 00025800 MOV r9, r6
		 r9=0000006B
00fc 004e4008 LSH r9, 0008
		 r9=00006B00
00ff 00225000 ADD_270 r9, r4
00ff 00023800 MOV r8, r14
		 r8=0000001B
0105 005e0003 RSH r8, 0003
		 r8=00000003
0108 007e0001 AND r8, 0001
		 r8=00000001
00cf8000 MOV [0X10000+r14], cst (0c 03 0e 00 0000)
010e 009e012f JA r8 012f
012f 00020000 MOV r8, r0
		 r8=0000B55E
0132 00002400 MOV r0, r9
		 r0=00006BBB
0135 00007800 MOV r1, r14
		 r1=0000001B
0138 002c4001 ADD r1, 0001
0138 00604000 XOR r1, r0
		 r1=00006ba7
0138 00604800 XOR r1, r2
		 r1=000054a7
00ec414a OP_e (0e 03 01 00 014a)
0144 00008c00 MOV r2, r3
		 r2=00002FA4
0147 0000e000 MOV r3, r8
		 r3=0000B55E
014a 009f8057 JA r14 0057
0057 00138000 DEC r14
0057 00010400 MOV r4, r1
		 r4=000054A7
005d 00015000 MOV r5, r4
		 r5=000054A7
0060 005d0008 RSH r4, 0008
		 r4=00000054
0063 007d00ff AND r4, 00ff
		 r4=00000054
0063 007d40ff AND r5, 00ff
		 r5=000000a7
0063 0002d400 MOV r11, r5
		 r11=000000A7
006c 004ec008 LSH r11, 0008
		 r11=0000A700
006f 00029c00 MOV r10, r7
		 r10=00000007
0072 004e8010 LSH r10, 0010
		 r10=00070000
0075 0022ac00 ADD_270 r10, r11
0075 00229000 ADD_270 r10, r4
0075 002e9000 ADD r10, 0000
0075 0005a800 MOV r6, [r10]
		 read mem : 887dac6b
		 r6=887DAC6B
0081 007d80ff AND r6, 00ff
		 r6=0000006b
0081 009dc08a JA r7 008a
008a 0011c000 DEC r7
008a 0002d000 MOV r11, r4
		 r11=00000054
0090 004ec008 LSH r11, 0008
		 r11=00005400
0093 00029c00 MOV r10, r7
		 r10=00000006
0096 004e8010 LSH r10, 0010
		 r10=00060000
0099 0022ac00 ADD_270 r10, r11
0099 00229800 ADD_270 r10, r6
0099 002e9000 ADD r10, 0000
0099 00056800 MOV r5, [r10]
		 read mem : fcfcd344
		 r5=FCFCD344
00a5 007d40ff AND r5, 00ff
		 r5=00000044
00a5 009dc0ae JA r7 00ae
00ae 0011c000 DEC r7
00ae 0002d800 MOV r11, r6
		 r11=0000006B
00b4 004ec008 LSH r11, 0008
		 r11=00006B00
00b7 00029c00 MOV r10, r7
		 r10=00000005
00ba 004e8010 LSH r10, 0010
		 r10=00050000
00bd 0022ac00 ADD_270 r10, r11
00bd 00229400 ADD_270 r10, r5
00bd 002e9000 ADD r10, 0000
00bd 00052800 MOV r4, [r10]
		 read mem : 7f1decba
		 r4=7F1DECBA
00c9 007d00ff AND r4, 00ff
		 r4=000000ba
00c9 009dc0d2 JA r7 00d2
00d2 0011c000 DEC r7
00d2 0002d400 MOV r11, r5
		 r11=00000044
00d8 004ec008 LSH r11, 0008
		 r11=00004400
00db 00029c00 MOV r10, r7
		 r10=00000004
00de 004e8010 LSH r10, 0010
		 r10=00040000
00e1 0022ac00 ADD_270 r10, r11
00e1 00229000 ADD_270 r10, r4
00e1 002e9000 ADD r10, 0000
00e1 0005a800 MOV r6, [r10]
		 read mem : 6e38580b
		 r6=6E38580B
00ed 007d80ff AND r6, 00ff
		 r6=0000000b
00ed 009dc0f6 JA r7 00f6
00f6 0011c000 DEC r7
00f6 00025800 MOV r9, r6
		 r9=0000000B
00fc 004e4008 LSH r9, 0008
		 r9=00000B00
00ff 00225000 ADD_270 r9, r4
00ff 00023800 MOV r8, r14
		 r8=0000001A
0105 005e0003 RSH r8, 0003
		 r8=00000003
0108 007e0001 AND r8, 0001
		 r8=00000001
00cf8000 MOV [0X10000+r14], cst (0c 03 0e 00 0000)
010e 009e012f JA r8 012f
012f 00020000 MOV r8, r0
		 r8=00006BBB
0132 00002400 MOV r0, r9
		 r0=00000BBA
0135 00007800 MOV r1, r14
		 r1=0000001A
0138 002c4001 ADD r1, 0001
0138 00604000 XOR r1, r0
		 r1=00000ba1
0138 00604800 XOR r1, r2
		 r1=00002405
00ec414a OP_e (0e 03 01 00 014a)
014a 009f8057 JA r14 0057
0057 00138000 DEC r14
0057 00010400 MOV r4, r1
		 r4=00002405
005d 00015000 MOV r5, r4
		 r5=00002405
0060 005d0008 RSH r4, 0008
		 r4=00000024
0063 007d00ff AND r4, 00ff
		 r4=00000024
0063 007d40ff AND r5, 00ff
		 r5=00000005
0063 0002d400 MOV r11, r5
		 r11=00000005
006c 004ec008 LSH r11, 0008
		 r11=00000500
006f 00029c00 MOV r10, r7
		 r10=00000003
0072 004e8010 LSH r10, 0010
		 r10=00030000
0075 0022ac00 ADD_270 r10, r11
0075 00229000 ADD_270 r10, r4
0075 002e9000 ADD r10, 0000
0075 0005a800 MOV r6, [r10]
		 read mem : 26d86032
		 r6=26D86032
0081 007d80ff AND r6, 00ff
		 r6=00000032
0081 009dc08a JA r7 008a
008a 0011c000 DEC r7
008a 0002d000 MOV r11, r4
		 r11=00000024
0090 004ec008 LSH r11, 0008
		 r11=00002400
0093 00029c00 MOV r10, r7
		 r10=00000002
0096 004e8010 LSH r10, 0010
		 r10=00020000
0099 0022ac00 ADD_270 r10, r11
0099 00229800 ADD_270 r10, r6
0099 002e9000 ADD r10, 0000
0099 00056800 MOV r5, [r10]
		 read mem : 4beb598a
		 r5=4BEB598A
00a5 007d40ff AND r5, 00ff
		 r5=0000008a
00a5 009dc0ae JA r7 00ae
00ae 0011c000 DEC r7
00ae 0002d800 MOV r11, r6
		 r11=00000032
00b4 004ec008 LSH r11, 0008
		 r11=00003200
00b7 00029c00 MOV r10, r7
		 r10=00000001
00ba 004e8010 LSH r10, 0010
		 r10=00010000
00bd 0022ac00 ADD_270 r10, r11
00bd 00229400 ADD_270 r10, r5
00bd 002e9000 ADD r10, 0000
00bd 00052800 MOV r4, [r10]
		 read mem : 3c065a3d
		 r4=3C065A3D
00c9 007d00ff AND r4, 00ff
		 r4=0000003d
00c9 009dc0d2 JA r7 00d2
00d2 0011c000 DEC r7
00d2 0002d400 MOV r11, r5
		 r11=0000008A
00d8 004ec008 LSH r11, 0008
		 r11=00008A00
00db 00029c00 MOV r10, r7
		 r10=00000000
00de 004e8010 LSH r10, 0010
		 r10=00000000
00e1 0022ac00 ADD_270 r10, r11
00e1 00229000 ADD_270 r10, r4
00e1 002e9000 ADD r10, 0000
00e1 0005a800 MOV r6, [r10]
		 read mem : 64a7f567
		 r6=64A7F567
00ed 007d80ff AND r6, 00ff
		 r6=00000067
00ed 009dc0f6 JA r7 00f6
00f3 000dc00a MOV r7, 000a
		 r7=0000000A
00f6 0011c000 DEC r7
00f6 00025800 MOV r9, r6
		 r9=00000067
00fc 004e4008 LSH r9, 0008
		 r9=00006700
00ff 00225000 ADD_270 r9, r4
00ff 00023800 MOV r8, r14
		 r8=00000019
0105 005e0003 RSH r8, 0003
		 r8=00000003
0108 007e0001 AND r8, 0001
		 r8=00000001
00cf8000 MOV [0X10000+r14], cst (0c 03 0e 00 0000)
010e 009e012f JA r8 012f
012f 00020000 MOV r8, r0
		 r8=00000BBA
0132 00002400 MOV r0, r9
		 r0=0000673D
0135 00007800 MOV r1, r14
		 r1=00000019
0138 002c4001 ADD r1, 0001
0138 00604000 XOR r1, r0
		 r1=00006727
0138 00604800 XOR r1, r2
		 r1=00004883
00ec414a OP_e (0e 03 01 00 014a)
014a 009f8057 JA r14 0057
0057 00138000 DEC r14
0057 00010400 MOV r4, r1
		 r4=00004883
005d 00015000 MOV r5, r4
		 r5=00004883
0060 005d0008 RSH r4, 0008
		 r4=00000048
0063 007d00ff AND r4, 00ff
		 r4=00000048
0063 007d40ff AND r5, 00ff
		 r5=00000083
0063 0002d400 MOV r11, r5
		 r11=00000083
006c 004ec008 LSH r11, 0008
		 r11=00008300
006f 00029c00 MOV r10, r7
		 r10=00000009
0072 004e8010 LSH r10, 0010
		 r10=00090000
0075 0022ac00 ADD_270 r10, r11
0075 00229000 ADD_270 r10, r4
0075 002e9000 ADD r10, 0000
0075 0005a800 MOV r6, [r10]
		 read mem : f8d61f3b
		 r6=F8D61F3B
0081 007d80ff AND r6, 00ff
		 r6=0000003b
0081 009dc08a JA r7 008a
008a 0011c000 DEC r7
008a 0002d000 MOV r11, r4
		 r11=00000048
0090 004ec008 LSH r11, 0008
		 r11=00004800
0093 00029c00 MOV r10, r7
		 r10=00000008
0096 004e8010 LSH r10, 0010
		 r10=00080000
0099 0022ac00 ADD_270 r10, r11
0099 00229800 ADD_270 r10, r6
0099 002e9000 ADD r10, 0000
0099 00056800 MOV r5, [r10]
		 read mem : ae41b6df
		 r5=AE41B6DF
00a5 007d40ff AND r5, 00ff
		 r5=000000df
00a5 009dc0ae JA r7 00ae
00ae 0011c000 DEC r7
00ae 0002d800 MOV r11, r6
		 r11=0000003B
00b4 004ec008 LSH r11, 0008
		 r11=00003B00
00b7 00029c00 MOV r10, r7
		 r10=00000007
00ba 004e8010 LSH r10, 0010
		 r10=00070000
00bd 0022ac00 ADD_270 r10, r11
00bd 00229400 ADD_270 r10, r5
00bd 002e9000 ADD r10, 0000
00bd 00052800 MOV r4, [r10]
		 read mem : 1d93b5a5
		 r4=1D93B5A5
00c9 007d00ff AND r4, 00ff
		 r4=000000a5
00c9 009dc0d2 JA r7 00d2
00d2 0011c000 DEC r7
00d2 0002d400 MOV r11, r5
		 r11=000000DF
00d8 004ec008 LSH r11, 0008
		 r11=0000DF00
00db 00029c00 MOV r10, r7
		 r10=00000006
00de 004e8010 LSH r10, 0010
		 r10=00060000
00e1 0022ac00 ADD_270 r10, r11
00e1 00229000 ADD_270 r10, r4
00e1 002e9000 ADD r10, 0000
00e1 0005a800 MOV r6, [r10]
		 read mem : 68a65ddf
		 r6=68A65DDF
00ed 007d80ff AND r6, 00ff
		 r6=000000df
00ed 009dc0f6 JA r7 00f6
00f6 0011c000 DEC r7
00f6 00025800 MOV r9, r6
		 r9=000000DF
00fc 004e4008 LSH r9, 0008
		 r9=0000DF00
00ff 00225000 ADD_270 r9, r4
00ff 00023800 MOV r8, r14
		 r8=00000018
0105 005e0003 RSH r8, 0003
		 r8=00000003
0108 007e0001 AND r8, 0001
		 r8=00000001
00cf8000 MOV [0X10000+r14], cst (0c 03 0e 00 0000)
010e 009e012f JA r8 012f
012f 00020000 MOV r8, r0
		 r8=0000673D
0132 00002400 MOV r0, r9
		 r0=0000DFA5
0135 00007800 MOV r1, r14
		 r1=00000018
0138 002c4001 ADD r1, 0001
0138 00604000 XOR r1, r0
		 r1=0000dfbc
0138 00604800 XOR r1, r2
		 r1=0000f018
00ec414a OP_e (0e 03 01 00 014a)
014a 009f8057 JA r14 0057
0057 00138000 DEC r14
0057 00010400 MOV r4, r1
		 r4=0000F018
005d 00015000 MOV r5, r4
		 r5=0000F018
0060 005d0008 RSH r4, 0008
		 r4=000000F0
0063 007d00ff AND r4, 00ff
		 r4=000000f0
0063 007d40ff AND r5, 00ff
		 r5=00000018
0063 0002d400 MOV r11, r5
		 r11=00000018
006c 004ec008 LSH r11, 0008
		 r11=00001800
006f 00029c00 MOV r10, r7
		 r10=00000005
0072 004e8010 LSH r10, 0010
		 r10=00050000
0075 0022ac00 ADD_270 r10, r11
0075 00229000 ADD_270 r10, r4
0075 002e9000 ADD r10, 0000
0075 0005a800 MOV r6, [r10]
		 read mem : 776c796a
		 r6=776C796A
0081 007d80ff AND r6, 00ff
		 r6=0000006a
0081 009dc08a JA r7 008a
008a 0011c000 DEC r7
008a 0002d000 MOV r11, r4
		 r11=000000F0
0090 004ec008 LSH r11, 0008
		 r11=0000F000
0093 00029c00 MOV r10, r7
		 r10=00000004
0096 004e8010 LSH r10, 0010
		 r10=00040000
0099 0022ac00 ADD_270 r10, r11
0099 00229800 ADD_270 r10, r6
0099 002e9000 ADD r10, 0000
0099 00056800 MOV r5, [r10]
		 read mem : fb77fdd5
		 r5=FB77FDD5
00a5 007d40ff AND r5, 00ff
		 r5=000000d5
00a5 009dc0ae JA r7 00ae
00ae 0011c000 DEC r7
00ae 0002d800 MOV r11, r6
		 r11=0000006A
00b4 004ec008 LSH r11, 0008
		 r11=00006A00
00b7 00029c00 MOV r10, r7
		 r10=00000003
00ba 004e8010 LSH r10, 0010
		 r10=00030000
00bd 0022ac00 ADD_270 r10, r11
00bd 00229400 ADD_270 r10, r5
00bd 002e9000 ADD r10, 0000
00bd 00052800 MOV r4, [r10]
		 read mem : 7b3f88a2
		 r4=7B3F88A2
00c9 007d00ff AND r4, 00ff
		 r4=000000a2
00c9 009dc0d2 JA r7 00d2
00d2 0011c000 DEC r7
00d2 0002d400 MOV r11, r5
		 r11=000000D5
00d8 004ec008 LSH r11, 0008
		 r11=0000D500
00db 00029c00 MOV r10, r7
		 r10=00000002
00de 004e8010 LSH r10, 0010
		 r10=00020000
00e1 0022ac00 ADD_270 r10, r11
00e1 00229000 ADD_270 r10, r4
00e1 002e9000 ADD r10, 0000
00e1 0005a800 MOV r6, [r10]
		 read mem : 3a5c2397
		 r6=3A5C2397
00ed 007d80ff AND r6, 00ff
		 r6=00000097
00ed 009dc0f6 JA r7 00f6
00f6 0011c000 DEC r7
00f6 00025800 MOV r9, r6
		 r9=00000097
00fc 004e4008 LSH r9, 0008
		 r9=00009700
00ff 00225000 ADD_270 r9, r4
00ff 00023800 MOV r8, r14
		 r8=00000017
0105 005e0003 RSH r8, 0003
		 r8=00000002
0108 007e0001 AND r8, 0001
		 r8=00000000
00cf8000 MOV [0X10000+r14], cst (0c 03 0e 00 0000)
010e 009e012f JA r8 012f
0111 00020c00 MOV r8, r3
		 r8=0000B55E
0114 0000f800 MOV r3, r14
		 r3=00000017
0117 002cc001 ADD r3, 0001
0117 0060c000 XOR r3, r0
		 r3=0000dfbd
00ecc14a OP_e (0e 03 03 00 014a)
014a 009f8057 JA r14 0057
0057 00138000 DEC r14
0057 00010400 MOV r4, r1
		 r4=0000F018
005d 00015000 MOV r5, r4
		 r5=0000F018
0060 005d0008 RSH r4, 0008
		 r4=000000F0
0063 007d00ff AND r4, 00ff
		 r4=000000f0
0063 007d40ff AND r5, 00ff
		 r5=00000018
0063 0002d400 MOV r11, r5
		 r11=00000018
006c 004ec008 LSH r11, 0008
		 r11=00001800
006f 00029c00 MOV r10, r7
		 r10=00000001
0072 004e8010 LSH r10, 0010
		 r10=00010000
0075 0022ac00 ADD_270 r10, r11
0075 00229000 ADD_270 r10, r4
0075 002e9000 ADD r10, 0000
0075 0005a800 MOV r6, [r10]
		 read mem : 130da2a8
		 r6=130DA2A8
0081 007d80ff AND r6, 00ff
		 r6=000000a8
0081 009dc08a JA r7 008a
008a 0011c000 DEC r7
008a 0002d000 MOV r11, r4
		 r11=000000F0
0090 004ec008 LSH r11, 0008
		 r11=0000F000
0093 00029c00 MOV r10, r7
		 r10=00000000
0096 004e8010 LSH r10, 0010
		 r10=00000000
0099 0022ac00 ADD_270 r10, r11
0099 00229800 ADD_270 r10, r6
0099 002e9000 ADD r10, 0000
0099 00056800 MOV r5, [r10]
		 read mem : 95c13e7b
		 r5=95C13E7B
00a5 007d40ff AND r5, 00ff
		 r5=0000007b
00a5 009dc0ae JA r7 00ae
00ab 000dc00a MOV r7, 000a
		 r7=0000000A
00ae 0011c000 DEC r7
00ae 0002d800 MOV r11, r6
		 r11=000000A8
00b4 004ec008 LSH r11, 0008
		 r11=0000A800
00b7 00029c00 MOV r10, r7
		 r10=00000009
00ba 004e8010 LSH r10, 0010
		 r10=00090000
00bd 0022ac00 ADD_270 r10, r11
00bd 00229400 ADD_270 r10, r5
00bd 002e9000 ADD r10, 0000
00bd 00052800 MOV r4, [r10]
		 read mem : 74a5772b
		 r4=74A5772B
00c9 007d00ff AND r4, 00ff
		 r4=0000002b
00c9 009dc0d2 JA r7 00d2
00d2 0011c000 DEC r7
00d2 0002d400 MOV r11, r5
		 r11=0000007B
00d8 004ec008 LSH r11, 0008
		 r11=00007B00
00db 00029c00 MOV r10, r7
		 r10=00000008
00de 004e8010 LSH r10, 0010
		 r10=00080000
00e1 0022ac00 ADD_270 r10, r11
00e1 00229000 ADD_270 r10, r4
00e1 002e9000 ADD r10, 0000
00e1 0005a800 MOV r6, [r10]
		 read mem : ce914e0b
		 r6=CE914E0B
00ed 007d80ff AND r6, 00ff
		 r6=0000000b
00ed 009dc0f6 JA r7 00f6
00f6 0011c000 DEC r7
00f6 00025800 MOV r9, r6
		 r9=0000000B
00fc 004e4008 LSH r9, 0008
		 r9=00000B00
00ff 00225000 ADD_270 r9, r4
00ff 00023800 MOV r8, r14
		 r8=00000016
0105 005e0003 RSH r8, 0003
		 r8=00000002
0108 007e0001 AND r8, 0001
		 r8=00000000
00cf8000 MOV [0X10000+r14], cst (0c 03 0e 00 0000)
010e 009e012f JA r8 012f
0111 00020c00 MOV r8, r3
		 r8=0000DFBD
0114 0000f800 MOV r3, r14
		 r3=00000016
0117 002cc001 ADD r3, 0001
0117 0060c000 XOR r3, r0
		 r3=0000dfb2
00ecc14a OP_e (0e 03 03 00 014a)
014a 009f8057 JA r14 0057
0057 00138000 DEC r14
0057 00010400 MOV r4, r1
		 r4=0000F018
005d 00015000 MOV r5, r4
		 r5=0000F018
0060 005d0008 RSH r4, 0008
		 r4=000000F0
0063 007d00ff AND r4, 00ff
		 r4=000000f0
0063 007d40ff AND r5, 00ff
		 r5=00000018
0063 0002d400 MOV r11, r5
		 r11=00000018
006c 004ec008 LSH r11, 0008
		 r11=00001800
006f 00029c00 MOV r10, r7
		 r10=00000007
0072 004e8010 LSH r10, 0010
		 r10=00070000
0075 0022ac00 ADD_270 r10, r11
0075 00229000 ADD_270 r10, r4
0075 002e9000 ADD r10, 0000
0075 0005a800 MOV r6, [r10]
		 read mem : d72c5dcc
		 r6=D72C5DCC
0081 007d80ff AND r6, 00ff
		 r6=000000cc
0081 009dc08a JA r7 008a
008a 0011c000 DEC r7
008a 0002d000 MOV r11, r4
		 r11=000000F0
0090 004ec008 LSH r11, 0008
		 r11=0000F000
0093 00029c00 MOV r10, r7
		 r10=00000006
0096 004e8010 LSH r10, 0010
		 r10=00060000
0099 0022ac00 ADD_270 r10, r11
0099 00229800 ADD_270 r10, r6
0099 002e9000 ADD r10, 0000
0099 00056800 MOV r5, [r10]
		 read mem : 9b3c1c2a
		 r5=9B3C1C2A
00a5 007d40ff AND r5, 00ff
		 r5=0000002a
00a5 009dc0ae JA r7 00ae
00ae 0011c000 DEC r7
00ae 0002d800 MOV r11, r6
		 r11=000000CC
00b4 004ec008 LSH r11, 0008
		 r11=0000CC00
00b7 00029c00 MOV r10, r7
		 r10=00000005
00ba 004e8010 LSH r10, 0010
		 r10=00050000
00bd 0022ac00 ADD_270 r10, r11
00bd 00229400 ADD_270 r10, r5
00bd 002e9000 ADD r10, 0000
00bd 00052800 MOV r4, [r10]
		 read mem : 5c7ff891
		 r4=5C7FF891
00c9 007d00ff AND r4, 00ff
		 r4=00000091
00c9 009dc0d2 JA r7 00d2
00d2 0011c000 DEC r7
00d2 0002d400 MOV r11, r5
		 r11=0000002A
00d8 004ec008 LSH r11, 0008
		 r11=00002A00
00db 00029c00 MOV r10, r7
		 r10=00000004
00de 004e8010 LSH r10, 0010
		 r10=00040000
00e1 0022ac00 ADD_270 r10, r11
00e1 00229000 ADD_270 r10, r4
00e1 002e9000 ADD r10, 0000
00e1 0005a800 MOV r6, [r10]
		 read mem : c598678a
		 r6=C598678A
00ed 007d80ff AND r6, 00ff
		 r6=0000008a
00ed 009dc0f6 JA r7 00f6
00f6 0011c000 DEC r7
00f6 00025800 MOV r9, r6
		 r9=0000008A
00fc 004e4008 LSH r9, 0008
		 r9=00008A00
00ff 00225000 ADD_270 r9, r4
00ff 00023800 MOV r8, r14
		 r8=00000015
0105 005e0003 RSH r8, 0003
		 r8=00000002
0108 007e0001 AND r8, 0001
		 r8=00000000
00cf8000 MOV [0X10000+r14], cst (0c 03 0e 00 0000)
010e 009e012f JA r8 012f
0111 00020c00 MOV r8, r3
		 r8=0000DFB2
0114 0000f800 MOV r3, r14
		 r3=00000015
0117 002cc001 ADD r3, 0001
0117 0060c000 XOR r3, r0
		 r3=0000dfb3
00ecc14a OP_e (0e 03 03 00 014a)
014a 009f8057 JA r14 0057
0057 00138000 DEC r14
0057 00010400 MOV r4, r1
		 r4=0000F018
005d 00015000 MOV r5, r4
		 r5=0000F018
0060 005d0008 RSH r4, 0008
		 r4=000000F0
0063 007d00ff AND r4, 00ff
		 r4=000000f0
0063 007d40ff AND r5, 00ff
		 r5=00000018
0063 0002d400 MOV r11, r5
		 r11=00000018
006c 004ec008 LSH r11, 0008
		 r11=00001800
006f 00029c00 MOV r10, r7
		 r10=00000003
0072 004e8010 LSH r10, 0010
		 r10=00030000
0075 0022ac00 ADD_270 r10, r11
0075 00229000 ADD_270 r10, r4
0075 002e9000 ADD r10, 0000
0075 0005a800 MOV r6, [r10]
		 read mem : fcbf853b
		 r6=FCBF853B
0081 007d80ff AND r6, 00ff
		 r6=0000003b
0081 009dc08a JA r7 008a
008a 0011c000 DEC r7
008a 0002d000 MOV r11, r4
		 r11=000000F0
0090 004ec008 LSH r11, 0008
		 r11=0000F000
0093 00029c00 MOV r10, r7
		 r10=00000002
0096 004e8010 LSH r10, 0010
		 r10=00020000
0099 0022ac00 ADD_270 r10, r11
0099 00229800 ADD_270 r10, r6
0099 002e9000 ADD r10, 0000
0099 00056800 MOV r5, [r10]
		 read mem : 8eccde5b
		 r5=8ECCDE5B
00a5 007d40ff AND r5, 00ff
		 r5=0000005b
00a5 009dc0ae JA r7 00ae
00ae 0011c000 DEC r7
00ae 0002d800 MOV r11, r6
		 r11=0000003B
00b4 004ec008 LSH r11, 0008
		 r11=00003B00
00b7 00029c00 MOV r10, r7
		 r10=00000001
00ba 004e8010 LSH r10, 0010
		 r10=00010000
00bd 0022ac00 ADD_270 r10, r11
00bd 00229400 ADD_270 r10, r5
00bd 002e9000 ADD r10, 0000
00bd 00052800 MOV r4, [r10]
		 read mem : db258bc7
		 r4=DB258BC7
00c9 007d00ff AND r4, 00ff
		 r4=000000c7
00c9 009dc0d2 JA r7 00d2
00d2 0011c000 DEC r7
00d2 0002d400 MOV r11, r5
		 r11=0000005B
00d8 004ec008 LSH r11, 0008
		 r11=00005B00
00db 00029c00 MOV r10, r7
		 r10=00000000
00de 004e8010 LSH r10, 0010
		 r10=00000000
00e1 0022ac00 ADD_270 r10, r11
00e1 00229000 ADD_270 r10, r4
00e1 002e9000 ADD r10, 0000
00e1 0005a800 MOV r6, [r10]
		 read mem : 334a3e04
		 r6=334A3E04
00ed 007d80ff AND r6, 00ff
		 r6=00000004
00ed 009dc0f6 JA r7 00f6
00f3 000dc00a MOV r7, 000a
		 r7=0000000A
00f6 0011c000 DEC r7
00f6 00025800 MOV r9, r6
		 r9=00000004
00fc 004e4008 LSH r9, 0008
		 r9=00000400
00ff 00225000 ADD_270 r9, r4
00ff 00023800 MOV r8, r14
		 r8=00000014
0105 005e0003 RSH r8, 0003
		 r8=00000002
0108 007e0001 AND r8, 0001
		 r8=00000000
00cf8000 MOV [0X10000+r14], cst (0c 03 0e 00 0000)
010e 009e012f JA r8 012f
0111 00020c00 MOV r8, r3
		 r8=0000DFB3
0114 0000f800 MOV r3, r14
		 r3=00000014
0117 002cc001 ADD r3, 0001
0117 0060c000 XOR r3, r0
		 r3=0000dfb0
00ecc14a OP_e (0e 03 03 00 014a)
014a 009f8057 JA r14 0057
0057 00138000 DEC r14
0057 00010400 MOV r4, r1
		 r4=0000F018
005d 00015000 MOV r5, r4
		 r5=0000F018
0060 005d0008 RSH r4, 0008
		 r4=000000F0
0063 007d00ff AND r4, 00ff
		 r4=000000f0
0063 007d40ff AND r5, 00ff
		 r5=00000018
0063 0002d400 MOV r11, r5
		 r11=00000018
006c 004ec008 LSH r11, 0008
		 r11=00001800
006f 00029c00 MOV r10, r7
		 r10=00000009
0072 004e8010 LSH r10, 0010
		 r10=00090000
0075 0022ac00 ADD_270 r10, r11
0075 00229000 ADD_270 r10, r4
0075 002e9000 ADD r10, 0000
0075 0005a800 MOV r6, [r10]
		 read mem : bee1892e
		 r6=BEE1892E
0081 007d80ff AND r6, 00ff
		 r6=0000002e
0081 009dc08a JA r7 008a
008a 0011c000 DEC r7
008a 0002d000 MOV r11, r4
		 r11=000000F0
0090 004ec008 LSH r11, 0008
		 r11=0000F000
0093 00029c00 MOV r10, r7
		 r10=00000008
0096 004e8010 LSH r10, 0010
		 r10=00080000
0099 0022ac00 ADD_270 r10, r11
0099 00229800 ADD_270 r10, r6
0099 002e9000 ADD r10, 0000
0099 00056800 MOV r5, [r10]
		 read mem : 4e7c7ddd
		 r5=4E7C7DDD
00a5 007d40ff AND r5, 00ff
		 r5=000000dd
00a5 009dc0ae JA r7 00ae
00ae 0011c000 DEC r7
00ae 0002d800 MOV r11, r6
		 r11=0000002E
00b4 004ec008 LSH r11, 0008
		 r11=00002E00
00b7 00029c00 MOV r10, r7
		 r10=00000007
00ba 004e8010 LSH r10, 0010
		 r10=00070000
00bd 0022ac00 ADD_270 r10, r11
00bd 00229400 ADD_270 r10, r5
00bd 002e9000 ADD r10, 0000
00bd 00052800 MOV r4, [r10]
		 read mem : cbcbda54
		 r4=CBCBDA54
00c9 007d00ff AND r4, 00ff
		 r4=00000054
00c9 009dc0d2 JA r7 00d2
00d2 0011c000 DEC r7
00d2 0002d400 MOV r11, r5
		 r11=000000DD
00d8 004ec008 LSH r11, 0008
		 r11=0000DD00
00db 00029c00 MOV r10, r7
		 r10=00000006
00de 004e8010 LSH r10, 0010
		 r10=00060000
00e1 0022ac00 ADD_270 r10, r11
00e1 00229000 ADD_270 r10, r4
00e1 002e9000 ADD r10, 0000
00e1 0005a800 MOV r6, [r10]
		 read mem : 899a2b0e
		 r6=899A2B0E
00ed 007d80ff AND r6, 00ff
		 r6=0000000e
00ed 009dc0f6 JA r7 00f6
00f6 0011c000 DEC r7
00f6 00025800 MOV r9, r6
		 r9=0000000E
00fc 004e4008 LSH r9, 0008
		 r9=00000E00
00ff 00225000 ADD_270 r9, r4
00ff 00023800 MOV r8, r14
		 r8=00000013
0105 005e0003 RSH r8, 0003
		 r8=00000002
0108 007e0001 AND r8, 0001
		 r8=00000000
00cf8000 MOV [0X10000+r14], cst (0c 03 0e 00 0000)
010e 009e012f JA r8 012f
0111 00020c00 MOV r8, r3
		 r8=0000DFB0
0114 0000f800 MOV r3, r14
		 r3=00000013
0117 002cc001 ADD r3, 0001
0117 0060c000 XOR r3, r0
		 r3=0000dfb1
00ecc14a OP_e (0e 03 03 00 014a)
014a 009f8057 JA r14 0057
0057 00138000 DEC r14
0057 00010400 MOV r4, r1
		 r4=0000F018
005d 00015000 MOV r5, r4
		 r5=0000F018
0060 005d0008 RSH r4, 0008
		 r4=000000F0
0063 007d00ff AND r4, 00ff
		 r4=000000f0
0063 007d40ff AND r5, 00ff
		 r5=00000018
0063 0002d400 MOV r11, r5
		 r11=00000018
006c 004ec008 LSH r11, 0008
		 r11=00001800
006f 00029c00 MOV r10, r7
		 r10=00000005
0072 004e8010 LSH r10, 0010
		 r10=00050000
0075 0022ac00 ADD_270 r10, r11
0075 00229000 ADD_270 r10, r4
0075 002e9000 ADD r10, 0000
0075 0005a800 MOV r6, [r10]
		 read mem : 776c796a
		 r6=776C796A
0081 007d80ff AND r6, 00ff
		 r6=0000006a
0081 009dc08a JA r7 008a
008a 0011c000 DEC r7
008a 0002d000 MOV r11, r4
		 r11=000000F0
0090 004ec008 LSH r11, 0008
		 r11=0000F000
0093 00029c00 MOV r10, r7
		 r10=00000004
0096 004e8010 LSH r10, 0010
		 r10=00040000
0099 0022ac00 ADD_270 r10, r11
0099 00229800 ADD_270 r10, r6
0099 002e9000 ADD r10, 0000
0099 00056800 MOV r5, [r10]
		 read mem : fb77fdd5
		 r5=FB77FDD5
00a5 007d40ff AND r5, 00ff
		 r5=000000d5
00a5 009dc0ae JA r7 00ae
00ae 0011c000 DEC r7
00ae 0002d800 MOV r11, r6
		 r11=0000006A
00b4 004ec008 LSH r11, 0008
		 r11=00006A00
00b7 00029c00 MOV r10, r7
		 r10=00000003
00ba 004e8010 LSH r10, 0010
		 r10=00030000
00bd 0022ac00 ADD_270 r10, r11
00bd 00229400 ADD_270 r10, r5
00bd 002e9000 ADD r10, 0000
00bd 00052800 MOV r4, [r10]
		 read mem : 7b3f88a2
		 r4=7B3F88A2
00c9 007d00ff AND r4, 00ff
		 r4=000000a2
00c9 009dc0d2 JA r7 00d2
00d2 0011c000 DEC r7
00d2 0002d400 MOV r11, r5
		 r11=000000D5
00d8 004ec008 LSH r11, 0008
		 r11=0000D500
00db 00029c00 MOV r10, r7
		 r10=00000002
00de 004e8010 LSH r10, 0010
		 r10=00020000
00e1 0022ac00 ADD_270 r10, r11
00e1 00229000 ADD_270 r10, r4
00e1 002e9000 ADD r10, 0000
00e1 0005a800 MOV r6, [r10]
		 read mem : 3a5c2397
		 r6=3A5C2397
00ed 007d80ff AND r6, 00ff
		 r6=00000097
00ed 009dc0f6 JA r7 00f6
00f6 0011c000 DEC r7
00f6 00025800 MOV r9, r6
		 r9=00000097
00fc 004e4008 LSH r9, 0008
		 r9=00009700
00ff 00225000 ADD_270 r9, r4
00ff 00023800 MOV r8, r14
		 r8=00000012
0105 005e0003 RSH r8, 0003
		 r8=00000002
0108 007e0001 AND r8, 0001
		 r8=00000000
00cf8000 MOV [0X10000+r14], cst (0c 03 0e 00 0000)
010e 009e012f JA r8 012f
0111 00020c00 MOV r8, r3
		 r8=0000DFB1
0114 0000f800 MOV r3, r14
		 r3=00000012
0117 002cc001 ADD r3, 0001
0117 0060c000 XOR r3, r0
		 r3=0000dfb6
00ecc14a OP_e (0e 03 03 00 014a)
014a 009f8057 JA r14 0057
0057 00138000 DEC r14
0057 00010400 MOV r4, r1
		 r4=0000F018
005d 00015000 MOV r5, r4
		 r5=0000F018
0060 005d0008 RSH r4, 0008
		 r4=000000F0
0063 007d00ff AND r4, 00ff
		 r4=000000f0
0063 007d40ff AND r5, 00ff
		 r5=00000018
0063 0002d400 MOV r11, r5
		 r11=00000018
006c 004ec008 LSH r11, 0008
		 r11=00001800
006f 00029c00 MOV r10, r7
		 r10=00000001
0072 004e8010 LSH r10, 0010
		 r10=00010000
0075 0022ac00 ADD_270 r10, r11
0075 00229000 ADD_270 r10, r4
0075 002e9000 ADD r10, 0000
0075 0005a800 MOV r6, [r10]
		 read mem : 130da2a8
		 r6=130DA2A8
0081 007d80ff AND r6, 00ff
		 r6=000000a8
0081 009dc08a JA r7 008a
008a 0011c000 DEC r7
008a 0002d000 MOV r11, r4
		 r11=000000F0
0090 004ec008 LSH r11, 0008
		 r11=0000F000
0093 00029c00 MOV r10, r7
		 r10=00000000
0096 004e8010 LSH r10, 0010
		 r10=00000000
0099 0022ac00 ADD_270 r10, r11
0099 00229800 ADD_270 r10, r6
0099 002e9000 ADD r10, 0000
0099 00056800 MOV r5, [r10]
		 read mem : 95c13e7b
		 r5=95C13E7B
00a5 007d40ff AND r5, 00ff
		 r5=0000007b
00a5 009dc0ae JA r7 00ae
00ab 000dc00a MOV r7, 000a
		 r7=0000000A
00ae 0011c000 DEC r7
00ae 0002d800 MOV r11, r6
		 r11=000000A8
00b4 004ec008 LSH r11, 0008
		 r11=0000A800
00b7 00029c00 MOV r10, r7
		 r10=00000009
00ba 004e8010 LSH r10, 0010
		 r10=00090000
00bd 0022ac00 ADD_270 r10, r11
00bd 00229400 ADD_270 r10, r5
00bd 002e9000 ADD r10, 0000
00bd 00052800 MOV r4, [r10]
		 read mem : 74a5772b
		 r4=74A5772B
00c9 007d00ff AND r4, 00ff
		 r4=0000002b
00c9 009dc0d2 JA r7 00d2
00d2 0011c000 DEC r7
00d2 0002d400 MOV r11, r5
		 r11=0000007B
00d8 004ec008 LSH r11, 0008
		 r11=00007B00
00db 00029c00 MOV r10, r7
		 r10=00000008
00de 004e8010 LSH r10, 0010
		 r10=00080000
00e1 0022ac00 ADD_270 r10, r11
00e1 00229000 ADD_270 r10, r4
00e1 002e9000 ADD r10, 0000
00e1 0005a800 MOV r6, [r10]
		 read mem : ce914e0b
		 r6=CE914E0B
00ed 007d80ff AND r6, 00ff
		 r6=0000000b
00ed 009dc0f6 JA r7 00f6
00f6 0011c000 DEC r7
00f6 00025800 MOV r9, r6
		 r9=0000000B
00fc 004e4008 LSH r9, 0008
		 r9=00000B00
00ff 00225000 ADD_270 r9, r4
00ff 00023800 MOV r8, r14
		 r8=00000011
0105 005e0003 RSH r8, 0003
		 r8=00000002
0108 007e0001 AND r8, 0001
		 r8=00000000
00cf8000 MOV [0X10000+r14], cst (0c 03 0e 00 0000)
010e 009e012f JA r8 012f
0111 00020c00 MOV r8, r3
		 r8=0000DFB6
0114 0000f800 MOV r3, r14
		 r3=00000011
0117 002cc001 ADD r3, 0001
0117 0060c000 XOR r3, r0
		 r3=0000dfb7
00ecc14a OP_e (0e 03 03 00 014a)
014a 009f8057 JA r14 0057
0057 00138000 DEC r14
0057 00010400 MOV r4, r1
		 r4=0000F018
005d 00015000 MOV r5, r4
		 r5=0000F018
0060 005d0008 RSH r4, 0008
		 r4=000000F0
0063 007d00ff AND r4, 00ff
		 r4=000000f0
0063 007d40ff AND r5, 00ff
		 r5=00000018
0063 0002d400 MOV r11, r5
		 r11=00000018
006c 004ec008 LSH r11, 0008
		 r11=00001800
006f 00029c00 MOV r10, r7
		 r10=00000007
0072 004e8010 LSH r10, 0010
		 r10=00070000
0075 0022ac00 ADD_270 r10, r11
0075 00229000 ADD_270 r10, r4
0075 002e9000 ADD r10, 0000
0075 0005a800 MOV r6, [r10]
		 read mem : d72c5dcc
		 r6=D72C5DCC
0081 007d80ff AND r6, 00ff
		 r6=000000cc
0081 009dc08a JA r7 008a
008a 0011c000 DEC r7
008a 0002d000 MOV r11, r4
		 r11=000000F0
0090 004ec008 LSH r11, 0008
		 r11=0000F000
0093 00029c00 MOV r10, r7
		 r10=00000006
0096 004e8010 LSH r10, 0010
		 r10=00060000
0099 0022ac00 ADD_270 r10, r11
0099 00229800 ADD_270 r10, r6
0099 002e9000 ADD r10, 0000
0099 00056800 MOV r5, [r10]
		 read mem : 9b3c1c2a
		 r5=9B3C1C2A
00a5 007d40ff AND r5, 00ff
		 r5=0000002a
00a5 009dc0ae JA r7 00ae
00ae 0011c000 DEC r7
00ae 0002d800 MOV r11, r6
		 r11=000000CC
00b4 004ec008 LSH r11, 0008
		 r11=0000CC00
00b7 00029c00 MOV r10, r7
		 r10=00000005
00ba 004e8010 LSH r10, 0010
		 r10=00050000
00bd 0022ac00 ADD_270 r10, r11
00bd 00229400 ADD_270 r10, r5
00bd 002e9000 ADD r10, 0000
00bd 00052800 MOV r4, [r10]
		 read mem : 5c7ff891
		 r4=5C7FF891
00c9 007d00ff AND r4, 00ff
		 r4=00000091
00c9 009dc0d2 JA r7 00d2
00d2 0011c000 DEC r7
00d2 0002d400 MOV r11, r5
		 r11=0000002A
00d8 004ec008 LSH r11, 0008
		 r11=00002A00
00db 00029c00 MOV r10, r7
		 r10=00000004
00de 004e8010 LSH r10, 0010
		 r10=00040000
00e1 0022ac00 ADD_270 r10, r11
00e1 00229000 ADD_270 r10, r4
00e1 002e9000 ADD r10, 0000
00e1 0005a800 MOV r6, [r10]
		 read mem : c598678a
		 r6=C598678A
00ed 007d80ff AND r6, 00ff
		 r6=0000008a
00ed 009dc0f6 JA r7 00f6
00f6 0011c000 DEC r7
00f6 00025800 MOV r9, r6
		 r9=0000008A
00fc 004e4008 LSH r9, 0008
		 r9=00008A00
00ff 00225000 ADD_270 r9, r4
00ff 00023800 MOV r8, r14
		 r8=00000010
0105 005e0003 RSH r8, 0003
		 r8=00000002
0108 007e0001 AND r8, 0001
		 r8=00000000
00cf8000 MOV [0X10000+r14], cst (0c 03 0e 00 0000)
010e 009e012f JA r8 012f
0111 00020c00 MOV r8, r3
		 r8=0000DFB7
0114 0000f800 MOV r3, r14
		 r3=00000010
0117 002cc001 ADD r3, 0001
0117 0060c000 XOR r3, r0
		 r3=0000dfb4
00ecc14a OP_e (0e 03 03 00 014a)
014a 009f8057 JA r14 0057
0057 00138000 DEC r14
0057 00010400 MOV r4, r1
		 r4=0000F018
005d 00015000 MOV r5, r4
		 r5=0000F018
0060 005d0008 RSH r4, 0008
		 r4=000000F0
0063 007d00ff AND r4, 00ff
		 r4=000000f0
0063 007d40ff AND r5, 00ff
		 r5=00000018
0063 0002d400 MOV r11, r5
		 r11=00000018
006c 004ec008 LSH r11, 0008
		 r11=00001800
006f 00029c00 MOV r10, r7
		 r10=00000003
0072 004e8010 LSH r10, 0010
		 r10=00030000
0075 0022ac00 ADD_270 r10, r11
0075 00229000 ADD_270 r10, r4
0075 002e9000 ADD r10, 0000
0075 0005a800 MOV r6, [r10]
		 read mem : fcbf853b
		 r6=FCBF853B
0081 007d80ff AND r6, 00ff
		 r6=0000003b
0081 009dc08a JA r7 008a
008a 0011c000 DEC r7
008a 0002d000 MOV r11, r4
		 r11=000000F0
0090 004ec008 LSH r11, 0008
		 r11=0000F000
0093 00029c00 MOV r10, r7
		 r10=00000002
0096 004e8010 LSH r10, 0010
		 r10=00020000
0099 0022ac00 ADD_270 r10, r11
0099 00229800 ADD_270 r10, r6
0099 002e9000 ADD r10, 0000
0099 00056800 MOV r5, [r10]
		 read mem : 8eccde5b
		 r5=8ECCDE5B
00a5 007d40ff AND r5, 00ff
		 r5=0000005b
00a5 009dc0ae JA r7 00ae
00ae 0011c000 DEC r7
00ae 0002d800 MOV r11, r6
		 r11=0000003B
00b4 004ec008 LSH r11, 0008
		 r11=00003B00
00b7 00029c00 MOV r10, r7
		 r10=00000001
00ba 004e8010 LSH r10, 0010
		 r10=00010000
00bd 0022ac00 ADD_270 r10, r11
00bd 00229400 ADD_270 r10, r5
00bd 002e9000 ADD r10, 0000
00bd 00052800 MOV r4, [r10]
		 read mem : db258bc7
		 r4=DB258BC7
00c9 007d00ff AND r4, 00ff
		 r4=000000c7
00c9 009dc0d2 JA r7 00d2
00d2 0011c000 DEC r7
00d2 0002d400 MOV r11, r5
		 r11=0000005B
00d8 004ec008 LSH r11, 0008
		 r11=00005B00
00db 00029c00 MOV r10, r7
		 r10=00000000
00de 004e8010 LSH r10, 0010
		 r10=00000000
00e1 0022ac00 ADD_270 r10, r11
00e1 00229000 ADD_270 r10, r4
00e1 002e9000 ADD r10, 0000
00e1 0005a800 MOV r6, [r10]
		 read mem : 334a3e04
		 r6=334A3E04
00ed 007d80ff AND r6, 00ff
		 r6=00000004
00ed 009dc0f6 JA r7 00f6
00f3 000dc00a MOV r7, 000a
		 r7=0000000A
00f6 0011c000 DEC r7
00f6 00025800 MOV r9, r6
		 r9=00000004
00fc 004e4008 LSH r9, 0008
		 r9=00000400
00ff 00225000 ADD_270 r9, r4
00ff 00023800 MOV r8, r14
		 r8=0000000F
0105 005e0003 RSH r8, 0003
		 r8=00000001
0108 007e0001 AND r8, 0001
		 r8=00000001
00cf8000 MOV [0X10000+r14], cst (0c 03 0e 00 0000)
010e 009e012f JA r8 012f
012f 00020000 MOV r8, r0
		 r8=0000DFA5
0132 00002400 MOV r0, r9
		 r0=000004C7
0135 00007800 MOV r1, r14
		 r1=0000000F
0138 002c4001 ADD r1, 0001
0138 00604000 XOR r1, r0
		 r1=000004d7
0138 00604800 XOR r1, r2
		 r1=00002b73
00ec414a OP_e (0e 03 01 00 014a)
014a 009f8057 JA r14 0057
0057 00138000 DEC r14
0057 00010400 MOV r4, r1
		 r4=00002B73
005d 00015000 MOV r5, r4
		 r5=00002B73
0060 005d0008 RSH r4, 0008
		 r4=0000002B
0063 007d00ff AND r4, 00ff
		 r4=0000002b
0063 007d40ff AND r5, 00ff
		 r5=00000073
0063 0002d400 MOV r11, r5
		 r11=00000073
006c 004ec008 LSH r11, 0008
		 r11=00007300
006f 00029c00 MOV r10, r7
		 r10=00000009
0072 004e8010 LSH r10, 0010
		 r10=00090000
0075 0022ac00 ADD_270 r10, r11
0075 00229000 ADD_270 r10, r4
0075 002e9000 ADD r10, 0000
0075 0005a800 MOV r6, [r10]
		 read mem : 8789a3aa
		 r6=8789A3AA
0081 007d80ff AND r6, 00ff
		 r6=000000aa
0081 009dc08a JA r7 008a
008a 0011c000 DEC r7
008a 0002d000 MOV r11, r4
		 r11=0000002B
0090 004ec008 LSH r11, 0008
		 r11=00002B00
0093 00029c00 MOV r10, r7
		 r10=00000008
0096 004e8010 LSH r10, 0010
		 r10=00080000
0099 0022ac00 ADD_270 r10, r11
0099 00229800 ADD_270 r10, r6
0099 002e9000 ADD r10, 0000
0099 00056800 MOV r5, [r10]
		 read mem : 42402c34
		 r5=42402C34
00a5 007d40ff AND r5, 00ff
		 r5=00000034
00a5 009dc0ae JA r7 00ae
00ae 0011c000 DEC r7
00ae 0002d800 MOV r11, r6
		 r11=000000AA
00b4 004ec008 LSH r11, 0008
		 r11=0000AA00
00b7 00029c00 MOV r10, r7
		 r10=00000007
00ba 004e8010 LSH r10, 0010
		 r10=00070000
00bd 0022ac00 ADD_270 r10, r11
00bd 00229400 ADD_270 r10, r5
00bd 002e9000 ADD r10, 0000
00bd 00052800 MOV r4, [r10]
		 read mem : af85afce
		 r4=AF85AFCE
00c9 007d00ff AND r4, 00ff
		 r4=000000ce
00c9 009dc0d2 JA r7 00d2
00d2 0011c000 DEC r7
00d2 0002d400 MOV r11, r5
		 r11=00000034
00d8 004ec008 LSH r11, 0008
		 r11=00003400
00db 00029c00 MOV r10, r7
		 r10=00000006
00de 004e8010 LSH r10, 0010
		 r10=00060000
00e1 0022ac00 ADD_270 r10, r11
00e1 00229000 ADD_270 r10, r4
00e1 002e9000 ADD r10, 0000
00e1 0005a800 MOV r6, [r10]
		 read mem : bbeb0798
		 r6=BBEB0798
00ed 007d80ff AND r6, 00ff
		 r6=00000098
00ed 009dc0f6 JA r7 00f6
00f6 0011c000 DEC r7
00f6 00025800 MOV r9, r6
		 r9=00000098
00fc 004e4008 LSH r9, 0008
		 r9=00009800
00ff 00225000 ADD_270 r9, r4
00ff 00023800 MOV r8, r14
		 r8=0000000E
0105 005e0003 RSH r8, 0003
		 r8=00000001
0108 007e0001 AND r8, 0001
		 r8=00000001
00cf8000 MOV [0X10000+r14], cst (0c 03 0e 00 0000)
010e 009e012f JA r8 012f
012f 00020000 MOV r8, r0
		 r8=000004C7
0132 00002400 MOV r0, r9
		 r0=000098CE
0135 00007800 MOV r1, r14
		 r1=0000000E
0138 002c4001 ADD r1, 0001
0138 00604000 XOR r1, r0
		 r1=000098c1
0138 00604800 XOR r1, r2
		 r1=0000b765
00ec414a OP_e (0e 03 01 00 014a)
014a 009f8057 JA r14 0057
0057 00138000 DEC r14
0057 00010400 MOV r4, r1
		 r4=0000B765
005d 00015000 MOV r5, r4
		 r5=0000B765
0060 005d0008 RSH r4, 0008
		 r4=000000B7
0063 007d00ff AND r4, 00ff
		 r4=000000b7
0063 007d40ff AND r5, 00ff
		 r5=00000065
0063 0002d400 MOV r11, r5
		 r11=00000065
006c 004ec008 LSH r11, 0008
		 r11=00006500
006f 00029c00 MOV r10, r7
		 r10=00000005
0072 004e8010 LSH r10, 0010
		 r10=00050000
0075 0022ac00 ADD_270 r10, r11
0075 00229000 ADD_270 r10, r4
0075 002e9000 ADD r10, 0000
0075 0005a800 MOV r6, [r10]
		 read mem : b5fa6818
		 r6=B5FA6818
0081 007d80ff AND r6, 00ff
		 r6=00000018
0081 009dc08a JA r7 008a
008a 0011c000 DEC r7
008a 0002d000 MOV r11, r4
		 r11=000000B7
0090 004ec008 LSH r11, 0008
		 r11=0000B700
0093 00029c00 MOV r10, r7
		 r10=00000004
0096 004e8010 LSH r10, 0010
		 r10=00040000
0099 0022ac00 ADD_270 r10, r11
0099 00229800 ADD_270 r10, r6
0099 002e9000 ADD r10, 0000
0099 00056800 MOV r5, [r10]
		 read mem : 9e532193
		 r5=9E532193
00a5 007d40ff AND r5, 00ff
		 r5=00000093
00a5 009dc0ae JA r7 00ae
00ae 0011c000 DEC r7
00ae 0002d800 MOV r11, r6
		 r11=00000018
00b4 004ec008 LSH r11, 0008
		 r11=00001800
00b7 00029c00 MOV r10, r7
		 r10=00000003
00ba 004e8010 LSH r10, 0010
		 r10=00030000
00bd 0022ac00 ADD_270 r10, r11
00bd 00229400 ADD_270 r10, r5
00bd 002e9000 ADD r10, 0000
00bd 00052800 MOV r4, [r10]
		 read mem : 9078ef5a
		 r4=9078EF5A
00c9 007d00ff AND r4, 00ff
		 r4=0000005a
00c9 009dc0d2 JA r7 00d2
00d2 0011c000 DEC r7
00d2 0002d400 MOV r11, r5
		 r11=00000093
00d8 004ec008 LSH r11, 0008
		 r11=00009300
00db 00029c00 MOV r10, r7
		 r10=00000002
00de 004e8010 LSH r10, 0010
		 r10=00020000
00e1 0022ac00 ADD_270 r10, r11
00e1 00229000 ADD_270 r10, r4
00e1 002e9000 ADD r10, 0000
00e1 0005a800 MOV r6, [r10]
		 read mem : 92cffbaa
		 r6=92CFFBAA
00ed 007d80ff AND r6, 00ff
		 r6=000000aa
00ed 009dc0f6 JA r7 00f6
00f6 0011c000 DEC r7
00f6 00025800 MOV r9, r6
		 r9=000000AA
00fc 004e4008 LSH r9, 0008
		 r9=0000AA00
00ff 00225000 ADD_270 r9, r4
00ff 00023800 MOV r8, r14
		 r8=0000000D
0105 005e0003 RSH r8, 0003
		 r8=00000001
0108 007e0001 AND r8, 0001
		 r8=00000001
00cf8000 MOV [0X10000+r14], cst (0c 03 0e 00 0000)
010e 009e012f JA r8 012f
012f 00020000 MOV r8, r0
		 r8=000098CE
0132 00002400 MOV r0, r9
		 r0=0000AA5A
0135 00007800 MOV r1, r14
		 r1=0000000D
0138 002c4001 ADD r1, 0001
0138 00604000 XOR r1, r0
		 r1=0000aa54
0138 00604800 XOR r1, r2
		 r1=000085f0
00ec414a OP_e (0e 03 01 00 014a)
014a 009f8057 JA r14 0057
0057 00138000 DEC r14
0057 00010400 MOV r4, r1
		 r4=000085F0
005d 00015000 MOV r5, r4
		 r5=000085F0
0060 005d0008 RSH r4, 0008
		 r4=00000085
0063 007d00ff AND r4, 00ff
		 r4=00000085
0063 007d40ff AND r5, 00ff
		 r5=000000f0
0063 0002d400 MOV r11, r5
		 r11=000000F0
006c 004ec008 LSH r11, 0008
		 r11=0000F000
006f 00029c00 MOV r10, r7
		 r10=00000001
0072 004e8010 LSH r10, 0010
		 r10=00010000
0075 0022ac00 ADD_270 r10, r11
0075 00229000 ADD_270 r10, r4
0075 002e9000 ADD r10, 0000
0075 0005a800 MOV r6, [r10]
		 read mem : 8aef8d3e
		 r6=8AEF8D3E
0081 007d80ff AND r6, 00ff
		 r6=0000003e
0081 009dc08a JA r7 008a
008a 0011c000 DEC r7
008a 0002d000 MOV r11, r4
		 r11=00000085
0090 004ec008 LSH r11, 0008
		 r11=00008500
0093 00029c00 MOV r10, r7
		 r10=00000000
0096 004e8010 LSH r10, 0010
		 r10=00000000
0099 0022ac00 ADD_270 r10, r11
0099 00229800 ADD_270 r10, r6
0099 002e9000 ADD r10, 0000
0099 00056800 MOV r5, [r10]
		 read mem : ed143451
		 r5=ED143451
00a5 007d40ff AND r5, 00ff
		 r5=00000051
00a5 009dc0ae JA r7 00ae
00ab 000dc00a MOV r7, 000a
		 r7=0000000A
00ae 0011c000 DEC r7
00ae 0002d800 MOV r11, r6
		 r11=0000003E
00b4 004ec008 LSH r11, 0008
		 r11=00003E00
00b7 00029c00 MOV r10, r7
		 r10=00000009
00ba 004e8010 LSH r10, 0010
		 r10=00090000
00bd 0022ac00 ADD_270 r10, r11
00bd 00229400 ADD_270 r10, r5
00bd 002e9000 ADD r10, 0000
00bd 00052800 MOV r4, [r10]
		 read mem : 8f5694af
		 r4=8F5694AF
00c9 007d00ff AND r4, 00ff
		 r4=000000af
00c9 009dc0d2 JA r7 00d2
00d2 0011c000 DEC r7
00d2 0002d400 MOV r11, r5
		 r11=00000051
00d8 004ec008 LSH r11, 0008
		 r11=00005100
00db 00029c00 MOV r10, r7
		 r10=00000008
00de 004e8010 LSH r10, 0010
		 r10=00080000
00e1 0022ac00 ADD_270 r10, r11
00e1 00229000 ADD_270 r10, r4
00e1 002e9000 ADD r10, 0000
00e1 0005a800 MOV r6, [r10]
		 read mem : b5ad61bb
		 r6=B5AD61BB
00ed 007d80ff AND r6, 00ff
		 r6=000000bb
00ed 009dc0f6 JA r7 00f6
00f6 0011c000 DEC r7
00f6 00025800 MOV r9, r6
		 r9=000000BB
00fc 004e4008 LSH r9, 0008
		 r9=0000BB00
00ff 00225000 ADD_270 r9, r4
00ff 00023800 MOV r8, r14
		 r8=0000000C
0105 005e0003 RSH r8, 0003
		 r8=00000001
0108 007e0001 AND r8, 0001
		 r8=00000001
00cf8000 MOV [0X10000+r14], cst (0c 03 0e 00 0000)
010e 009e012f JA r8 012f
012f 00020000 MOV r8, r0
		 r8=0000AA5A
0132 00002400 MOV r0, r9
		 r0=0000BBAF
0135 00007800 MOV r1, r14
		 r1=0000000C
0138 002c4001 ADD r1, 0001
0138 00604000 XOR r1, r0
		 r1=0000bba2
0138 00604800 XOR r1, r2
		 r1=00009406
00ec414a OP_e (0e 03 01 00 014a)
014a 009f8057 JA r14 0057
0057 00138000 DEC r14
0057 00010400 MOV r4, r1
		 r4=00009406
005d 00015000 MOV r5, r4
		 r5=00009406
0060 005d0008 RSH r4, 0008
		 r4=00000094
0063 007d00ff AND r4, 00ff
		 r4=00000094
0063 007d40ff AND r5, 00ff
		 r5=00000006
0063 0002d400 MOV r11, r5
		 r11=00000006
006c 004ec008 LSH r11, 0008
		 r11=00000600
006f 00029c00 MOV r10, r7
		 r10=00000007
0072 004e8010 LSH r10, 0010
		 r10=00070000
0075 0022ac00 ADD_270 r10, r11
0075 00229000 ADD_270 r10, r4
0075 002e9000 ADD r10, 0000
0075 0005a800 MOV r6, [r10]
		 read mem : df977b6d
		 r6=DF977B6D
0081 007d80ff AND r6, 00ff
		 r6=0000006d
0081 009dc08a JA r7 008a
008a 0011c000 DEC r7
008a 0002d000 MOV r11, r4
		 r11=00000094
0090 004ec008 LSH r11, 0008
		 r11=00009400
0093 00029c00 MOV r10, r7
		 r10=00000006
0096 004e8010 LSH r10, 0010
		 r10=00060000
0099 0022ac00 ADD_270 r10, r11
0099 00229800 ADD_270 r10, r6
0099 002e9000 ADD r10, 0000
0099 00056800 MOV r5, [r10]
		 read mem : 7ba6a09b
		 r5=7BA6A09B
00a5 007d40ff AND r5, 00ff
		 r5=0000009b
00a5 009dc0ae JA r7 00ae
00ae 0011c000 DEC r7
00ae 0002d800 MOV r11, r6
		 r11=0000006D
00b4 004ec008 LSH r11, 0008
		 r11=00006D00
00b7 00029c00 MOV r10, r7
		 r10=00000005
00ba 004e8010 LSH r10, 0010
		 r10=00050000
00bd 0022ac00 ADD_270 r10, r11
00bd 00229400 ADD_270 r10, r5
00bd 002e9000 ADD r10, 0000
00bd 00052800 MOV r4, [r10]
		 read mem : 9fffb5df
		 r4=9FFFB5DF
00c9 007d00ff AND r4, 00ff
		 r4=000000df
00c9 009dc0d2 JA r7 00d2
00d2 0011c000 DEC r7
00d2 0002d400 MOV r11, r5
		 r11=0000009B
00d8 004ec008 LSH r11, 0008
		 r11=00009B00
00db 00029c00 MOV r10, r7
		 r10=00000004
00de 004e8010 LSH r10, 0010
		 r10=00040000
00e1 0022ac00 ADD_270 r10, r11
00e1 00229000 ADD_270 r10, r4
00e1 002e9000 ADD r10, 0000
00e1 0005a800 MOV r6, [r10]
		 read mem : baa1034d
		 r6=BAA1034D
00ed 007d80ff AND r6, 00ff
		 r6=0000004d
00ed 009dc0f6 JA r7 00f6
00f6 0011c000 DEC r7
00f6 00025800 MOV r9, r6
		 r9=0000004D
00fc 004e4008 LSH r9, 0008
		 r9=00004D00
00ff 00225000 ADD_270 r9, r4
00ff 00023800 MOV r8, r14
		 r8=0000000B
0105 005e0003 RSH r8, 0003
		 r8=00000001
0108 007e0001 AND r8, 0001
		 r8=00000001
00cf8000 MOV [0X10000+r14], cst (0c 03 0e 00 0000)
010e 009e012f JA r8 012f
012f 00020000 MOV r8, r0
		 r8=0000BBAF
0132 00002400 MOV r0, r9
		 r0=00004DDF
0135 00007800 MOV r1, r14
		 r1=0000000B
0138 002c4001 ADD r1, 0001
0138 00604000 XOR r1, r0
		 r1=00004dd3
0138 00604800 XOR r1, r2
		 r1=00006277
00ec414a OP_e (0e 03 01 00 014a)
014a 009f8057 JA r14 0057
0057 00138000 DEC r14
0057 00010400 MOV r4, r1
		 r4=00006277
005d 00015000 MOV r5, r4
		 r5=00006277
0060 005d0008 RSH r4, 0008
		 r4=00000062
0063 007d00ff AND r4, 00ff
		 r4=00000062
0063 007d40ff AND r5, 00ff
		 r5=00000077
0063 0002d400 MOV r11, r5
		 r11=00000077
006c 004ec008 LSH r11, 0008
		 r11=00007700
006f 00029c00 MOV r10, r7
		 r10=00000003
0072 004e8010 LSH r10, 0010
		 r10=00030000
0075 0022ac00 ADD_270 r10, r11
0075 00229000 ADD_270 r10, r4
0075 002e9000 ADD r10, 0000
0075 0005a800 MOV r6, [r10]
		 read mem : 7f513ef1
		 r6=7F513EF1
0081 007d80ff AND r6, 00ff
		 r6=000000f1
0081 009dc08a JA r7 008a
008a 0011c000 DEC r7
008a 0002d000 MOV r11, r4
		 r11=00000062
0090 004ec008 LSH r11, 0008
		 r11=00006200
0093 00029c00 MOV r10, r7
		 r10=00000002
0096 004e8010 LSH r10, 0010
		 r10=00020000
0099 0022ac00 ADD_270 r10, r11
0099 00229800 ADD_270 r10, r6
0099 002e9000 ADD r10, 0000
0099 00056800 MOV r5, [r10]
		 read mem : cb3da8c5
		 r5=CB3DA8C5
00a5 007d40ff AND r5, 00ff
		 r5=000000c5
00a5 009dc0ae JA r7 00ae
00ae 0011c000 DEC r7
00ae 0002d800 MOV r11, r6
		 r11=000000F1
00b4 004ec008 LSH r11, 0008
		 r11=0000F100
00b7 00029c00 MOV r10, r7
		 r10=00000001
00ba 004e8010 LSH r10, 0010
		 r10=00010000
00bd 0022ac00 ADD_270 r10, r11
00bd 00229400 ADD_270 r10, r5
00bd 002e9000 ADD r10, 0000
00bd 00052800 MOV r4, [r10]
		 read mem : fb1f4843
		 r4=FB1F4843
00c9 007d00ff AND r4, 00ff
		 r4=00000043
00c9 009dc0d2 JA r7 00d2
00d2 0011c000 DEC r7
00d2 0002d400 MOV r11, r5
		 r11=000000C5
00d8 004ec008 LSH r11, 0008
		 r11=0000C500
00db 00029c00 MOV r10, r7
		 r10=00000000
00de 004e8010 LSH r10, 0010
		 r10=00000000
00e1 0022ac00 ADD_270 r10, r11
00e1 00229000 ADD_270 r10, r4
00e1 002e9000 ADD r10, 0000
00e1 0005a800 MOV r6, [r10]
		 read mem : 6f9b4ab2
		 r6=6F9B4AB2
00ed 007d80ff AND r6, 00ff
		 r6=000000b2
00ed 009dc0f6 JA r7 00f6
00f3 000dc00a MOV r7, 000a
		 r7=0000000A
00f6 0011c000 DEC r7
00f6 00025800 MOV r9, r6
		 r9=000000B2
00fc 004e4008 LSH r9, 0008
		 r9=0000B200
00ff 00225000 ADD_270 r9, r4
00ff 00023800 MOV r8, r14
		 r8=0000000A
0105 005e0003 RSH r8, 0003
		 r8=00000001
0108 007e0001 AND r8, 0001
		 r8=00000001
00cf8000 MOV [0X10000+r14], cst (0c 03 0e 00 0000)
010e 009e012f JA r8 012f
012f 00020000 MOV r8, r0
		 r8=00004DDF
0132 00002400 MOV r0, r9
		 r0=0000B243
0135 00007800 MOV r1, r14
		 r1=0000000A
0138 002c4001 ADD r1, 0001
0138 00604000 XOR r1, r0
		 r1=0000b248
0138 00604800 XOR r1, r2
		 r1=00009dec
00ec414a OP_e (0e 03 01 00 014a)
014a 009f8057 JA r14 0057
0057 00138000 DEC r14
0057 00010400 MOV r4, r1
		 r4=00009DEC
005d 00015000 MOV r5, r4
		 r5=00009DEC
0060 005d0008 RSH r4, 0008
		 r4=0000009D
0063 007d00ff AND r4, 00ff
		 r4=0000009d
0063 007d40ff AND r5, 00ff
		 r5=000000ec
0063 0002d400 MOV r11, r5
		 r11=000000EC
006c 004ec008 LSH r11, 0008
		 r11=0000EC00
006f 00029c00 MOV r10, r7
		 r10=00000009
0072 004e8010 LSH r10, 0010
		 r10=00090000
0075 0022ac00 ADD_270 r10, r11
0075 00229000 ADD_270 r10, r4
0075 002e9000 ADD r10, 0000
0075 0005a800 MOV r6, [r10]
		 read mem : b77d4225
		 r6=B77D4225
0081 007d80ff AND r6, 00ff
		 r6=00000025
0081 009dc08a JA r7 008a
008a 0011c000 DEC r7
008a 0002d000 MOV r11, r4
		 r11=0000009D
0090 004ec008 LSH r11, 0008
		 r11=00009D00
0093 00029c00 MOV r10, r7
		 r10=00000008
0096 004e8010 LSH r10, 0010
		 r10=00080000
0099 0022ac00 ADD_270 r10, r11
0099 00229800 ADD_270 r10, r6
0099 002e9000 ADD r10, 0000
0099 00056800 MOV r5, [r10]
		 read mem : 9f16df36
		 r5=9F16DF36
00a5 007d40ff AND r5, 00ff
		 r5=00000036
00a5 009dc0ae JA r7 00ae
00ae 0011c000 DEC r7
00ae 0002d800 MOV r11, r6
		 r11=00000025
00b4 004ec008 LSH r11, 0008
		 r11=00002500
00b7 00029c00 MOV r10, r7
		 r10=00000007
00ba 004e8010 LSH r10, 0010
		 r10=00070000
00bd 0022ac00 ADD_270 r10, r11
00bd 00229400 ADD_270 r10, r5
00bd 002e9000 ADD r10, 0000
00bd 00052800 MOV r4, [r10]
		 read mem : 575a4509
		 r4=575A4509
00c9 007d00ff AND r4, 00ff
		 r4=00000009
00c9 009dc0d2 JA r7 00d2
00d2 0011c000 DEC r7
00d2 0002d400 MOV r11, r5
		 r11=00000036
00d8 004ec008 LSH r11, 0008
		 r11=00003600
00db 00029c00 MOV r10, r7
		 r10=00000006
00de 004e8010 LSH r10, 0010
		 r10=00060000
00e1 0022ac00 ADD_270 r10, r11
00e1 00229000 ADD_270 r10, r4
00e1 002e9000 ADD r10, 0000
00e1 0005a800 MOV r6, [r10]
		 read mem : 4f0503e7
		 r6=4F0503E7
00ed 007d80ff AND r6, 00ff
		 r6=000000e7
00ed 009dc0f6 JA r7 00f6
00f6 0011c000 DEC r7
00f6 00025800 MOV r9, r6
		 r9=000000E7
00fc 004e4008 LSH r9, 0008
		 r9=0000E700
00ff 00225000 ADD_270 r9, r4
00ff 00023800 MOV r8, r14
		 r8=00000009
0105 005e0003 RSH r8, 0003
		 r8=00000001
0108 007e0001 AND r8, 0001
		 r8=00000001
00cf8000 MOV [0X10000+r14], cst (0c 03 0e 00 0000)
010e 009e012f JA r8 012f
012f 00020000 MOV r8, r0
		 r8=0000B243
0132 00002400 MOV r0, r9
		 r0=0000E709
0135 00007800 MOV r1, r14
		 r1=00000009
0138 002c4001 ADD r1, 0001
0138 00604000 XOR r1, r0
		 r1=0000e703
0138 00604800 XOR r1, r2
		 r1=0000c8a7
00ec414a OP_e (0e 03 01 00 014a)
014a 009f8057 JA r14 0057
0057 00138000 DEC r14
0057 00010400 MOV r4, r1
		 r4=0000C8A7
005d 00015000 MOV r5, r4
		 r5=0000C8A7
0060 005d0008 RSH r4, 0008
		 r4=000000C8
0063 007d00ff AND r4, 00ff
		 r4=000000c8
0063 007d40ff AND r5, 00ff
		 r5=000000a7
0063 0002d400 MOV r11, r5
		 r11=000000A7
006c 004ec008 LSH r11, 0008
		 r11=0000A700
006f 00029c00 MOV r10, r7
		 r10=00000005
0072 004e8010 LSH r10, 0010
		 r10=00050000
0075 0022ac00 ADD_270 r10, r11
0075 00229000 ADD_270 r10, r4
0075 002e9000 ADD r10, 0000
0075 0005a800 MOV r6, [r10]
		 read mem : 686a719c
		 r6=686A719C
0081 007d80ff AND r6, 00ff
		 r6=0000009c
0081 009dc08a JA r7 008a
008a 0011c000 DEC r7
008a 0002d000 MOV r11, r4
		 r11=000000C8
0090 004ec008 LSH r11, 0008
		 r11=0000C800
0093 00029c00 MOV r10, r7
		 r10=00000004
0096 004e8010 LSH r10, 0010
		 r10=00040000
0099 0022ac00 ADD_270 r10, r11
0099 00229800 ADD_270 r10, r6
0099 002e9000 ADD r10, 0000
0099 00056800 MOV r5, [r10]
		 read mem : 10a2c37d
		 r5=10A2C37D
00a5 007d40ff AND r5, 00ff
		 r5=0000007d
00a5 009dc0ae JA r7 00ae
00ae 0011c000 DEC r7
00ae 0002d800 MOV r11, r6
		 r11=0000009C
00b4 004ec008 LSH r11, 0008
		 r11=00009C00
00b7 00029c00 MOV r10, r7
		 r10=00000003
00ba 004e8010 LSH r10, 0010
		 r10=00030000
00bd 0022ac00 ADD_270 r10, r11
00bd 00229400 ADD_270 r10, r5
00bd 002e9000 ADD r10, 0000
00bd 00052800 MOV r4, [r10]
		 read mem : 4940dd1c
		 r4=4940DD1C
00c9 007d00ff AND r4, 00ff
		 r4=0000001c
00c9 009dc0d2 JA r7 00d2
00d2 0011c000 DEC r7
00d2 0002d400 MOV r11, r5
		 r11=0000007D
00d8 004ec008 LSH r11, 0008
		 r11=00007D00
00db 00029c00 MOV r10, r7
		 r10=00000002
00de 004e8010 LSH r10, 0010
		 r10=00020000
00e1 0022ac00 ADD_270 r10, r11
00e1 00229000 ADD_270 r10, r4
00e1 002e9000 ADD r10, 0000
00e1 0005a800 MOV r6, [r10]
		 read mem : e36b33d0
		 r6=E36B33D0
00ed 007d80ff AND r6, 00ff
		 r6=000000d0
00ed 009dc0f6 JA r7 00f6
00f6 0011c000 DEC r7
00f6 00025800 MOV r9, r6
		 r9=000000D0
00fc 004e4008 LSH r9, 0008
		 r9=0000D000
00ff 00225000 ADD_270 r9, r4
00ff 00023800 MOV r8, r14
		 r8=00000008
0105 005e0003 RSH r8, 0003
		 r8=00000001
0108 007e0001 AND r8, 0001
		 r8=00000001
00cf8000 MOV [0X10000+r14], cst (0c 03 0e 00 0000)
010e 009e012f JA r8 012f
012f 00020000 MOV r8, r0
		 r8=0000E709
0132 00002400 MOV r0, r9
		 r0=0000D01C
0135 00007800 MOV r1, r14
		 r1=00000008
0138 002c4001 ADD r1, 0001
0138 00604000 XOR r1, r0
		 r1=0000d015
0138 00604800 XOR r1, r2
		 r1=0000ffb1
00ec414a OP_e (0e 03 01 00 014a)
014a 009f8057 JA r14 0057
0057 00138000 DEC r14
0057 00010400 MOV r4, r1
		 r4=0000FFB1
005d 00015000 MOV r5, r4
		 r5=0000FFB1
0060 005d0008 RSH r4, 0008
		 r4=000000FF
0063 007d00ff AND r4, 00ff
		 r4=000000ff
0063 007d40ff AND r5, 00ff
		 r5=000000b1
0063 0002d400 MOV r11, r5
		 r11=000000B1
006c 004ec008 LSH r11, 0008
		 r11=0000B100
006f 00029c00 MOV r10, r7
		 r10=00000001
0072 004e8010 LSH r10, 0010
		 r10=00010000
0075 0022ac00 ADD_270 r10, r11
0075 00229000 ADD_270 r10, r4
0075 002e9000 ADD r10, 0000
0075 0005a800 MOV r6, [r10]
		 read mem : 16a7b8f3
		 r6=16A7B8F3
0081 007d80ff AND r6, 00ff
		 r6=000000f3
0081 009dc08a JA r7 008a
008a 0011c000 DEC r7
008a 0002d000 MOV r11, r4
		 r11=000000FF
0090 004ec008 LSH r11, 0008
		 r11=0000FF00
0093 00029c00 MOV r10, r7
		 r10=00000000
0096 004e8010 LSH r10, 0010
		 r10=00000000
0099 0022ac00 ADD_270 r10, r11
0099 00229800 ADD_270 r10, r6
0099 002e9000 ADD r10, 0000
0099 00056800 MOV r5, [r10]
		 read mem : c56d9849
		 r5=C56D9849
00a5 007d40ff AND r5, 00ff
		 r5=00000049
00a5 009dc0ae JA r7 00ae
00ab 000dc00a MOV r7, 000a
		 r7=0000000A
00ae 0011c000 DEC r7
00ae 0002d800 MOV r11, r6
		 r11=000000F3
00b4 004ec008 LSH r11, 0008
		 r11=0000F300
00b7 00029c00 MOV r10, r7
		 r10=00000009
00ba 004e8010 LSH r10, 0010
		 r10=00090000
00bd 0022ac00 ADD_270 r10, r11
00bd 00229400 ADD_270 r10, r5
00bd 002e9000 ADD r10, 0000
00bd 00052800 MOV r4, [r10]
		 read mem : e7e4ab2f
		 r4=E7E4AB2F
00c9 007d00ff AND r4, 00ff
		 r4=0000002f
00c9 009dc0d2 JA r7 00d2
00d2 0011c000 DEC r7
00d2 0002d400 MOV r11, r5
		 r11=00000049
00d8 004ec008 LSH r11, 0008
		 r11=00004900
00db 00029c00 MOV r10, r7
		 r10=00000008
00de 004e8010 LSH r10, 0010
		 r10=00080000
00e1 0022ac00 ADD_270 r10, r11
00e1 00229000 ADD_270 r10, r4
00e1 002e9000 ADD r10, 0000
00e1 0005a800 MOV r6, [r10]
		 read mem : 7c0619db
		 r6=7C0619DB
00ed 007d80ff AND r6, 00ff
		 r6=000000db
00ed 009dc0f6 JA r7 00f6
00f6 0011c000 DEC r7
00f6 00025800 MOV r9, r6
		 r9=000000DB
00fc 004e4008 LSH r9, 0008
		 r9=0000DB00
00ff 00225000 ADD_270 r9, r4
00ff 00023800 MOV r8, r14
		 r8=00000007
0105 005e0003 RSH r8, 0003
		 r8=00000000
0108 007e0001 AND r8, 0001
		 r8=00000000
00cf8000 MOV [0X10000+r14], cst (0c 03 0e 00 0000)
010e 009e012f JA r8 012f
0111 00020c00 MOV r8, r3
		 r8=0000DFB4
0114 0000f800 MOV r3, r14
		 r3=00000007
0117 002cc001 ADD r3, 0001
0117 0060c000 XOR r3, r0
		 r3=0000d014
00ecc14a OP_e (0e 03 03 00 014a)
014a 009f8057 JA r14 0057
0057 00138000 DEC r14
0057 00010400 MOV r4, r1
		 r4=0000FFB1
005d 00015000 MOV r5, r4
		 r5=0000FFB1
0060 005d0008 RSH r4, 0008
		 r4=000000FF
0063 007d00ff AND r4, 00ff
		 r4=000000ff
0063 007d40ff AND r5, 00ff
		 r5=000000b1
0063 0002d400 MOV r11, r5
		 r11=000000B1
006c 004ec008 LSH r11, 0008
		 r11=0000B100
006f 00029c00 MOV r10, r7
		 r10=00000007
0072 004e8010 LSH r10, 0010
		 r10=00070000
0075 0022ac00 ADD_270 r10, r11
0075 00229000 ADD_270 r10, r4
0075 002e9000 ADD r10, 0000
0075 0005a800 MOV r6, [r10]
		 read mem : 3da967de
		 r6=3DA967DE
0081 007d80ff AND r6, 00ff
		 r6=000000de
0081 009dc08a JA r7 008a
008a 0011c000 DEC r7
008a 0002d000 MOV r11, r4
		 r11=000000FF
0090 004ec008 LSH r11, 0008
		 r11=0000FF00
0093 00029c00 MOV r10, r7
		 r10=00000006
0096 004e8010 LSH r10, 0010
		 r10=00060000
0099 0022ac00 ADD_270 r10, r11
0099 00229800 ADD_270 r10, r6
0099 002e9000 ADD r10, 0000
0099 00056800 MOV r5, [r10]
		 read mem : 4c456604
		 r5=4C456604
00a5 007d40ff AND r5, 00ff
		 r5=00000004
00a5 009dc0ae JA r7 00ae
00ae 0011c000 DEC r7
00ae 0002d800 MOV r11, r6
		 r11=000000DE
00b4 004ec008 LSH r11, 0008
		 r11=0000DE00
00b7 00029c00 MOV r10, r7
		 r10=00000005
00ba 004e8010 LSH r10, 0010
		 r10=00050000
00bd 0022ac00 ADD_270 r10, r11
00bd 00229400 ADD_270 r10, r5
00bd 002e9000 ADD r10, 0000
00bd 00052800 MOV r4, [r10]
		 read mem : d66fbd89
		 r4=D66FBD89
00c9 007d00ff AND r4, 00ff
		 r4=00000089
00c9 009dc0d2 JA r7 00d2
00d2 0011c000 DEC r7
00d2 0002d400 MOV r11, r5
		 r11=00000004
00d8 004ec008 LSH r11, 0008
		 r11=00000400
00db 00029c00 MOV r10, r7
		 r10=00000004
00de 004e8010 LSH r10, 0010
		 r10=00040000
00e1 0022ac00 ADD_270 r10, r11
00e1 00229000 ADD_270 r10, r4
00e1 002e9000 ADD r10, 0000
00e1 0005a800 MOV r6, [r10]
		 read mem : fafbf4c3
		 r6=FAFBF4C3
00ed 007d80ff AND r6, 00ff
		 r6=000000c3
00ed 009dc0f6 JA r7 00f6
00f6 0011c000 DEC r7
00f6 00025800 MOV r9, r6
		 r9=000000C3
00fc 004e4008 LSH r9, 0008
		 r9=0000C300
00ff 00225000 ADD_270 r9, r4
00ff 00023800 MOV r8, r14
		 r8=00000006
0105 005e0003 RSH r8, 0003
		 r8=00000000
0108 007e0001 AND r8, 0001
		 r8=00000000
00cf8000 MOV [0X10000+r14], cst (0c 03 0e 00 0000)
010e 009e012f JA r8 012f
0111 00020c00 MOV r8, r3
		 r8=0000D014
0114 0000f800 MOV r3, r14
		 r3=00000006
0117 002cc001 ADD r3, 0001
0117 0060c000 XOR r3, r0
		 r3=0000d01b
00ecc14a OP_e (0e 03 03 00 014a)
014a 009f8057 JA r14 0057
0057 00138000 DEC r14
0057 00010400 MOV r4, r1
		 r4=0000FFB1
005d 00015000 MOV r5, r4
		 r5=0000FFB1
0060 005d0008 RSH r4, 0008
		 r4=000000FF
0063 007d00ff AND r4, 00ff
		 r4=000000ff
0063 007d40ff AND r5, 00ff
		 r5=000000b1
0063 0002d400 MOV r11, r5
		 r11=000000B1
006c 004ec008 LSH r11, 0008
		 r11=0000B100
006f 00029c00 MOV r10, r7
		 r10=00000003
0072 004e8010 LSH r10, 0010
		 r10=00030000
0075 0022ac00 ADD_270 r10, r11
0075 00229000 ADD_270 r10, r4
0075 002e9000 ADD r10, 0000
0075 0005a800 MOV r6, [r10]
		 read mem : 5361815e
		 r6=5361815E
0081 007d80ff AND r6, 00ff
		 r6=0000005e
0081 009dc08a JA r7 008a
008a 0011c000 DEC r7
008a 0002d000 MOV r11, r4
		 r11=000000FF
0090 004ec008 LSH r11, 0008
		 r11=0000FF00
0093 00029c00 MOV r10, r7
		 r10=00000002
0096 004e8010 LSH r10, 0010
		 r10=00020000
0099 0022ac00 ADD_270 r10, r11
0099 00229800 ADD_270 r10, r6
0099 002e9000 ADD r10, 0000
0099 00056800 MOV r5, [r10]
		 read mem : dbf1e3fa
		 r5=DBF1E3FA
00a5 007d40ff AND r5, 00ff
		 r5=000000fa
00a5 009dc0ae JA r7 00ae
00ae 0011c000 DEC r7
00ae 0002d800 MOV r11, r6
		 r11=0000005E
00b4 004ec008 LSH r11, 0008
		 r11=00005E00
00b7 00029c00 MOV r10, r7
		 r10=00000001
00ba 004e8010 LSH r10, 0010
		 r10=00010000
00bd 0022ac00 ADD_270 r10, r11
00bd 00229400 ADD_270 r10, r5
00bd 002e9000 ADD r10, 0000
00bd 00052800 MOV r4, [r10]
		 read mem : 7d57ec1f
		 r4=7D57EC1F
00c9 007d00ff AND r4, 00ff
		 r4=0000001f
00c9 009dc0d2 JA r7 00d2
00d2 0011c000 DEC r7
00d2 0002d400 MOV r11, r5
		 r11=000000FA
00d8 004ec008 LSH r11, 0008
		 r11=0000FA00
00db 00029c00 MOV r10, r7
		 r10=00000000
00de 004e8010 LSH r10, 0010
		 r10=00000000
00e1 0022ac00 ADD_270 r10, r11
00e1 00229000 ADD_270 r10, r4
00e1 002e9000 ADD r10, 0000
00e1 0005a800 MOV r6, [r10]
		 read mem : 3238f5cb
		 r6=3238F5CB
00ed 007d80ff AND r6, 00ff
		 r6=000000cb
00ed 009dc0f6 JA r7 00f6
00f3 000dc00a MOV r7, 000a
		 r7=0000000A
00f6 0011c000 DEC r7
00f6 00025800 MOV r9, r6
		 r9=000000CB
00fc 004e4008 LSH r9, 0008
		 r9=0000CB00
00ff 00225000 ADD_270 r9, r4
00ff 00023800 MOV r8, r14
		 r8=00000005
0105 005e0003 RSH r8, 0003
		 r8=00000000
0108 007e0001 AND r8, 0001
		 r8=00000000
00cf8000 MOV [0X10000+r14], cst (0c 03 0e 00 0000)
010e 009e012f JA r8 012f
0111 00020c00 MOV r8, r3
		 r8=0000D01B
0114 0000f800 MOV r3, r14
		 r3=00000005
0117 002cc001 ADD r3, 0001
0117 0060c000 XOR r3, r0
		 r3=0000d01a
00ecc14a OP_e (0e 03 03 00 014a)
014a 009f8057 JA r14 0057
0057 00138000 DEC r14
0057 00010400 MOV r4, r1
		 r4=0000FFB1
005d 00015000 MOV r5, r4
		 r5=0000FFB1
0060 005d0008 RSH r4, 0008
		 r4=000000FF
0063 007d00ff AND r4, 00ff
		 r4=000000ff
0063 007d40ff AND r5, 00ff
		 r5=000000b1
0063 0002d400 MOV r11, r5
		 r11=000000B1
006c 004ec008 LSH r11, 0008
		 r11=0000B100
006f 00029c00 MOV r10, r7
		 r10=00000009
0072 004e8010 LSH r10, 0010
		 r10=00090000
0075 0022ac00 ADD_270 r10, r11
0075 00229000 ADD_270 r10, r4
0075 002e9000 ADD r10, 0000
0075 0005a800 MOV r6, [r10]
		 read mem : fe9b9772
		 r6=FE9B9772
0081 007d80ff AND r6, 00ff
		 r6=00000072
0081 009dc08a JA r7 008a
008a 0011c000 DEC r7
008a 0002d000 MOV r11, r4
		 r11=000000FF
0090 004ec008 LSH r11, 0008
		 r11=0000FF00
0093 00029c00 MOV r10, r7
		 r10=00000008
0096 004e8010 LSH r10, 0010
		 r10=00080000
0099 0022ac00 ADD_270 r10, r11
0099 00229800 ADD_270 r10, r6
0099 002e9000 ADD r10, 0000
0099 00056800 MOV r5, [r10]
		 read mem : 06b9084f
		 r5=06B9084F
00a5 007d40ff AND r5, 00ff
		 r5=0000004f
00a5 009dc0ae JA r7 00ae
00ae 0011c000 DEC r7
00ae 0002d800 MOV r11, r6
		 r11=00000072
00b4 004ec008 LSH r11, 0008
		 r11=00007200
00b7 00029c00 MOV r10, r7
		 r10=00000007
00ba 004e8010 LSH r10, 0010
		 r10=00070000
00bd 0022ac00 ADD_270 r10, r11
00bd 00229400 ADD_270 r10, r5
00bd 002e9000 ADD r10, 0000
00bd 00052800 MOV r4, [r10]
		 read mem : 1f1b9160
		 r4=1F1B9160
00c9 007d00ff AND r4, 00ff
		 r4=00000060
00c9 009dc0d2 JA r7 00d2
00d2 0011c000 DEC r7
00d2 0002d400 MOV r11, r5
		 r11=0000004F
00d8 004ec008 LSH r11, 0008
		 r11=00004F00
00db 00029c00 MOV r10, r7
		 r10=00000006
00de 004e8010 LSH r10, 0010
		 r10=00060000
00e1 0022ac00 ADD_270 r10, r11
00e1 00229000 ADD_270 r10, r4
00e1 002e9000 ADD r10, 0000
00e1 0005a800 MOV r6, [r10]
		 read mem : 697b2f93
		 r6=697B2F93
00ed 007d80ff AND r6, 00ff
		 r6=00000093
00ed 009dc0f6 JA r7 00f6
00f6 0011c000 DEC r7
00f6 00025800 MOV r9, r6
		 r9=00000093
00fc 004e4008 LSH r9, 0008
		 r9=00009300
00ff 00225000 ADD_270 r9, r4
00ff 00023800 MOV r8, r14
		 r8=00000004
0105 005e0003 RSH r8, 0003
		 r8=00000000
0108 007e0001 AND r8, 0001
		 r8=00000000
00cf8000 MOV [0X10000+r14], cst (0c 03 0e 00 0000)
010e 009e012f JA r8 012f
0111 00020c00 MOV r8, r3
		 r8=0000D01A
0114 0000f800 MOV r3, r14
		 r3=00000004
0117 002cc001 ADD r3, 0001
0117 0060c000 XOR r3, r0
		 r3=0000d019
00ecc14a OP_e (0e 03 03 00 014a)
014a 009f8057 JA r14 0057
0057 00138000 DEC r14
0057 00010400 MOV r4, r1
		 r4=0000FFB1
005d 00015000 MOV r5, r4
		 r5=0000FFB1
0060 005d0008 RSH r4, 0008
		 r4=000000FF
0063 007d00ff AND r4, 00ff
		 r4=000000ff
0063 007d40ff AND r5, 00ff
		 r5=000000b1
0063 0002d400 MOV r11, r5
		 r11=000000B1
006c 004ec008 LSH r11, 0008
		 r11=0000B100
006f 00029c00 MOV r10, r7
		 r10=00000005
0072 004e8010 LSH r10, 0010
		 r10=00050000
0075 0022ac00 ADD_270 r10, r11
0075 00229000 ADD_270 r10, r4
0075 002e9000 ADD r10, 0000
0075 0005a800 MOV r6, [r10]
		 read mem : 0ee1b1ea
		 r6=0EE1B1EA
0081 007d80ff AND r6, 00ff
		 r6=000000ea
0081 009dc08a JA r7 008a
008a 0011c000 DEC r7
008a 0002d000 MOV r11, r4
		 r11=000000FF
0090 004ec008 LSH r11, 0008
		 r11=0000FF00
0093 00029c00 MOV r10, r7
		 r10=00000004
0096 004e8010 LSH r10, 0010
		 r10=00040000
0099 0022ac00 ADD_270 r10, r11
0099 00229800 ADD_270 r10, r6
0099 002e9000 ADD r10, 0000
0099 00056800 MOV r5, [r10]
		 read mem : c0689d8a
		 r5=C0689D8A
00a5 007d40ff AND r5, 00ff
		 r5=0000008a
00a5 009dc0ae JA r7 00ae
00ae 0011c000 DEC r7
00ae 0002d800 MOV r11, r6
		 r11=000000EA
00b4 004ec008 LSH r11, 0008
		 r11=0000EA00
00b7 00029c00 MOV r10, r7
		 r10=00000003
00ba 004e8010 LSH r10, 0010
		 r10=00030000
00bd 0022ac00 ADD_270 r10, r11
00bd 00229400 ADD_270 r10, r5
00bd 002e9000 ADD r10, 0000
00bd 00052800 MOV r4, [r10]
		 read mem : 44e2e9eb
		 r4=44E2E9EB
00c9 007d00ff AND r4, 00ff
		 r4=000000eb
00c9 009dc0d2 JA r7 00d2
00d2 0011c000 DEC r7
00d2 0002d400 MOV r11, r5
		 r11=0000008A
00d8 004ec008 LSH r11, 0008
		 r11=00008A00
00db 00029c00 MOV r10, r7
		 r10=00000002
00de 004e8010 LSH r10, 0010
		 r10=00020000
00e1 0022ac00 ADD_270 r10, r11
00e1 00229000 ADD_270 r10, r4
00e1 002e9000 ADD r10, 0000
00e1 0005a800 MOV r6, [r10]
		 read mem : a2da1332
		 r6=A2DA1332
00ed 007d80ff AND r6, 00ff
		 r6=00000032
00ed 009dc0f6 JA r7 00f6
00f6 0011c000 DEC r7
00f6 00025800 MOV r9, r6
		 r9=00000032
00fc 004e4008 LSH r9, 0008
		 r9=00003200
00ff 00225000 ADD_270 r9, r4
00ff 00023800 MOV r8, r14
		 r8=00000003
0105 005e0003 RSH r8, 0003
		 r8=00000000
0108 007e0001 AND r8, 0001
		 r8=00000000
00cf8000 MOV [0X10000+r14], cst (0c 03 0e 00 0000)
010e 009e012f JA r8 012f
0111 00020c00 MOV r8, r3
		 r8=0000D019
0114 0000f800 MOV r3, r14
		 r3=00000003
0117 002cc001 ADD r3, 0001
0117 0060c000 XOR r3, r0
		 r3=0000d018
00ecc14a OP_e (0e 03 03 00 014a)
014a 009f8057 JA r14 0057
0057 00138000 DEC r14
0057 00010400 MOV r4, r1
		 r4=0000FFB1
005d 00015000 MOV r5, r4
		 r5=0000FFB1
0060 005d0008 RSH r4, 0008
		 r4=000000FF
0063 007d00ff AND r4, 00ff
		 r4=000000ff
0063 007d40ff AND r5, 00ff
		 r5=000000b1
0063 0002d400 MOV r11, r5
		 r11=000000B1
006c 004ec008 LSH r11, 0008
		 r11=0000B100
006f 00029c00 MOV r10, r7
		 r10=00000001
0072 004e8010 LSH r10, 0010
		 r10=00010000
0075 0022ac00 ADD_270 r10, r11
0075 00229000 ADD_270 r10, r4
0075 002e9000 ADD r10, 0000
0075 0005a800 MOV r6, [r10]
		 read mem : 16a7b8f3
		 r6=16A7B8F3
0081 007d80ff AND r6, 00ff
		 r6=000000f3
0081 009dc08a JA r7 008a
008a 0011c000 DEC r7
008a 0002d000 MOV r11, r4
		 r11=000000FF
0090 004ec008 LSH r11, 0008
		 r11=0000FF00
0093 00029c00 MOV r10, r7
		 r10=00000000
0096 004e8010 LSH r10, 0010
		 r10=00000000
0099 0022ac00 ADD_270 r10, r11
0099 00229800 ADD_270 r10, r6
0099 002e9000 ADD r10, 0000
0099 00056800 MOV r5, [r10]
		 read mem : c56d9849
		 r5=C56D9849
00a5 007d40ff AND r5, 00ff
		 r5=00000049
00a5 009dc0ae JA r7 00ae
00ab 000dc00a MOV r7, 000a
		 r7=0000000A
00ae 0011c000 DEC r7
00ae 0002d800 MOV r11, r6
		 r11=000000F3
00b4 004ec008 LSH r11, 0008
		 r11=0000F300
00b7 00029c00 MOV r10, r7
		 r10=00000009
00ba 004e8010 LSH r10, 0010
		 r10=00090000
00bd 0022ac00 ADD_270 r10, r11
00bd 00229400 ADD_270 r10, r5
00bd 002e9000 ADD r10, 0000
00bd 00052800 MOV r4, [r10]
		 read mem : e7e4ab2f
		 r4=E7E4AB2F
00c9 007d00ff AND r4, 00ff
		 r4=0000002f
00c9 009dc0d2 JA r7 00d2
00d2 0011c000 DEC r7
00d2 0002d400 MOV r11, r5
		 r11=00000049
00d8 004ec008 LSH r11, 0008
		 r11=00004900
00db 00029c00 MOV r10, r7
		 r10=00000008
00de 004e8010 LSH r10, 0010
		 r10=00080000
00e1 0022ac00 ADD_270 r10, r11
00e1 00229000 ADD_270 r10, r4
00e1 002e9000 ADD r10, 0000
00e1 0005a800 MOV r6, [r10]
		 read mem : 7c0619db
		 r6=7C0619DB
00ed 007d80ff AND r6, 00ff
		 r6=000000db
00ed 009dc0f6 JA r7 00f6
00f6 0011c000 DEC r7
00f6 00025800 MOV r9, r6
		 r9=000000DB
00fc 004e4008 LSH r9, 0008
		 r9=0000DB00
00ff 00225000 ADD_270 r9, r4
00ff 00023800 MOV r8, r14
		 r8=00000002
0105 005e0003 RSH r8, 0003
		 r8=00000000
0108 007e0001 AND r8, 0001
		 r8=00000000
00cf8000 MOV [0X10000+r14], cst (0c 03 0e 00 0000)
010e 009e012f JA r8 012f
0111 00020c00 MOV r8, r3
		 r8=0000D018
0114 0000f800 MOV r3, r14
		 r3=00000002
0117 002cc001 ADD r3, 0001
0117 0060c000 XOR r3, r0
		 r3=0000d01f
00ecc14a OP_e (0e 03 03 00 014a)
014a 009f8057 JA r14 0057
0057 00138000 DEC r14
0057 00010400 MOV r4, r1
		 r4=0000FFB1
005d 00015000 MOV r5, r4
		 r5=0000FFB1
0060 005d0008 RSH r4, 0008
		 r4=000000FF
0063 007d00ff AND r4, 00ff
		 r4=000000ff
0063 007d40ff AND r5, 00ff
		 r5=000000b1
0063 0002d400 MOV r11, r5
		 r11=000000B1
006c 004ec008 LSH r11, 0008
		 r11=0000B100
006f 00029c00 MOV r10, r7
		 r10=00000007
0072 004e8010 LSH r10, 0010
		 r10=00070000
0075 0022ac00 ADD_270 r10, r11
0075 00229000 ADD_270 r10, r4
0075 002e9000 ADD r10, 0000
0075 0005a800 MOV r6, [r10]
		 read mem : 3da967de
		 r6=3DA967DE
0081 007d80ff AND r6, 00ff
		 r6=000000de
0081 009dc08a JA r7 008a
008a 0011c000 DEC r7
008a 0002d000 MOV r11, r4
		 r11=000000FF
0090 004ec008 LSH r11, 0008
		 r11=0000FF00
0093 00029c00 MOV r10, r7
		 r10=00000006
0096 004e8010 LSH r10, 0010
		 r10=00060000
0099 0022ac00 ADD_270 r10, r11
0099 00229800 ADD_270 r10, r6
0099 002e9000 ADD r10, 0000
0099 00056800 MOV r5, [r10]
		 read mem : 4c456604
		 r5=4C456604
00a5 007d40ff AND r5, 00ff
		 r5=00000004
00a5 009dc0ae JA r7 00ae
00ae 0011c000 DEC r7
00ae 0002d800 MOV r11, r6
		 r11=000000DE
00b4 004ec008 LSH r11, 0008
		 r11=0000DE00
00b7 00029c00 MOV r10, r7
		 r10=00000005
00ba 004e8010 LSH r10, 0010
		 r10=00050000
00bd 0022ac00 ADD_270 r10, r11
00bd 00229400 ADD_270 r10, r5
00bd 002e9000 ADD r10, 0000
00bd 00052800 MOV r4, [r10]
		 read mem : d66fbd89
		 r4=D66FBD89
00c9 007d00ff AND r4, 00ff
		 r4=00000089
00c9 009dc0d2 JA r7 00d2
00d2 0011c000 DEC r7
00d2 0002d400 MOV r11, r5
		 r11=00000004
00d8 004ec008 LSH r11, 0008
		 r11=00000400
00db 00029c00 MOV r10, r7
		 r10=00000004
00de 004e8010 LSH r10, 0010
		 r10=00040000
00e1 0022ac00 ADD_270 r10, r11
00e1 00229000 ADD_270 r10, r4
00e1 002e9000 ADD r10, 0000
00e1 0005a800 MOV r6, [r10]
		 read mem : fafbf4c3
		 r6=FAFBF4C3
00ed 007d80ff AND r6, 00ff
		 r6=000000c3
00ed 009dc0f6 JA r7 00f6
00f6 0011c000 DEC r7
00f6 00025800 MOV r9, r6
		 r9=000000C3
00fc 004e4008 LSH r9, 0008
		 r9=0000C300
00ff 00225000 ADD_270 r9, r4
00ff 00023800 MOV r8, r14
		 r8=00000001
0105 005e0003 RSH r8, 0003
		 r8=00000000
0108 007e0001 AND r8, 0001
		 r8=00000000
00cf8000 MOV [0X10000+r14], cst (0c 03 0e 00 0000)
010e 009e012f JA r8 012f
0111 00020c00 MOV r8, r3
		 r8=0000D01F
0114 0000f800 MOV r3, r14
		 r3=00000001
0117 002cc001 ADD r3, 0001
0117 0060c000 XOR r3, r0
		 r3=0000d01e
00ecc14a OP_e (0e 03 03 00 014a)
014a 009f8057 JA r14 0057
0057 00138000 DEC r14
0057 00010400 MOV r4, r1
		 r4=0000FFB1
005d 00015000 MOV r5, r4
		 r5=0000FFB1
0060 005d0008 RSH r4, 0008
		 r4=000000FF
0063 007d00ff AND r4, 00ff
		 r4=000000ff
0063 007d40ff AND r5, 00ff
		 r5=000000b1
0063 0002d400 MOV r11, r5
		 r11=000000B1
006c 004ec008 LSH r11, 0008
		 r11=0000B100
006f 00029c00 MOV r10, r7
		 r10=00000003
0072 004e8010 LSH r10, 0010
		 r10=00030000
0075 0022ac00 ADD_270 r10, r11
0075 00229000 ADD_270 r10, r4
0075 002e9000 ADD r10, 0000
0075 0005a800 MOV r6, [r10]
		 read mem : 5361815e
		 r6=5361815E
0081 007d80ff AND r6, 00ff
		 r6=0000005e
0081 009dc08a JA r7 008a
008a 0011c000 DEC r7
008a 0002d000 MOV r11, r4
		 r11=000000FF
0090 004ec008 LSH r11, 0008
		 r11=0000FF00
0093 00029c00 MOV r10, r7
		 r10=00000002
0096 004e8010 LSH r10, 0010
		 r10=00020000
0099 0022ac00 ADD_270 r10, r11
0099 00229800 ADD_270 r10, r6
0099 002e9000 ADD r10, 0000
0099 00056800 MOV r5, [r10]
		 read mem : dbf1e3fa
		 r5=DBF1E3FA
00a5 007d40ff AND r5, 00ff
		 r5=000000fa
00a5 009dc0ae JA r7 00ae
00ae 0011c000 DEC r7
00ae 0002d800 MOV r11, r6
		 r11=0000005E
00b4 004ec008 LSH r11, 0008
		 r11=00005E00
00b7 00029c00 MOV r10, r7
		 r10=00000001
00ba 004e8010 LSH r10, 0010
		 r10=00010000
00bd 0022ac00 ADD_270 r10, r11
00bd 00229400 ADD_270 r10, r5
00bd 002e9000 ADD r10, 0000
00bd 00052800 MOV r4, [r10]
		 read mem : 7d57ec1f
		 r4=7D57EC1F
00c9 007d00ff AND r4, 00ff
		 r4=0000001f
00c9 009dc0d2 JA r7 00d2
00d2 0011c000 DEC r7
00d2 0002d400 MOV r11, r5
		 r11=000000FA
00d8 004ec008 LSH r11, 0008
		 r11=0000FA00
00db 00029c00 MOV r10, r7
		 r10=00000000
00de 004e8010 LSH r10, 0010
		 r10=00000000
00e1 0022ac00 ADD_270 r10, r11
00e1 00229000 ADD_270 r10, r4
00e1 002e9000 ADD r10, 0000
00e1 0005a800 MOV r6, [r10]
		 read mem : 3238f5cb
		 r6=3238F5CB
00ed 007d80ff AND r6, 00ff
		 r6=000000cb
00ed 009dc0f6 JA r7 00f6
00f3 000dc00a MOV r7, 000a
		 r7=0000000A
00f6 0011c000 DEC r7
00f6 00025800 MOV r9, r6
		 r9=000000CB
00fc 004e4008 LSH r9, 0008
		 r9=0000CB00
00ff 00225000 ADD_270 r9, r4
00ff 00023800 MOV r8, r14
		 r8=00000000
0105 005e0003 RSH r8, 0003
		 r8=00000000
0108 007e0001 AND r8, 0001
		 r8=00000000
00cf8000 MOV [0X10000+r14], cst (0c 03 0e 00 0000)
010e 009e012f JA r8 012f
0111 00020c00 MOV r8, r3
		 r8=0000D01E
0114 0000f800 MOV r3, r14
		 r3=00000000
0117 002cc001 ADD r3, 0001
0117 0060c000 XOR r3, r0
		 r3=0000d01d
00ecc14a OP_e (0e 03 03 00 014a)
014a 009f8057 JA r14 0057
014d 00b00000 SWAP r0
		 r0=00001CD0
0150 00b04000 SWAP r1
		 r1=0000B1FF
0153 004c4010 LSH r1, 0010
		 r1=B1FF0000
0156 00200400 ADD_270 r0, r1
000b4000 OP_x_2 (00 02 0d 00 0000)
015c 002f4004 ADD r13, 0004
015c 00b08000 SWAP r2
		 r2=0000A42F
0162 00b0c000 SWAP r3
		 r3=00001DD0
0165 004cc010 LSH r3, 0010
		 r3=1DD00000
0168 00208c00 ADD_270 r2, r3
000b4800 OP_x_2 (00 02 0d 02 0000)
016e 002f4004 ADD r13, 0004
016e 00013400 MOV r4, r13
		 r4=00100028
0174 00130000 DEC r12
0174 009f0015 JA r12 0015
0015 00041000 MOV r0, [r4]
		 read mem : cccccccc
		 r0=CCCCCCCC
0018 004c0010 LSH r0, 0010
		 r0=CCCC0000
001b 005c0010 RSH r0, 0010
		 r0=0000CCCC
001e 00b00000 SWAP r0
		 r0=0000CCCC
0021 002d0002 ADD r4, 0002
0021 00045000 MOV r1, [r4]
		 read mem : ddddcccc
		 r1=DDDDCCCC
0027 004c4010 LSH r1, 0010
		 r1=CCCC0000
002a 005c4010 RSH r1, 0010
		 r1=0000CCCC
002d 00b04000 SWAP r1
		 r1=0000CCCC
0030 002d0002 ADD r4, 0002
0030 00049000 MOV r2, [r4]
		 read mem : dddddddd
		 r2=DDDDDDDD
0036 004c8010 LSH r2, 0010
		 r2=DDDD0000
0039 005c8010 RSH r2, 0010
		 r2=0000DDDD
003c 00b08000 SWAP r2
		 r2=0000DDDD
003f 002d0002 ADD r4, 0002
003f 0004d000 MOV r3, [r4]
		 read mem : eeeedddd
		 r3=EEEEDDDD
0045 004cc010 LSH r3, 0010
		 r3=DDDD0000
0048 005cc010 RSH r3, 0010
		 r3=0000DDDD
004b 00b0c000 SWAP r3
		 r3=0000DDDD
004e 000f8020 MOV r14, 0020
		 r14=00000020
0051 000dc007 MOV r7, 0007
		 r7=00000007
00dd0000 OP_d (0d 03 04 00 0000)
0057 00138000 DEC r14
0057 00010400 MOV r4, r1
		 r4=0000CCCC
005d 00015000 MOV r5, r4
		 r5=0000CCCC
0060 005d0008 RSH r4, 0008
		 r4=000000CC
0063 007d00ff AND r4, 00ff
		 r4=000000cc
0063 007d40ff AND r5, 00ff
		 r5=000000cc
0063 0002d400 MOV r11, r5
		 r11=000000CC
006c 004ec008 LSH r11, 0008
		 r11=0000CC00
006f 00029c00 MOV r10, r7
		 r10=00000007
0072 004e8010 LSH r10, 0010
		 r10=00070000
0075 0022ac00 ADD_270 r10, r11
0075 00229000 ADD_270 r10, r4
0075 002e9000 ADD r10, 0000
0075 0005a800 MOV r6, [r10]
		 read mem : 1b9d080c
		 r6=1B9D080C
0081 007d80ff AND r6, 00ff
		 r6=0000000c
0081 009dc08a JA r7 008a
008a 0011c000 DEC r7
008a 0002d000 MOV r11, r4
		 r11=000000CC
0090 004ec008 LSH r11, 0008
		 r11=0000CC00
0093 00029c00 MOV r10, r7
		 r10=00000006
0096 004e8010 LSH r10, 0010
		 r10=00060000
0099 0022ac00 ADD_270 r10, r11
0099 00229800 ADD_270 r10, r6
0099 002e9000 ADD r10, 0000
0099 00056800 MOV r5, [r10]
		 read mem : fec157a6
		 r5=FEC157A6
00a5 007d40ff AND r5, 00ff
		 r5=000000a6
00a5 009dc0ae JA r7 00ae
00ae 0011c000 DEC r7
00ae 0002d800 MOV r11, r6
		 r11=0000000C
00b4 004ec008 LSH r11, 0008
		 r11=00000C00
00b7 00029c00 MOV r10, r7
		 r10=00000005
00ba 004e8010 LSH r10, 0010
		 r10=00050000
00bd 0022ac00 ADD_270 r10, r11
00bd 00229400 ADD_270 r10, r5
00bd 002e9000 ADD r10, 0000
00bd 00052800 MOV r4, [r10]
		 read mem : 9a8a3851
		 r4=9A8A3851
00c9 007d00ff AND r4, 00ff
		 r4=00000051
00c9 009dc0d2 JA r7 00d2
00d2 0011c000 DEC r7
00d2 0002d400 MOV r11, r5
		 r11=000000A6
00d8 004ec008 LSH r11, 0008
		 r11=0000A600
00db 00029c00 MOV r10, r7
		 r10=00000004
00de 004e8010 LSH r10, 0010
		 r10=00040000
00e1 0022ac00 ADD_270 r10, r11
00e1 00229000 ADD_270 r10, r4
00e1 002e9000 ADD r10, 0000
00e1 0005a800 MOV r6, [r10]
		 read mem : 2d4d9e4a
		 r6=2D4D9E4A
00ed 007d80ff AND r6, 00ff
		 r6=0000004a
00ed 009dc0f6 JA r7 00f6
00f6 0011c000 DEC r7
00f6 00025800 MOV r9, r6
		 r9=0000004A
00fc 004e4008 LSH r9, 0008
		 r9=00004A00
00ff 00225000 ADD_270 r9, r4
00ff 00023800 MOV r8, r14
		 r8=0000001F
0105 005e0003 RSH r8, 0003
		 r8=00000003
0108 007e0001 AND r8, 0001
		 r8=00000001
00cf8000 MOV [0X10000+r14], cst (0c 03 0e 00 0000)
010e 009e012f JA r8 012f
012f 00020000 MOV r8, r0
		 r8=0000CCCC
0132 00002400 MOV r0, r9
		 r0=00004A51
0135 00007800 MOV r1, r14
		 r1=0000001F
0138 002c4001 ADD r1, 0001
0138 00604000 XOR r1, r0
		 r1=00004a71
0138 00604800 XOR r1, r2
		 r1=000097ac
00ec414a OP_e (0e 03 01 00 014a)
0144 00008c00 MOV r2, r3
		 r2=0000DDDD
0147 0000e000 MOV r3, r8
		 r3=0000CCCC
014a 009f8057 JA r14 0057
0057 00138000 DEC r14
0057 00010400 MOV r4, r1
		 r4=000097AC
005d 00015000 MOV r5, r4
		 r5=000097AC
0060 005d0008 RSH r4, 0008
		 r4=00000097
0063 007d00ff AND r4, 00ff
		 r4=00000097
0063 007d40ff AND r5, 00ff
		 r5=000000ac
0063 0002d400 MOV r11, r5
		 r11=000000AC
006c 004ec008 LSH r11, 0008
		 r11=0000AC00
006f 00029c00 MOV r10, r7
		 r10=00000003
0072 004e8010 LSH r10, 0010
		 r10=00030000
0075 0022ac00 ADD_270 r10, r11
0075 00229000 ADD_270 r10, r4
0075 002e9000 ADD r10, 0000
0075 0005a800 MOV r6, [r10]
		 read mem : 166f83bf
		 r6=166F83BF
0081 007d80ff AND r6, 00ff
		 r6=000000bf
0081 009dc08a JA r7 008a
008a 0011c000 DEC r7
008a 0002d000 MOV r11, r4
		 r11=00000097
0090 004ec008 LSH r11, 0008
		 r11=00009700
0093 00029c00 MOV r10, r7
		 r10=00000002
0096 004e8010 LSH r10, 0010
		 r10=00020000
0099 0022ac00 ADD_270 r10, r11
0099 00229800 ADD_270 r10, r6
0099 002e9000 ADD r10, 0000
0099 00056800 MOV r5, [r10]
		 read mem : 3ac7013d
		 r5=3AC7013D
00a5 007d40ff AND r5, 00ff
		 r5=0000003d
00a5 009dc0ae JA r7 00ae
00ae 0011c000 DEC r7
00ae 0002d800 MOV r11, r6
		 r11=000000BF
00b4 004ec008 LSH r11, 0008
		 r11=0000BF00
00b7 00029c00 MOV r10, r7
		 r10=00000001
00ba 004e8010 LSH r10, 0010
		 r10=00010000
00bd 0022ac00 ADD_270 r10, r11
00bd 00229400 ADD_270 r10, r5
00bd 002e9000 ADD r10, 0000
00bd 00052800 MOV r4, [r10]
		 read mem : 8658d63e
		 r4=8658D63E
00c9 007d00ff AND r4, 00ff
		 r4=0000003e
00c9 009dc0d2 JA r7 00d2
00d2 0011c000 DEC r7
00d2 0002d400 MOV r11, r5
		 r11=0000003D
00d8 004ec008 LSH r11, 0008
		 r11=00003D00
00db 00029c00 MOV r10, r7
		 r10=00000000
00de 004e8010 LSH r10, 0010
		 r10=00000000
00e1 0022ac00 ADD_270 r10, r11
00e1 00229000 ADD_270 r10, r4
00e1 002e9000 ADD r10, 0000
00e1 0005a800 MOV r6, [r10]
		 read mem : 501eebf4
		 r6=501EEBF4
00ed 007d80ff AND r6, 00ff
		 r6=000000f4
00ed 009dc0f6 JA r7 00f6
00f3 000dc00a MOV r7, 000a
		 r7=0000000A
00f6 0011c000 DEC r7
00f6 00025800 MOV r9, r6
		 r9=000000F4
00fc 004e4008 LSH r9, 0008
		 r9=0000F400
00ff 00225000 ADD_270 r9, r4
00ff 00023800 MOV r8, r14
		 r8=0000001E
0105 005e0003 RSH r8, 0003
		 r8=00000003
0108 007e0001 AND r8, 0001
		 r8=00000001
00cf8000 MOV [0X10000+r14], cst (0c 03 0e 00 0000)
010e 009e012f JA r8 012f
012f 00020000 MOV r8, r0
		 r8=00004A51
0132 00002400 MOV r0, r9
		 r0=0000F43E
0135 00007800 MOV r1, r14
		 r1=0000001E
0138 002c4001 ADD r1, 0001
0138 00604000 XOR r1, r0
		 r1=0000f421
0138 00604800 XOR r1, r2
		 r1=000029fc
00ec414a OP_e (0e 03 01 00 014a)
0144 00008c00 MOV r2, r3
		 r2=0000CCCC
0147 0000e000 MOV r3, r8
		 r3=00004A51
014a 009f8057 JA r14 0057
0057 00138000 DEC r14
0057 00010400 MOV r4, r1
		 r4=000029FC
005d 00015000 MOV r5, r4
		 r5=000029FC
0060 005d0008 RSH r4, 0008
		 r4=00000029
0063 007d00ff AND r4, 00ff
		 r4=00000029
0063 007d40ff AND r5, 00ff
		 r5=000000fc
0063 0002d400 MOV r11, r5
		 r11=000000FC
006c 004ec008 LSH r11, 0008
		 r11=0000FC00
006f 00029c00 MOV r10, r7
		 r10=00000009
0072 004e8010 LSH r10, 0010
		 r10=00090000
0075 0022ac00 ADD_270 r10, r11
0075 00229000 ADD_270 r10, r4
0075 002e9000 ADD r10, 0000
0075 0005a800 MOV r6, [r10]
		 read mem : a61e7f80
		 r6=A61E7F80
0081 007d80ff AND r6, 00ff
		 r6=00000080
0081 009dc08a JA r7 008a
008a 0011c000 DEC r7
008a 0002d000 MOV r11, r4
		 r11=00000029
0090 004ec008 LSH r11, 0008
		 r11=00002900
0093 00029c00 MOV r10, r7
		 r10=00000008
0096 004e8010 LSH r10, 0010
		 r10=00080000
0099 0022ac00 ADD_270 r10, r11
0099 00229800 ADD_270 r10, r6
0099 002e9000 ADD r10, 0000
0099 00056800 MOV r5, [r10]
		 read mem : 7cfd77b9
		 r5=7CFD77B9
00a5 007d40ff AND r5, 00ff
		 r5=000000b9
00a5 009dc0ae JA r7 00ae
00ae 0011c000 DEC r7
00ae 0002d800 MOV r11, r6
		 r11=00000080
00b4 004ec008 LSH r11, 0008
		 r11=00008000
00b7 00029c00 MOV r10, r7
		 r10=00000007
00ba 004e8010 LSH r10, 0010
		 r10=00070000
00bd 0022ac00 ADD_270 r10, r11
00bd 00229400 ADD_270 r10, r5
00bd 002e9000 ADD r10, 0000
00bd 00052800 MOV r4, [r10]
		 read mem : a0785676
		 r4=A0785676
00c9 007d00ff AND r4, 00ff
		 r4=00000076
00c9 009dc0d2 JA r7 00d2
00d2 0011c000 DEC r7
00d2 0002d400 MOV r11, r5
		 r11=000000B9
00d8 004ec008 LSH r11, 0008
		 r11=0000B900
00db 00029c00 MOV r10, r7
		 r10=00000006
00de 004e8010 LSH r10, 0010
		 r10=00060000
00e1 0022ac00 ADD_270 r10, r11
00e1 00229000 ADD_270 r10, r4
00e1 002e9000 ADD r10, 0000
00e1 0005a800 MOV r6, [r10]
		 read mem : 01150045
		 r6=01150045
00ed 007d80ff AND r6, 00ff
		 r6=00000045
00ed 009dc0f6 JA r7 00f6
00f6 0011c000 DEC r7
00f6 00025800 MOV r9, r6
		 r9=00000045
00fc 004e4008 LSH r9, 0008
		 r9=00004500
00ff 00225000 ADD_270 r9, r4
00ff 00023800 MOV r8, r14
		 r8=0000001D
0105 005e0003 RSH r8, 0003
		 r8=00000003
0108 007e0001 AND r8, 0001
		 r8=00000001
00cf8000 MOV [0X10000+r14], cst (0c 03 0e 00 0000)
010e 009e012f JA r8 012f
012f 00020000 MOV r8, r0
		 r8=0000F43E
0132 00002400 MOV r0, r9
		 r0=00004576
0135 00007800 MOV r1, r14
		 r1=0000001D
0138 002c4001 ADD r1, 0001
0138 00604000 XOR r1, r0
		 r1=00004568
0138 00604800 XOR r1, r2
		 r1=000089a4
00ec414a OP_e (0e 03 01 00 014a)
0144 00008c00 MOV r2, r3
		 r2=00004A51
0147 0000e000 MOV r3, r8
		 r3=0000F43E
014a 009f8057 JA r14 0057
0057 00138000 DEC r14
0057 00010400 MOV r4, r1
		 r4=000089A4
005d 00015000 MOV r5, r4
		 r5=000089A4
0060 005d0008 RSH r4, 0008
		 r4=00000089
0063 007d00ff AND r4, 00ff
		 r4=00000089
0063 007d40ff AND r5, 00ff
		 r5=000000a4
0063 0002d400 MOV r11, r5
		 r11=000000A4
006c 004ec008 LSH r11, 0008
		 r11=0000A400
006f 00029c00 MOV r10, r7
		 r10=00000005
0072 004e8010 LSH r10, 0010
		 r10=00050000
0075 0022ac00 ADD_270 r10, r11
0075 00229000 ADD_270 r10, r4
0075 002e9000 ADD r10, 0000
0075 0005a800 MOV r6, [r10]
		 read mem : 843802a0
		 r6=843802A0
0081 007d80ff AND r6, 00ff
		 r6=000000a0
0081 009dc08a JA r7 008a
008a 0011c000 DEC r7
008a 0002d000 MOV r11, r4
		 r11=00000089
0090 004ec008 LSH r11, 0008
		 r11=00008900
0093 00029c00 MOV r10, r7
		 r10=00000004
0096 004e8010 LSH r10, 0010
		 r10=00040000
0099 0022ac00 ADD_270 r10, r11
0099 00229800 ADD_270 r10, r6
0099 002e9000 ADD r10, 0000
0099 00056800 MOV r5, [r10]
		 read mem : 98fa1021
		 r5=98FA1021
00a5 007d40ff AND r5, 00ff
		 r5=00000021
00a5 009dc0ae JA r7 00ae
00ae 0011c000 DEC r7
00ae 0002d800 MOV r11, r6
		 r11=000000A0
00b4 004ec008 LSH r11, 0008
		 r11=0000A000
00b7 00029c00 MOV r10, r7
		 r10=00000003
00ba 004e8010 LSH r10, 0010
		 r10=00030000
00bd 0022ac00 ADD_270 r10, r11
00bd 00229400 ADD_270 r10, r5
00bd 002e9000 ADD r10, 0000
00bd 00052800 MOV r4, [r10]
		 read mem : e758f4d6
		 r4=E758F4D6
00c9 007d00ff AND r4, 00ff
		 r4=000000d6
00c9 009dc0d2 JA r7 00d2
00d2 0011c000 DEC r7
00d2 0002d400 MOV r11, r5
		 r11=00000021
00d8 004ec008 LSH r11, 0008
		 r11=00002100
00db 00029c00 MOV r10, r7
		 r10=00000002
00de 004e8010 LSH r10, 0010
		 r10=00020000
00e1 0022ac00 ADD_270 r10, r11
00e1 00229000 ADD_270 r10, r4
00e1 002e9000 ADD r10, 0000
00e1 0005a800 MOV r6, [r10]
		 read mem : 7b08e5ee
		 r6=7B08E5EE
00ed 007d80ff AND r6, 00ff
		 r6=000000ee
00ed 009dc0f6 JA r7 00f6
00f6 0011c000 DEC r7
00f6 00025800 MOV r9, r6
		 r9=000000EE
00fc 004e4008 LSH r9, 0008
		 r9=0000EE00
00ff 00225000 ADD_270 r9, r4
00ff 00023800 MOV r8, r14
		 r8=0000001C
0105 005e0003 RSH r8, 0003
		 r8=00000003
0108 007e0001 AND r8, 0001
		 r8=00000001
00cf8000 MOV [0X10000+r14], cst (0c 03 0e 00 0000)
010e 009e012f JA r8 012f
012f 00020000 MOV r8, r0
		 r8=00004576
0132 00002400 MOV r0, r9
		 r0=0000EED6
0135 00007800 MOV r1, r14
		 r1=0000001C
0138 002c4001 ADD r1, 0001
0138 00604000 XOR r1, r0
		 r1=0000eecb
0138 00604800 XOR r1, r2
		 r1=0000a49a
00ec414a OP_e (0e 03 01 00 014a)
0144 00008c00 MOV r2, r3
		 r2=0000F43E
0147 0000e000 MOV r3, r8
		 r3=00004576
014a 009f8057 JA r14 0057
0057 00138000 DEC r14
0057 00010400 MOV r4, r1
		 r4=0000A49A
005d 00015000 MOV r5, r4
		 r5=0000A49A
0060 005d0008 RSH r4, 0008
		 r4=000000A4
0063 007d00ff AND r4, 00ff
		 r4=000000a4
0063 007d40ff AND r5, 00ff
		 r5=0000009a
0063 0002d400 MOV r11, r5
		 r11=0000009A
006c 004ec008 LSH r11, 0008
		 r11=00009A00
006f 00029c00 MOV r10, r7
		 r10=00000001
0072 004e8010 LSH r10, 0010
		 r10=00010000
0075 0022ac00 ADD_270 r10, r11
0075 00229000 ADD_270 r10, r4
0075 002e9000 ADD r10, 0000
0075 0005a800 MOV r6, [r10]
		 read mem : 85156e31
		 r6=85156E31
0081 007d80ff AND r6, 00ff
		 r6=00000031
0081 009dc08a JA r7 008a
008a 0011c000 DEC r7
008a 0002d000 MOV r11, r4
		 r11=000000A4
0090 004ec008 LSH r11, 0008
		 r11=0000A400
0093 00029c00 MOV r10, r7
		 r10=00000000
0096 004e8010 LSH r10, 0010
		 r10=00000000
0099 0022ac00 ADD_270 r10, r11
0099 00229800 ADD_270 r10, r6
0099 002e9000 ADD r10, 0000
0099 00056800 MOV r5, [r10]
		 read mem : a43c4522
		 r5=A43C4522
00a5 007d40ff AND r5, 00ff
		 r5=00000022
00a5 009dc0ae JA r7 00ae
00ab 000dc00a MOV r7, 000a
		 r7=0000000A
00ae 0011c000 DEC r7
00ae 0002d800 MOV r11, r6
		 r11=00000031
00b4 004ec008 LSH r11, 0008
		 r11=00003100
00b7 00029c00 MOV r10, r7
		 r10=00000009
00ba 004e8010 LSH r10, 0010
		 r10=00090000
00bd 0022ac00 ADD_270 r10, r11
00bd 00229400 ADD_270 r10, r5
00bd 002e9000 ADD r10, 0000
00bd 00052800 MOV r4, [r10]
		 read mem : 8d67ea7e
		 r4=8D67EA7E
00c9 007d00ff AND r4, 00ff
		 r4=0000007e
00c9 009dc0d2 JA r7 00d2
00d2 0011c000 DEC r7
00d2 0002d400 MOV r11, r5
		 r11=00000022
00d8 004ec008 LSH r11, 0008
		 r11=00002200
00db 00029c00 MOV r10, r7
		 r10=00000008
00de 004e8010 LSH r10, 0010
		 r10=00080000
00e1 0022ac00 ADD_270 r10, r11
00e1 00229000 ADD_270 r10, r4
00e1 002e9000 ADD r10, 0000
00e1 0005a800 MOV r6, [r10]
		 read mem : 1792d7ce
		 r6=1792D7CE
00ed 007d80ff AND r6, 00ff
		 r6=000000ce
00ed 009dc0f6 JA r7 00f6
00f6 0011c000 DEC r7
00f6 00025800 MOV r9, r6
		 r9=000000CE
00fc 004e4008 LSH r9, 0008
		 r9=0000CE00
00ff 00225000 ADD_270 r9, r4
00ff 00023800 MOV r8, r14
		 r8=0000001B
0105 005e0003 RSH r8, 0003
		 r8=00000003
0108 007e0001 AND r8, 0001
		 r8=00000001
00cf8000 MOV [0X10000+r14], cst (0c 03 0e 00 0000)
010e 009e012f JA r8 012f
012f 00020000 MOV r8, r0
		 r8=0000EED6
0132 00002400 MOV r0, r9
		 r0=0000CE7E
0135 00007800 MOV r1, r14
		 r1=0000001B
0138 002c4001 ADD r1, 0001
0138 00604000 XOR r1, r0
		 r1=0000ce62
0138 00604800 XOR r1, r2
		 r1=00003a5c
00ec414a OP_e (0e 03 01 00 014a)
0144 00008c00 MOV r2, r3
		 r2=00004576
0147 0000e000 MOV r3, r8
		 r3=0000EED6
014a 009f8057 JA r14 0057
0057 00138000 DEC r14
0057 00010400 MOV r4, r1
		 r4=00003A5C
005d 00015000 MOV r5, r4
		 r5=00003A5C
0060 005d0008 RSH r4, 0008
		 r4=0000003A
0063 007d00ff AND r4, 00ff
		 r4=0000003a
0063 007d40ff AND r5, 00ff
		 r5=0000005c
0063 0002d400 MOV r11, r5
		 r11=0000005C
006c 004ec008 LSH r11, 0008
		 r11=00005C00
006f 00029c00 MOV r10, r7
		 r10=00000007
0072 004e8010 LSH r10, 0010
		 r10=00070000
0075 0022ac00 ADD_270 r10, r11
0075 00229000 ADD_270 r10, r4
0075 002e9000 ADD r10, 0000
0075 0005a800 MOV r6, [r10]
		 read mem : 16295ccc
		 r6=16295CCC
0081 007d80ff AND r6, 00ff
		 r6=000000cc
0081 009dc08a JA r7 008a
008a 0011c000 DEC r7
008a 0002d000 MOV r11, r4
		 r11=0000003A
0090 004ec008 LSH r11, 0008
		 r11=00003A00
0093 00029c00 MOV r10, r7
		 r10=00000006
0096 004e8010 LSH r10, 0010
		 r10=00060000
0099 0022ac00 ADD_270 r10, r11
0099 00229800 ADD_270 r10, r6
0099 002e9000 ADD r10, 0000
0099 00056800 MOV r5, [r10]
		 read mem : 8e8972d5
		 r5=8E8972D5
00a5 007d40ff AND r5, 00ff
		 r5=000000d5
00a5 009dc0ae JA r7 00ae
00ae 0011c000 DEC r7
00ae 0002d800 MOV r11, r6
		 r11=000000CC
00b4 004ec008 LSH r11, 0008
		 r11=0000CC00
00b7 00029c00 MOV r10, r7
		 r10=00000005
00ba 004e8010 LSH r10, 0010
		 r10=00050000
00bd 0022ac00 ADD_270 r10, r11
00bd 00229400 ADD_270 r10, r5
00bd 002e9000 ADD r10, 0000
00bd 00052800 MOV r4, [r10]
		 read mem : 5c498389
		 r4=5C498389
00c9 007d00ff AND r4, 00ff
		 r4=00000089
00c9 009dc0d2 JA r7 00d2
00d2 0011c000 DEC r7
00d2 0002d400 MOV r11, r5
		 r11=000000D5
00d8 004ec008 LSH r11, 0008
		 r11=0000D500
00db 00029c00 MOV r10, r7
		 r10=00000004
00de 004e8010 LSH r10, 0010
		 r10=00040000
00e1 0022ac00 ADD_270 r10, r11
00e1 00229000 ADD_270 r10, r4
00e1 002e9000 ADD r10, 0000
00e1 0005a800 MOV r6, [r10]
		 read mem : 7099ea67
		 r6=7099EA67
00ed 007d80ff AND r6, 00ff
		 r6=00000067
00ed 009dc0f6 JA r7 00f6
00f6 0011c000 DEC r7
00f6 00025800 MOV r9, r6
		 r9=00000067
00fc 004e4008 LSH r9, 0008
		 r9=00006700
00ff 00225000 ADD_270 r9, r4
00ff 00023800 MOV r8, r14
		 r8=0000001A
0105 005e0003 RSH r8, 0003
		 r8=00000003
0108 007e0001 AND r8, 0001
		 r8=00000001
00cf8000 MOV [0X10000+r14], cst (0c 03 0e 00 0000)
010e 009e012f JA r8 012f
012f 00020000 MOV r8, r0
		 r8=0000CE7E
0132 00002400 MOV r0, r9
		 r0=00006789
0135 00007800 MOV r1, r14
		 r1=0000001A
0138 002c4001 ADD r1, 0001
0138 00604000 XOR r1, r0
		 r1=00006792
0138 00604800 XOR r1, r2
		 r1=000022e4
00ec414a OP_e (0e 03 01 00 014a)
0144 00008c00 MOV r2, r3
		 r2=0000EED6
0147 0000e000 MOV r3, r8
		 r3=0000CE7E
014a 009f8057 JA r14 0057
0057 00138000 DEC r14
0057 00010400 MOV r4, r1
		 r4=000022E4
005d 00015000 MOV r5, r4
		 r5=000022E4
0060 005d0008 RSH r4, 0008
		 r4=00000022
0063 007d00ff AND r4, 00ff
		 r4=00000022
0063 007d40ff AND r5, 00ff
		 r5=000000e4
0063 0002d400 MOV r11, r5
		 r11=000000E4
006c 004ec008 LSH r11, 0008
		 r11=0000E400
006f 00029c00 MOV r10, r7
		 r10=00000003
0072 004e8010 LSH r10, 0010
		 r10=00030000
0075 0022ac00 ADD_270 r10, r11
0075 00229000 ADD_270 r10, r4
0075 002e9000 ADD r10, 0000
0075 0005a800 MOV r6, [r10]
		 read mem : 51243522
		 r6=51243522
0081 007d80ff AND r6, 00ff
		 r6=00000022
0081 009dc08a JA r7 008a
008a 0011c000 DEC r7
008a 0002d000 MOV r11, r4
		 r11=00000022
0090 004ec008 LSH r11, 0008
		 r11=00002200
0093 00029c00 MOV r10, r7
		 r10=00000002
0096 004e8010 LSH r10, 0010
		 r10=00020000
0099 0022ac00 ADD_270 r10, r11
0099 00229800 ADD_270 r10, r6
0099 002e9000 ADD r10, 0000
0099 00056800 MOV r5, [r10]
		 read mem : fff3d871
		 r5=FFF3D871
00a5 007d40ff AND r5, 00ff
		 r5=00000071
00a5 009dc0ae JA r7 00ae
00ae 0011c000 DEC r7
00ae 0002d800 MOV r11, r6
		 r11=00000022
00b4 004ec008 LSH r11, 0008
		 r11=00002200
00b7 00029c00 MOV r10, r7
		 r10=00000001
00ba 004e8010 LSH r10, 0010
		 r10=00010000
00bd 0022ac00 ADD_270 r10, r11
00bd 00229400 ADD_270 r10, r5
00bd 002e9000 ADD r10, 0000
00bd 00052800 MOV r4, [r10]
		 read mem : 964ca8ca
		 r4=964CA8CA
00c9 007d00ff AND r4, 00ff
		 r4=000000ca
00c9 009dc0d2 JA r7 00d2
00d2 0011c000 DEC r7
00d2 0002d400 MOV r11, r5
		 r11=00000071
00d8 004ec008 LSH r11, 0008
		 r11=00007100
00db 00029c00 MOV r10, r7
		 r10=00000000
00de 004e8010 LSH r10, 0010
		 r10=00000000
00e1 0022ac00 ADD_270 r10, r11
00e1 00229000 ADD_270 r10, r4
00e1 002e9000 ADD r10, 0000
00e1 0005a800 MOV r6, [r10]
		 read mem : ac57c0bb
		 r6=AC57C0BB
00ed 007d80ff AND r6, 00ff
		 r6=000000bb
00ed 009dc0f6 JA r7 00f6
00f3 000dc00a MOV r7, 000a
		 r7=0000000A
00f6 0011c000 DEC r7
00f6 00025800 MOV r9, r6
		 r9=000000BB
00fc 004e4008 LSH r9, 0008
		 r9=0000BB00
00ff 00225000 ADD_270 r9, r4
00ff 00023800 MOV r8, r14
		 r8=00000019
0105 005e0003 RSH r8, 0003
		 r8=00000003
0108 007e0001 AND r8, 0001
		 r8=00000001
00cf8000 MOV [0X10000+r14], cst (0c 03 0e 00 0000)
010e 009e012f JA r8 012f
012f 00020000 MOV r8, r0
		 r8=00006789
0132 00002400 MOV r0, r9
		 r0=0000BBCA
0135 00007800 MOV r1, r14
		 r1=00000019
0138 002c4001 ADD r1, 0001
0138 00604000 XOR r1, r0
		 r1=0000bbd0
0138 00604800 XOR r1, r2
		 r1=00005506
00ec414a OP_e (0e 03 01 00 014a)
014a 009f8057 JA r14 0057
0057 00138000 DEC r14
0057 00010400 MOV r4, r1
		 r4=00005506
005d 00015000 MOV r5, r4
		 r5=00005506
0060 005d0008 RSH r4, 0008
		 r4=00000055
0063 007d00ff AND r4, 00ff
		 r4=00000055
0063 007d40ff AND r5, 00ff
		 r5=00000006
0063 0002d400 MOV r11, r5
		 r11=00000006
006c 004ec008 LSH r11, 0008
		 r11=00000600
006f 00029c00 MOV r10, r7
		 r10=00000009
0072 004e8010 LSH r10, 0010
		 r10=00090000
0075 0022ac00 ADD_270 r10, r11
0075 00229000 ADD_270 r10, r4
0075 002e9000 ADD r10, 0000
0075 0005a800 MOV r6, [r10]
		 read mem : 338b4ad1
		 r6=338B4AD1
0081 007d80ff AND r6, 00ff
		 r6=000000d1
0081 009dc08a JA r7 008a
008a 0011c000 DEC r7
008a 0002d000 MOV r11, r4
		 r11=00000055
0090 004ec008 LSH r11, 0008
		 r11=00005500
0093 00029c00 MOV r10, r7
		 r10=00000008
0096 004e8010 LSH r10, 0010
		 r10=00080000
0099 0022ac00 ADD_270 r10, r11
0099 00229800 ADD_270 r10, r6
0099 002e9000 ADD r10, 0000
0099 00056800 MOV r5, [r10]
		 read mem : ceba0ac4
		 r5=CEBA0AC4
00a5 007d40ff AND r5, 00ff
		 r5=000000c4
00a5 009dc0ae JA r7 00ae
00ae 0011c000 DEC r7
00ae 0002d800 MOV r11, r6
		 r11=000000D1
00b4 004ec008 LSH r11, 0008
		 r11=0000D100
00b7 00029c00 MOV r10, r7
		 r10=00000007
00ba 004e8010 LSH r10, 0010
		 r10=00070000
00bd 0022ac00 ADD_270 r10, r11
00bd 00229400 ADD_270 r10, r5
00bd 002e9000 ADD r10, 0000
00bd 00052800 MOV r4, [r10]
		 read mem : f12dce87
		 r4=F12DCE87
00c9 007d00ff AND r4, 00ff
		 r4=00000087
00c9 009dc0d2 JA r7 00d2
00d2 0011c000 DEC r7
00d2 0002d400 MOV r11, r5
		 r11=000000C4
00d8 004ec008 LSH r11, 0008
		 r11=0000C400
00db 00029c00 MOV r10, r7
		 r10=00000006
00de 004e8010 LSH r10, 0010
		 r10=00060000
00e1 0022ac00 ADD_270 r10, r11
00e1 00229000 ADD_270 r10, r4
00e1 002e9000 ADD r10, 0000
00e1 0005a800 MOV r6, [r10]
		 read mem : 30d1cbcc
		 r6=30D1CBCC
00ed 007d80ff AND r6, 00ff
		 r6=000000cc
00ed 009dc0f6 JA r7 00f6
00f6 0011c000 DEC r7
00f6 00025800 MOV r9, r6
		 r9=000000CC
00fc 004e4008 LSH r9, 0008
		 r9=0000CC00
00ff 00225000 ADD_270 r9, r4
00ff 00023800 MOV r8, r14
		 r8=00000018
0105 005e0003 RSH r8, 0003
		 r8=00000003
0108 007e0001 AND r8, 0001
		 r8=00000001
00cf8000 MOV [0X10000+r14], cst (0c 03 0e 00 0000)
010e 009e012f JA r8 012f
012f 00020000 MOV r8, r0
		 r8=0000BBCA
0132 00002400 MOV r0, r9
		 r0=0000CC87
0135 00007800 MOV r1, r14
		 r1=00000018
0138 002c4001 ADD r1, 0001
0138 00604000 XOR r1, r0
		 r1=0000cc9e
0138 00604800 XOR r1, r2
		 r1=00002248
00ec414a OP_e (0e 03 01 00 014a)
014a 009f8057 JA r14 0057
0057 00138000 DEC r14
0057 00010400 MOV r4, r1
		 r4=00002248
005d 00015000 MOV r5, r4
		 r5=00002248
0060 005d0008 RSH r4, 0008
		 r4=00000022
0063 007d00ff AND r4, 00ff
		 r4=00000022
0063 007d40ff AND r5, 00ff
		 r5=00000048
0063 0002d400 MOV r11, r5
		 r11=00000048
006c 004ec008 LSH r11, 0008
		 r11=00004800
006f 00029c00 MOV r10, r7
		 r10=00000005
0072 004e8010 LSH r10, 0010
		 r10=00050000
0075 0022ac00 ADD_270 r10, r11
0075 00229000 ADD_270 r10, r4
0075 002e9000 ADD r10, 0000
0075 0005a800 MOV r6, [r10]
		 read mem : 0f107f73
		 r6=0F107F73
0081 007d80ff AND r6, 00ff
		 r6=00000073
0081 009dc08a JA r7 008a
008a 0011c000 DEC r7
008a 0002d000 MOV r11, r4
		 r11=00000022
0090 004ec008 LSH r11, 0008
		 r11=00002200
0093 00029c00 MOV r10, r7
		 r10=00000004
0096 004e8010 LSH r10, 0010
		 r10=00040000
0099 0022ac00 ADD_270 r10, r11
0099 00229800 ADD_270 r10, r6
0099 002e9000 ADD r10, 0000
0099 00056800 MOV r5, [r10]
		 read mem : 66f15dc5
		 r5=66F15DC5
00a5 007d40ff AND r5, 00ff
		 r5=000000c5
00a5 009dc0ae JA r7 00ae
00ae 0011c000 DEC r7
00ae 0002d800 MOV r11, r6
		 r11=00000073
00b4 004ec008 LSH r11, 0008
		 r11=00007300
00b7 00029c00 MOV r10, r7
		 r10=00000003
00ba 004e8010 LSH r10, 0010
		 r10=00030000
00bd 0022ac00 ADD_270 r10, r11
00bd 00229400 ADD_270 r10, r5
00bd 002e9000 ADD r10, 0000
00bd 00052800 MOV r4, [r10]
		 read mem : 9526c382
		 r4=9526C382
00c9 007d00ff AND r4, 00ff
		 r4=00000082
00c9 009dc0d2 JA r7 00d2
00d2 0011c000 DEC r7
00d2 0002d400 MOV r11, r5
		 r11=000000C5
00d8 004ec008 LSH r11, 0008
		 r11=0000C500
00db 00029c00 MOV r10, r7
		 r10=00000002
00de 004e8010 LSH r10, 0010
		 r10=00020000
00e1 0022ac00 ADD_270 r10, r11
00e1 00229000 ADD_270 r10, r4
00e1 002e9000 ADD r10, 0000
00e1 0005a800 MOV r6, [r10]
		 read mem : 5a68ea4d
		 r6=5A68EA4D
00ed 007d80ff AND r6, 00ff
		 r6=0000004d
00ed 009dc0f6 JA r7 00f6
00f6 0011c000 DEC r7
00f6 00025800 MOV r9, r6
		 r9=0000004D
00fc 004e4008 LSH r9, 0008
		 r9=00004D00
00ff 00225000 ADD_270 r9, r4
00ff 00023800 MOV r8, r14
		 r8=00000017
0105 005e0003 RSH r8, 0003
		 r8=00000002
0108 007e0001 AND r8, 0001
		 r8=00000000
00cf8000 MOV [0X10000+r14], cst (0c 03 0e 00 0000)
010e 009e012f JA r8 012f
0111 00020c00 MOV r8, r3
		 r8=0000CE7E
0114 0000f800 MOV r3, r14
		 r3=00000017
0117 002cc001 ADD r3, 0001
0117 0060c000 XOR r3, r0
		 r3=0000cc9f
00ecc14a OP_e (0e 03 03 00 014a)
014a 009f8057 JA r14 0057
0057 00138000 DEC r14
0057 00010400 MOV r4, r1
		 r4=00002248
005d 00015000 MOV r5, r4
		 r5=00002248
0060 005d0008 RSH r4, 0008
		 r4=00000022
0063 007d00ff AND r4, 00ff
		 r4=00000022
0063 007d40ff AND r5, 00ff
		 r5=00000048
0063 0002d400 MOV r11, r5
		 r11=00000048
006c 004ec008 LSH r11, 0008
		 r11=00004800
006f 00029c00 MOV r10, r7
		 r10=00000001
0072 004e8010 LSH r10, 0010
		 r10=00010000
0075 0022ac00 ADD_270 r10, r11
0075 00229000 ADD_270 r10, r4
0075 002e9000 ADD r10, 0000
0075 0005a800 MOV r6, [r10]
		 read mem : 348c460e
		 r6=348C460E
0081 007d80ff AND r6, 00ff
		 r6=0000000e
0081 009dc08a JA r7 008a
008a 0011c000 DEC r7
008a 0002d000 MOV r11, r4
		 r11=00000022
0090 004ec008 LSH r11, 0008
		 r11=00002200
0093 00029c00 MOV r10, r7
		 r10=00000000
0096 004e8010 LSH r10, 0010
		 r10=00000000
0099 0022ac00 ADD_270 r10, r11
0099 00229800 ADD_270 r10, r6
0099 002e9000 ADD r10, 0000
0099 00056800 MOV r5, [r10]
		 read mem : 36d1fe1e
		 r5=36D1FE1E
00a5 007d40ff AND r5, 00ff
		 r5=0000001e
00a5 009dc0ae JA r7 00ae
00ab 000dc00a MOV r7, 000a
		 r7=0000000A
00ae 0011c000 DEC r7
00ae 0002d800 MOV r11, r6
		 r11=0000000E
00b4 004ec008 LSH r11, 0008
		 r11=00000E00
00b7 00029c00 MOV r10, r7
		 r10=00000009
00ba 004e8010 LSH r10, 0010
		 r10=00090000
00bd 0022ac00 ADD_270 r10, r11
00bd 00229400 ADD_270 r10, r5
00bd 002e9000 ADD r10, 0000
00bd 00052800 MOV r4, [r10]
		 read mem : 97bad9af
		 r4=97BAD9AF
00c9 007d00ff AND r4, 00ff
		 r4=000000af
00c9 009dc0d2 JA r7 00d2
00d2 0011c000 DEC r7
00d2 0002d400 MOV r11, r5
		 r11=0000001E
00d8 004ec008 LSH r11, 0008
		 r11=00001E00
00db 00029c00 MOV r10, r7
		 r10=00000008
00de 004e8010 LSH r10, 0010
		 r10=00080000
00e1 0022ac00 ADD_270 r10, r11
00e1 00229000 ADD_270 r10, r4
00e1 002e9000 ADD r10, 0000
00e1 0005a800 MOV r6, [r10]
		 read mem : c9e2ad08
		 r6=C9E2AD08
00ed 007d80ff AND r6, 00ff
		 r6=00000008
00ed 009dc0f6 JA r7 00f6
00f6 0011c000 DEC r7
00f6 00025800 MOV r9, r6
		 r9=00000008
00fc 004e4008 LSH r9, 0008
		 r9=00000800
00ff 00225000 ADD_270 r9, r4
00ff 00023800 MOV r8, r14
		 r8=00000016
0105 005e0003 RSH r8, 0003
		 r8=00000002
0108 007e0001 AND r8, 0001
		 r8=00000000
00cf8000 MOV [0X10000+r14], cst (0c 03 0e 00 0000)
010e 009e012f JA r8 012f
0111 00020c00 MOV r8, r3
		 r8=0000CC9F
0114 0000f800 MOV r3, r14
		 r3=00000016
0117 002cc001 ADD r3, 0001
0117 0060c000 XOR r3, r0
		 r3=0000cc90
00ecc14a OP_e (0e 03 03 00 014a)
014a 009f8057 JA r14 0057
0057 00138000 DEC r14
0057 00010400 MOV r4, r1
		 r4=00002248
005d 00015000 MOV r5, r4
		 r5=00002248
0060 005d0008 RSH r4, 0008
		 r4=00000022
0063 007d00ff AND r4, 00ff
		 r4=00000022
0063 007d40ff AND r5, 00ff
		 r5=00000048
0063 0002d400 MOV r11, r5
		 r11=00000048
006c 004ec008 LSH r11, 0008
		 r11=00004800
006f 00029c00 MOV r10, r7
		 r10=00000007
0072 004e8010 LSH r10, 0010
		 r10=00070000
0075 0022ac00 ADD_270 r10, r11
0075 00229000 ADD_270 r10, r4
0075 002e9000 ADD r10, 0000
0075 0005a800 MOV r6, [r10]
		 read mem : c8877ea2
		 r6=C8877EA2
0081 007d80ff AND r6, 00ff
		 r6=000000a2
0081 009dc08a JA r7 008a
008a 0011c000 DEC r7
008a 0002d000 MOV r11, r4
		 r11=00000022
0090 004ec008 LSH r11, 0008
		 r11=00002200
0093 00029c00 MOV r10, r7
		 r10=00000006
0096 004e8010 LSH r10, 0010
		 r10=00060000
0099 0022ac00 ADD_270 r10, r11
0099 00229800 ADD_270 r10, r6
0099 002e9000 ADD r10, 0000
0099 00056800 MOV r5, [r10]
		 read mem : b2c94a06
		 r5=B2C94A06
00a5 007d40ff AND r5, 00ff
		 r5=00000006
00a5 009dc0ae JA r7 00ae
00ae 0011c000 DEC r7
00ae 0002d800 MOV r11, r6
		 r11=000000A2
00b4 004ec008 LSH r11, 0008
		 r11=0000A200
00b7 00029c00 MOV r10, r7
		 r10=00000005
00ba 004e8010 LSH r10, 0010
		 r10=00050000
00bd 0022ac00 ADD_270 r10, r11
00bd 00229400 ADD_270 r10, r5
00bd 002e9000 ADD r10, 0000
00bd 00052800 MOV r4, [r10]
		 read mem : 0e69af65
		 r4=0E69AF65
00c9 007d00ff AND r4, 00ff
		 r4=00000065
00c9 009dc0d2 JA r7 00d2
00d2 0011c000 DEC r7
00d2 0002d400 MOV r11, r5
		 r11=00000006
00d8 004ec008 LSH r11, 0008
		 r11=00000600
00db 00029c00 MOV r10, r7
		 r10=00000004
00de 004e8010 LSH r10, 0010
		 r10=00040000
00e1 0022ac00 ADD_270 r10, r11
00e1 00229000 ADD_270 r10, r4
00e1 002e9000 ADD r10, 0000
00e1 0005a800 MOV r6, [r10]
		 read mem : da2cafc9
		 r6=DA2CAFC9
00ed 007d80ff AND r6, 00ff
		 r6=000000c9
00ed 009dc0f6 JA r7 00f6
00f6 0011c000 DEC r7
00f6 00025800 MOV r9, r6
		 r9=000000C9
00fc 004e4008 LSH r9, 0008
		 r9=0000C900
00ff 00225000 ADD_270 r9, r4
00ff 00023800 MOV r8, r14
		 r8=00000015
0105 005e0003 RSH r8, 0003
		 r8=00000002
0108 007e0001 AND r8, 0001
		 r8=00000000
00cf8000 MOV [0X10000+r14], cst (0c 03 0e 00 0000)
010e 009e012f JA r8 012f
0111 00020c00 MOV r8, r3
		 r8=0000CC90
0114 0000f800 MOV r3, r14
		 r3=00000015
0117 002cc001 ADD r3, 0001
0117 0060c000 XOR r3, r0
		 r3=0000cc91
00ecc14a OP_e (0e 03 03 00 014a)
014a 009f8057 JA r14 0057
0057 00138000 DEC r14
0057 00010400 MOV r4, r1
		 r4=00002248
005d 00015000 MOV r5, r4
		 r5=00002248
0060 005d0008 RSH r4, 0008
		 r4=00000022
0063 007d00ff AND r4, 00ff
		 r4=00000022
0063 007d40ff AND r5, 00ff
		 r5=00000048
0063 0002d400 MOV r11, r5
		 r11=00000048
006c 004ec008 LSH r11, 0008
		 r11=00004800
006f 00029c00 MOV r10, r7
		 r10=00000003
0072 004e8010 LSH r10, 0010
		 r10=00030000
0075 0022ac00 ADD_270 r10, r11
0075 00229000 ADD_270 r10, r4
0075 002e9000 ADD r10, 0000
0075 0005a800 MOV r6, [r10]
		 read mem : 417d2f4d
		 r6=417D2F4D
0081 007d80ff AND r6, 00ff
		 r6=0000004d
0081 009dc08a JA r7 008a
008a 0011c000 DEC r7
008a 0002d000 MOV r11, r4
		 r11=00000022
0090 004ec008 LSH r11, 0008
		 r11=00002200
0093 00029c00 MOV r10, r7
		 r10=00000002
0096 004e8010 LSH r10, 0010
		 r10=00020000
0099 0022ac00 ADD_270 r10, r11
0099 00229800 ADD_270 r10, r6
0099 002e9000 ADD r10, 0000
0099 00056800 MOV r5, [r10]
		 read mem : 11114002
		 r5=11114002
00a5 007d40ff AND r5, 00ff
		 r5=00000002
00a5 009dc0ae JA r7 00ae
00ae 0011c000 DEC r7
00ae 0002d800 MOV r11, r6
		 r11=0000004D
00b4 004ec008 LSH r11, 0008
		 r11=00004D00
00b7 00029c00 MOV r10, r7
		 r10=00000001
00ba 004e8010 LSH r10, 0010
		 r10=00010000
00bd 0022ac00 ADD_270 r10, r11
00bd 00229400 ADD_270 r10, r5
00bd 002e9000 ADD r10, 0000
00bd 00052800 MOV r4, [r10]
		 read mem : ea6a37f2
		 r4=EA6A37F2
00c9 007d00ff AND r4, 00ff
		 r4=000000f2
00c9 009dc0d2 JA r7 00d2
00d2 0011c000 DEC r7
00d2 0002d400 MOV r11, r5
		 r11=00000002
00d8 004ec008 LSH r11, 0008
		 r11=00000200
00db 00029c00 MOV r10, r7
		 r10=00000000
00de 004e8010 LSH r10, 0010
		 r10=00000000
00e1 0022ac00 ADD_270 r10, r11
00e1 00229000 ADD_270 r10, r4
00e1 002e9000 ADD r10, 0000
00e1 0005a800 MOV r6, [r10]
		 read mem : b4173b72
		 r6=B4173B72
00ed 007d80ff AND r6, 00ff
		 r6=00000072
00ed 009dc0f6 JA r7 00f6
00f3 000dc00a MOV r7, 000a
		 r7=0000000A
00f6 0011c000 DEC r7
00f6 00025800 MOV r9, r6
		 r9=00000072
00fc 004e4008 LSH r9, 0008
		 r9=00007200
00ff 00225000 ADD_270 r9, r4
00ff 00023800 MOV r8, r14
		 r8=00000014
0105 005e0003 RSH r8, 0003
		 r8=00000002
0108 007e0001 AND r8, 0001
		 r8=00000000
00cf8000 MOV [0X10000+r14], cst (0c 03 0e 00 0000)
010e 009e012f JA r8 012f
0111 00020c00 MOV r8, r3
		 r8=0000CC91
0114 0000f800 MOV r3, r14
		 r3=00000014
0117 002cc001 ADD r3, 0001
0117 0060c000 XOR r3, r0
		 r3=0000cc92
00ecc14a OP_e (0e 03 03 00 014a)
014a 009f8057 JA r14 0057
0057 00138000 DEC r14
0057 00010400 MOV r4, r1
		 r4=00002248
005d 00015000 MOV r5, r4
		 r5=00002248
0060 005d0008 RSH r4, 0008
		 r4=00000022
0063 007d00ff AND r4, 00ff
		 r4=00000022
0063 007d40ff AND r5, 00ff
		 r5=00000048
0063 0002d400 MOV r11, r5
		 r11=00000048
006c 004ec008 LSH r11, 0008
		 r11=00004800
006f 00029c00 MOV r10, r7
		 r10=00000009
0072 004e8010 LSH r10, 0010
		 r10=00090000
0075 0022ac00 ADD_270 r10, r11
0075 00229000 ADD_270 r10, r4
0075 002e9000 ADD r10, 0000
0075 0005a800 MOV r6, [r10]
		 read mem : 4f035125
		 r6=4F035125
0081 007d80ff AND r6, 00ff
		 r6=00000025
0081 009dc08a JA r7 008a
008a 0011c000 DEC r7
008a 0002d000 MOV r11, r4
		 r11=00000022
0090 004ec008 LSH r11, 0008
		 r11=00002200
0093 00029c00 MOV r10, r7
		 r10=00000008
0096 004e8010 LSH r10, 0010
		 r10=00080000
0099 0022ac00 ADD_270 r10, r11
0099 00229800 ADD_270 r10, r6
0099 002e9000 ADD r10, 0000
0099 00056800 MOV r5, [r10]
		 read mem : a50b5d20
		 r5=A50B5D20
00a5 007d40ff AND r5, 00ff
		 r5=00000020
00a5 009dc0ae JA r7 00ae
00ae 0011c000 DEC r7
00ae 0002d800 MOV r11, r6
		 r11=00000025
00b4 004ec008 LSH r11, 0008
		 r11=00002500
00b7 00029c00 MOV r10, r7
		 r10=00000007
00ba 004e8010 LSH r10, 0010
		 r10=00070000
00bd 0022ac00 ADD_270 r10, r11
00bd 00229400 ADD_270 r10, r5
00bd 002e9000 ADD r10, 0000
00bd 00052800 MOV r4, [r10]
		 read mem : 628afb07
		 r4=628AFB07
00c9 007d00ff AND r4, 00ff
		 r4=00000007
00c9 009dc0d2 JA r7 00d2
00d2 0011c000 DEC r7
00d2 0002d400 MOV r11, r5
		 r11=00000020
00d8 004ec008 LSH r11, 0008
		 r11=00002000
00db 00029c00 MOV r10, r7
		 r10=00000006
00de 004e8010 LSH r10, 0010
		 r10=00060000
00e1 0022ac00 ADD_270 r10, r11
00e1 00229000 ADD_270 r10, r4
00e1 002e9000 ADD r10, 0000
00e1 0005a800 MOV r6, [r10]
		 read mem : 304ac2f2
		 r6=304AC2F2
00ed 007d80ff AND r6, 00ff
		 r6=000000f2
00ed 009dc0f6 JA r7 00f6
00f6 0011c000 DEC r7
00f6 00025800 MOV r9, r6
		 r9=000000F2
00fc 004e4008 LSH r9, 0008
		 r9=0000F200
00ff 00225000 ADD_270 r9, r4
00ff 00023800 MOV r8, r14
		 r8=00000013
0105 005e0003 RSH r8, 0003
		 r8=00000002
0108 007e0001 AND r8, 0001
		 r8=00000000
00cf8000 MOV [0X10000+r14], cst (0c 03 0e 00 0000)
010e 009e012f JA r8 012f
0111 00020c00 MOV r8, r3
		 r8=0000CC92
0114 0000f800 MOV r3, r14
		 r3=00000013
0117 002cc001 ADD r3, 0001
0117 0060c000 XOR r3, r0
		 r3=0000cc93
00ecc14a OP_e (0e 03 03 00 014a)
014a 009f8057 JA r14 0057
0057 00138000 DEC r14
0057 00010400 MOV r4, r1
		 r4=00002248
005d 00015000 MOV r5, r4
		 r5=00002248
0060 005d0008 RSH r4, 0008
		 r4=00000022
0063 007d00ff AND r4, 00ff
		 r4=00000022
0063 007d40ff AND r5, 00ff
		 r5=00000048
0063 0002d400 MOV r11, r5
		 r11=00000048
006c 004ec008 LSH r11, 0008
		 r11=00004800
006f 00029c00 MOV r10, r7
		 r10=00000005
0072 004e8010 LSH r10, 0010
		 r10=00050000
0075 0022ac00 ADD_270 r10, r11
0075 00229000 ADD_270 r10, r4
0075 002e9000 ADD r10, 0000
0075 0005a800 MOV r6, [r10]
		 read mem : 0f107f73
		 r6=0F107F73
0081 007d80ff AND r6, 00ff
		 r6=00000073
0081 009dc08a JA r7 008a
008a 0011c000 DEC r7
008a 0002d000 MOV r11, r4
		 r11=00000022
0090 004ec008 LSH r11, 0008
		 r11=00002200
0093 00029c00 MOV r10, r7
		 r10=00000004
0096 004e8010 LSH r10, 0010
		 r10=00040000
0099 0022ac00 ADD_270 r10, r11
0099 00229800 ADD_270 r10, r6
0099 002e9000 ADD r10, 0000
0099 00056800 MOV r5, [r10]
		 read mem : 66f15dc5
		 r5=66F15DC5
00a5 007d40ff AND r5, 00ff
		 r5=000000c5
00a5 009dc0ae JA r7 00ae
00ae 0011c000 DEC r7
00ae 0002d800 MOV r11, r6
		 r11=00000073
00b4 004ec008 LSH r11, 0008
		 r11=00007300
00b7 00029c00 MOV r10, r7
		 r10=00000003
00ba 004e8010 LSH r10, 0010
		 r10=00030000
00bd 0022ac00 ADD_270 r10, r11
00bd 00229400 ADD_270 r10, r5
00bd 002e9000 ADD r10, 0000
00bd 00052800 MOV r4, [r10]
		 read mem : 9526c382
		 r4=9526C382
00c9 007d00ff AND r4, 00ff
		 r4=00000082
00c9 009dc0d2 JA r7 00d2
00d2 0011c000 DEC r7
00d2 0002d400 MOV r11, r5
		 r11=000000C5
00d8 004ec008 LSH r11, 0008
		 r11=0000C500
00db 00029c00 MOV r10, r7
		 r10=00000002
00de 004e8010 LSH r10, 0010
		 r10=00020000
00e1 0022ac00 ADD_270 r10, r11
00e1 00229000 ADD_270 r10, r4
00e1 002e9000 ADD r10, 0000
00e1 0005a800 MOV r6, [r10]
		 read mem : 5a68ea4d
		 r6=5A68EA4D
00ed 007d80ff AND r6, 00ff
		 r6=0000004d
00ed 009dc0f6 JA r7 00f6
00f6 0011c000 DEC r7
00f6 00025800 MOV r9, r6
		 r9=0000004D
00fc 004e4008 LSH r9, 0008
		 r9=00004D00
00ff 00225000 ADD_270 r9, r4
00ff 00023800 MOV r8, r14
		 r8=00000012
0105 005e0003 RSH r8, 0003
		 r8=00000002
0108 007e0001 AND r8, 0001
		 r8=00000000
00cf8000 MOV [0X10000+r14], cst (0c 03 0e 00 0000)
010e 009e012f JA r8 012f
0111 00020c00 MOV r8, r3
		 r8=0000CC93
0114 0000f800 MOV r3, r14
		 r3=00000012
0117 002cc001 ADD r3, 0001
0117 0060c000 XOR r3, r0
		 r3=0000cc94
00ecc14a OP_e (0e 03 03 00 014a)
014a 009f8057 JA r14 0057
0057 00138000 DEC r14
0057 00010400 MOV r4, r1
		 r4=00002248
005d 00015000 MOV r5, r4
		 r5=00002248
0060 005d0008 RSH r4, 0008
		 r4=00000022
0063 007d00ff AND r4, 00ff
		 r4=00000022
0063 007d40ff AND r5, 00ff
		 r5=00000048
0063 0002d400 MOV r11, r5
		 r11=00000048
006c 004ec008 LSH r11, 0008
		 r11=00004800
006f 00029c00 MOV r10, r7
		 r10=00000001
0072 004e8010 LSH r10, 0010
		 r10=00010000
0075 0022ac00 ADD_270 r10, r11
0075 00229000 ADD_270 r10, r4
0075 002e9000 ADD r10, 0000
0075 0005a800 MOV r6, [r10]
		 read mem : 348c460e
		 r6=348C460E
0081 007d80ff AND r6, 00ff
		 r6=0000000e
0081 009dc08a JA r7 008a
008a 0011c000 DEC r7
008a 0002d000 MOV r11, r4
		 r11=00000022
0090 004ec008 LSH r11, 0008
		 r11=00002200
0093 00029c00 MOV r10, r7
		 r10=00000000
0096 004e8010 LSH r10, 0010
		 r10=00000000
0099 0022ac00 ADD_270 r10, r11
0099 00229800 ADD_270 r10, r6
0099 002e9000 ADD r10, 0000
0099 00056800 MOV r5, [r10]
		 read mem : 36d1fe1e
		 r5=36D1FE1E
00a5 007d40ff AND r5, 00ff
		 r5=0000001e
00a5 009dc0ae JA r7 00ae
00ab 000dc00a MOV r7, 000a
		 r7=0000000A
00ae 0011c000 DEC r7
00ae 0002d800 MOV r11, r6
		 r11=0000000E
00b4 004ec008 LSH r11, 0008
		 r11=00000E00
00b7 00029c00 MOV r10, r7
		 r10=00000009
00ba 004e8010 LSH r10, 0010
		 r10=00090000
00bd 0022ac00 ADD_270 r10, r11
00bd 00229400 ADD_270 r10, r5
00bd 002e9000 ADD r10, 0000
00bd 00052800 MOV r4, [r10]
		 read mem : 97bad9af
		 r4=97BAD9AF
00c9 007d00ff AND r4, 00ff
		 r4=000000af
00c9 009dc0d2 JA r7 00d2
00d2 0011c000 DEC r7
00d2 0002d400 MOV r11, r5
		 r11=0000001E
00d8 004ec008 LSH r11, 0008
		 r11=00001E00
00db 00029c00 MOV r10, r7
		 r10=00000008
00de 004e8010 LSH r10, 0010
		 r10=00080000
00e1 0022ac00 ADD_270 r10, r11
00e1 00229000 ADD_270 r10, r4
00e1 002e9000 ADD r10, 0000
00e1 0005a800 MOV r6, [r10]
		 read mem : c9e2ad08
		 r6=C9E2AD08
00ed 007d80ff AND r6, 00ff
		 r6=00000008
00ed 009dc0f6 JA r7 00f6
00f6 0011c000 DEC r7
00f6 00025800 MOV r9, r6
		 r9=00000008
00fc 004e4008 LSH r9, 0008
		 r9=00000800
00ff 00225000 ADD_270 r9, r4
00ff 00023800 MOV r8, r14
		 r8=00000011
0105 005e0003 RSH r8, 0003
		 r8=00000002
0108 007e0001 AND r8, 0001
		 r8=00000000
00cf8000 MOV [0X10000+r14], cst (0c 03 0e 00 0000)
010e 009e012f JA r8 012f
0111 00020c00 MOV r8, r3
		 r8=0000CC94
0114 0000f800 MOV r3, r14
		 r3=00000011
0117 002cc001 ADD r3, 0001
0117 0060c000 XOR r3, r0
		 r3=0000cc95
00ecc14a OP_e (0e 03 03 00 014a)
014a 009f8057 JA r14 0057
0057 00138000 DEC r14
0057 00010400 MOV r4, r1
		 r4=00002248
005d 00015000 MOV r5, r4
		 r5=00002248
0060 005d0008 RSH r4, 0008
		 r4=00000022
0063 007d00ff AND r4, 00ff
		 r4=00000022
0063 007d40ff AND r5, 00ff
		 r5=00000048
0063 0002d400 MOV r11, r5
		 r11=00000048
006c 004ec008 LSH r11, 0008
		 r11=00004800
006f 00029c00 MOV r10, r7
		 r10=00000007
0072 004e8010 LSH r10, 0010
		 r10=00070000
0075 0022ac00 ADD_270 r10, r11
0075 00229000 ADD_270 r10, r4
0075 002e9000 ADD r10, 0000
0075 0005a800 MOV r6, [r10]
		 read mem : c8877ea2
		 r6=C8877EA2
0081 007d80ff AND r6, 00ff
		 r6=000000a2
0081 009dc08a JA r7 008a
008a 0011c000 DEC r7
008a 0002d000 MOV r11, r4
		 r11=00000022
0090 004ec008 LSH r11, 0008
		 r11=00002200
0093 00029c00 MOV r10, r7
		 r10=00000006
0096 004e8010 LSH r10, 0010
		 r10=00060000
0099 0022ac00 ADD_270 r10, r11
0099 00229800 ADD_270 r10, r6
0099 002e9000 ADD r10, 0000
0099 00056800 MOV r5, [r10]
		 read mem : b2c94a06
		 r5=B2C94A06
00a5 007d40ff AND r5, 00ff
		 r5=00000006
00a5 009dc0ae JA r7 00ae
00ae 0011c000 DEC r7
00ae 0002d800 MOV r11, r6
		 r11=000000A2
00b4 004ec008 LSH r11, 0008
		 r11=0000A200
00b7 00029c00 MOV r10, r7
		 r10=00000005
00ba 004e8010 LSH r10, 0010
		 r10=00050000
00bd 0022ac00 ADD_270 r10, r11
00bd 00229400 ADD_270 r10, r5
00bd 002e9000 ADD r10, 0000
00bd 00052800 MOV r4, [r10]
		 read mem : 0e69af65
		 r4=0E69AF65
00c9 007d00ff AND r4, 00ff
		 r4=00000065
00c9 009dc0d2 JA r7 00d2
00d2 0011c000 DEC r7
00d2 0002d400 MOV r11, r5
		 r11=00000006
00d8 004ec008 LSH r11, 0008
		 r11=00000600
00db 00029c00 MOV r10, r7
		 r10=00000004
00de 004e8010 LSH r10, 0010
		 r10=00040000
00e1 0022ac00 ADD_270 r10, r11
00e1 00229000 ADD_270 r10, r4
00e1 002e9000 ADD r10, 0000
00e1 0005a800 MOV r6, [r10]
		 read mem : da2cafc9
		 r6=DA2CAFC9
00ed 007d80ff AND r6, 00ff
		 r6=000000c9
00ed 009dc0f6 JA r7 00f6
00f6 0011c000 DEC r7
00f6 00025800 MOV r9, r6
		 r9=000000C9
00fc 004e4008 LSH r9, 0008
		 r9=0000C900
00ff 00225000 ADD_270 r9, r4
00ff 00023800 MOV r8, r14
		 r8=00000010
0105 005e0003 RSH r8, 0003
		 r8=00000002
0108 007e0001 AND r8, 0001
		 r8=00000000
00cf8000 MOV [0X10000+r14], cst (0c 03 0e 00 0000)
010e 009e012f JA r8 012f
0111 00020c00 MOV r8, r3
		 r8=0000CC95
0114 0000f800 MOV r3, r14
		 r3=00000010
0117 002cc001 ADD r3, 0001
0117 0060c000 XOR r3, r0
		 r3=0000cc96
00ecc14a OP_e (0e 03 03 00 014a)
014a 009f8057 JA r14 0057
0057 00138000 DEC r14
0057 00010400 MOV r4, r1
		 r4=00002248
005d 00015000 MOV r5, r4
		 r5=00002248
0060 005d0008 RSH r4, 0008
		 r4=00000022
0063 007d00ff AND r4, 00ff
		 r4=00000022
0063 007d40ff AND r5, 00ff
		 r5=00000048
0063 0002d400 MOV r11, r5
		 r11=00000048
006c 004ec008 LSH r11, 0008
		 r11=00004800
006f 00029c00 MOV r10, r7
		 r10=00000003
0072 004e8010 LSH r10, 0010
		 r10=00030000
0075 0022ac00 ADD_270 r10, r11
0075 00229000 ADD_270 r10, r4
0075 002e9000 ADD r10, 0000
0075 0005a800 MOV r6, [r10]
		 read mem : 417d2f4d
		 r6=417D2F4D
0081 007d80ff AND r6, 00ff
		 r6=0000004d
0081 009dc08a JA r7 008a
008a 0011c000 DEC r7
008a 0002d000 MOV r11, r4
		 r11=00000022
0090 004ec008 LSH r11, 0008
		 r11=00002200
0093 00029c00 MOV r10, r7
		 r10=00000002
0096 004e8010 LSH r10, 0010
		 r10=00020000
0099 0022ac00 ADD_270 r10, r11
0099 00229800 ADD_270 r10, r6
0099 002e9000 ADD r10, 0000
0099 00056800 MOV r5, [r10]
		 read mem : 11114002
		 r5=11114002
00a5 007d40ff AND r5, 00ff
		 r5=00000002
00a5 009dc0ae JA r7 00ae
00ae 0011c000 DEC r7
00ae 0002d800 MOV r11, r6
		 r11=0000004D
00b4 004ec008 LSH r11, 0008
		 r11=00004D00
00b7 00029c00 MOV r10, r7
		 r10=00000001
00ba 004e8010 LSH r10, 0010
		 r10=00010000
00bd 0022ac00 ADD_270 r10, r11
00bd 00229400 ADD_270 r10, r5
00bd 002e9000 ADD r10, 0000
00bd 00052800 MOV r4, [r10]
		 read mem : ea6a37f2
		 r4=EA6A37F2
00c9 007d00ff AND r4, 00ff
		 r4=000000f2
00c9 009dc0d2 JA r7 00d2
00d2 0011c000 DEC r7
00d2 0002d400 MOV r11, r5
		 r11=00000002
00d8 004ec008 LSH r11, 0008
		 r11=00000200
00db 00029c00 MOV r10, r7
		 r10=00000000
00de 004e8010 LSH r10, 0010
		 r10=00000000
00e1 0022ac00 ADD_270 r10, r11
00e1 00229000 ADD_270 r10, r4
00e1 002e9000 ADD r10, 0000
00e1 0005a800 MOV r6, [r10]
		 read mem : b4173b72
		 r6=B4173B72
00ed 007d80ff AND r6, 00ff
		 r6=00000072
00ed 009dc0f6 JA r7 00f6
00f3 000dc00a MOV r7, 000a
		 r7=0000000A
00f6 0011c000 DEC r7
00f6 00025800 MOV r9, r6
		 r9=00000072
00fc 004e4008 LSH r9, 0008
		 r9=00007200
00ff 00225000 ADD_270 r9, r4
00ff 00023800 MOV r8, r14
		 r8=0000000F
0105 005e0003 RSH r8, 0003
		 r8=00000001
0108 007e0001 AND r8, 0001
		 r8=00000001
00cf8000 MOV [0X10000+r14], cst (0c 03 0e 00 0000)
010e 009e012f JA r8 012f
012f 00020000 MOV r8, r0
		 r8=0000CC87
0132 00002400 MOV r0, r9
		 r0=000072F2
0135 00007800 MOV r1, r14
		 r1=0000000F
0138 002c4001 ADD r1, 0001
0138 00604000 XOR r1, r0
		 r1=000072e2
0138 00604800 XOR r1, r2
		 r1=00009c34
00ec414a OP_e (0e 03 01 00 014a)
014a 009f8057 JA r14 0057
0057 00138000 DEC r14
0057 00010400 MOV r4, r1
		 r4=00009C34
005d 00015000 MOV r5, r4
		 r5=00009C34
0060 005d0008 RSH r4, 0008
		 r4=0000009C
0063 007d00ff AND r4, 00ff
		 r4=0000009c
0063 007d40ff AND r5, 00ff
		 r5=00000034
0063 0002d400 MOV r11, r5
		 r11=00000034
006c 004ec008 LSH r11, 0008
		 r11=00003400
006f 00029c00 MOV r10, r7
		 r10=00000009
0072 004e8010 LSH r10, 0010
		 r10=00090000
0075 0022ac00 ADD_270 r10, r11
0075 00229000 ADD_270 r10, r4
0075 002e9000 ADD r10, 0000
0075 0005a800 MOV r6, [r10]
		 read mem : a17d7aef
		 r6=A17D7AEF
0081 007d80ff AND r6, 00ff
		 r6=000000ef
0081 009dc08a JA r7 008a
008a 0011c000 DEC r7
008a 0002d000 MOV r11, r4
		 r11=0000009C
0090 004ec008 LSH r11, 0008
		 r11=00009C00
0093 00029c00 MOV r10, r7
		 r10=00000008
0096 004e8010 LSH r10, 0010
		 r10=00080000
0099 0022ac00 ADD_270 r10, r11
0099 00229800 ADD_270 r10, r6
0099 002e9000 ADD r10, 0000
0099 00056800 MOV r5, [r10]
		 read mem : 72f7e944
		 r5=72F7E944
00a5 007d40ff AND r5, 00ff
		 r5=00000044
00a5 009dc0ae JA r7 00ae
00ae 0011c000 DEC r7
00ae 0002d800 MOV r11, r6
		 r11=000000EF
00b4 004ec008 LSH r11, 0008
		 r11=0000EF00
00b7 00029c00 MOV r10, r7
		 r10=00000007
00ba 004e8010 LSH r10, 0010
		 r10=00070000
00bd 0022ac00 ADD_270 r10, r11
00bd 00229400 ADD_270 r10, r5
00bd 002e9000 ADD r10, 0000
00bd 00052800 MOV r4, [r10]
		 read mem : b57f649e
		 r4=B57F649E
00c9 007d00ff AND r4, 00ff
		 r4=0000009e
00c9 009dc0d2 JA r7 00d2
00d2 0011c000 DEC r7
00d2 0002d400 MOV r11, r5
		 r11=00000044
00d8 004ec008 LSH r11, 0008
		 r11=00004400
00db 00029c00 MOV r10, r7
		 r10=00000006
00de 004e8010 LSH r10, 0010
		 r10=00060000
00e1 0022ac00 ADD_270 r10, r11
00e1 00229000 ADD_270 r10, r4
00e1 002e9000 ADD r10, 0000
00e1 0005a800 MOV r6, [r10]
		 read mem : acb21563
		 r6=ACB21563
00ed 007d80ff AND r6, 00ff
		 r6=00000063
00ed 009dc0f6 JA r7 00f6
00f6 0011c000 DEC r7
00f6 00025800 MOV r9, r6
		 r9=00000063
00fc 004e4008 LSH r9, 0008
		 r9=00006300
00ff 00225000 ADD_270 r9, r4
00ff 00023800 MOV r8, r14
		 r8=0000000E
0105 005e0003 RSH r8, 0003
		 r8=00000001
0108 007e0001 AND r8, 0001
		 r8=00000001
00cf8000 MOV [0X10000+r14], cst (0c 03 0e 00 0000)
010e 009e012f JA r8 012f
012f 00020000 MOV r8, r0
		 r8=000072F2
0132 00002400 MOV r0, r9
		 r0=0000639E
0135 00007800 MOV r1, r14
		 r1=0000000E
0138 002c4001 ADD r1, 0001
0138 00604000 XOR r1, r0
		 r1=00006391
0138 00604800 XOR r1, r2
		 r1=00008d47
00ec414a OP_e (0e 03 01 00 014a)
014a 009f8057 JA r14 0057
0057 00138000 DEC r14
0057 00010400 MOV r4, r1
		 r4=00008D47
005d 00015000 MOV r5, r4
		 r5=00008D47
0060 005d0008 RSH r4, 0008
		 r4=0000008D
0063 007d00ff AND r4, 00ff
		 r4=0000008d
0063 007d40ff AND r5, 00ff
		 r5=00000047
0063 0002d400 MOV r11, r5
		 r11=00000047
006c 004ec008 LSH r11, 0008
		 r11=00004700
006f 00029c00 MOV r10, r7
		 r10=00000005
0072 004e8010 LSH r10, 0010
		 r10=00050000
0075 0022ac00 ADD_270 r10, r11
0075 00229000 ADD_270 r10, r4
0075 002e9000 ADD r10, 0000
0075 0005a800 MOV r6, [r10]
		 read mem : 5ee73a34
		 r6=5EE73A34
0081 007d80ff AND r6, 00ff
		 r6=00000034
0081 009dc08a JA r7 008a
008a 0011c000 DEC r7
008a 0002d000 MOV r11, r4
		 r11=0000008D
0090 004ec008 LSH r11, 0008
		 r11=00008D00
0093 00029c00 MOV r10, r7
		 r10=00000004
0096 004e8010 LSH r10, 0010
		 r10=00040000
0099 0022ac00 ADD_270 r10, r11
0099 00229800 ADD_270 r10, r6
0099 002e9000 ADD r10, 0000
0099 00056800 MOV r5, [r10]
		 read mem : 828f504a
		 r5=828F504A
00a5 007d40ff AND r5, 00ff
		 r5=0000004a
00a5 009dc0ae JA r7 00ae
00ae 0011c000 DEC r7
00ae 0002d800 MOV r11, r6
		 r11=00000034
00b4 004ec008 LSH r11, 0008
		 r11=00003400
00b7 00029c00 MOV r10, r7
		 r10=00000003
00ba 004e8010 LSH r10, 0010
		 r10=00030000
00bd 0022ac00 ADD_270 r10, r11
00bd 00229400 ADD_270 r10, r5
00bd 002e9000 ADD r10, 0000
00bd 00052800 MOV r4, [r10]
		 read mem : 2983ee52
		 r4=2983EE52
00c9 007d00ff AND r4, 00ff
		 r4=00000052
00c9 009dc0d2 JA r7 00d2
00d2 0011c000 DEC r7
00d2 0002d400 MOV r11, r5
		 r11=0000004A
00d8 004ec008 LSH r11, 0008
		 r11=00004A00
00db 00029c00 MOV r10, r7
		 r10=00000002
00de 004e8010 LSH r10, 0010
		 r10=00020000
00e1 0022ac00 ADD_270 r10, r11
00e1 00229000 ADD_270 r10, r4
00e1 002e9000 ADD r10, 0000
00e1 0005a800 MOV r6, [r10]
		 read mem : 8def1827
		 r6=8DEF1827
00ed 007d80ff AND r6, 00ff
		 r6=00000027
00ed 009dc0f6 JA r7 00f6
00f6 0011c000 DEC r7
00f6 00025800 MOV r9, r6
		 r9=00000027
00fc 004e4008 LSH r9, 0008
		 r9=00002700
00ff 00225000 ADD_270 r9, r4
00ff 00023800 MOV r8, r14
		 r8=0000000D
0105 005e0003 RSH r8, 0003
		 r8=00000001
0108 007e0001 AND r8, 0001
		 r8=00000001
00cf8000 MOV [0X10000+r14], cst (0c 03 0e 00 0000)
010e 009e012f JA r8 012f
012f 00020000 MOV r8, r0
		 r8=0000639E
0132 00002400 MOV r0, r9
		 r0=00002752
0135 00007800 MOV r1, r14
		 r1=0000000D
0138 002c4001 ADD r1, 0001
0138 00604000 XOR r1, r0
		 r1=0000275c
0138 00604800 XOR r1, r2
		 r1=0000c98a
00ec414a OP_e (0e 03 01 00 014a)
014a 009f8057 JA r14 0057
0057 00138000 DEC r14
0057 00010400 MOV r4, r1
		 r4=0000C98A
005d 00015000 MOV r5, r4
		 r5=0000C98A
0060 005d0008 RSH r4, 0008
		 r4=000000C9
0063 007d00ff AND r4, 00ff
		 r4=000000c9
0063 007d40ff AND r5, 00ff
		 r5=0000008a
0063 0002d400 MOV r11, r5
		 r11=0000008A
006c 004ec008 LSH r11, 0008
		 r11=00008A00
006f 00029c00 MOV r10, r7
		 r10=00000001
0072 004e8010 LSH r10, 0010
		 r10=00010000
0075 0022ac00 ADD_270 r10, r11
0075 00229000 ADD_270 r10, r4
0075 002e9000 ADD r10, 0000
0075 0005a800 MOV r6, [r10]
		 read mem : 1ffd45ed
		 r6=1FFD45ED
0081 007d80ff AND r6, 00ff
		 r6=000000ed
0081 009dc08a JA r7 008a
008a 0011c000 DEC r7
008a 0002d000 MOV r11, r4
		 r11=000000C9
0090 004ec008 LSH r11, 0008
		 r11=0000C900
0093 00029c00 MOV r10, r7
		 r10=00000000
0096 004e8010 LSH r10, 0010
		 r10=00000000
0099 0022ac00 ADD_270 r10, r11
0099 00229800 ADD_270 r10, r6
0099 002e9000 ADD r10, 0000
0099 00056800 MOV r5, [r10]
		 read mem : 769ea731
		 r5=769EA731
00a5 007d40ff AND r5, 00ff
		 r5=00000031
00a5 009dc0ae JA r7 00ae
00ab 000dc00a MOV r7, 000a
		 r7=0000000A
00ae 0011c000 DEC r7
00ae 0002d800 MOV r11, r6
		 r11=000000ED
00b4 004ec008 LSH r11, 0008
		 r11=0000ED00
00b7 00029c00 MOV r10, r7
		 r10=00000009
00ba 004e8010 LSH r10, 0010
		 r10=00090000
00bd 0022ac00 ADD_270 r10, r11
00bd 00229400 ADD_270 r10, r5
00bd 002e9000 ADD r10, 0000
00bd 00052800 MOV r4, [r10]
		 read mem : 59f2c470
		 r4=59F2C470
00c9 007d00ff AND r4, 00ff
		 r4=00000070
00c9 009dc0d2 JA r7 00d2
00d2 0011c000 DEC r7
00d2 0002d400 MOV r11, r5
		 r11=00000031
00d8 004ec008 LSH r11, 0008
		 r11=00003100
00db 00029c00 MOV r10, r7
		 r10=00000008
00de 004e8010 LSH r10, 0010
		 r10=00080000
00e1 0022ac00 ADD_270 r10, r11
00e1 00229000 ADD_270 r10, r4
00e1 002e9000 ADD r10, 0000
00e1 0005a800 MOV r6, [r10]
		 read mem : dfa11da3
		 r6=DFA11DA3
00ed 007d80ff AND r6, 00ff
		 r6=000000a3
00ed 009dc0f6 JA r7 00f6
00f6 0011c000 DEC r7
00f6 00025800 MOV r9, r6
		 r9=000000A3
00fc 004e4008 LSH r9, 0008
		 r9=0000A300
00ff 00225000 ADD_270 r9, r4
00ff 00023800 MOV r8, r14
		 r8=0000000C
0105 005e0003 RSH r8, 0003
		 r8=00000001
0108 007e0001 AND r8, 0001
		 r8=00000001
00cf8000 MOV [0X10000+r14], cst (0c 03 0e 00 0000)
010e 009e012f JA r8 012f
012f 00020000 MOV r8, r0
		 r8=00002752
0132 00002400 MOV r0, r9
		 r0=0000A370
0135 00007800 MOV r1, r14
		 r1=0000000C
0138 002c4001 ADD r1, 0001
0138 00604000 XOR r1, r0
		 r1=0000a37d
0138 00604800 XOR r1, r2
		 r1=00004dab
00ec414a OP_e (0e 03 01 00 014a)
014a 009f8057 JA r14 0057
0057 00138000 DEC r14
0057 00010400 MOV r4, r1
		 r4=00004DAB
005d 00015000 MOV r5, r4
		 r5=00004DAB
0060 005d0008 RSH r4, 0008
		 r4=0000004D
0063 007d00ff AND r4, 00ff
		 r4=0000004d
0063 007d40ff AND r5, 00ff
		 r5=000000ab
0063 0002d400 MOV r11, r5
		 r11=000000AB
006c 004ec008 LSH r11, 0008
		 r11=0000AB00
006f 00029c00 MOV r10, r7
		 r10=00000007
0072 004e8010 LSH r10, 0010
		 r10=00070000
0075 0022ac00 ADD_270 r10, r11
0075 00229000 ADD_270 r10, r4
0075 002e9000 ADD r10, 0000
0075 0005a800 MOV r6, [r10]
		 read mem : 1a2a4088
		 r6=1A2A4088
0081 007d80ff AND r6, 00ff
		 r6=00000088
0081 009dc08a JA r7 008a
008a 0011c000 DEC r7
008a 0002d000 MOV r11, r4
		 r11=0000004D
0090 004ec008 LSH r11, 0008
		 r11=00004D00
0093 00029c00 MOV r10, r7
		 r10=00000006
0096 004e8010 LSH r10, 0010
		 r10=00060000
0099 0022ac00 ADD_270 r10, r11
0099 00229800 ADD_270 r10, r6
0099 002e9000 ADD r10, 0000
0099 00056800 MOV r5, [r10]
		 read mem : cd943438
		 r5=CD943438
00a5 007d40ff AND r5, 00ff
		 r5=00000038
00a5 009dc0ae JA r7 00ae
00ae 0011c000 DEC r7
00ae 0002d800 MOV r11, r6
		 r11=00000088
00b4 004ec008 LSH r11, 0008
		 r11=00008800
00b7 00029c00 MOV r10, r7
		 r10=00000005
00ba 004e8010 LSH r10, 0010
		 r10=00050000
00bd 0022ac00 ADD_270 r10, r11
00bd 00229400 ADD_270 r10, r5
00bd 002e9000 ADD r10, 0000
00bd 00052800 MOV r4, [r10]
		 read mem : 0cd8b617
		 r4=0CD8B617
00c9 007d00ff AND r4, 00ff
		 r4=00000017
00c9 009dc0d2 JA r7 00d2
00d2 0011c000 DEC r7
00d2 0002d400 MOV r11, r5
		 r11=00000038
00d8 004ec008 LSH r11, 0008
		 r11=00003800
00db 00029c00 MOV r10, r7
		 r10=00000004
00de 004e8010 LSH r10, 0010
		 r10=00040000
00e1 0022ac00 ADD_270 r10, r11
00e1 00229000 ADD_270 r10, r4
00e1 002e9000 ADD r10, 0000
00e1 0005a800 MOV r6, [r10]
		 read mem : 15ed8317
		 r6=15ED8317
00ed 007d80ff AND r6, 00ff
		 r6=00000017
00ed 009dc0f6 JA r7 00f6
00f6 0011c000 DEC r7
00f6 00025800 MOV r9, r6
		 r9=00000017
00fc 004e4008 LSH r9, 0008
		 r9=00001700
00ff 00225000 ADD_270 r9, r4
00ff 00023800 MOV r8, r14
		 r8=0000000B
0105 005e0003 RSH r8, 0003
		 r8=00000001
0108 007e0001 AND r8, 0001
		 r8=00000001
00cf8000 MOV [0X10000+r14], cst (0c 03 0e 00 0000)
010e 009e012f JA r8 012f
012f 00020000 MOV r8, r0
		 r8=0000A370
0132 00002400 MOV r0, r9
		 r0=00001717
0135 00007800 MOV r1, r14
		 r1=0000000B
0138 002c4001 ADD r1, 0001
0138 00604000 XOR r1, r0
		 r1=0000171b
0138 00604800 XOR r1, r2
		 r1=0000f9cd
00ec414a OP_e (0e 03 01 00 014a)
014a 009f8057 JA r14 0057
0057 00138000 DEC r14
0057 00010400 MOV r4, r1
		 r4=0000F9CD
005d 00015000 MOV r5, r4
		 r5=0000F9CD
0060 005d0008 RSH r4, 0008
		 r4=000000F9
0063 007d00ff AND r4, 00ff
		 r4=000000f9
0063 007d40ff AND r5, 00ff
		 r5=000000cd
0063 0002d400 MOV r11, r5
		 r11=000000CD
006c 004ec008 LSH r11, 0008
		 r11=0000CD00
006f 00029c00 MOV r10, r7
		 r10=00000003
0072 004e8010 LSH r10, 0010
		 r10=00030000
0075 0022ac00 ADD_270 r10, r11
0075 00229000 ADD_270 r10, r4
0075 002e9000 ADD r10, 0000
0075 0005a800 MOV r6, [r10]
		 read mem : 4e2e797e
		 r6=4E2E797E
0081 007d80ff AND r6, 00ff
		 r6=0000007e
0081 009dc08a JA r7 008a
008a 0011c000 DEC r7
008a 0002d000 MOV r11, r4
		 r11=000000F9
0090 004ec008 LSH r11, 0008
		 r11=0000F900
0093 00029c00 MOV r10, r7
		 r10=00000002
0096 004e8010 LSH r10, 0010
		 r10=00020000
0099 0022ac00 ADD_270 r10, r11
0099 00229800 ADD_270 r10, r6
0099 002e9000 ADD r10, 0000
0099 00056800 MOV r5, [r10]
		 read mem : 28b568d0
		 r5=28B568D0
00a5 007d40ff AND r5, 00ff
		 r5=000000d0
00a5 009dc0ae JA r7 00ae
00ae 0011c000 DEC r7
00ae 0002d800 MOV r11, r6
		 r11=0000007E
00b4 004ec008 LSH r11, 0008
		 r11=00007E00
00b7 00029c00 MOV r10, r7
		 r10=00000001
00ba 004e8010 LSH r10, 0010
		 r10=00010000
00bd 0022ac00 ADD_270 r10, r11
00bd 00229400 ADD_270 r10, r5
00bd 002e9000 ADD r10, 0000
00bd 00052800 MOV r4, [r10]
		 read mem : bd61d37d
		 r4=BD61D37D
00c9 007d00ff AND r4, 00ff
		 r4=0000007d
00c9 009dc0d2 JA r7 00d2
00d2 0011c000 DEC r7
00d2 0002d400 MOV r11, r5
		 r11=000000D0
00d8 004ec008 LSH r11, 0008
		 r11=0000D000
00db 00029c00 MOV r10, r7
		 r10=00000000
00de 004e8010 LSH r10, 0010
		 r10=00000000
00e1 0022ac00 ADD_270 r10, r11
00e1 00229000 ADD_270 r10, r4
00e1 002e9000 ADD r10, 0000
00e1 0005a800 MOV r6, [r10]
		 read mem : fed37ce2
		 r6=FED37CE2
00ed 007d80ff AND r6, 00ff
		 r6=000000e2
00ed 009dc0f6 JA r7 00f6
00f3 000dc00a MOV r7, 000a
		 r7=0000000A
00f6 0011c000 DEC r7
00f6 00025800 MOV r9, r6
		 r9=000000E2
00fc 004e4008 LSH r9, 0008
		 r9=0000E200
00ff 00225000 ADD_270 r9, r4
00ff 00023800 MOV r8, r14
		 r8=0000000A
0105 005e0003 RSH r8, 0003
		 r8=00000001
0108 007e0001 AND r8, 0001
		 r8=00000001
00cf8000 MOV [0X10000+r14], cst (0c 03 0e 00 0000)
010e 009e012f JA r8 012f
012f 00020000 MOV r8, r0
		 r8=00001717
0132 00002400 MOV r0, r9
		 r0=0000E27D
0135 00007800 MOV r1, r14
		 r1=0000000A
0138 002c4001 ADD r1, 0001
0138 00604000 XOR r1, r0
		 r1=0000e276
0138 00604800 XOR r1, r2
		 r1=00000ca0
00ec414a OP_e (0e 03 01 00 014a)
014a 009f8057 JA r14 0057
0057 00138000 DEC r14
0057 00010400 MOV r4, r1
		 r4=00000CA0
005d 00015000 MOV r5, r4
		 r5=00000CA0
0060 005d0008 RSH r4, 0008
		 r4=0000000C
0063 007d00ff AND r4, 00ff
		 r4=0000000c
0063 007d40ff AND r5, 00ff
		 r5=000000a0
0063 0002d400 MOV r11, r5
		 r11=000000A0
006c 004ec008 LSH r11, 0008
		 r11=0000A000
006f 00029c00 MOV r10, r7
		 r10=00000009
0072 004e8010 LSH r10, 0010
		 r10=00090000
0075 0022ac00 ADD_270 r10, r11
0075 00229000 ADD_270 r10, r4
0075 002e9000 ADD r10, 0000
0075 0005a800 MOV r6, [r10]
		 read mem : 52e736b3
		 r6=52E736B3
0081 007d80ff AND r6, 00ff
		 r6=000000b3
0081 009dc08a JA r7 008a
008a 0011c000 DEC r7
008a 0002d000 MOV r11, r4
		 r11=0000000C
0090 004ec008 LSH r11, 0008
		 r11=00000C00
0093 00029c00 MOV r10, r7
		 r10=00000008
0096 004e8010 LSH r10, 0010
		 r10=00080000
0099 0022ac00 ADD_270 r10, r11
0099 00229800 ADD_270 r10, r6
0099 002e9000 ADD r10, 0000
0099 00056800 MOV r5, [r10]
		 read mem : 2ac8dd5d
		 r5=2AC8DD5D
00a5 007d40ff AND r5, 00ff
		 r5=0000005d
00a5 009dc0ae JA r7 00ae
00ae 0011c000 DEC r7
00ae 0002d800 MOV r11, r6
		 r11=000000B3
00b4 004ec008 LSH r11, 0008
		 r11=0000B300
00b7 00029c00 MOV r10, r7
		 r10=00000007
00ba 004e8010 LSH r10, 0010
		 r10=00070000
00bd 0022ac00 ADD_270 r10, r11
00bd 00229400 ADD_270 r10, r5
00bd 002e9000 ADD r10, 0000
00bd 00052800 MOV r4, [r10]
		 read mem : e8b7a938
		 r4=E8B7A938
00c9 007d00ff AND r4, 00ff
		 r4=00000038
00c9 009dc0d2 JA r7 00d2
00d2 0011c000 DEC r7
00d2 0002d400 MOV r11, r5
		 r11=0000005D
00d8 004ec008 LSH r11, 0008
		 r11=00005D00
00db 00029c00 MOV r10, r7
		 r10=00000006
00de 004e8010 LSH r10, 0010
		 r10=00060000
00e1 0022ac00 ADD_270 r10, r11
00e1 00229000 ADD_270 r10, r4
00e1 002e9000 ADD r10, 0000
00e1 0005a800 MOV r6, [r10]
		 read mem : 49ad207e
		 r6=49AD207E
00ed 007d80ff AND r6, 00ff
		 r6=0000007e
00ed 009dc0f6 JA r7 00f6
00f6 0011c000 DEC r7
00f6 00025800 MOV r9, r6
		 r9=0000007E
00fc 004e4008 LSH r9, 0008
		 r9=00007E00
00ff 00225000 ADD_270 r9, r4
00ff 00023800 MOV r8, r14
		 r8=00000009
0105 005e0003 RSH r8, 0003
		 r8=00000001
0108 007e0001 AND r8, 0001
		 r8=00000001
00cf8000 MOV [0X10000+r14], cst (0c 03 0e 00 0000)
010e 009e012f JA r8 012f
012f 00020000 MOV r8, r0
		 r8=0000E27D
0132 00002400 MOV r0, r9
		 r0=00007E38
0135 00007800 MOV r1, r14
		 r1=00000009
0138 002c4001 ADD r1, 0001
0138 00604000 XOR r1, r0
		 r1=00007e32
0138 00604800 XOR r1, r2
		 r1=000090e4
00ec414a OP_e (0e 03 01 00 014a)
014a 009f8057 JA r14 0057
0057 00138000 DEC r14
0057 00010400 MOV r4, r1
		 r4=000090E4
005d 00015000 MOV r5, r4
		 r5=000090E4
0060 005d0008 RSH r4, 0008
		 r4=00000090
0063 007d00ff AND r4, 00ff
		 r4=00000090
0063 007d40ff AND r5, 00ff
		 r5=000000e4
0063 0002d400 MOV r11, r5
		 r11=000000E4
006c 004ec008 LSH r11, 0008
		 r11=0000E400
006f 00029c00 MOV r10, r7
		 r10=00000005
0072 004e8010 LSH r10, 0010
		 r10=00050000
0075 0022ac00 ADD_270 r10, r11
0075 00229000 ADD_270 r10, r4
0075 002e9000 ADD r10, 0000
0075 0005a800 MOV r6, [r10]
		 read mem : 2cc8b064
		 r6=2CC8B064
0081 007d80ff AND r6, 00ff
		 r6=00000064
0081 009dc08a JA r7 008a
008a 0011c000 DEC r7
008a 0002d000 MOV r11, r4
		 r11=00000090
0090 004ec008 LSH r11, 0008
		 r11=00009000
0093 00029c00 MOV r10, r7
		 r10=00000004
0096 004e8010 LSH r10, 0010
		 r10=00040000
0099 0022ac00 ADD_270 r10, r11
0099 00229800 ADD_270 r10, r6
0099 002e9000 ADD r10, 0000
0099 00056800 MOV r5, [r10]
		 read mem : 5eb22718
		 r5=5EB22718
00a5 007d40ff AND r5, 00ff
		 r5=00000018
00a5 009dc0ae JA r7 00ae
00ae 0011c000 DEC r7
00ae 0002d800 MOV r11, r6
		 r11=00000064
00b4 004ec008 LSH r11, 0008
		 r11=00006400
00b7 00029c00 MOV r10, r7
		 r10=00000003
00ba 004e8010 LSH r10, 0010
		 r10=00030000
00bd 0022ac00 ADD_270 r10, r11
00bd 00229400 ADD_270 r10, r5
00bd 002e9000 ADD r10, 0000
00bd 00052800 MOV r4, [r10]
		 read mem : 7e93d645
		 r4=7E93D645
00c9 007d00ff AND r4, 00ff
		 r4=00000045
00c9 009dc0d2 JA r7 00d2
00d2 0011c000 DEC r7
00d2 0002d400 MOV r11, r5
		 r11=00000018
00d8 004ec008 LSH r11, 0008
		 r11=00001800
00db 00029c00 MOV r10, r7
		 r10=00000002
00de 004e8010 LSH r10, 0010
		 r10=00020000
00e1 0022ac00 ADD_270 r10, r11
00e1 00229000 ADD_270 r10, r4
00e1 002e9000 ADD r10, 0000
00e1 0005a800 MOV r6, [r10]
		 read mem : 4434066f
		 r6=4434066F
00ed 007d80ff AND r6, 00ff
		 r6=0000006f
00ed 009dc0f6 JA r7 00f6
00f6 0011c000 DEC r7
00f6 00025800 MOV r9, r6
		 r9=0000006F
00fc 004e4008 LSH r9, 0008
		 r9=00006F00
00ff 00225000 ADD_270 r9, r4
00ff 00023800 MOV r8, r14
		 r8=00000008
0105 005e0003 RSH r8, 0003
		 r8=00000001
0108 007e0001 AND r8, 0001
		 r8=00000001
00cf8000 MOV [0X10000+r14], cst (0c 03 0e 00 0000)
010e 009e012f JA r8 012f
012f 00020000 MOV r8, r0
		 r8=00007E38
0132 00002400 MOV r0, r9
		 r0=00006F45
0135 00007800 MOV r1, r14
		 r1=00000008
0138 002c4001 ADD r1, 0001
0138 00604000 XOR r1, r0
		 r1=00006f4c
0138 00604800 XOR r1, r2
		 r1=0000819a
00ec414a OP_e (0e 03 01 00 014a)
014a 009f8057 JA r14 0057
0057 00138000 DEC r14
0057 00010400 MOV r4, r1
		 r4=0000819A
005d 00015000 MOV r5, r4
		 r5=0000819A
0060 005d0008 RSH r4, 0008
		 r4=00000081
0063 007d00ff AND r4, 00ff
		 r4=00000081
0063 007d40ff AND r5, 00ff
		 r5=0000009a
0063 0002d400 MOV r11, r5
		 r11=0000009A
006c 004ec008 LSH r11, 0008
		 r11=00009A00
006f 00029c00 MOV r10, r7
		 r10=00000001
0072 004e8010 LSH r10, 0010
		 r10=00010000
0075 0022ac00 ADD_270 r10, r11
0075 00229000 ADD_270 r10, r4
0075 002e9000 ADD r10, 0000
0075 0005a800 MOV r6, [r10]
		 read mem : 81ea7a3b
		 r6=81EA7A3B
0081 007d80ff AND r6, 00ff
		 r6=0000003b
0081 009dc08a JA r7 008a
008a 0011c000 DEC r7
008a 0002d000 MOV r11, r4
		 r11=00000081
0090 004ec008 LSH r11, 0008
		 r11=00008100
0093 00029c00 MOV r10, r7
		 r10=00000000
0096 004e8010 LSH r10, 0010
		 r10=00000000
0099 0022ac00 ADD_270 r10, r11
0099 00229800 ADD_270 r10, r6
0099 002e9000 ADD r10, 0000
0099 00056800 MOV r5, [r10]
		 read mem : 6d72fde5
		 r5=6D72FDE5
00a5 007d40ff AND r5, 00ff
		 r5=000000e5
00a5 009dc0ae JA r7 00ae
00ab 000dc00a MOV r7, 000a
		 r7=0000000A
00ae 0011c000 DEC r7
00ae 0002d800 MOV r11, r6
		 r11=0000003B
00b4 004ec008 LSH r11, 0008
		 r11=00003B00
00b7 00029c00 MOV r10, r7
		 r10=00000009
00ba 004e8010 LSH r10, 0010
		 r10=00090000
00bd 0022ac00 ADD_270 r10, r11
00bd 00229400 ADD_270 r10, r5
00bd 002e9000 ADD r10, 0000
00bd 00052800 MOV r4, [r10]
		 read mem : e43c97eb
		 r4=E43C97EB
00c9 007d00ff AND r4, 00ff
		 r4=000000eb
00c9 009dc0d2 JA r7 00d2
00d2 0011c000 DEC r7
00d2 0002d400 MOV r11, r5
		 r11=000000E5
00d8 004ec008 LSH r11, 0008
		 r11=0000E500
00db 00029c00 MOV r10, r7
		 r10=00000008
00de 004e8010 LSH r10, 0010
		 r10=00080000
00e1 0022ac00 ADD_270 r10, r11
00e1 00229000 ADD_270 r10, r4
00e1 002e9000 ADD r10, 0000
00e1 0005a800 MOV r6, [r10]
		 read mem : 0e2331f5
		 r6=0E2331F5
00ed 007d80ff AND r6, 00ff
		 r6=000000f5
00ed 009dc0f6 JA r7 00f6
00f6 0011c000 DEC r7
00f6 00025800 MOV r9, r6
		 r9=000000F5
00fc 004e4008 LSH r9, 0008
		 r9=0000F500
00ff 00225000 ADD_270 r9, r4
00ff 00023800 MOV r8, r14
		 r8=00000007
0105 005e0003 RSH r8, 0003
		 r8=00000000
0108 007e0001 AND r8, 0001
		 r8=00000000
00cf8000 MOV [0X10000+r14], cst (0c 03 0e 00 0000)
010e 009e012f JA r8 012f
0111 00020c00 MOV r8, r3
		 r8=0000CC96
0114 0000f800 MOV r3, r14
		 r3=00000007
0117 002cc001 ADD r3, 0001
0117 0060c000 XOR r3, r0
		 r3=00006f4d
00ecc14a OP_e (0e 03 03 00 014a)
014a 009f8057 JA r14 0057
0057 00138000 DEC r14
0057 00010400 MOV r4, r1
		 r4=0000819A
005d 00015000 MOV r5, r4
		 r5=0000819A
0060 005d0008 RSH r4, 0008
		 r4=00000081
0063 007d00ff AND r4, 00ff
		 r4=00000081
0063 007d40ff AND r5, 00ff
		 r5=0000009a
0063 0002d400 MOV r11, r5
		 r11=0000009A
006c 004ec008 LSH r11, 0008
		 r11=00009A00
006f 00029c00 MOV r10, r7
		 r10=00000007
0072 004e8010 LSH r10, 0010
		 r10=00070000
0075 0022ac00 ADD_270 r10, r11
0075 00229000 ADD_270 r10, r4
0075 002e9000 ADD r10, 0000
0075 0005a800 MOV r6, [r10]
		 read mem : 288adf19
		 r6=288ADF19
0081 007d80ff AND r6, 00ff
		 r6=00000019
0081 009dc08a JA r7 008a
008a 0011c000 DEC r7
008a 0002d000 MOV r11, r4
		 r11=00000081
0090 004ec008 LSH r11, 0008
		 r11=00008100
0093 00029c00 MOV r10, r7
		 r10=00000006
0096 004e8010 LSH r10, 0010
		 r10=00060000
0099 0022ac00 ADD_270 r10, r11
0099 00229800 ADD_270 r10, r6
0099 002e9000 ADD r10, 0000
0099 00056800 MOV r5, [r10]
		 read mem : b5d69ad2
		 r5=B5D69AD2
00a5 007d40ff AND r5, 00ff
		 r5=000000d2
00a5 009dc0ae JA r7 00ae
00ae 0011c000 DEC r7
00ae 0002d800 MOV r11, r6
		 r11=00000019
00b4 004ec008 LSH r11, 0008
		 r11=00001900
00b7 00029c00 MOV r10, r7
		 r10=00000005
00ba 004e8010 LSH r10, 0010
		 r10=00050000
00bd 0022ac00 ADD_270 r10, r11
00bd 00229400 ADD_270 r10, r5
00bd 002e9000 ADD r10, 0000
00bd 00052800 MOV r4, [r10]
		 read mem : 76286f65
		 r4=76286F65
00c9 007d00ff AND r4, 00ff
		 r4=00000065
00c9 009dc0d2 JA r7 00d2
00d2 0011c000 DEC r7
00d2 0002d400 MOV r11, r5
		 r11=000000D2
00d8 004ec008 LSH r11, 0008
		 r11=0000D200
00db 00029c00 MOV r10, r7
		 r10=00000004
00de 004e8010 LSH r10, 0010
		 r10=00040000
00e1 0022ac00 ADD_270 r10, r11
00e1 00229000 ADD_270 r10, r4
00e1 002e9000 ADD r10, 0000
00e1 0005a800 MOV r6, [r10]
		 read mem : 2061f89f
		 r6=2061F89F
00ed 007d80ff AND r6, 00ff
		 r6=0000009f
00ed 009dc0f6 JA r7 00f6
00f6 0011c000 DEC r7
00f6 00025800 MOV r9, r6
		 r9=0000009F
00fc 004e4008 LSH r9, 0008
		 r9=00009F00
00ff 00225000 ADD_270 r9, r4
00ff 00023800 MOV r8, r14
		 r8=00000006
0105 005e0003 RSH r8, 0003
		 r8=00000000
0108 007e0001 AND r8, 0001
		 r8=00000000
00cf8000 MOV [0X10000+r14], cst (0c 03 0e 00 0000)
010e 009e012f JA r8 012f
0111 00020c00 MOV r8, r3
		 r8=00006F4D
0114 0000f800 MOV r3, r14
		 r3=00000006
0117 002cc001 ADD r3, 0001
0117 0060c000 XOR r3, r0
		 r3=00006f42
00ecc14a OP_e (0e 03 03 00 014a)
014a 009f8057 JA r14 0057
0057 00138000 DEC r14
0057 00010400 MOV r4, r1
		 r4=0000819A
005d 00015000 MOV r5, r4
		 r5=0000819A
0060 005d0008 RSH r4, 0008
		 r4=00000081
0063 007d00ff AND r4, 00ff
		 r4=00000081
0063 007d40ff AND r5, 00ff
		 r5=0000009a
0063 0002d400 MOV r11, r5
		 r11=0000009A
006c 004ec008 LSH r11, 0008
		 r11=00009A00
006f 00029c00 MOV r10, r7
		 r10=00000003
0072 004e8010 LSH r10, 0010
		 r10=00030000
0075 0022ac00 ADD_270 r10, r11
0075 00229000 ADD_270 r10, r4
0075 002e9000 ADD r10, 0000
0075 0005a800 MOV r6, [r10]
		 read mem : 3565caad
		 r6=3565CAAD
0081 007d80ff AND r6, 00ff
		 r6=000000ad
0081 009dc08a JA r7 008a
008a 0011c000 DEC r7
008a 0002d000 MOV r11, r4
		 r11=00000081
0090 004ec008 LSH r11, 0008
		 r11=00008100
0093 00029c00 MOV r10, r7
		 r10=00000002
0096 004e8010 LSH r10, 0010
		 r10=00020000
0099 0022ac00 ADD_270 r10, r11
0099 00229800 ADD_270 r10, r6
0099 002e9000 ADD r10, 0000
0099 00056800 MOV r5, [r10]
		 read mem : 3feffe6d
		 r5=3FEFFE6D
00a5 007d40ff AND r5, 00ff
		 r5=0000006d
00a5 009dc0ae JA r7 00ae
00ae 0011c000 DEC r7
00ae 0002d800 MOV r11, r6
		 r11=000000AD
00b4 004ec008 LSH r11, 0008
		 r11=0000AD00
00b7 00029c00 MOV r10, r7
		 r10=00000001
00ba 004e8010 LSH r10, 0010
		 r10=00010000
00bd 0022ac00 ADD_270 r10, r11
00bd 00229400 ADD_270 r10, r5
00bd 002e9000 ADD r10, 0000
00bd 00052800 MOV r4, [r10]
		 read mem : a16c28ef
		 r4=A16C28EF
00c9 007d00ff AND r4, 00ff
		 r4=000000ef
00c9 009dc0d2 JA r7 00d2
00d2 0011c000 DEC r7
00d2 0002d400 MOV r11, r5
		 r11=0000006D
00d8 004ec008 LSH r11, 0008
		 r11=00006D00
00db 00029c00 MOV r10, r7
		 r10=00000000
00de 004e8010 LSH r10, 0010
		 r10=00000000
00e1 0022ac00 ADD_270 r10, r11
00e1 00229000 ADD_270 r10, r4
00e1 002e9000 ADD r10, 0000
00e1 0005a800 MOV r6, [r10]
		 read mem : 6a86c1c9
		 r6=6A86C1C9
00ed 007d80ff AND r6, 00ff
		 r6=000000c9
00ed 009dc0f6 JA r7 00f6
00f3 000dc00a MOV r7, 000a
		 r7=0000000A
00f6 0011c000 DEC r7
00f6 00025800 MOV r9, r6
		 r9=000000C9
00fc 004e4008 LSH r9, 0008
		 r9=0000C900
00ff 00225000 ADD_270 r9, r4
00ff 00023800 MOV r8, r14
		 r8=00000005
0105 005e0003 RSH r8, 0003
		 r8=00000000
0108 007e0001 AND r8, 0001
		 r8=00000000
00cf8000 MOV [0X10000+r14], cst (0c 03 0e 00 0000)
010e 009e012f JA r8 012f
0111 00020c00 MOV r8, r3
		 r8=00006F42
0114 0000f800 MOV r3, r14
		 r3=00000005
0117 002cc001 ADD r3, 0001
0117 0060c000 XOR r3, r0
		 r3=00006f43
00ecc14a OP_e (0e 03 03 00 014a)
014a 009f8057 JA r14 0057
0057 00138000 DEC r14
0057 00010400 MOV r4, r1
		 r4=0000819A
005d 00015000 MOV r5, r4
		 r5=0000819A
0060 005d0008 RSH r4, 0008
		 r4=00000081
0063 007d00ff AND r4, 00ff
		 r4=00000081
0063 007d40ff AND r5, 00ff
		 r5=0000009a
0063 0002d400 MOV r11, r5
		 r11=0000009A
006c 004ec008 LSH r11, 0008
		 r11=00009A00
006f 00029c00 MOV r10, r7
		 r10=00000009
0072 004e8010 LSH r10, 0010
		 r10=00090000
0075 0022ac00 ADD_270 r10, r11
0075 00229000 ADD_270 r10, r4
0075 002e9000 ADD r10, 0000
0075 0005a800 MOV r6, [r10]
		 read mem : 3b6c31cc
		 r6=3B6C31CC
0081 007d80ff AND r6, 00ff
		 r6=000000cc
0081 009dc08a JA r7 008a
008a 0011c000 DEC r7
008a 0002d000 MOV r11, r4
		 r11=00000081
0090 004ec008 LSH r11, 0008
		 r11=00008100
0093 00029c00 MOV r10, r7
		 r10=00000008
0096 004e8010 LSH r10, 0010
		 r10=00080000
0099 0022ac00 ADD_270 r10, r11
0099 00229800 ADD_270 r10, r6
0099 002e9000 ADD r10, 0000
0099 00056800 MOV r5, [r10]
		 read mem : 761c7c3a
		 r5=761C7C3A
00a5 007d40ff AND r5, 00ff
		 r5=0000003a
00a5 009dc0ae JA r7 00ae
00ae 0011c000 DEC r7
00ae 0002d800 MOV r11, r6
		 r11=000000CC
00b4 004ec008 LSH r11, 0008
		 r11=0000CC00
00b7 00029c00 MOV r10, r7
		 r10=00000007
00ba 004e8010 LSH r10, 0010
		 r10=00070000
00bd 0022ac00 ADD_270 r10, r11
00bd 00229400 ADD_270 r10, r5
00bd 002e9000 ADD r10, 0000
00bd 00052800 MOV r4, [r10]
		 read mem : 2b607d0e
		 r4=2B607D0E
00c9 007d00ff AND r4, 00ff
		 r4=0000000e
00c9 009dc0d2 JA r7 00d2
00d2 0011c000 DEC r7
00d2 0002d400 MOV r11, r5
		 r11=0000003A
00d8 004ec008 LSH r11, 0008
		 r11=00003A00
00db 00029c00 MOV r10, r7
		 r10=00000006
00de 004e8010 LSH r10, 0010
		 r10=00060000
00e1 0022ac00 ADD_270 r10, r11
00e1 00229000 ADD_270 r10, r4
00e1 002e9000 ADD r10, 0000
00e1 0005a800 MOV r6, [r10]
		 read mem : 6c16b4f6
		 r6=6C16B4F6
00ed 007d80ff AND r6, 00ff
		 r6=000000f6
00ed 009dc0f6 JA r7 00f6
00f6 0011c000 DEC r7
00f6 00025800 MOV r9, r6
		 r9=000000F6
00fc 004e4008 LSH r9, 0008
		 r9=0000F600
00ff 00225000 ADD_270 r9, r4
00ff 00023800 MOV r8, r14
		 r8=00000004
0105 005e0003 RSH r8, 0003
		 r8=00000000
0108 007e0001 AND r8, 0001
		 r8=00000000
00cf8000 MOV [0X10000+r14], cst (0c 03 0e 00 0000)
010e 009e012f JA r8 012f
0111 00020c00 MOV r8, r3
		 r8=00006F43
0114 0000f800 MOV r3, r14
		 r3=00000004
0117 002cc001 ADD r3, 0001
0117 0060c000 XOR r3, r0
		 r3=00006f40
00ecc14a OP_e (0e 03 03 00 014a)
014a 009f8057 JA r14 0057
0057 00138000 DEC r14
0057 00010400 MOV r4, r1
		 r4=0000819A
005d 00015000 MOV r5, r4
		 r5=0000819A
0060 005d0008 RSH r4, 0008
		 r4=00000081
0063 007d00ff AND r4, 00ff
		 r4=00000081
0063 007d40ff AND r5, 00ff
		 r5=0000009a
0063 0002d400 MOV r11, r5
		 r11=0000009A
006c 004ec008 LSH r11, 0008
		 r11=00009A00
006f 00029c00 MOV r10, r7
		 r10=00000005
0072 004e8010 LSH r10, 0010
		 r10=00050000
0075 0022ac00 ADD_270 r10, r11
0075 00229000 ADD_270 r10, r4
0075 002e9000 ADD r10, 0000
0075 0005a800 MOV r6, [r10]
		 read mem : f4919003
		 r6=F4919003
0081 007d80ff AND r6, 00ff
		 r6=00000003
0081 009dc08a JA r7 008a
008a 0011c000 DEC r7
008a 0002d000 MOV r11, r4
		 r11=00000081
0090 004ec008 LSH r11, 0008
		 r11=00008100
0093 00029c00 MOV r10, r7
		 r10=00000004
0096 004e8010 LSH r10, 0010
		 r10=00040000
0099 0022ac00 ADD_270 r10, r11
0099 00229800 ADD_270 r10, r6
0099 002e9000 ADD r10, 0000
0099 00056800 MOV r5, [r10]
		 read mem : 49f210a6
		 r5=49F210A6
00a5 007d40ff AND r5, 00ff
		 r5=000000a6
00a5 009dc0ae JA r7 00ae
00ae 0011c000 DEC r7
00ae 0002d800 MOV r11, r6
		 r11=00000003
00b4 004ec008 LSH r11, 0008
		 r11=00000300
00b7 00029c00 MOV r10, r7
		 r10=00000003
00ba 004e8010 LSH r10, 0010
		 r10=00030000
00bd 0022ac00 ADD_270 r10, r11
00bd 00229400 ADD_270 r10, r5
00bd 002e9000 ADD r10, 0000
00bd 00052800 MOV r4, [r10]
		 read mem : d6dadfab
		 r4=D6DADFAB
00c9 007d00ff AND r4, 00ff
		 r4=000000ab
00c9 009dc0d2 JA r7 00d2
00d2 0011c000 DEC r7
00d2 0002d400 MOV r11, r5
		 r11=000000A6
00d8 004ec008 LSH r11, 0008
		 r11=0000A600
00db 00029c00 MOV r10, r7
		 r10=00000002
00de 004e8010 LSH r10, 0010
		 r10=00020000
00e1 0022ac00 ADD_270 r10, r11
00e1 00229000 ADD_270 r10, r4
00e1 002e9000 ADD r10, 0000
00e1 0005a800 MOV r6, [r10]
		 read mem : c94a3f70
		 r6=C94A3F70
00ed 007d80ff AND r6, 00ff
		 r6=00000070
00ed 009dc0f6 JA r7 00f6
00f6 0011c000 DEC r7
00f6 00025800 MOV r9, r6
		 r9=00000070
00fc 004e4008 LSH r9, 0008
		 r9=00007000
00ff 00225000 ADD_270 r9, r4
00ff 00023800 MOV r8, r14
		 r8=00000003
0105 005e0003 RSH r8, 0003
		 r8=00000000
0108 007e0001 AND r8, 0001
		 r8=00000000
00cf8000 MOV [0X10000+r14], cst (0c 03 0e 00 0000)
010e 009e012f JA r8 012f
0111 00020c00 MOV r8, r3
		 r8=00006F40
0114 0000f800 MOV r3, r14
		 r3=00000003
0117 002cc001 ADD r3, 0001
0117 0060c000 XOR r3, r0
		 r3=00006f41
00ecc14a OP_e (0e 03 03 00 014a)
014a 009f8057 JA r14 0057
0057 00138000 DEC r14
0057 00010400 MOV r4, r1
		 r4=0000819A
005d 00015000 MOV r5, r4
		 r5=0000819A
0060 005d0008 RSH r4, 0008
		 r4=00000081
0063 007d00ff AND r4, 00ff
		 r4=00000081
0063 007d40ff AND r5, 00ff
		 r5=0000009a
0063 0002d400 MOV r11, r5
		 r11=0000009A
006c 004ec008 LSH r11, 0008
		 r11=00009A00
006f 00029c00 MOV r10, r7
		 r10=00000001
0072 004e8010 LSH r10, 0010
		 r10=00010000
0075 0022ac00 ADD_270 r10, r11
0075 00229000 ADD_270 r10, r4
0075 002e9000 ADD r10, 0000
0075 0005a800 MOV r6, [r10]
		 read mem : 81ea7a3b
		 r6=81EA7A3B
0081 007d80ff AND r6, 00ff
		 r6=0000003b
0081 009dc08a JA r7 008a
008a 0011c000 DEC r7
008a 0002d000 MOV r11, r4
		 r11=00000081
0090 004ec008 LSH r11, 0008
		 r11=00008100
0093 00029c00 MOV r10, r7
		 r10=00000000
0096 004e8010 LSH r10, 0010
		 r10=00000000
0099 0022ac00 ADD_270 r10, r11
0099 00229800 ADD_270 r10, r6
0099 002e9000 ADD r10, 0000
0099 00056800 MOV r5, [r10]
		 read mem : 6d72fde5
		 r5=6D72FDE5
00a5 007d40ff AND r5, 00ff
		 r5=000000e5
00a5 009dc0ae JA r7 00ae
00ab 000dc00a MOV r7, 000a
		 r7=0000000A
00ae 0011c000 DEC r7
00ae 0002d800 MOV r11, r6
		 r11=0000003B
00b4 004ec008 LSH r11, 0008
		 r11=00003B00
00b7 00029c00 MOV r10, r7
		 r10=00000009
00ba 004e8010 LSH r10, 0010
		 r10=00090000
00bd 0022ac00 ADD_270 r10, r11
00bd 00229400 ADD_270 r10, r5
00bd 002e9000 ADD r10, 0000
00bd 00052800 MOV r4, [r10]
		 read mem : e43c97eb
		 r4=E43C97EB
00c9 007d00ff AND r4, 00ff
		 r4=000000eb
00c9 009dc0d2 JA r7 00d2
00d2 0011c000 DEC r7
00d2 0002d400 MOV r11, r5
		 r11=000000E5
00d8 004ec008 LSH r11, 0008
		 r11=0000E500
00db 00029c00 MOV r10, r7
		 r10=00000008
00de 004e8010 LSH r10, 0010
		 r10=00080000
00e1 0022ac00 ADD_270 r10, r11
00e1 00229000 ADD_270 r10, r4
00e1 002e9000 ADD r10, 0000
00e1 0005a800 MOV r6, [r10]
		 read mem : 0e2331f5
		 r6=0E2331F5
00ed 007d80ff AND r6, 00ff
		 r6=000000f5
00ed 009dc0f6 JA r7 00f6
00f6 0011c000 DEC r7
00f6 00025800 MOV r9, r6
		 r9=000000F5
00fc 004e4008 LSH r9, 0008
		 r9=0000F500
00ff 00225000 ADD_270 r9, r4
00ff 00023800 MOV r8, r14
		 r8=00000002
0105 005e0003 RSH r8, 0003
		 r8=00000000
0108 007e0001 AND r8, 0001
		 r8=00000000
00cf8000 MOV [0X10000+r14], cst (0c 03 0e 00 0000)
010e 009e012f JA r8 012f
0111 00020c00 MOV r8, r3
		 r8=00006F41
0114 0000f800 MOV r3, r14
		 r3=00000002
0117 002cc001 ADD r3, 0001
0117 0060c000 XOR r3, r0
		 r3=00006f46
00ecc14a OP_e (0e 03 03 00 014a)
014a 009f8057 JA r14 0057
0057 00138000 DEC r14
0057 00010400 MOV r4, r1
		 r4=0000819A
005d 00015000 MOV r5, r4
		 r5=0000819A
0060 005d0008 RSH r4, 0008
		 r4=00000081
0063 007d00ff AND r4, 00ff
		 r4=00000081
0063 007d40ff AND r5, 00ff
		 r5=0000009a
0063 0002d400 MOV r11, r5
		 r11=0000009A
006c 004ec008 LSH r11, 0008
		 r11=00009A00
006f 00029c00 MOV r10, r7
		 r10=00000007
0072 004e8010 LSH r10, 0010
		 r10=00070000
0075 0022ac00 ADD_270 r10, r11
0075 00229000 ADD_270 r10, r4
0075 002e9000 ADD r10, 0000
0075 0005a800 MOV r6, [r10]
		 read mem : 288adf19
		 r6=288ADF19
0081 007d80ff AND r6, 00ff
		 r6=00000019
0081 009dc08a JA r7 008a
008a 0011c000 DEC r7
008a 0002d000 MOV r11, r4
		 r11=00000081
0090 004ec008 LSH r11, 0008
		 r11=00008100
0093 00029c00 MOV r10, r7
		 r10=00000006
0096 004e8010 LSH r10, 0010
		 r10=00060000
0099 0022ac00 ADD_270 r10, r11
0099 00229800 ADD_270 r10, r6
0099 002e9000 ADD r10, 0000
0099 00056800 MOV r5, [r10]
		 read mem : b5d69ad2
		 r5=B5D69AD2
00a5 007d40ff AND r5, 00ff
		 r5=000000d2
00a5 009dc0ae JA r7 00ae
00ae 0011c000 DEC r7
00ae 0002d800 MOV r11, r6
		 r11=00000019
00b4 004ec008 LSH r11, 0008
		 r11=00001900
00b7 00029c00 MOV r10, r7
		 r10=00000005
00ba 004e8010 LSH r10, 0010
		 r10=00050000
00bd 0022ac00 ADD_270 r10, r11
00bd 00229400 ADD_270 r10, r5
00bd 002e9000 ADD r10, 0000
00bd 00052800 MOV r4, [r10]
		 read mem : 76286f65
		 r4=76286F65
00c9 007d00ff AND r4, 00ff
		 r4=00000065
00c9 009dc0d2 JA r7 00d2
00d2 0011c000 DEC r7
00d2 0002d400 MOV r11, r5
		 r11=000000D2
00d8 004ec008 LSH r11, 0008
		 r11=0000D200
00db 00029c00 MOV r10, r7
		 r10=00000004
00de 004e8010 LSH r10, 0010
		 r10=00040000
00e1 0022ac00 ADD_270 r10, r11
00e1 00229000 ADD_270 r10, r4
00e1 002e9000 ADD r10, 0000
00e1 0005a800 MOV r6, [r10]
		 read mem : 2061f89f
		 r6=2061F89F
00ed 007d80ff AND r6, 00ff
		 r6=0000009f
00ed 009dc0f6 JA r7 00f6
00f6 0011c000 DEC r7
00f6 00025800 MOV r9, r6
		 r9=0000009F
00fc 004e4008 LSH r9, 0008
		 r9=00009F00
00ff 00225000 ADD_270 r9, r4
00ff 00023800 MOV r8, r14
		 r8=00000001
0105 005e0003 RSH r8, 0003
		 r8=00000000
0108 007e0001 AND r8, 0001
		 r8=00000000
00cf8000 MOV [0X10000+r14], cst (0c 03 0e 00 0000)
010e 009e012f JA r8 012f
0111 00020c00 MOV r8, r3
		 r8=00006F46
0114 0000f800 MOV r3, r14
		 r3=00000001
0117 002cc001 ADD r3, 0001
0117 0060c000 XOR r3, r0
		 r3=00006f47
00ecc14a OP_e (0e 03 03 00 014a)
014a 009f8057 JA r14 0057
0057 00138000 DEC r14
0057 00010400 MOV r4, r1
		 r4=0000819A
005d 00015000 MOV r5, r4
		 r5=0000819A
0060 005d0008 RSH r4, 0008
		 r4=00000081
0063 007d00ff AND r4, 00ff
		 r4=00000081
0063 007d40ff AND r5, 00ff
		 r5=0000009a
0063 0002d400 MOV r11, r5
		 r11=0000009A
006c 004ec008 LSH r11, 0008
		 r11=00009A00
006f 00029c00 MOV r10, r7
		 r10=00000003
0072 004e8010 LSH r10, 0010
		 r10=00030000
0075 0022ac00 ADD_270 r10, r11
0075 00229000 ADD_270 r10, r4
0075 002e9000 ADD r10, 0000
0075 0005a800 MOV r6, [r10]
		 read mem : 3565caad
		 r6=3565CAAD
0081 007d80ff AND r6, 00ff
		 r6=000000ad
0081 009dc08a JA r7 008a
008a 0011c000 DEC r7
008a 0002d000 MOV r11, r4
		 r11=00000081
0090 004ec008 LSH r11, 0008
		 r11=00008100
0093 00029c00 MOV r10, r7
		 r10=00000002
0096 004e8010 LSH r10, 0010
		 r10=00020000
0099 0022ac00 ADD_270 r10, r11
0099 00229800 ADD_270 r10, r6
0099 002e9000 ADD r10, 0000
0099 00056800 MOV r5, [r10]
		 read mem : 3feffe6d
		 r5=3FEFFE6D
00a5 007d40ff AND r5, 00ff
		 r5=0000006d
00a5 009dc0ae JA r7 00ae
00ae 0011c000 DEC r7
00ae 0002d800 MOV r11, r6
		 r11=000000AD
00b4 004ec008 LSH r11, 0008
		 r11=0000AD00
00b7 00029c00 MOV r10, r7
		 r10=00000001
00ba 004e8010 LSH r10, 0010
		 r10=00010000
00bd 0022ac00 ADD_270 r10, r11
00bd 00229400 ADD_270 r10, r5
00bd 002e9000 ADD r10, 0000
00bd 00052800 MOV r4, [r10]
		 read mem : a16c28ef
		 r4=A16C28EF
00c9 007d00ff AND r4, 00ff
		 r4=000000ef
00c9 009dc0d2 JA r7 00d2
00d2 0011c000 DEC r7
00d2 0002d400 MOV r11, r5
		 r11=0000006D
00d8 004ec008 LSH r11, 0008
		 r11=00006D00
00db 00029c00 MOV r10, r7
		 r10=00000000
00de 004e8010 LSH r10, 0010
		 r10=00000000
00e1 0022ac00 ADD_270 r10, r11
00e1 00229000 ADD_270 r10, r4
00e1 002e9000 ADD r10, 0000
00e1 0005a800 MOV r6, [r10]
		 read mem : 6a86c1c9
		 r6=6A86C1C9
00ed 007d80ff AND r6, 00ff
		 r6=000000c9
00ed 009dc0f6 JA r7 00f6
00f3 000dc00a MOV r7, 000a
		 r7=0000000A
00f6 0011c000 DEC r7
00f6 00025800 MOV r9, r6
		 r9=000000C9
00fc 004e4008 LSH r9, 0008
		 r9=0000C900
00ff 00225000 ADD_270 r9, r4
00ff 00023800 MOV r8, r14
		 r8=00000000
0105 005e0003 RSH r8, 0003
		 r8=00000000
0108 007e0001 AND r8, 0001
		 r8=00000000
00cf8000 MOV [0X10000+r14], cst (0c 03 0e 00 0000)
010e 009e012f JA r8 012f
0111 00020c00 MOV r8, r3
		 r8=00006F47
0114 0000f800 MOV r3, r14
		 r3=00000000
0117 002cc001 ADD r3, 0001
0117 0060c000 XOR r3, r0
		 r3=00006f44
00ecc14a OP_e (0e 03 03 00 014a)
014a 009f8057 JA r14 0057
014d 00b00000 SWAP r0
		 r0=0000456F
0150 00b04000 SWAP r1
		 r1=00009A81
0153 004c4010 LSH r1, 0010
		 r1=9A810000
0156 00200400 ADD_270 r0, r1
000b4000 OP_x_2 (00 02 0d 00 0000)
015c 002f4004 ADD r13, 0004
015c 00b08000 SWAP r2
		 r2=0000D6EE
0162 00b0c000 SWAP r3
		 r3=0000446F
0165 004cc010 LSH r3, 0010
		 r3=446F0000
0168 00208c00 ADD_270 r2, r3
000b4800 OP_x_2 (00 02 0d 02 0000)
016e 002f4004 ADD r13, 0004
016e 00013400 MOV r4, r13
		 r4=00100030
0174 00130000 DEC r12
0174 009f0015 JA r12 0015
0015 00041000 MOV r0, [r4]
		 read mem : eeeeeeee
		 r0=EEEEEEEE
0018 004c0010 LSH r0, 0010
		 r0=EEEE0000
001b 005c0010 RSH r0, 0010
		 r0=0000EEEE
001e 00b00000 SWAP r0
		 r0=0000EEEE
0021 002d0002 ADD r4, 0002
0021 00045000 MOV r1, [r4]
		 read mem : ffffeeee
		 r1=FFFFEEEE
0027 004c4010 LSH r1, 0010
		 r1=EEEE0000
002a 005c4010 RSH r1, 0010
		 r1=0000EEEE
002d 00b04000 SWAP r1
		 r1=0000EEEE
0030 002d0002 ADD r4, 0002
0030 00049000 MOV r2, [r4]
		 read mem : ffffffff
		 r2=FFFFFFFF
0036 004c8010 LSH r2, 0010
		 r2=FFFF0000
0039 005c8010 RSH r2, 0010
		 r2=0000FFFF
003c 00b08000 SWAP r2
		 r2=0000FFFF
003f 002d0002 ADD r4, 0002
003f 0004d000 MOV r3, [r4]
		 read mem : 0000ffff
		 r3=0000FFFF
0045 004cc010 LSH r3, 0010
		 r3=FFFF0000
0048 005cc010 RSH r3, 0010
		 r3=0000FFFF
004b 00b0c000 SWAP r3
		 r3=0000FFFF
004e 000f8020 MOV r14, 0020
		 r14=00000020
0051 000dc007 MOV r7, 0007
		 r7=00000007
00dd0000 OP_d (0d 03 04 00 0000)
0057 00138000 DEC r14
0057 00010400 MOV r4, r1
		 r4=0000EEEE
005d 00015000 MOV r5, r4
		 r5=0000EEEE
0060 005d0008 RSH r4, 0008
		 r4=000000EE
0063 007d00ff AND r4, 00ff
		 r4=000000ee
0063 007d40ff AND r5, 00ff
		 r5=000000ee
0063 0002d400 MOV r11, r5
		 r11=000000EE
006c 004ec008 LSH r11, 0008
		 r11=0000EE00
006f 00029c00 MOV r10, r7
		 r10=00000007
0072 004e8010 LSH r10, 0010
		 r10=00070000
0075 0022ac00 ADD_270 r10, r11
0075 00229000 ADD_270 r10, r4
0075 002e9000 ADD r10, 0000
0075 0005a800 MOV r6, [r10]
		 read mem : fbb8c9fa
		 r6=FBB8C9FA
0081 007d80ff AND r6, 00ff
		 r6=000000fa
0081 009dc08a JA r7 008a
008a 0011c000 DEC r7
008a 0002d000 MOV r11, r4
		 r11=000000EE
0090 004ec008 LSH r11, 0008
		 r11=0000EE00
0093 00029c00 MOV r10, r7
		 r10=00000006
0096 004e8010 LSH r10, 0010
		 r10=00060000
0099 0022ac00 ADD_270 r10, r11
0099 00229800 ADD_270 r10, r6
0099 002e9000 ADD r10, 0000
0099 00056800 MOV r5, [r10]
		 read mem : 05a2f077
		 r5=05A2F077
00a5 007d40ff AND r5, 00ff
		 r5=00000077
00a5 009dc0ae JA r7 00ae
00ae 0011c000 DEC r7
00ae 0002d800 MOV r11, r6
		 r11=000000FA
00b4 004ec008 LSH r11, 0008
		 r11=0000FA00
00b7 00029c00 MOV r10, r7
		 r10=00000005
00ba 004e8010 LSH r10, 0010
		 r10=00050000
00bd 0022ac00 ADD_270 r10, r11
00bd 00229400 ADD_270 r10, r5
00bd 002e9000 ADD r10, 0000
00bd 00052800 MOV r4, [r10]
		 read mem : d727678f
		 r4=D727678F
00c9 007d00ff AND r4, 00ff
		 r4=0000008f
00c9 009dc0d2 JA r7 00d2
00d2 0011c000 DEC r7
00d2 0002d400 MOV r11, r5
		 r11=00000077
00d8 004ec008 LSH r11, 0008
		 r11=00007700
00db 00029c00 MOV r10, r7
		 r10=00000004
00de 004e8010 LSH r10, 0010
		 r10=00040000
00e1 0022ac00 ADD_270 r10, r11
00e1 00229000 ADD_270 r10, r4
00e1 002e9000 ADD r10, 0000
00e1 0005a800 MOV r6, [r10]
		 read mem : 951c6fa0
		 r6=951C6FA0
00ed 007d80ff AND r6, 00ff
		 r6=000000a0
00ed 009dc0f6 JA r7 00f6
00f6 0011c000 DEC r7
00f6 00025800 MOV r9, r6
		 r9=000000A0
00fc 004e4008 LSH r9, 0008
		 r9=0000A000
00ff 00225000 ADD_270 r9, r4
00ff 00023800 MOV r8, r14
		 r8=0000001F
0105 005e0003 RSH r8, 0003
		 r8=00000003
0108 007e0001 AND r8, 0001
		 r8=00000001
00cf8000 MOV [0X10000+r14], cst (0c 03 0e 00 0000)
010e 009e012f JA r8 012f
012f 00020000 MOV r8, r0
		 r8=0000EEEE
0132 00002400 MOV r0, r9
		 r0=0000A08F
0135 00007800 MOV r1, r14
		 r1=0000001F
0138 002c4001 ADD r1, 0001
0138 00604000 XOR r1, r0
		 r1=0000a0af
0138 00604800 XOR r1, r2
		 r1=00005f50
00ec414a OP_e (0e 03 01 00 014a)
0144 00008c00 MOV r2, r3
		 r2=0000FFFF
0147 0000e000 MOV r3, r8
		 r3=0000EEEE
014a 009f8057 JA r14 0057
0057 00138000 DEC r14
0057 00010400 MOV r4, r1
		 r4=00005F50
005d 00015000 MOV r5, r4
		 r5=00005F50
0060 005d0008 RSH r4, 0008
		 r4=0000005F
0063 007d00ff AND r4, 00ff
		 r4=0000005f
0063 007d40ff AND r5, 00ff
		 r5=00000050
0063 0002d400 MOV r11, r5
		 r11=00000050
006c 004ec008 LSH r11, 0008
		 r11=00005000
006f 00029c00 MOV r10, r7
		 r10=00000003
0072 004e8010 LSH r10, 0010
		 r10=00030000
0075 0022ac00 ADD_270 r10, r11
0075 00229000 ADD_270 r10, r4
0075 002e9000 ADD r10, 0000
0075 0005a800 MOV r6, [r10]
		 read mem : 1e636d46
		 r6=1E636D46
0081 007d80ff AND r6, 00ff
		 r6=00000046
0081 009dc08a JA r7 008a
008a 0011c000 DEC r7
008a 0002d000 MOV r11, r4
		 r11=0000005F
0090 004ec008 LSH r11, 0008
		 r11=00005F00
0093 00029c00 MOV r10, r7
		 r10=00000002
0096 004e8010 LSH r10, 0010
		 r10=00020000
0099 0022ac00 ADD_270 r10, r11
0099 00229800 ADD_270 r10, r6
0099 002e9000 ADD r10, 0000
0099 00056800 MOV r5, [r10]
		 read mem : 61d99166
		 r5=61D99166
00a5 007d40ff AND r5, 00ff
		 r5=00000066
00a5 009dc0ae JA r7 00ae
00ae 0011c000 DEC r7
00ae 0002d800 MOV r11, r6
		 r11=00000046
00b4 004ec008 LSH r11, 0008
		 r11=00004600
00b7 00029c00 MOV r10, r7
		 r10=00000001
00ba 004e8010 LSH r10, 0010
		 r10=00010000
00bd 0022ac00 ADD_270 r10, r11
00bd 00229400 ADD_270 r10, r5
00bd 002e9000 ADD r10, 0000
00bd 00052800 MOV r4, [r10]
		 read mem : c64c79f5
		 r4=C64C79F5
00c9 007d00ff AND r4, 00ff
		 r4=000000f5
00c9 009dc0d2 JA r7 00d2
00d2 0011c000 DEC r7
00d2 0002d400 MOV r11, r5
		 r11=00000066
00d8 004ec008 LSH r11, 0008
		 r11=00006600
00db 00029c00 MOV r10, r7
		 r10=00000000
00de 004e8010 LSH r10, 0010
		 r10=00000000
00e1 0022ac00 ADD_270 r10, r11
00e1 00229000 ADD_270 r10, r4
00e1 002e9000 ADD r10, 0000
00e1 0005a800 MOV r6, [r10]
		 read mem : 09841143
		 r6=09841143
00ed 007d80ff AND r6, 00ff
		 r6=00000043
00ed 009dc0f6 JA r7 00f6
00f3 000dc00a MOV r7, 000a
		 r7=0000000A
00f6 0011c000 DEC r7
00f6 00025800 MOV r9, r6
		 r9=00000043
00fc 004e4008 LSH r9, 0008
		 r9=00004300
00ff 00225000 ADD_270 r9, r4
00ff 00023800 MOV r8, r14
		 r8=0000001E
0105 005e0003 RSH r8, 0003
		 r8=00000003
0108 007e0001 AND r8, 0001
		 r8=00000001
00cf8000 MOV [0X10000+r14], cst (0c 03 0e 00 0000)
010e 009e012f JA r8 012f
012f 00020000 MOV r8, r0
		 r8=0000A08F
0132 00002400 MOV r0, r9
		 r0=000043F5
0135 00007800 MOV r1, r14
		 r1=0000001E
0138 002c4001 ADD r1, 0001
0138 00604000 XOR r1, r0
		 r1=000043ea
0138 00604800 XOR r1, r2
		 r1=0000bc15
00ec414a OP_e (0e 03 01 00 014a)
0144 00008c00 MOV r2, r3
		 r2=0000EEEE
0147 0000e000 MOV r3, r8
		 r3=0000A08F
014a 009f8057 JA r14 0057
0057 00138000 DEC r14
0057 00010400 MOV r4, r1
		 r4=0000BC15
005d 00015000 MOV r5, r4
		 r5=0000BC15
0060 005d0008 RSH r4, 0008
		 r4=000000BC
0063 007d00ff AND r4, 00ff
		 r4=000000bc
0063 007d40ff AND r5, 00ff
		 r5=00000015
0063 0002d400 MOV r11, r5
		 r11=00000015
006c 004ec008 LSH r11, 0008
		 r11=00001500
006f 00029c00 MOV r10, r7
		 r10=00000009
0072 004e8010 LSH r10, 0010
		 r10=00090000
0075 0022ac00 ADD_270 r10, r11
0075 00229000 ADD_270 r10, r4
0075 002e9000 ADD r10, 0000
0075 0005a800 MOV r6, [r10]
		 read mem : 4316ae0f
		 r6=4316AE0F
0081 007d80ff AND r6, 00ff
		 r6=0000000f
0081 009dc08a JA r7 008a
008a 0011c000 DEC r7
008a 0002d000 MOV r11, r4
		 r11=000000BC
0090 004ec008 LSH r11, 0008
		 r11=0000BC00
0093 00029c00 MOV r10, r7
		 r10=00000008
0096 004e8010 LSH r10, 0010
		 r10=00080000
0099 0022ac00 ADD_270 r10, r11
0099 00229800 ADD_270 r10, r6
0099 002e9000 ADD r10, 0000
0099 00056800 MOV r5, [r10]
		 read mem : 0661cff6
		 r5=0661CFF6
00a5 007d40ff AND r5, 00ff
		 r5=000000f6
00a5 009dc0ae JA r7 00ae
00ae 0011c000 DEC r7
00ae 0002d800 MOV r11, r6
		 r11=0000000F
00b4 004ec008 LSH r11, 0008
		 r11=00000F00
00b7 00029c00 MOV r10, r7
		 r10=00000007
00ba 004e8010 LSH r10, 0010
		 r10=00070000
00bd 0022ac00 ADD_270 r10, r11
00bd 00229400 ADD_270 r10, r5
00bd 002e9000 ADD r10, 0000
00bd 00052800 MOV r4, [r10]
		 read mem : 36d14ee3
		 r4=36D14EE3
00c9 007d00ff AND r4, 00ff
		 r4=000000e3
00c9 009dc0d2 JA r7 00d2
00d2 0011c000 DEC r7
00d2 0002d400 MOV r11, r5
		 r11=000000F6
00d8 004ec008 LSH r11, 0008
		 r11=0000F600
00db 00029c00 MOV r10, r7
		 r10=00000006
00de 004e8010 LSH r10, 0010
		 r10=00060000
00e1 0022ac00 ADD_270 r10, r11
00e1 00229000 ADD_270 r10, r4
00e1 002e9000 ADD r10, 0000
00e1 0005a800 MOV r6, [r10]
		 read mem : d10c5a7c
		 r6=D10C5A7C
00ed 007d80ff AND r6, 00ff
		 r6=0000007c
00ed 009dc0f6 JA r7 00f6
00f6 0011c000 DEC r7
00f6 00025800 MOV r9, r6
		 r9=0000007C
00fc 004e4008 LSH r9, 0008
		 r9=00007C00
00ff 00225000 ADD_270 r9, r4
00ff 00023800 MOV r8, r14
		 r8=0000001D
0105 005e0003 RSH r8, 0003
		 r8=00000003
0108 007e0001 AND r8, 0001
		 r8=00000001
00cf8000 MOV [0X10000+r14], cst (0c 03 0e 00 0000)
010e 009e012f JA r8 012f
012f 00020000 MOV r8, r0
		 r8=000043F5
0132 00002400 MOV r0, r9
		 r0=00007CE3
0135 00007800 MOV r1, r14
		 r1=0000001D
0138 002c4001 ADD r1, 0001
0138 00604000 XOR r1, r0
		 r1=00007cfd
0138 00604800 XOR r1, r2
		 r1=00009213
00ec414a OP_e (0e 03 01 00 014a)
0144 00008c00 MOV r2, r3
		 r2=0000A08F
0147 0000e000 MOV r3, r8
		 r3=000043F5
014a 009f8057 JA r14 0057
0057 00138000 DEC r14
0057 00010400 MOV r4, r1
		 r4=00009213
005d 00015000 MOV r5, r4
		 r5=00009213
0060 005d0008 RSH r4, 0008
		 r4=00000092
0063 007d00ff AND r4, 00ff
		 r4=00000092
0063 007d40ff AND r5, 00ff
		 r5=00000013
0063 0002d400 MOV r11, r5
		 r11=00000013
006c 004ec008 LSH r11, 0008
		 r11=00001300
006f 00029c00 MOV r10, r7
		 r10=00000005
0072 004e8010 LSH r10, 0010
		 r10=00050000
0075 0022ac00 ADD_270 r10, r11
0075 00229000 ADD_270 r10, r4
0075 002e9000 ADD r10, 0000
0075 0005a800 MOV r6, [r10]
		 read mem : 91819ed6
		 r6=91819ED6
0081 007d80ff AND r6, 00ff
		 r6=000000d6
0081 009dc08a JA r7 008a
008a 0011c000 DEC r7
008a 0002d000 MOV r11, r4
		 r11=00000092
0090 004ec008 LSH r11, 0008
		 r11=00009200
0093 00029c00 MOV r10, r7
		 r10=00000004
0096 004e8010 LSH r10, 0010
		 r10=00040000
0099 0022ac00 ADD_270 r10, r11
0099 00229800 ADD_270 r10, r6
0099 002e9000 ADD r10, 0000
0099 00056800 MOV r5, [r10]
		 read mem : ee83988e
		 r5=EE83988E
00a5 007d40ff AND r5, 00ff
		 r5=0000008e
00a5 009dc0ae JA r7 00ae
00ae 0011c000 DEC r7
00ae 0002d800 MOV r11, r6
		 r11=000000D6
00b4 004ec008 LSH r11, 0008
		 r11=0000D600
00b7 00029c00 MOV r10, r7
		 r10=00000003
00ba 004e8010 LSH r10, 0010
		 r10=00030000
00bd 0022ac00 ADD_270 r10, r11
00bd 00229400 ADD_270 r10, r5
00bd 002e9000 ADD r10, 0000
00bd 00052800 MOV r4, [r10]
		 read mem : 7dd1ab97
		 r4=7DD1AB97
00c9 007d00ff AND r4, 00ff
		 r4=00000097
00c9 009dc0d2 JA r7 00d2
00d2 0011c000 DEC r7
00d2 0002d400 MOV r11, r5
		 r11=0000008E
00d8 004ec008 LSH r11, 0008
		 r11=00008E00
00db 00029c00 MOV r10, r7
		 r10=00000002
00de 004e8010 LSH r10, 0010
		 r10=00020000
00e1 0022ac00 ADD_270 r10, r11
00e1 00229000 ADD_270 r10, r4
00e1 002e9000 ADD r10, 0000
00e1 0005a800 MOV r6, [r10]
		 read mem : 6776f352
		 r6=6776F352
00ed 007d80ff AND r6, 00ff
		 r6=00000052
00ed 009dc0f6 JA r7 00f6
00f6 0011c000 DEC r7
00f6 00025800 MOV r9, r6
		 r9=00000052
00fc 004e4008 LSH r9, 0008
		 r9=00005200
00ff 00225000 ADD_270 r9, r4
00ff 00023800 MOV r8, r14
		 r8=0000001C
0105 005e0003 RSH r8, 0003
		 r8=00000003
0108 007e0001 AND r8, 0001
		 r8=00000001
00cf8000 MOV [0X10000+r14], cst (0c 03 0e 00 0000)
010e 009e012f JA r8 012f
012f 00020000 MOV r8, r0
		 r8=00007CE3
0132 00002400 MOV r0, r9
		 r0=00005297
0135 00007800 MOV r1, r14
		 r1=0000001C
0138 002c4001 ADD r1, 0001
0138 00604000 XOR r1, r0
		 r1=0000528a
0138 00604800 XOR r1, r2
		 r1=0000f205
00ec414a OP_e (0e 03 01 00 014a)
0144 00008c00 MOV r2, r3
		 r2=000043F5
0147 0000e000 MOV r3, r8
		 r3=00007CE3
014a 009f8057 JA r14 0057
0057 00138000 DEC r14
0057 00010400 MOV r4, r1
		 r4=0000F205
005d 00015000 MOV r5, r4
		 r5=0000F205
0060 005d0008 RSH r4, 0008
		 r4=000000F2
0063 007d00ff AND r4, 00ff
		 r4=000000f2
0063 007d40ff AND r5, 00ff
		 r5=00000005
0063 0002d400 MOV r11, r5
		 r11=00000005
006c 004ec008 LSH r11, 0008
		 r11=00000500
006f 00029c00 MOV r10, r7
		 r10=00000001
0072 004e8010 LSH r10, 0010
		 r10=00010000
0075 0022ac00 ADD_270 r10, r11
0075 00229000 ADD_270 r10, r4
0075 002e9000 ADD r10, 0000
0075 0005a800 MOV r6, [r10]
		 read mem : 0c291556
		 r6=0C291556
0081 007d80ff AND r6, 00ff
		 r6=00000056
0081 009dc08a JA r7 008a
008a 0011c000 DEC r7
008a 0002d000 MOV r11, r4
		 r11=000000F2
0090 004ec008 LSH r11, 0008
		 r11=0000F200
0093 00029c00 MOV r10, r7
		 r10=00000000
0096 004e8010 LSH r10, 0010
		 r10=00000000
0099 0022ac00 ADD_270 r10, r11
0099 00229800 ADD_270 r10, r6
0099 002e9000 ADD r10, 0000
0099 00056800 MOV r5, [r10]
		 read mem : 19d7117b
		 r5=19D7117B
00a5 007d40ff AND r5, 00ff
		 r5=0000007b
00a5 009dc0ae JA r7 00ae
00ab 000dc00a MOV r7, 000a
		 r7=0000000A
00ae 0011c000 DEC r7
00ae 0002d800 MOV r11, r6
		 r11=00000056
00b4 004ec008 LSH r11, 0008
		 r11=00005600
00b7 00029c00 MOV r10, r7
		 r10=00000009
00ba 004e8010 LSH r10, 0010
		 r10=00090000
00bd 0022ac00 ADD_270 r10, r11
00bd 00229400 ADD_270 r10, r5
00bd 002e9000 ADD r10, 0000
00bd 00052800 MOV r4, [r10]
		 read mem : cf1f2898
		 r4=CF1F2898
00c9 007d00ff AND r4, 00ff
		 r4=00000098
00c9 009dc0d2 JA r7 00d2
00d2 0011c000 DEC r7
00d2 0002d400 MOV r11, r5
		 r11=0000007B
00d8 004ec008 LSH r11, 0008
		 r11=00007B00
00db 00029c00 MOV r10, r7
		 r10=00000008
00de 004e8010 LSH r10, 0010
		 r10=00080000
00e1 0022ac00 ADD_270 r10, r11
00e1 00229000 ADD_270 r10, r4
00e1 002e9000 ADD r10, 0000
00e1 0005a800 MOV r6, [r10]
		 read mem : fc812d1c
		 r6=FC812D1C
00ed 007d80ff AND r6, 00ff
		 r6=0000001c
00ed 009dc0f6 JA r7 00f6
00f6 0011c000 DEC r7
00f6 00025800 MOV r9, r6
		 r9=0000001C
00fc 004e4008 LSH r9, 0008
		 r9=00001C00
00ff 00225000 ADD_270 r9, r4
00ff 00023800 MOV r8, r14
		 r8=0000001B
0105 005e0003 RSH r8, 0003
		 r8=00000003
0108 007e0001 AND r8, 0001
		 r8=00000001
00cf8000 MOV [0X10000+r14], cst (0c 03 0e 00 0000)
010e 009e012f JA r8 012f
012f 00020000 MOV r8, r0
		 r8=00005297
0132 00002400 MOV r0, r9
		 r0=00001C98
0135 00007800 MOV r1, r14
		 r1=0000001B
0138 002c4001 ADD r1, 0001
0138 00604000 XOR r1, r0
		 r1=00001c84
0138 00604800 XOR r1, r2
		 r1=00005f71
00ec414a OP_e (0e 03 01 00 014a)
0144 00008c00 MOV r2, r3
		 r2=00007CE3
0147 0000e000 MOV r3, r8
		 r3=00005297
014a 009f8057 JA r14 0057
0057 00138000 DEC r14
0057 00010400 MOV r4, r1
		 r4=00005F71
005d 00015000 MOV r5, r4
		 r5=00005F71
0060 005d0008 RSH r4, 0008
		 r4=0000005F
0063 007d00ff AND r4, 00ff
		 r4=0000005f
0063 007d40ff AND r5, 00ff
		 r5=00000071
0063 0002d400 MOV r11, r5
		 r11=00000071
006c 004ec008 LSH r11, 0008
		 r11=00007100
006f 00029c00 MOV r10, r7
		 r10=00000007
0072 004e8010 LSH r10, 0010
		 r10=00070000
0075 0022ac00 ADD_270 r10, r11
0075 00229000 ADD_270 r10, r4
0075 002e9000 ADD r10, 0000
0075 0005a800 MOV r6, [r10]
		 read mem : 94d405be
		 r6=94D405BE
0081 007d80ff AND r6, 00ff
		 r6=000000be
0081 009dc08a JA r7 008a
008a 0011c000 DEC r7
008a 0002d000 MOV r11, r4
		 r11=0000005F
0090 004ec008 LSH r11, 0008
		 r11=00005F00
0093 00029c00 MOV r10, r7
		 r10=00000006
0096 004e8010 LSH r10, 0010
		 r10=00060000
0099 0022ac00 ADD_270 r10, r11
0099 00229800 ADD_270 r10, r6
0099 002e9000 ADD r10, 0000
0099 00056800 MOV r5, [r10]
		 read mem : 9a9f5095
		 r5=9A9F5095
00a5 007d40ff AND r5, 00ff
		 r5=00000095
00a5 009dc0ae JA r7 00ae
00ae 0011c000 DEC r7
00ae 0002d800 MOV r11, r6
		 r11=000000BE
00b4 004ec008 LSH r11, 0008
		 r11=0000BE00
00b7 00029c00 MOV r10, r7
		 r10=00000005
00ba 004e8010 LSH r10, 0010
		 r10=00050000
00bd 0022ac00 ADD_270 r10, r11
00bd 00229400 ADD_270 r10, r5
00bd 002e9000 ADD r10, 0000
00bd 00052800 MOV r4, [r10]
		 read mem : ad178382
		 r4=AD178382
00c9 007d00ff AND r4, 00ff
		 r4=00000082
00c9 009dc0d2 JA r7 00d2
00d2 0011c000 DEC r7
00d2 0002d400 MOV r11, r5
		 r11=00000095
00d8 004ec008 LSH r11, 0008
		 r11=00009500
00db 00029c00 MOV r10, r7
		 r10=00000004
00de 004e8010 LSH r10, 0010
		 r10=00040000
00e1 0022ac00 ADD_270 r10, r11
00e1 00229000 ADD_270 r10, r4
00e1 002e9000 ADD r10, 0000
00e1 0005a800 MOV r6, [r10]
		 read mem : 5544049e
		 r6=5544049E
00ed 007d80ff AND r6, 00ff
		 r6=0000009e
00ed 009dc0f6 JA r7 00f6
00f6 0011c000 DEC r7
00f6 00025800 MOV r9, r6
		 r9=0000009E
00fc 004e4008 LSH r9, 0008
		 r9=00009E00
00ff 00225000 ADD_270 r9, r4
00ff 00023800 MOV r8, r14
		 r8=0000001A
0105 005e0003 RSH r8, 0003
		 r8=00000003
0108 007e0001 AND r8, 0001
		 r8=00000001
00cf8000 MOV [0X10000+r14], cst (0c 03 0e 00 0000)
010e 009e012f JA r8 012f
012f 00020000 MOV r8, r0
		 r8=00001C98
0132 00002400 MOV r0, r9
		 r0=00009E82
0135 00007800 MOV r1, r14
		 r1=0000001A
0138 002c4001 ADD r1, 0001
0138 00604000 XOR r1, r0
		 r1=00009e99
0138 00604800 XOR r1, r2
		 r1=0000e27a
00ec414a OP_e (0e 03 01 00 014a)
014a 009f8057 JA r14 0057
0057 00138000 DEC r14
0057 00010400 MOV r4, r1
		 r4=0000E27A
005d 00015000 MOV r5, r4
		 r5=0000E27A
0060 005d0008 RSH r4, 0008
		 r4=000000E2
0063 007d00ff AND r4, 00ff
		 r4=000000e2
0063 007d40ff AND r5, 00ff
		 r5=0000007a
0063 0002d400 MOV r11, r5
		 r11=0000007A
006c 004ec008 LSH r11, 0008
		 r11=00007A00
006f 00029c00 MOV r10, r7
		 r10=00000003
0072 004e8010 LSH r10, 0010
		 r10=00030000
0075 0022ac00 ADD_270 r10, r11
0075 00229000 ADD_270 r10, r4
0075 002e9000 ADD r10, 0000
0075 0005a800 MOV r6, [r10]
		 read mem : 812eedcc
		 r6=812EEDCC
0081 007d80ff AND r6, 00ff
		 r6=000000cc
0081 009dc08a JA r7 008a
008a 0011c000 DEC r7
008a 0002d000 MOV r11, r4
		 r11=000000E2
0090 004ec008 LSH r11, 0008
		 r11=0000E200
0093 00029c00 MOV r10, r7
		 r10=00000002
0096 004e8010 LSH r10, 0010
		 r10=00020000
0099 0022ac00 ADD_270 r10, r11
0099 00229800 ADD_270 r10, r6
0099 002e9000 ADD r10, 0000
0099 00056800 MOV r5, [r10]
		 read mem : 5620fb0f
		 r5=5620FB0F
00a5 007d40ff AND r5, 00ff
		 r5=0000000f
00a5 009dc0ae JA r7 00ae
00ae 0011c000 DEC r7
00ae 0002d800 MOV r11, r6
		 r11=000000CC
00b4 004ec008 LSH r11, 0008
		 r11=0000CC00
00b7 00029c00 MOV r10, r7
		 r10=00000001
00ba 004e8010 LSH r10, 0010
		 r10=00010000
00bd 0022ac00 ADD_270 r10, r11
00bd 00229400 ADD_270 r10, r5
00bd 002e9000 ADD r10, 0000
00bd 00052800 MOV r4, [r10]
		 read mem : c26bfbca
		 r4=C26BFBCA
00c9 007d00ff AND r4, 00ff
		 r4=000000ca
00c9 009dc0d2 JA r7 00d2
00d2 0011c000 DEC r7
00d2 0002d400 MOV r11, r5
		 r11=0000000F
00d8 004ec008 LSH r11, 0008
		 r11=00000F00
00db 00029c00 MOV r10, r7
		 r10=00000000
00de 004e8010 LSH r10, 0010
		 r10=00000000
00e1 0022ac00 ADD_270 r10, r11
00e1 00229000 ADD_270 r10, r4
00e1 002e9000 ADD r10, 0000
00e1 0005a800 MOV r6, [r10]
		 read mem : e70463ce
		 r6=E70463CE
00ed 007d80ff AND r6, 00ff
		 r6=000000ce
00ed 009dc0f6 JA r7 00f6
00f3 000dc00a MOV r7, 000a
		 r7=0000000A
00f6 0011c000 DEC r7
00f6 00025800 MOV r9, r6
		 r9=000000CE
00fc 004e4008 LSH r9, 0008
		 r9=0000CE00
00ff 00225000 ADD_270 r9, r4
00ff 00023800 MOV r8, r14
		 r8=00000019
0105 005e0003 RSH r8, 0003
		 r8=00000003
0108 007e0001 AND r8, 0001
		 r8=00000001
00cf8000 MOV [0X10000+r14], cst (0c 03 0e 00 0000)
010e 009e012f JA r8 012f
012f 00020000 MOV r8, r0
		 r8=00009E82
0132 00002400 MOV r0, r9
		 r0=0000CECA
0135 00007800 MOV r1, r14
		 r1=00000019
0138 002c4001 ADD r1, 0001
0138 00604000 XOR r1, r0
		 r1=0000ced0
0138 00604800 XOR r1, r2
		 r1=0000b233
00ec414a OP_e (0e 03 01 00 014a)
014a 009f8057 JA r14 0057
0057 00138000 DEC r14
0057 00010400 MOV r4, r1
		 r4=0000B233
005d 00015000 MOV r5, r4
		 r5=0000B233
0060 005d0008 RSH r4, 0008
		 r4=000000B2
0063 007d00ff AND r4, 00ff
		 r4=000000b2
0063 007d40ff AND r5, 00ff
		 r5=00000033
0063 0002d400 MOV r11, r5
		 r11=00000033
006c 004ec008 LSH r11, 0008
		 r11=00003300
006f 00029c00 MOV r10, r7
		 r10=00000009
0072 004e8010 LSH r10, 0010
		 r10=00090000
0075 0022ac00 ADD_270 r10, r11
0075 00229000 ADD_270 r10, r4
0075 002e9000 ADD r10, 0000
0075 0005a800 MOV r6, [r10]
		 read mem : e16085f2
		 r6=E16085F2
0081 007d80ff AND r6, 00ff
		 r6=000000f2
0081 009dc08a JA r7 008a
008a 0011c000 DEC r7
008a 0002d000 MOV r11, r4
		 r11=000000B2
0090 004ec008 LSH r11, 0008
		 r11=0000B200
0093 00029c00 MOV r10, r7
		 r10=00000008
0096 004e8010 LSH r10, 0010
		 r10=00080000
0099 0022ac00 ADD_270 r10, r11
0099 00229800 ADD_270 r10, r6
0099 002e9000 ADD r10, 0000
0099 00056800 MOV r5, [r10]
		 read mem : 37753c03
		 r5=37753C03
00a5 007d40ff AND r5, 00ff
		 r5=00000003
00a5 009dc0ae JA r7 00ae
00ae 0011c000 DEC r7
00ae 0002d800 MOV r11, r6
		 r11=000000F2
00b4 004ec008 LSH r11, 0008
		 r11=0000F200
00b7 00029c00 MOV r10, r7
		 r10=00000007
00ba 004e8010 LSH r10, 0010
		 r10=00070000
00bd 0022ac00 ADD_270 r10, r11
00bd 00229400 ADD_270 r10, r5
00bd 002e9000 ADD r10, 0000
00bd 00052800 MOV r4, [r10]
		 read mem : 1d3420e6
		 r4=1D3420E6
00c9 007d00ff AND r4, 00ff
		 r4=000000e6
00c9 009dc0d2 JA r7 00d2
00d2 0011c000 DEC r7
00d2 0002d400 MOV r11, r5
		 r11=00000003
00d8 004ec008 LSH r11, 0008
		 r11=00000300
00db 00029c00 MOV r10, r7
		 r10=00000006
00de 004e8010 LSH r10, 0010
		 r10=00060000
00e1 0022ac00 ADD_270 r10, r11
00e1 00229000 ADD_270 r10, r4
00e1 002e9000 ADD r10, 0000
00e1 0005a800 MOV r6, [r10]
		 read mem : 58f8144c
		 r6=58F8144C
00ed 007d80ff AND r6, 00ff
		 r6=0000004c
00ed 009dc0f6 JA r7 00f6
00f6 0011c000 DEC r7
00f6 00025800 MOV r9, r6
		 r9=0000004C
00fc 004e4008 LSH r9, 0008
		 r9=00004C00
00ff 00225000 ADD_270 r9, r4
00ff 00023800 MOV r8, r14
		 r8=00000018
0105 005e0003 RSH r8, 0003
		 r8=00000003
0108 007e0001 AND r8, 0001
		 r8=00000001
00cf8000 MOV [0X10000+r14], cst (0c 03 0e 00 0000)
010e 009e012f JA r8 012f
012f 00020000 MOV r8, r0
		 r8=0000CECA
0132 00002400 MOV r0, r9
		 r0=00004CE6
0135 00007800 MOV r1, r14
		 r1=00000018
0138 002c4001 ADD r1, 0001
0138 00604000 XOR r1, r0
		 r1=00004cff
0138 00604800 XOR r1, r2
		 r1=0000301c
00ec414a OP_e (0e 03 01 00 014a)
014a 009f8057 JA r14 0057
0057 00138000 DEC r14
0057 00010400 MOV r4, r1
		 r4=0000301C
005d 00015000 MOV r5, r4
		 r5=0000301C
0060 005d0008 RSH r4, 0008
		 r4=00000030
0063 007d00ff AND r4, 00ff
		 r4=00000030
0063 007d40ff AND r5, 00ff
		 r5=0000001c
0063 0002d400 MOV r11, r5
		 r11=0000001C
006c 004ec008 LSH r11, 0008
		 r11=00001C00
006f 00029c00 MOV r10, r7
		 r10=00000005
0072 004e8010 LSH r10, 0010
		 r10=00050000
0075 0022ac00 ADD_270 r10, r11
0075 00229000 ADD_270 r10, r4
0075 002e9000 ADD r10, 0000
0075 0005a800 MOV r6, [r10]
		 read mem : 479648a5
		 r6=479648A5
0081 007d80ff AND r6, 00ff
		 r6=000000a5
0081 009dc08a JA r7 008a
008a 0011c000 DEC r7
008a 0002d000 MOV r11, r4
		 r11=00000030
0090 004ec008 LSH r11, 0008
		 r11=00003000
0093 00029c00 MOV r10, r7
		 r10=00000004
0096 004e8010 LSH r10, 0010
		 r10=00040000
0099 0022ac00 ADD_270 r10, r11
0099 00229800 ADD_270 r10, r6
0099 002e9000 ADD r10, 0000
0099 00056800 MOV r5, [r10]
		 read mem : 7513d131
		 r5=7513D131
00a5 007d40ff AND r5, 00ff
		 r5=00000031
00a5 009dc0ae JA r7 00ae
00ae 0011c000 DEC r7
00ae 0002d800 MOV r11, r6
		 r11=000000A5
00b4 004ec008 LSH r11, 0008
		 r11=0000A500
00b7 00029c00 MOV r10, r7
		 r10=00000003
00ba 004e8010 LSH r10, 0010
		 r10=00030000
00bd 0022ac00 ADD_270 r10, r11
00bd 00229400 ADD_270 r10, r5
00bd 002e9000 ADD r10, 0000
00bd 00052800 MOV r4, [r10]
		 read mem : 21cefb20
		 r4=21CEFB20
00c9 007d00ff AND r4, 00ff
		 r4=00000020
00c9 009dc0d2 JA r7 00d2
00d2 0011c000 DEC r7
00d2 0002d400 MOV r11, r5
		 r11=00000031
00d8 004ec008 LSH r11, 0008
		 r11=00003100
00db 00029c00 MOV r10, r7
		 r10=00000002
00de 004e8010 LSH r10, 0010
		 r10=00020000
00e1 0022ac00 ADD_270 r10, r11
00e1 00229000 ADD_270 r10, r4
00e1 002e9000 ADD r10, 0000
00e1 0005a800 MOV r6, [r10]
		 read mem : bc5b140b
		 r6=BC5B140B
00ed 007d80ff AND r6, 00ff
		 r6=0000000b
00ed 009dc0f6 JA r7 00f6
00f6 0011c000 DEC r7
00f6 00025800 MOV r9, r6
		 r9=0000000B
00fc 004e4008 LSH r9, 0008
		 r9=00000B00
00ff 00225000 ADD_270 r9, r4
00ff 00023800 MOV r8, r14
		 r8=00000017
0105 005e0003 RSH r8, 0003
		 r8=00000002
0108 007e0001 AND r8, 0001
		 r8=00000000
00cf8000 MOV [0X10000+r14], cst (0c 03 0e 00 0000)
010e 009e012f JA r8 012f
0111 00020c00 MOV r8, r3
		 r8=00005297
0114 0000f800 MOV r3, r14
		 r3=00000017
0117 002cc001 ADD r3, 0001
0117 0060c000 XOR r3, r0
		 r3=00004cfe
00ecc14a OP_e (0e 03 03 00 014a)
014a 009f8057 JA r14 0057
0057 00138000 DEC r14
0057 00010400 MOV r4, r1
		 r4=0000301C
005d 00015000 MOV r5, r4
		 r5=0000301C
0060 005d0008 RSH r4, 0008
		 r4=00000030
0063 007d00ff AND r4, 00ff
		 r4=00000030
0063 007d40ff AND r5, 00ff
		 r5=0000001c
0063 0002d400 MOV r11, r5
		 r11=0000001C
006c 004ec008 LSH r11, 0008
		 r11=00001C00
006f 00029c00 MOV r10, r7
		 r10=00000001
0072 004e8010 LSH r10, 0010
		 r10=00010000
0075 0022ac00 ADD_270 r10, r11
0075 00229000 ADD_270 r10, r4
0075 002e9000 ADD r10, 0000
0075 0005a800 MOV r6, [r10]
		 read mem : 5a4c6670
		 r6=5A4C6670
0081 007d80ff AND r6, 00ff
		 r6=00000070
0081 009dc08a JA r7 008a
008a 0011c000 DEC r7
008a 0002d000 MOV r11, r4
		 r11=00000030
0090 004ec008 LSH r11, 0008
		 r11=00003000
0093 00029c00 MOV r10, r7
		 r10=00000000
0096 004e8010 LSH r10, 0010
		 r10=00000000
0099 0022ac00 ADD_270 r10, r11
0099 00229800 ADD_270 r10, r6
0099 002e9000 ADD r10, 0000
0099 00056800 MOV r5, [r10]
		 read mem : e9dcb088
		 r5=E9DCB088
00a5 007d40ff AND r5, 00ff
		 r5=00000088
00a5 009dc0ae JA r7 00ae
00ab 000dc00a MOV r7, 000a
		 r7=0000000A
00ae 0011c000 DEC r7
00ae 0002d800 MOV r11, r6
		 r11=00000070
00b4 004ec008 LSH r11, 0008
		 r11=00007000
00b7 00029c00 MOV r10, r7
		 r10=00000009
00ba 004e8010 LSH r10, 0010
		 r10=00090000
00bd 0022ac00 ADD_270 r10, r11
00bd 00229400 ADD_270 r10, r5
00bd 002e9000 ADD r10, 0000
00bd 00052800 MOV r4, [r10]
		 read mem : 33de49d8
		 r4=33DE49D8
00c9 007d00ff AND r4, 00ff
		 r4=000000d8
00c9 009dc0d2 JA r7 00d2
00d2 0011c000 DEC r7
00d2 0002d400 MOV r11, r5
		 r11=00000088
00d8 004ec008 LSH r11, 0008
		 r11=00008800
00db 00029c00 MOV r10, r7
		 r10=00000008
00de 004e8010 LSH r10, 0010
		 r10=00080000
00e1 0022ac00 ADD_270 r10, r11
00e1 00229000 ADD_270 r10, r4
00e1 002e9000 ADD r10, 0000
00e1 0005a800 MOV r6, [r10]
		 read mem : cb6117e0
		 r6=CB6117E0
00ed 007d80ff AND r6, 00ff
		 r6=000000e0
00ed 009dc0f6 JA r7 00f6
00f6 0011c000 DEC r7
00f6 00025800 MOV r9, r6
		 r9=000000E0
00fc 004e4008 LSH r9, 0008
		 r9=0000E000
00ff 00225000 ADD_270 r9, r4
00ff 00023800 MOV r8, r14
		 r8=00000016
0105 005e0003 RSH r8, 0003
		 r8=00000002
0108 007e0001 AND r8, 0001
		 r8=00000000
00cf8000 MOV [0X10000+r14], cst (0c 03 0e 00 0000)
010e 009e012f JA r8 012f
0111 00020c00 MOV r8, r3
		 r8=00004CFE
0114 0000f800 MOV r3, r14
		 r3=00000016
0117 002cc001 ADD r3, 0001
0117 0060c000 XOR r3, r0
		 r3=00004cf1
00ecc14a OP_e (0e 03 03 00 014a)
014a 009f8057 JA r14 0057
0057 00138000 DEC r14
0057 00010400 MOV r4, r1
		 r4=0000301C
005d 00015000 MOV r5, r4
		 r5=0000301C
0060 005d0008 RSH r4, 0008
		 r4=00000030
0063 007d00ff AND r4, 00ff
		 r4=00000030
0063 007d40ff AND r5, 00ff
		 r5=0000001c
0063 0002d400 MOV r11, r5
		 r11=0000001C
006c 004ec008 LSH r11, 0008
		 r11=00001C00
006f 00029c00 MOV r10, r7
		 r10=00000007
0072 004e8010 LSH r10, 0010
		 r10=00070000
0075 0022ac00 ADD_270 r10, r11
0075 00229000 ADD_270 r10, r4
0075 002e9000 ADD r10, 0000
0075 0005a800 MOV r6, [r10]
		 read mem : c0554a86
		 r6=C0554A86
0081 007d80ff AND r6, 00ff
		 r6=00000086
0081 009dc08a JA r7 008a
008a 0011c000 DEC r7
008a 0002d000 MOV r11, r4
		 r11=00000030
0090 004ec008 LSH r11, 0008
		 r11=00003000
0093 00029c00 MOV r10, r7
		 r10=00000006
0096 004e8010 LSH r10, 0010
		 r10=00060000
0099 0022ac00 ADD_270 r10, r11
0099 00229800 ADD_270 r10, r6
0099 002e9000 ADD r10, 0000
0099 00056800 MOV r5, [r10]
		 read mem : 9c2fcb59
		 r5=9C2FCB59
00a5 007d40ff AND r5, 00ff
		 r5=00000059
00a5 009dc0ae JA r7 00ae
00ae 0011c000 DEC r7
00ae 0002d800 MOV r11, r6
		 r11=00000086
00b4 004ec008 LSH r11, 0008
		 r11=00008600
00b7 00029c00 MOV r10, r7
		 r10=00000005
00ba 004e8010 LSH r10, 0010
		 r10=00050000
00bd 0022ac00 ADD_270 r10, r11
00bd 00229400 ADD_270 r10, r5
00bd 002e9000 ADD r10, 0000
00bd 00052800 MOV r4, [r10]
		 read mem : 6f805658
		 r4=6F805658
00c9 007d00ff AND r4, 00ff
		 r4=00000058
00c9 009dc0d2 JA r7 00d2
00d2 0011c000 DEC r7
00d2 0002d400 MOV r11, r5
		 r11=00000059
00d8 004ec008 LSH r11, 0008
		 r11=00005900
00db 00029c00 MOV r10, r7
		 r10=00000004
00de 004e8010 LSH r10, 0010
		 r10=00040000
00e1 0022ac00 ADD_270 r10, r11
00e1 00229000 ADD_270 r10, r4
00e1 002e9000 ADD r10, 0000
00e1 0005a800 MOV r6, [r10]
		 read mem : 73f88ea1
		 r6=73F88EA1
00ed 007d80ff AND r6, 00ff
		 r6=000000a1
00ed 009dc0f6 JA r7 00f6
00f6 0011c000 DEC r7
00f6 00025800 MOV r9, r6
		 r9=000000A1
00fc 004e4008 LSH r9, 0008
		 r9=0000A100
00ff 00225000 ADD_270 r9, r4
00ff 00023800 MOV r8, r14
		 r8=00000015
0105 005e0003 RSH r8, 0003
		 r8=00000002
0108 007e0001 AND r8, 0001
		 r8=00000000
00cf8000 MOV [0X10000+r14], cst (0c 03 0e 00 0000)
010e 009e012f JA r8 012f
0111 00020c00 MOV r8, r3
		 r8=00004CF1
0114 0000f800 MOV r3, r14
		 r3=00000015
0117 002cc001 ADD r3, 0001
0117 0060c000 XOR r3, r0
		 r3=00004cf0
00ecc14a OP_e (0e 03 03 00 014a)
014a 009f8057 JA r14 0057
0057 00138000 DEC r14
0057 00010400 MOV r4, r1
		 r4=0000301C
005d 00015000 MOV r5, r4
		 r5=0000301C
0060 005d0008 RSH r4, 0008
		 r4=00000030
0063 007d00ff AND r4, 00ff
		 r4=00000030
0063 007d40ff AND r5, 00ff
		 r5=0000001c
0063 0002d400 MOV r11, r5
		 r11=0000001C
006c 004ec008 LSH r11, 0008
		 r11=00001C00
006f 00029c00 MOV r10, r7
		 r10=00000003
0072 004e8010 LSH r10, 0010
		 r10=00030000
0075 0022ac00 ADD_270 r10, r11
0075 00229000 ADD_270 r10, r4
0075 002e9000 ADD r10, 0000
0075 0005a800 MOV r6, [r10]
		 read mem : 994fc781
		 r6=994FC781
0081 007d80ff AND r6, 00ff
		 r6=00000081
0081 009dc08a JA r7 008a
008a 0011c000 DEC r7
008a 0002d000 MOV r11, r4
		 r11=00000030
0090 004ec008 LSH r11, 0008
		 r11=00003000
0093 00029c00 MOV r10, r7
		 r10=00000002
0096 004e8010 LSH r10, 0010
		 r10=00020000
0099 0022ac00 ADD_270 r10, r11
0099 00229800 ADD_270 r10, r6
0099 002e9000 ADD r10, 0000
0099 00056800 MOV r5, [r10]
		 read mem : b37098c1
		 r5=B37098C1
00a5 007d40ff AND r5, 00ff
		 r5=000000c1
00a5 009dc0ae JA r7 00ae
00ae 0011c000 DEC r7
00ae 0002d800 MOV r11, r6
		 r11=00000081
00b4 004ec008 LSH r11, 0008
		 r11=00008100
00b7 00029c00 MOV r10, r7
		 r10=00000001
00ba 004e8010 LSH r10, 0010
		 r10=00010000
00bd 0022ac00 ADD_270 r10, r11
00bd 00229400 ADD_270 r10, r5
00bd 002e9000 ADD r10, 0000
00bd 00052800 MOV r4, [r10]
		 read mem : e5266163
		 r4=E5266163
00c9 007d00ff AND r4, 00ff
		 r4=00000063
00c9 009dc0d2 JA r7 00d2
00d2 0011c000 DEC r7
00d2 0002d400 MOV r11, r5
		 r11=000000C1
00d8 004ec008 LSH r11, 0008
		 r11=0000C100
00db 00029c00 MOV r10, r7
		 r10=00000000
00de 004e8010 LSH r10, 0010
		 r10=00000000
00e1 0022ac00 ADD_270 r10, r11
00e1 00229000 ADD_270 r10, r4
00e1 002e9000 ADD r10, 0000
00e1 0005a800 MOV r6, [r10]
		 read mem : 130549d3
		 r6=130549D3
00ed 007d80ff AND r6, 00ff
		 r6=000000d3
00ed 009dc0f6 JA r7 00f6
00f3 000dc00a MOV r7, 000a
		 r7=0000000A
00f6 0011c000 DEC r7
00f6 00025800 MOV r9, r6
		 r9=000000D3
00fc 004e4008 LSH r9, 0008
		 r9=0000D300
00ff 00225000 ADD_270 r9, r4
00ff 00023800 MOV r8, r14
		 r8=00000014
0105 005e0003 RSH r8, 0003
		 r8=00000002
0108 007e0001 AND r8, 0001
		 r8=00000000
00cf8000 MOV [0X10000+r14], cst (0c 03 0e 00 0000)
010e 009e012f JA r8 012f
0111 00020c00 MOV r8, r3
		 r8=00004CF0
0114 0000f800 MOV r3, r14
		 r3=00000014
0117 002cc001 ADD r3, 0001
0117 0060c000 XOR r3, r0
		 r3=00004cf3
00ecc14a OP_e (0e 03 03 00 014a)
014a 009f8057 JA r14 0057
0057 00138000 DEC r14
0057 00010400 MOV r4, r1
		 r4=0000301C
005d 00015000 MOV r5, r4
		 r5=0000301C
0060 005d0008 RSH r4, 0008
		 r4=00000030
0063 007d00ff AND r4, 00ff
		 r4=00000030
0063 007d40ff AND r5, 00ff
		 r5=0000001c
0063 0002d400 MOV r11, r5
		 r11=0000001C
006c 004ec008 LSH r11, 0008
		 r11=00001C00
006f 00029c00 MOV r10, r7
		 r10=00000009
0072 004e8010 LSH r10, 0010
		 r10=00090000
0075 0022ac00 ADD_270 r10, r11
0075 00229000 ADD_270 r10, r4
0075 002e9000 ADD r10, 0000
0075 0005a800 MOV r6, [r10]
		 read mem : 3126a3d3
		 r6=3126A3D3
0081 007d80ff AND r6, 00ff
		 r6=000000d3
0081 009dc08a JA r7 008a
008a 0011c000 DEC r7
008a 0002d000 MOV r11, r4
		 r11=00000030
0090 004ec008 LSH r11, 0008
		 r11=00003000
0093 00029c00 MOV r10, r7
		 r10=00000008
0096 004e8010 LSH r10, 0010
		 r10=00080000
0099 0022ac00 ADD_270 r10, r11
0099 00229800 ADD_270 r10, r6
0099 002e9000 ADD r10, 0000
0099 00056800 MOV r5, [r10]
		 read mem : 94324606
		 r5=94324606
00a5 007d40ff AND r5, 00ff
		 r5=00000006
00a5 009dc0ae JA r7 00ae
00ae 0011c000 DEC r7
00ae 0002d800 MOV r11, r6
		 r11=000000D3
00b4 004ec008 LSH r11, 0008
		 r11=0000D300
00b7 00029c00 MOV r10, r7
		 r10=00000007
00ba 004e8010 LSH r10, 0010
		 r10=00070000
00bd 0022ac00 ADD_270 r10, r11
00bd 00229400 ADD_270 r10, r5
00bd 002e9000 ADD r10, 0000
00bd 00052800 MOV r4, [r10]
		 read mem : 6f45d16a
		 r4=6F45D16A
00c9 007d00ff AND r4, 00ff
		 r4=0000006a
00c9 009dc0d2 JA r7 00d2
00d2 0011c000 DEC r7
00d2 0002d400 MOV r11, r5
		 r11=00000006
00d8 004ec008 LSH r11, 0008
		 r11=00000600
00db 00029c00 MOV r10, r7
		 r10=00000006
00de 004e8010 LSH r10, 0010
		 r10=00060000
00e1 0022ac00 ADD_270 r10, r11
00e1 00229000 ADD_270 r10, r4
00e1 002e9000 ADD r10, 0000
00e1 0005a800 MOV r6, [r10]
		 read mem : e7b25ff8
		 r6=E7B25FF8
00ed 007d80ff AND r6, 00ff
		 r6=000000f8
00ed 009dc0f6 JA r7 00f6
00f6 0011c000 DEC r7
00f6 00025800 MOV r9, r6
		 r9=000000F8
00fc 004e4008 LSH r9, 0008
		 r9=0000F800
00ff 00225000 ADD_270 r9, r4
00ff 00023800 MOV r8, r14
		 r8=00000013
0105 005e0003 RSH r8, 0003
		 r8=00000002
0108 007e0001 AND r8, 0001
		 r8=00000000
00cf8000 MOV [0X10000+r14], cst (0c 03 0e 00 0000)
010e 009e012f JA r8 012f
0111 00020c00 MOV r8, r3
		 r8=00004CF3
0114 0000f800 MOV r3, r14
		 r3=00000013
0117 002cc001 ADD r3, 0001
0117 0060c000 XOR r3, r0
		 r3=00004cf2
00ecc14a OP_e (0e 03 03 00 014a)
014a 009f8057 JA r14 0057
0057 00138000 DEC r14
0057 00010400 MOV r4, r1
		 r4=0000301C
005d 00015000 MOV r5, r4
		 r5=0000301C
0060 005d0008 RSH r4, 0008
		 r4=00000030
0063 007d00ff AND r4, 00ff
		 r4=00000030
0063 007d40ff AND r5, 00ff
		 r5=0000001c
0063 0002d400 MOV r11, r5
		 r11=0000001C
006c 004ec008 LSH r11, 0008
		 r11=00001C00
006f 00029c00 MOV r10, r7
		 r10=00000005
0072 004e8010 LSH r10, 0010
		 r10=00050000
0075 0022ac00 ADD_270 r10, r11
0075 00229000 ADD_270 r10, r4
0075 002e9000 ADD r10, 0000
0075 0005a800 MOV r6, [r10]
		 read mem : 479648a5
		 r6=479648A5
0081 007d80ff AND r6, 00ff
		 r6=000000a5
0081 009dc08a JA r7 008a
008a 0011c000 DEC r7
008a 0002d000 MOV r11, r4
		 r11=00000030
0090 004ec008 LSH r11, 0008
		 r11=00003000
0093 00029c00 MOV r10, r7
		 r10=00000004
0096 004e8010 LSH r10, 0010
		 r10=00040000
0099 0022ac00 ADD_270 r10, r11
0099 00229800 ADD_270 r10, r6
0099 002e9000 ADD r10, 0000
0099 00056800 MOV r5, [r10]
		 read mem : 7513d131
		 r5=7513D131
00a5 007d40ff AND r5, 00ff
		 r5=00000031
00a5 009dc0ae JA r7 00ae
00ae 0011c000 DEC r7
00ae 0002d800 MOV r11, r6
		 r11=000000A5
00b4 004ec008 LSH r11, 0008
		 r11=0000A500
00b7 00029c00 MOV r10, r7
		 r10=00000003
00ba 004e8010 LSH r10, 0010
		 r10=00030000
00bd 0022ac00 ADD_270 r10, r11
00bd 00229400 ADD_270 r10, r5
00bd 002e9000 ADD r10, 0000
00bd 00052800 MOV r4, [r10]
		 read mem : 21cefb20
		 r4=21CEFB20
00c9 007d00ff AND r4, 00ff
		 r4=00000020
00c9 009dc0d2 JA r7 00d2
00d2 0011c000 DEC r7
00d2 0002d400 MOV r11, r5
		 r11=00000031
00d8 004ec008 LSH r11, 0008
		 r11=00003100
00db 00029c00 MOV r10, r7
		 r10=00000002
00de 004e8010 LSH r10, 0010
		 r10=00020000
00e1 0022ac00 ADD_270 r10, r11
00e1 00229000 ADD_270 r10, r4
00e1 002e9000 ADD r10, 0000
00e1 0005a800 MOV r6, [r10]
		 read mem : bc5b140b
		 r6=BC5B140B
00ed 007d80ff AND r6, 00ff
		 r6=0000000b
00ed 009dc0f6 JA r7 00f6
00f6 0011c000 DEC r7
00f6 00025800 MOV r9, r6
		 r9=0000000B
00fc 004e4008 LSH r9, 0008
		 r9=00000B00
00ff 00225000 ADD_270 r9, r4
00ff 00023800 MOV r8, r14
		 r8=00000012
0105 005e0003 RSH r8, 0003
		 r8=00000002
0108 007e0001 AND r8, 0001
		 r8=00000000
00cf8000 MOV [0X10000+r14], cst (0c 03 0e 00 0000)
010e 009e012f JA r8 012f
0111 00020c00 MOV r8, r3
		 r8=00004CF2
0114 0000f800 MOV r3, r14
		 r3=00000012
0117 002cc001 ADD r3, 0001
0117 0060c000 XOR r3, r0
		 r3=00004cf5
00ecc14a OP_e (0e 03 03 00 014a)
014a 009f8057 JA r14 0057
0057 00138000 DEC r14
0057 00010400 MOV r4, r1
		 r4=0000301C
005d 00015000 MOV r5, r4
		 r5=0000301C
0060 005d0008 RSH r4, 0008
		 r4=00000030
0063 007d00ff AND r4, 00ff
		 r4=00000030
0063 007d40ff AND r5, 00ff
		 r5=0000001c
0063 0002d400 MOV r11, r5
		 r11=0000001C
006c 004ec008 LSH r11, 0008
		 r11=00001C00
006f 00029c00 MOV r10, r7
		 r10=00000001
0072 004e8010 LSH r10, 0010
		 r10=00010000
0075 0022ac00 ADD_270 r10, r11
0075 00229000 ADD_270 r10, r4
0075 002e9000 ADD r10, 0000
0075 0005a800 MOV r6, [r10]
		 read mem : 5a4c6670
		 r6=5A4C6670
0081 007d80ff AND r6, 00ff
		 r6=00000070
0081 009dc08a JA r7 008a
008a 0011c000 DEC r7
008a 0002d000 MOV r11, r4
		 r11=00000030
0090 004ec008 LSH r11, 0008
		 r11=00003000
0093 00029c00 MOV r10, r7
		 r10=00000000
0096 004e8010 LSH r10, 0010
		 r10=00000000
0099 0022ac00 ADD_270 r10, r11
0099 00229800 ADD_270 r10, r6
0099 002e9000 ADD r10, 0000
0099 00056800 MOV r5, [r10]
		 read mem : e9dcb088
		 r5=E9DCB088
00a5 007d40ff AND r5, 00ff
		 r5=00000088
00a5 009dc0ae JA r7 00ae
00ab 000dc00a MOV r7, 000a
		 r7=0000000A
00ae 0011c000 DEC r7
00ae 0002d800 MOV r11, r6
		 r11=00000070
00b4 004ec008 LSH r11, 0008
		 r11=00007000
00b7 00029c00 MOV r10, r7
		 r10=00000009
00ba 004e8010 LSH r10, 0010
		 r10=00090000
00bd 0022ac00 ADD_270 r10, r11
00bd 00229400 ADD_270 r10, r5
00bd 002e9000 ADD r10, 0000
00bd 00052800 MOV r4, [r10]
		 read mem : 33de49d8
		 r4=33DE49D8
00c9 007d00ff AND r4, 00ff
		 r4=000000d8
00c9 009dc0d2 JA r7 00d2
00d2 0011c000 DEC r7
00d2 0002d400 MOV r11, r5
		 r11=00000088
00d8 004ec008 LSH r11, 0008
		 r11=00008800
00db 00029c00 MOV r10, r7
		 r10=00000008
00de 004e8010 LSH r10, 0010
		 r10=00080000
00e1 0022ac00 ADD_270 r10, r11
00e1 00229000 ADD_270 r10, r4
00e1 002e9000 ADD r10, 0000
00e1 0005a800 MOV r6, [r10]
		 read mem : cb6117e0
		 r6=CB6117E0
00ed 007d80ff AND r6, 00ff
		 r6=000000e0
00ed 009dc0f6 JA r7 00f6
00f6 0011c000 DEC r7
00f6 00025800 MOV r9, r6
		 r9=000000E0
00fc 004e4008 LSH r9, 0008
		 r9=0000E000
00ff 00225000 ADD_270 r9, r4
00ff 00023800 MOV r8, r14
		 r8=00000011
0105 005e0003 RSH r8, 0003
		 r8=00000002
0108 007e0001 AND r8, 0001
		 r8=00000000
00cf8000 MOV [0X10000+r14], cst (0c 03 0e 00 0000)
010e 009e012f JA r8 012f
0111 00020c00 MOV r8, r3
		 r8=00004CF5
0114 0000f800 MOV r3, r14
		 r3=00000011
0117 002cc001 ADD r3, 0001
0117 0060c000 XOR r3, r0
		 r3=00004cf4
00ecc14a OP_e (0e 03 03 00 014a)
014a 009f8057 JA r14 0057
0057 00138000 DEC r14
0057 00010400 MOV r4, r1
		 r4=0000301C
005d 00015000 MOV r5, r4
		 r5=0000301C
0060 005d0008 RSH r4, 0008
		 r4=00000030
0063 007d00ff AND r4, 00ff
		 r4=00000030
0063 007d40ff AND r5, 00ff
		 r5=0000001c
0063 0002d400 MOV r11, r5
		 r11=0000001C
006c 004ec008 LSH r11, 0008
		 r11=00001C00
006f 00029c00 MOV r10, r7
		 r10=00000007
0072 004e8010 LSH r10, 0010
		 r10=00070000
0075 0022ac00 ADD_270 r10, r11
0075 00229000 ADD_270 r10, r4
0075 002e9000 ADD r10, 0000
0075 0005a800 MOV r6, [r10]
		 read mem : c0554a86
		 r6=C0554A86
0081 007d80ff AND r6, 00ff
		 r6=00000086
0081 009dc08a JA r7 008a
008a 0011c000 DEC r7
008a 0002d000 MOV r11, r4
		 r11=00000030
0090 004ec008 LSH r11, 0008
		 r11=00003000
0093 00029c00 MOV r10, r7
		 r10=00000006
0096 004e8010 LSH r10, 0010
		 r10=00060000
0099 0022ac00 ADD_270 r10, r11
0099 00229800 ADD_270 r10, r6
0099 002e9000 ADD r10, 0000
0099 00056800 MOV r5, [r10]
		 read mem : 9c2fcb59
		 r5=9C2FCB59
00a5 007d40ff AND r5, 00ff
		 r5=00000059
00a5 009dc0ae JA r7 00ae
00ae 0011c000 DEC r7
00ae 0002d800 MOV r11, r6
		 r11=00000086
00b4 004ec008 LSH r11, 0008
		 r11=00008600
00b7 00029c00 MOV r10, r7
		 r10=00000005
00ba 004e8010 LSH r10, 0010
		 r10=00050000
00bd 0022ac00 ADD_270 r10, r11
00bd 00229400 ADD_270 r10, r5
00bd 002e9000 ADD r10, 0000
00bd 00052800 MOV r4, [r10]
		 read mem : 6f805658
		 r4=6F805658
00c9 007d00ff AND r4, 00ff
		 r4=00000058
00c9 009dc0d2 JA r7 00d2
00d2 0011c000 DEC r7
00d2 0002d400 MOV r11, r5
		 r11=00000059
00d8 004ec008 LSH r11, 0008
		 r11=00005900
00db 00029c00 MOV r10, r7
		 r10=00000004
00de 004e8010 LSH r10, 0010
		 r10=00040000
00e1 0022ac00 ADD_270 r10, r11
00e1 00229000 ADD_270 r10, r4
00e1 002e9000 ADD r10, 0000
00e1 0005a800 MOV r6, [r10]
		 read mem : 73f88ea1
		 r6=73F88EA1
00ed 007d80ff AND r6, 00ff
		 r6=000000a1
00ed 009dc0f6 JA r7 00f6
00f6 0011c000 DEC r7
00f6 00025800 MOV r9, r6
		 r9=000000A1
00fc 004e4008 LSH r9, 0008
		 r9=0000A100
00ff 00225000 ADD_270 r9, r4
00ff 00023800 MOV r8, r14
		 r8=00000010
0105 005e0003 RSH r8, 0003
		 r8=00000002
0108 007e0001 AND r8, 0001
		 r8=00000000
00cf8000 MOV [0X10000+r14], cst (0c 03 0e 00 0000)
010e 009e012f JA r8 012f
0111 00020c00 MOV r8, r3
		 r8=00004CF4
0114 0000f800 MOV r3, r14
		 r3=00000010
0117 002cc001 ADD r3, 0001
0117 0060c000 XOR r3, r0
		 r3=00004cf7
00ecc14a OP_e (0e 03 03 00 014a)
014a 009f8057 JA r14 0057
0057 00138000 DEC r14
0057 00010400 MOV r4, r1
		 r4=0000301C
005d 00015000 MOV r5, r4
		 r5=0000301C
0060 005d0008 RSH r4, 0008
		 r4=00000030
0063 007d00ff AND r4, 00ff
		 r4=00000030
0063 007d40ff AND r5, 00ff
		 r5=0000001c
0063 0002d400 MOV r11, r5
		 r11=0000001C
006c 004ec008 LSH r11, 0008
		 r11=00001C00
006f 00029c00 MOV r10, r7
		 r10=00000003
0072 004e8010 LSH r10, 0010
		 r10=00030000
0075 0022ac00 ADD_270 r10, r11
0075 00229000 ADD_270 r10, r4
0075 002e9000 ADD r10, 0000
0075 0005a800 MOV r6, [r10]
		 read mem : 994fc781
		 r6=994FC781
0081 007d80ff AND r6, 00ff
		 r6=00000081
0081 009dc08a JA r7 008a
008a 0011c000 DEC r7
008a 0002d000 MOV r11, r4
		 r11=00000030
0090 004ec008 LSH r11, 0008
		 r11=00003000
0093 00029c00 MOV r10, r7
		 r10=00000002
0096 004e8010 LSH r10, 0010
		 r10=00020000
0099 0022ac00 ADD_270 r10, r11
0099 00229800 ADD_270 r10, r6
0099 002e9000 ADD r10, 0000
0099 00056800 MOV r5, [r10]
		 read mem : b37098c1
		 r5=B37098C1
00a5 007d40ff AND r5, 00ff
		 r5=000000c1
00a5 009dc0ae JA r7 00ae
00ae 0011c000 DEC r7
00ae 0002d800 MOV r11, r6
		 r11=00000081
00b4 004ec008 LSH r11, 0008
		 r11=00008100
00b7 00029c00 MOV r10, r7
		 r10=00000001
00ba 004e8010 LSH r10, 0010
		 r10=00010000
00bd 0022ac00 ADD_270 r10, r11
00bd 00229400 ADD_270 r10, r5
00bd 002e9000 ADD r10, 0000
00bd 00052800 MOV r4, [r10]
		 read mem : e5266163
		 r4=E5266163
00c9 007d00ff AND r4, 00ff
		 r4=00000063
00c9 009dc0d2 JA r7 00d2
00d2 0011c000 DEC r7
00d2 0002d400 MOV r11, r5
		 r11=000000C1
00d8 004ec008 LSH r11, 0008
		 r11=0000C100
00db 00029c00 MOV r10, r7
		 r10=00000000
00de 004e8010 LSH r10, 0010
		 r10=00000000
00e1 0022ac00 ADD_270 r10, r11
00e1 00229000 ADD_270 r10, r4
00e1 002e9000 ADD r10, 0000
00e1 0005a800 MOV r6, [r10]
		 read mem : 130549d3
		 r6=130549D3
00ed 007d80ff AND r6, 00ff
		 r6=000000d3
00ed 009dc0f6 JA r7 00f6
00f3 000dc00a MOV r7, 000a
		 r7=0000000A
00f6 0011c000 DEC r7
00f6 00025800 MOV r9, r6
		 r9=000000D3
00fc 004e4008 LSH r9, 0008
		 r9=0000D300
00ff 00225000 ADD_270 r9, r4
00ff 00023800 MOV r8, r14
		 r8=0000000F
0105 005e0003 RSH r8, 0003
		 r8=00000001
0108 007e0001 AND r8, 0001
		 r8=00000001
00cf8000 MOV [0X10000+r14], cst (0c 03 0e 00 0000)
010e 009e012f JA r8 012f
012f 00020000 MOV r8, r0
		 r8=00004CE6
0132 00002400 MOV r0, r9
		 r0=0000D363
0135 00007800 MOV r1, r14
		 r1=0000000F
0138 002c4001 ADD r1, 0001
0138 00604000 XOR r1, r0
		 r1=0000d373
0138 00604800 XOR r1, r2
		 r1=0000af90
00ec414a OP_e (0e 03 01 00 014a)
014a 009f8057 JA r14 0057
0057 00138000 DEC r14
0057 00010400 MOV r4, r1
		 r4=0000AF90
005d 00015000 MOV r5, r4
		 r5=0000AF90
0060 005d0008 RSH r4, 0008
		 r4=000000AF
0063 007d00ff AND r4, 00ff
		 r4=000000af
0063 007d40ff AND r5, 00ff
		 r5=00000090
0063 0002d400 MOV r11, r5
		 r11=00000090
006c 004ec008 LSH r11, 0008
		 r11=00009000
006f 00029c00 MOV r10, r7
		 r10=00000009
0072 004e8010 LSH r10, 0010
		 r10=00090000
0075 0022ac00 ADD_270 r10, r11
0075 00229000 ADD_270 r10, r4
0075 002e9000 ADD r10, 0000
0075 0005a800 MOV r6, [r10]
		 read mem : cd1b8286
		 r6=CD1B8286
0081 007d80ff AND r6, 00ff
		 r6=00000086
0081 009dc08a JA r7 008a
008a 0011c000 DEC r7
008a 0002d000 MOV r11, r4
		 r11=000000AF
0090 004ec008 LSH r11, 0008
		 r11=0000AF00
0093 00029c00 MOV r10, r7
		 r10=00000008
0096 004e8010 LSH r10, 0010
		 r10=00080000
0099 0022ac00 ADD_270 r10, r11
0099 00229800 ADD_270 r10, r6
0099 002e9000 ADD r10, 0000
0099 00056800 MOV r5, [r10]
		 read mem : 07e55082
		 r5=07E55082
00a5 007d40ff AND r5, 00ff
		 r5=00000082
00a5 009dc0ae JA r7 00ae
00ae 0011c000 DEC r7
00ae 0002d800 MOV r11, r6
		 r11=00000086
00b4 004ec008 LSH r11, 0008
		 r11=00008600
00b7 00029c00 MOV r10, r7
		 r10=00000007
00ba 004e8010 LSH r10, 0010
		 r10=00070000
00bd 0022ac00 ADD_270 r10, r11
00bd 00229400 ADD_270 r10, r5
00bd 002e9000 ADD r10, 0000
00bd 00052800 MOV r4, [r10]
		 read mem : 70156ab2
		 r4=70156AB2
00c9 007d00ff AND r4, 00ff
		 r4=000000b2
00c9 009dc0d2 JA r7 00d2
00d2 0011c000 DEC r7
00d2 0002d400 MOV r11, r5
		 r11=00000082
00d8 004ec008 LSH r11, 0008
		 r11=00008200
00db 00029c00 MOV r10, r7
		 r10=00000006
00de 004e8010 LSH r10, 0010
		 r10=00060000
00e1 0022ac00 ADD_270 r10, r11
00e1 00229000 ADD_270 r10, r4
00e1 002e9000 ADD r10, 0000
00e1 0005a800 MOV r6, [r10]
		 read mem : 1900e395
		 r6=1900E395
00ed 007d80ff AND r6, 00ff
		 r6=00000095
00ed 009dc0f6 JA r7 00f6
00f6 0011c000 DEC r7
00f6 00025800 MOV r9, r6
		 r9=00000095
00fc 004e4008 LSH r9, 0008
		 r9=00009500
00ff 00225000 ADD_270 r9, r4
00ff 00023800 MOV r8, r14
		 r8=0000000E
0105 005e0003 RSH r8, 0003
		 r8=00000001
0108 007e0001 AND r8, 0001
		 r8=00000001
00cf8000 MOV [0X10000+r14], cst (0c 03 0e 00 0000)
010e 009e012f JA r8 012f
012f 00020000 MOV r8, r0
		 r8=0000D363
0132 00002400 MOV r0, r9
		 r0=000095B2
0135 00007800 MOV r1, r14
		 r1=0000000E
0138 002c4001 ADD r1, 0001
0138 00604000 XOR r1, r0
		 r1=000095bd
0138 00604800 XOR r1, r2
		 r1=0000e95e
00ec414a OP_e (0e 03 01 00 014a)
014a 009f8057 JA r14 0057
0057 00138000 DEC r14
0057 00010400 MOV r4, r1
		 r4=0000E95E
005d 00015000 MOV r5, r4
		 r5=0000E95E
0060 005d0008 RSH r4, 0008
		 r4=000000E9
0063 007d00ff AND r4, 00ff
		 r4=000000e9
0063 007d40ff AND r5, 00ff
		 r5=0000005e
0063 0002d400 MOV r11, r5
		 r11=0000005E
006c 004ec008 LSH r11, 0008
		 r11=00005E00
006f 00029c00 MOV r10, r7
		 r10=00000005
0072 004e8010 LSH r10, 0010
		 r10=00050000
0075 0022ac00 ADD_270 r10, r11
0075 00229000 ADD_270 r10, r4
0075 002e9000 ADD r10, 0000
0075 0005a800 MOV r6, [r10]
		 read mem : 3d2a3411
		 r6=3D2A3411
0081 007d80ff AND r6, 00ff
		 r6=00000011
0081 009dc08a JA r7 008a
008a 0011c000 DEC r7
008a 0002d000 MOV r11, r4
		 r11=000000E9
0090 004ec008 LSH r11, 0008
		 r11=0000E900
0093 00029c00 MOV r10, r7
		 r10=00000004
0096 004e8010 LSH r10, 0010
		 r10=00040000
0099 0022ac00 ADD_270 r10, r11
0099 00229800 ADD_270 r10, r6
0099 002e9000 ADD r10, 0000
0099 00056800 MOV r5, [r10]
		 read mem : e1e2d75b
		 r5=E1E2D75B
00a5 007d40ff AND r5, 00ff
		 r5=0000005b
00a5 009dc0ae JA r7 00ae
00ae 0011c000 DEC r7
00ae 0002d800 MOV r11, r6
		 r11=00000011
00b4 004ec008 LSH r11, 0008
		 r11=00001100
00b7 00029c00 MOV r10, r7
		 r10=00000003
00ba 004e8010 LSH r10, 0010
		 r10=00030000
00bd 0022ac00 ADD_270 r10, r11
00bd 00229400 ADD_270 r10, r5
00bd 002e9000 ADD r10, 0000
00bd 00052800 MOV r4, [r10]
		 read mem : fef10e7d
		 r4=FEF10E7D
00c9 007d00ff AND r4, 00ff
		 r4=0000007d
00c9 009dc0d2 JA r7 00d2
00d2 0011c000 DEC r7
00d2 0002d400 MOV r11, r5
		 r11=0000005B
00d8 004ec008 LSH r11, 0008
		 r11=00005B00
00db 00029c00 MOV r10, r7
		 r10=00000002
00de 004e8010 LSH r10, 0010
		 r10=00020000
00e1 0022ac00 ADD_270 r10, r11
00e1 00229000 ADD_270 r10, r4
00e1 002e9000 ADD r10, 0000
00e1 0005a800 MOV r6, [r10]
		 read mem : 9f769fd0
		 r6=9F769FD0
00ed 007d80ff AND r6, 00ff
		 r6=000000d0
00ed 009dc0f6 JA r7 00f6
00f6 0011c000 DEC r7
00f6 00025800 MOV r9, r6
		 r9=000000D0
00fc 004e4008 LSH r9, 0008
		 r9=0000D000
00ff 00225000 ADD_270 r9, r4
00ff 00023800 MOV r8, r14
		 r8=0000000D
0105 005e0003 RSH r8, 0003
		 r8=00000001
0108 007e0001 AND r8, 0001
		 r8=00000001
00cf8000 MOV [0X10000+r14], cst (0c 03 0e 00 0000)
010e 009e012f JA r8 012f
012f 00020000 MOV r8, r0
		 r8=000095B2
0132 00002400 MOV r0, r9
		 r0=0000D07D
0135 00007800 MOV r1, r14
		 r1=0000000D
0138 002c4001 ADD r1, 0001
0138 00604000 XOR r1, r0
		 r1=0000d073
0138 00604800 XOR r1, r2
		 r1=0000ac90
00ec414a OP_e (0e 03 01 00 014a)
014a 009f8057 JA r14 0057
0057 00138000 DEC r14
0057 00010400 MOV r4, r1
		 r4=0000AC90
005d 00015000 MOV r5, r4
		 r5=0000AC90
0060 005d0008 RSH r4, 0008
		 r4=000000AC
0063 007d00ff AND r4, 00ff
		 r4=000000ac
0063 007d40ff AND r5, 00ff
		 r5=00000090
0063 0002d400 MOV r11, r5
		 r11=00000090
006c 004ec008 LSH r11, 0008
		 r11=00009000
006f 00029c00 MOV r10, r7
		 r10=00000001
0072 004e8010 LSH r10, 0010
		 r10=00010000
0075 0022ac00 ADD_270 r10, r11
0075 00229000 ADD_270 r10, r4
0075 002e9000 ADD r10, 0000
0075 0005a800 MOV r6, [r10]
		 read mem : 9c290144
		 r6=9C290144
0081 007d80ff AND r6, 00ff
		 r6=00000044
0081 009dc08a JA r7 008a
008a 0011c000 DEC r7
008a 0002d000 MOV r11, r4
		 r11=000000AC
0090 004ec008 LSH r11, 0008
		 r11=0000AC00
0093 00029c00 MOV r10, r7
		 r10=00000000
0096 004e8010 LSH r10, 0010
		 r10=00000000
0099 0022ac00 ADD_270 r10, r11
0099 00229800 ADD_270 r10, r6
0099 002e9000 ADD r10, 0000
0099 00056800 MOV r5, [r10]
		 read mem : 7e8c5fca
		 r5=7E8C5FCA
00a5 007d40ff AND r5, 00ff
		 r5=000000ca
00a5 009dc0ae JA r7 00ae
00ab 000dc00a MOV r7, 000a
		 r7=0000000A
00ae 0011c000 DEC r7
00ae 0002d800 MOV r11, r6
		 r11=00000044
00b4 004ec008 LSH r11, 0008
		 r11=00004400
00b7 00029c00 MOV r10, r7
		 r10=00000009
00ba 004e8010 LSH r10, 0010
		 r10=00090000
00bd 0022ac00 ADD_270 r10, r11
00bd 00229400 ADD_270 r10, r5
00bd 002e9000 ADD r10, 0000
00bd 00052800 MOV r4, [r10]
		 read mem : 321829f7
		 r4=321829F7
00c9 007d00ff AND r4, 00ff
		 r4=000000f7
00c9 009dc0d2 JA r7 00d2
00d2 0011c000 DEC r7
00d2 0002d400 MOV r11, r5
		 r11=000000CA
00d8 004ec008 LSH r11, 0008
		 r11=0000CA00
00db 00029c00 MOV r10, r7
		 r10=00000008
00de 004e8010 LSH r10, 0010
		 r10=00080000
00e1 0022ac00 ADD_270 r10, r11
00e1 00229000 ADD_270 r10, r4
00e1 002e9000 ADD r10, 0000
00e1 0005a800 MOV r6, [r10]
		 read mem : f9d5c4f1
		 r6=F9D5C4F1
00ed 007d80ff AND r6, 00ff
		 r6=000000f1
00ed 009dc0f6 JA r7 00f6
00f6 0011c000 DEC r7
00f6 00025800 MOV r9, r6
		 r9=000000F1
00fc 004e4008 LSH r9, 0008
		 r9=0000F100
00ff 00225000 ADD_270 r9, r4
00ff 00023800 MOV r8, r14
		 r8=0000000C
0105 005e0003 RSH r8, 0003
		 r8=00000001
0108 007e0001 AND r8, 0001
		 r8=00000001
00cf8000 MOV [0X10000+r14], cst (0c 03 0e 00 0000)
010e 009e012f JA r8 012f
012f 00020000 MOV r8, r0
		 r8=0000D07D
0132 00002400 MOV r0, r9
		 r0=0000F1F7
0135 00007800 MOV r1, r14
		 r1=0000000C
0138 002c4001 ADD r1, 0001
0138 00604000 XOR r1, r0
		 r1=0000f1fa
0138 00604800 XOR r1, r2
		 r1=00008d19
00ec414a OP_e (0e 03 01 00 014a)
014a 009f8057 JA r14 0057
0057 00138000 DEC r14
0057 00010400 MOV r4, r1
		 r4=00008D19
005d 00015000 MOV r5, r4
		 r5=00008D19
0060 005d0008 RSH r4, 0008
		 r4=0000008D
0063 007d00ff AND r4, 00ff
		 r4=0000008d
0063 007d40ff AND r5, 00ff
		 r5=00000019
0063 0002d400 MOV r11, r5
		 r11=00000019
006c 004ec008 LSH r11, 0008
		 r11=00001900
006f 00029c00 MOV r10, r7
		 r10=00000007
0072 004e8010 LSH r10, 0010
		 r10=00070000
0075 0022ac00 ADD_270 r10, r11
0075 00229000 ADD_270 r10, r4
0075 002e9000 ADD r10, 0000
0075 0005a800 MOV r6, [r10]
		 read mem : 36bfc738
		 r6=36BFC738
0081 007d80ff AND r6, 00ff
		 r6=00000038
0081 009dc08a JA r7 008a
008a 0011c000 DEC r7
008a 0002d000 MOV r11, r4
		 r11=0000008D
0090 004ec008 LSH r11, 0008
		 r11=00008D00
0093 00029c00 MOV r10, r7
		 r10=00000006
0096 004e8010 LSH r10, 0010
		 r10=00060000
0099 0022ac00 ADD_270 r10, r11
0099 00229800 ADD_270 r10, r6
0099 002e9000 ADD r10, 0000
0099 00056800 MOV r5, [r10]
		 read mem : f68b2281
		 r5=F68B2281
00a5 007d40ff AND r5, 00ff
		 r5=00000081
00a5 009dc0ae JA r7 00ae
00ae 0011c000 DEC r7
00ae 0002d800 MOV r11, r6
		 r11=00000038
00b4 004ec008 LSH r11, 0008
		 r11=00003800
00b7 00029c00 MOV r10, r7
		 r10=00000005
00ba 004e8010 LSH r10, 0010
		 r10=00050000
00bd 0022ac00 ADD_270 r10, r11
00bd 00229400 ADD_270 r10, r5
00bd 002e9000 ADD r10, 0000
00bd 00052800 MOV r4, [r10]
		 read mem : b1a6c7ee
		 r4=B1A6C7EE
00c9 007d00ff AND r4, 00ff
		 r4=000000ee
00c9 009dc0d2 JA r7 00d2
00d2 0011c000 DEC r7
00d2 0002d400 MOV r11, r5
		 r11=00000081
00d8 004ec008 LSH r11, 0008
		 r11=00008100
00db 00029c00 MOV r10, r7
		 r10=00000004
00de 004e8010 LSH r10, 0010
		 r10=00040000
00e1 0022ac00 ADD_270 r10, r11
00e1 00229000 ADD_270 r10, r4
00e1 002e9000 ADD r10, 0000
00e1 0005a800 MOV r6, [r10]
		 read mem : 94587676
		 r6=94587676
00ed 007d80ff AND r6, 00ff
		 r6=00000076
00ed 009dc0f6 JA r7 00f6
00f6 0011c000 DEC r7
00f6 00025800 MOV r9, r6
		 r9=00000076
00fc 004e4008 LSH r9, 0008
		 r9=00007600
00ff 00225000 ADD_270 r9, r4
00ff 00023800 MOV r8, r14
		 r8=0000000B
0105 005e0003 RSH r8, 0003
		 r8=00000001
0108 007e0001 AND r8, 0001
		 r8=00000001
00cf8000 MOV [0X10000+r14], cst (0c 03 0e 00 0000)
010e 009e012f JA r8 012f
012f 00020000 MOV r8, r0
		 r8=0000F1F7
0132 00002400 MOV r0, r9
		 r0=000076EE
0135 00007800 MOV r1, r14
		 r1=0000000B
0138 002c4001 ADD r1, 0001
0138 00604000 XOR r1, r0
		 r1=000076e2
0138 00604800 XOR r1, r2
		 r1=00000a01
00ec414a OP_e (0e 03 01 00 014a)
014a 009f8057 JA r14 0057
0057 00138000 DEC r14
0057 00010400 MOV r4, r1
		 r4=00000A01
005d 00015000 MOV r5, r4
		 r5=00000A01
0060 005d0008 RSH r4, 0008
		 r4=0000000A
0063 007d00ff AND r4, 00ff
		 r4=0000000a
0063 007d40ff AND r5, 00ff
		 r5=00000001
0063 0002d400 MOV r11, r5
		 r11=00000001
006c 004ec008 LSH r11, 0008
		 r11=00000100
006f 00029c00 MOV r10, r7
		 r10=00000003
0072 004e8010 LSH r10, 0010
		 r10=00030000
0075 0022ac00 ADD_270 r10, r11
0075 00229000 ADD_270 r10, r4
0075 002e9000 ADD r10, 0000
0075 0005a800 MOV r6, [r10]
		 read mem : be3658e5
		 r6=BE3658E5
0081 007d80ff AND r6, 00ff
		 r6=000000e5
0081 009dc08a JA r7 008a
008a 0011c000 DEC r7
008a 0002d000 MOV r11, r4
		 r11=0000000A
0090 004ec008 LSH r11, 0008
		 r11=00000A00
0093 00029c00 MOV r10, r7
		 r10=00000002
0096 004e8010 LSH r10, 0010
		 r10=00020000
0099 0022ac00 ADD_270 r10, r11
0099 00229800 ADD_270 r10, r6
0099 002e9000 ADD r10, 0000
0099 00056800 MOV r5, [r10]
		 read mem : 7fd1d8e5
		 r5=7FD1D8E5
00a5 007d40ff AND r5, 00ff
		 r5=000000e5
00a5 009dc0ae JA r7 00ae
00ae 0011c000 DEC r7
00ae 0002d800 MOV r11, r6
		 r11=000000E5
00b4 004ec008 LSH r11, 0008
		 r11=0000E500
00b7 00029c00 MOV r10, r7
		 r10=00000001
00ba 004e8010 LSH r10, 0010
		 r10=00010000
00bd 0022ac00 ADD_270 r10, r11
00bd 00229400 ADD_270 r10, r5
00bd 002e9000 ADD r10, 0000
00bd 00052800 MOV r4, [r10]
		 read mem : 9f9681c5
		 r4=9F9681C5
00c9 007d00ff AND r4, 00ff
		 r4=000000c5
00c9 009dc0d2 JA r7 00d2
00d2 0011c000 DEC r7
00d2 0002d400 MOV r11, r5
		 r11=000000E5
00d8 004ec008 LSH r11, 0008
		 r11=0000E500
00db 00029c00 MOV r10, r7
		 r10=00000000
00de 004e8010 LSH r10, 0010
		 r10=00000000
00e1 0022ac00 ADD_270 r10, r11
00e1 00229000 ADD_270 r10, r4
00e1 002e9000 ADD r10, 0000
00e1 0005a800 MOV r6, [r10]
		 read mem : 13c474dd
		 r6=13C474DD
00ed 007d80ff AND r6, 00ff
		 r6=000000dd
00ed 009dc0f6 JA r7 00f6
00f3 000dc00a MOV r7, 000a
		 r7=0000000A
00f6 0011c000 DEC r7
00f6 00025800 MOV r9, r6
		 r9=000000DD
00fc 004e4008 LSH r9, 0008
		 r9=0000DD00
00ff 00225000 ADD_270 r9, r4
00ff 00023800 MOV r8, r14
		 r8=0000000A
0105 005e0003 RSH r8, 0003
		 r8=00000001
0108 007e0001 AND r8, 0001
		 r8=00000001
00cf8000 MOV [0X10000+r14], cst (0c 03 0e 00 0000)
010e 009e012f JA r8 012f
012f 00020000 MOV r8, r0
		 r8=000076EE
0132 00002400 MOV r0, r9
		 r0=0000DDC5
0135 00007800 MOV r1, r14
		 r1=0000000A
0138 002c4001 ADD r1, 0001
0138 00604000 XOR r1, r0
		 r1=0000ddce
0138 00604800 XOR r1, r2
		 r1=0000a12d
00ec414a OP_e (0e 03 01 00 014a)
014a 009f8057 JA r14 0057
0057 00138000 DEC r14
0057 00010400 MOV r4, r1
		 r4=0000A12D
005d 00015000 MOV r5, r4
		 r5=0000A12D
0060 005d0008 RSH r4, 0008
		 r4=000000A1
0063 007d00ff AND r4, 00ff
		 r4=000000a1
0063 007d40ff AND r5, 00ff
		 r5=0000002d
0063 0002d400 MOV r11, r5
		 r11=0000002D
006c 004ec008 LSH r11, 0008
		 r11=00002D00
006f 00029c00 MOV r10, r7
		 r10=00000009
0072 004e8010 LSH r10, 0010
		 r10=00090000
0075 0022ac00 ADD_270 r10, r11
0075 00229000 ADD_270 r10, r4
0075 002e9000 ADD r10, 0000
0075 0005a800 MOV r6, [r10]
		 read mem : 0a7df574
		 r6=0A7DF574
0081 007d80ff AND r6, 00ff
		 r6=00000074
0081 009dc08a JA r7 008a
008a 0011c000 DEC r7
008a 0002d000 MOV r11, r4
		 r11=000000A1
0090 004ec008 LSH r11, 0008
		 r11=0000A100
0093 00029c00 MOV r10, r7
		 r10=00000008
0096 004e8010 LSH r10, 0010
		 r10=00080000
0099 0022ac00 ADD_270 r10, r11
0099 00229800 ADD_270 r10, r6
0099 002e9000 ADD r10, 0000
0099 00056800 MOV r5, [r10]
		 read mem : 502656de
		 r5=502656DE
00a5 007d40ff AND r5, 00ff
		 r5=000000de
00a5 009dc0ae JA r7 00ae
00ae 0011c000 DEC r7
00ae 0002d800 MOV r11, r6
		 r11=00000074
00b4 004ec008 LSH r11, 0008
		 r11=00007400
00b7 00029c00 MOV r10, r7
		 r10=00000007
00ba 004e8010 LSH r10, 0010
		 r10=00070000
00bd 0022ac00 ADD_270 r10, r11
00bd 00229400 ADD_270 r10, r5
00bd 002e9000 ADD r10, 0000
00bd 00052800 MOV r4, [r10]
		 read mem : b850903d
		 r4=B850903D
00c9 007d00ff AND r4, 00ff
		 r4=0000003d
00c9 009dc0d2 JA r7 00d2
00d2 0011c000 DEC r7
00d2 0002d400 MOV r11, r5
		 r11=000000DE
00d8 004ec008 LSH r11, 0008
		 r11=0000DE00
00db 00029c00 MOV r10, r7
		 r10=00000006
00de 004e8010 LSH r10, 0010
		 r10=00060000
00e1 0022ac00 ADD_270 r10, r11
00e1 00229000 ADD_270 r10, r4
00e1 002e9000 ADD r10, 0000
00e1 0005a800 MOV r6, [r10]
		 read mem : 5392da26
		 r6=5392DA26
00ed 007d80ff AND r6, 00ff
		 r6=00000026
00ed 009dc0f6 JA r7 00f6
00f6 0011c000 DEC r7
00f6 00025800 MOV r9, r6
		 r9=00000026
00fc 004e4008 LSH r9, 0008
		 r9=00002600
00ff 00225000 ADD_270 r9, r4
00ff 00023800 MOV r8, r14
		 r8=00000009
0105 005e0003 RSH r8, 0003
		 r8=00000001
0108 007e0001 AND r8, 0001
		 r8=00000001
00cf8000 MOV [0X10000+r14], cst (0c 03 0e 00 0000)
010e 009e012f JA r8 012f
012f 00020000 MOV r8, r0
		 r8=0000DDC5
0132 00002400 MOV r0, r9
		 r0=0000263D
0135 00007800 MOV r1, r14
		 r1=00000009
0138 002c4001 ADD r1, 0001
0138 00604000 XOR r1, r0
		 r1=00002637
0138 00604800 XOR r1, r2
		 r1=00005ad4
00ec414a OP_e (0e 03 01 00 014a)
014a 009f8057 JA r14 0057
0057 00138000 DEC r14
0057 00010400 MOV r4, r1
		 r4=00005AD4
005d 00015000 MOV r5, r4
		 r5=00005AD4
0060 005d0008 RSH r4, 0008
		 r4=0000005A
0063 007d00ff AND r4, 00ff
		 r4=0000005a
0063 007d40ff AND r5, 00ff
		 r5=000000d4
0063 0002d400 MOV r11, r5
		 r11=000000D4
006c 004ec008 LSH r11, 0008
		 r11=0000D400
006f 00029c00 MOV r10, r7
		 r10=00000005
0072 004e8010 LSH r10, 0010
		 r10=00050000
0075 0022ac00 ADD_270 r10, r11
0075 00229000 ADD_270 r10, r4
0075 002e9000 ADD r10, 0000
0075 0005a800 MOV r6, [r10]
		 read mem : 8f2c9998
		 r6=8F2C9998
0081 007d80ff AND r6, 00ff
		 r6=00000098
0081 009dc08a JA r7 008a
008a 0011c000 DEC r7
008a 0002d000 MOV r11, r4
		 r11=0000005A
0090 004ec008 LSH r11, 0008
		 r11=00005A00
0093 00029c00 MOV r10, r7
		 r10=00000004
0096 004e8010 LSH r10, 0010
		 r10=00040000
0099 0022ac00 ADD_270 r10, r11
0099 00229800 ADD_270 r10, r6
0099 002e9000 ADD r10, 0000
0099 00056800 MOV r5, [r10]
		 read mem : 1e001861
		 r5=1E001861
00a5 007d40ff AND r5, 00ff
		 r5=00000061
00a5 009dc0ae JA r7 00ae
00ae 0011c000 DEC r7
00ae 0002d800 MOV r11, r6
		 r11=00000098
00b4 004ec008 LSH r11, 0008
		 r11=00009800
00b7 00029c00 MOV r10, r7
		 r10=00000003
00ba 004e8010 LSH r10, 0010
		 r10=00030000
00bd 0022ac00 ADD_270 r10, r11
00bd 00229400 ADD_270 r10, r5
00bd 002e9000 ADD r10, 0000
00bd 00052800 MOV r4, [r10]
		 read mem : c57ad974
		 r4=C57AD974
00c9 007d00ff AND r4, 00ff
		 r4=00000074
00c9 009dc0d2 JA r7 00d2
00d2 0011c000 DEC r7
00d2 0002d400 MOV r11, r5
		 r11=00000061
00d8 004ec008 LSH r11, 0008
		 r11=00006100
00db 00029c00 MOV r10, r7
		 r10=00000002
00de 004e8010 LSH r10, 0010
		 r10=00020000
00e1 0022ac00 ADD_270 r10, r11
00e1 00229000 ADD_270 r10, r4
00e1 002e9000 ADD r10, 0000
00e1 0005a800 MOV r6, [r10]
		 read mem : 8a5fc677
		 r6=8A5FC677
00ed 007d80ff AND r6, 00ff
		 r6=00000077
00ed 009dc0f6 JA r7 00f6
00f6 0011c000 DEC r7
00f6 00025800 MOV r9, r6
		 r9=00000077
00fc 004e4008 LSH r9, 0008
		 r9=00007700
00ff 00225000 ADD_270 r9, r4
00ff 00023800 MOV r8, r14
		 r8=00000008
0105 005e0003 RSH r8, 0003
		 r8=00000001
0108 007e0001 AND r8, 0001
		 r8=00000001
00cf8000 MOV [0X10000+r14], cst (0c 03 0e 00 0000)
010e 009e012f JA r8 012f
012f 00020000 MOV r8, r0
		 r8=0000263D
0132 00002400 MOV r0, r9
		 r0=00007774
0135 00007800 MOV r1, r14
		 r1=00000008
0138 002c4001 ADD r1, 0001
0138 00604000 XOR r1, r0
		 r1=0000777d
0138 00604800 XOR r1, r2
		 r1=00000b9e
00ec414a OP_e (0e 03 01 00 014a)
014a 009f8057 JA r14 0057
0057 00138000 DEC r14
0057 00010400 MOV r4, r1
		 r4=00000B9E
005d 00015000 MOV r5, r4
		 r5=00000B9E
0060 005d0008 RSH r4, 0008
		 r4=0000000B
0063 007d00ff AND r4, 00ff
		 r4=0000000b
0063 007d40ff AND r5, 00ff
		 r5=0000009e
0063 0002d400 MOV r11, r5
		 r11=0000009E
006c 004ec008 LSH r11, 0008
		 r11=00009E00
006f 00029c00 MOV r10, r7
		 r10=00000001
0072 004e8010 LSH r10, 0010
		 r10=00010000
0075 0022ac00 ADD_270 r10, r11
0075 00229000 ADD_270 r10, r4
0075 002e9000 ADD r10, 0000
0075 0005a800 MOV r6, [r10]
		 read mem : 4fb6e85b
		 r6=4FB6E85B
0081 007d80ff AND r6, 00ff
		 r6=0000005b
0081 009dc08a JA r7 008a
008a 0011c000 DEC r7
008a 0002d000 MOV r11, r4
		 r11=0000000B
0090 004ec008 LSH r11, 0008
		 r11=00000B00
0093 00029c00 MOV r10, r7
		 r10=00000000
0096 004e8010 LSH r10, 0010
		 r10=00000000
0099 0022ac00 ADD_270 r10, r11
0099 00229800 ADD_270 r10, r6
0099 002e9000 ADD r10, 0000
0099 00056800 MOV r5, [r10]
		 read mem : 12dc038f
		 r5=12DC038F
00a5 007d40ff AND r5, 00ff
		 r5=0000008f
00a5 009dc0ae JA r7 00ae
00ab 000dc00a MOV r7, 000a
		 r7=0000000A
00ae 0011c000 DEC r7
00ae 0002d800 MOV r11, r6
		 r11=0000005B
00b4 004ec008 LSH r11, 0008
		 r11=00005B00
00b7 00029c00 MOV r10, r7
		 r10=00000009
00ba 004e8010 LSH r10, 0010
		 r10=00090000
00bd 0022ac00 ADD_270 r10, r11
00bd 00229400 ADD_270 r10, r5
00bd 002e9000 ADD r10, 0000
00bd 00052800 MOV r4, [r10]
		 read mem : 9ced67ec
		 r4=9CED67EC
00c9 007d00ff AND r4, 00ff
		 r4=000000ec
00c9 009dc0d2 JA r7 00d2
00d2 0011c000 DEC r7
00d2 0002d400 MOV r11, r5
		 r11=0000008F
00d8 004ec008 LSH r11, 0008
		 r11=00008F00
00db 00029c00 MOV r10, r7
		 r10=00000008
00de 004e8010 LSH r10, 0010
		 r10=00080000
00e1 0022ac00 ADD_270 r10, r11
00e1 00229000 ADD_270 r10, r4
00e1 002e9000 ADD r10, 0000
00e1 0005a800 MOV r6, [r10]
		 read mem : 397f36f0
		 r6=397F36F0
00ed 007d80ff AND r6, 00ff
		 r6=000000f0
00ed 009dc0f6 JA r7 00f6
00f6 0011c000 DEC r7
00f6 00025800 MOV r9, r6
		 r9=000000F0
00fc 004e4008 LSH r9, 0008
		 r9=0000F000
00ff 00225000 ADD_270 r9, r4
00ff 00023800 MOV r8, r14
		 r8=00000007
0105 005e0003 RSH r8, 0003
		 r8=00000000
0108 007e0001 AND r8, 0001
		 r8=00000000
00cf8000 MOV [0X10000+r14], cst (0c 03 0e 00 0000)
010e 009e012f JA r8 012f
0111 00020c00 MOV r8, r3
		 r8=00004CF7
0114 0000f800 MOV r3, r14
		 r3=00000007
0117 002cc001 ADD r3, 0001
0117 0060c000 XOR r3, r0
		 r3=0000777c
00ecc14a OP_e (0e 03 03 00 014a)
014a 009f8057 JA r14 0057
0057 00138000 DEC r14
0057 00010400 MOV r4, r1
		 r4=00000B9E
005d 00015000 MOV r5, r4
		 r5=00000B9E
0060 005d0008 RSH r4, 0008
		 r4=0000000B
0063 007d00ff AND r4, 00ff
		 r4=0000000b
0063 007d40ff AND r5, 00ff
		 r5=0000009e
0063 0002d400 MOV r11, r5
		 r11=0000009E
006c 004ec008 LSH r11, 0008
		 r11=00009E00
006f 00029c00 MOV r10, r7
		 r10=00000007
0072 004e8010 LSH r10, 0010
		 r10=00070000
0075 0022ac00 ADD_270 r10, r11
0075 00229000 ADD_270 r10, r4
0075 002e9000 ADD r10, 0000
0075 0005a800 MOV r6, [r10]
		 read mem : 9b1363d5
		 r6=9B1363D5
0081 007d80ff AND r6, 00ff
		 r6=000000d5
0081 009dc08a JA r7 008a
008a 0011c000 DEC r7
008a 0002d000 MOV r11, r4
		 r11=0000000B
0090 004ec008 LSH r11, 0008
		 r11=00000B00
0093 00029c00 MOV r10, r7
		 r10=00000006
0096 004e8010 LSH r10, 0010
		 r10=00060000
0099 0022ac00 ADD_270 r10, r11
0099 00229800 ADD_270 r10, r6
0099 002e9000 ADD r10, 0000
0099 00056800 MOV r5, [r10]
		 read mem : 1a7ba440
		 r5=1A7BA440
00a5 007d40ff AND r5, 00ff
		 r5=00000040
00a5 009dc0ae JA r7 00ae
00ae 0011c000 DEC r7
00ae 0002d800 MOV r11, r6
		 r11=000000D5
00b4 004ec008 LSH r11, 0008
		 r11=0000D500
00b7 00029c00 MOV r10, r7
		 r10=00000005
00ba 004e8010 LSH r10, 0010
		 r10=00050000
00bd 0022ac00 ADD_270 r10, r11
00bd 00229400 ADD_270 r10, r5
00bd 002e9000 ADD r10, 0000
00bd 00052800 MOV r4, [r10]
		 read mem : 239d5046
		 r4=239D5046
00c9 007d00ff AND r4, 00ff
		 r4=00000046
00c9 009dc0d2 JA r7 00d2
00d2 0011c000 DEC r7
00d2 0002d400 MOV r11, r5
		 r11=00000040
00d8 004ec008 LSH r11, 0008
		 r11=00004000
00db 00029c00 MOV r10, r7
		 r10=00000004
00de 004e8010 LSH r10, 0010
		 r10=00040000
00e1 0022ac00 ADD_270 r10, r11
00e1 00229000 ADD_270 r10, r4
00e1 002e9000 ADD r10, 0000
00e1 0005a800 MOV r6, [r10]
		 read mem : cd8bbbc4
		 r6=CD8BBBC4
00ed 007d80ff AND r6, 00ff
		 r6=000000c4
00ed 009dc0f6 JA r7 00f6
00f6 0011c000 DEC r7
00f6 00025800 MOV r9, r6
		 r9=000000C4
00fc 004e4008 LSH r9, 0008
		 r9=0000C400
00ff 00225000 ADD_270 r9, r4
00ff 00023800 MOV r8, r14
		 r8=00000006
0105 005e0003 RSH r8, 0003
		 r8=00000000
0108 007e0001 AND r8, 0001
		 r8=00000000
00cf8000 MOV [0X10000+r14], cst (0c 03 0e 00 0000)
010e 009e012f JA r8 012f
0111 00020c00 MOV r8, r3
		 r8=0000777C
0114 0000f800 MOV r3, r14
		 r3=00000006
0117 002cc001 ADD r3, 0001
0117 0060c000 XOR r3, r0
		 r3=00007773
00ecc14a OP_e (0e 03 03 00 014a)
014a 009f8057 JA r14 0057
0057 00138000 DEC r14
0057 00010400 MOV r4, r1
		 r4=00000B9E
005d 00015000 MOV r5, r4
		 r5=00000B9E
0060 005d0008 RSH r4, 0008
		 r4=0000000B
0063 007d00ff AND r4, 00ff
		 r4=0000000b
0063 007d40ff AND r5, 00ff
		 r5=0000009e
0063 0002d400 MOV r11, r5
		 r11=0000009E
006c 004ec008 LSH r11, 0008
		 r11=00009E00
006f 00029c00 MOV r10, r7
		 r10=00000003
0072 004e8010 LSH r10, 0010
		 r10=00030000
0075 0022ac00 ADD_270 r10, r11
0075 00229000 ADD_270 r10, r4
0075 002e9000 ADD r10, 0000
0075 0005a800 MOV r6, [r10]
		 read mem : 5cfa317b
		 r6=5CFA317B
0081 007d80ff AND r6, 00ff
		 r6=0000007b
0081 009dc08a JA r7 008a
008a 0011c000 DEC r7
008a 0002d000 MOV r11, r4
		 r11=0000000B
0090 004ec008 LSH r11, 0008
		 r11=00000B00
0093 00029c00 MOV r10, r7
		 r10=00000002
0096 004e8010 LSH r10, 0010
		 r10=00020000
0099 0022ac00 ADD_270 r10, r11
0099 00229800 ADD_270 r10, r6
0099 002e9000 ADD r10, 0000
0099 00056800 MOV r5, [r10]
		 read mem : 27bfb4b0
		 r5=27BFB4B0
00a5 007d40ff AND r5, 00ff
		 r5=000000b0
00a5 009dc0ae JA r7 00ae
00ae 0011c000 DEC r7
00ae 0002d800 MOV r11, r6
		 r11=0000007B
00b4 004ec008 LSH r11, 0008
		 r11=00007B00
00b7 00029c00 MOV r10, r7
		 r10=00000001
00ba 004e8010 LSH r10, 0010
		 r10=00010000
00bd 0022ac00 ADD_270 r10, r11
00bd 00229400 ADD_270 r10, r5
00bd 002e9000 ADD r10, 0000
00bd 00052800 MOV r4, [r10]
		 read mem : e08dfdd5
		 r4=E08DFDD5
00c9 007d00ff AND r4, 00ff
		 r4=000000d5
00c9 009dc0d2 JA r7 00d2
00d2 0011c000 DEC r7
00d2 0002d400 MOV r11, r5
		 r11=000000B0
00d8 004ec008 LSH r11, 0008
		 r11=0000B000
00db 00029c00 MOV r10, r7
		 r10=00000000
00de 004e8010 LSH r10, 0010
		 r10=00000000
00e1 0022ac00 ADD_270 r10, r11
00e1 00229000 ADD_270 r10, r4
00e1 002e9000 ADD r10, 0000
00e1 0005a800 MOV r6, [r10]
		 read mem : 5a2fd309
		 r6=5A2FD309
00ed 007d80ff AND r6, 00ff
		 r6=00000009
00ed 009dc0f6 JA r7 00f6
00f3 000dc00a MOV r7, 000a
		 r7=0000000A
00f6 0011c000 DEC r7
00f6 00025800 MOV r9, r6
		 r9=00000009
00fc 004e4008 LSH r9, 0008
		 r9=00000900
00ff 00225000 ADD_270 r9, r4
00ff 00023800 MOV r8, r14
		 r8=00000005
0105 005e0003 RSH r8, 0003
		 r8=00000000
0108 007e0001 AND r8, 0001
		 r8=00000000
00cf8000 MOV [0X10000+r14], cst (0c 03 0e 00 0000)
010e 009e012f JA r8 012f
0111 00020c00 MOV r8, r3
		 r8=00007773
0114 0000f800 MOV r3, r14
		 r3=00000005
0117 002cc001 ADD r3, 0001
0117 0060c000 XOR r3, r0
		 r3=00007772
00ecc14a OP_e (0e 03 03 00 014a)
014a 009f8057 JA r14 0057
0057 00138000 DEC r14
0057 00010400 MOV r4, r1
		 r4=00000B9E
005d 00015000 MOV r5, r4
		 r5=00000B9E
0060 005d0008 RSH r4, 0008
		 r4=0000000B
0063 007d00ff AND r4, 00ff
		 r4=0000000b
0063 007d40ff AND r5, 00ff
		 r5=0000009e
0063 0002d400 MOV r11, r5
		 r11=0000009E
006c 004ec008 LSH r11, 0008
		 r11=00009E00
006f 00029c00 MOV r10, r7
		 r10=00000009
0072 004e8010 LSH r10, 0010
		 r10=00090000
0075 0022ac00 ADD_270 r10, r11
0075 00229000 ADD_270 r10, r4
0075 002e9000 ADD r10, 0000
0075 0005a800 MOV r6, [r10]
		 read mem : c950379b
		 r6=C950379B
0081 007d80ff AND r6, 00ff
		 r6=0000009b
0081 009dc08a JA r7 008a
008a 0011c000 DEC r7
008a 0002d000 MOV r11, r4
		 r11=0000000B
0090 004ec008 LSH r11, 0008
		 r11=00000B00
0093 00029c00 MOV r10, r7
		 r10=00000008
0096 004e8010 LSH r10, 0010
		 r10=00080000
0099 0022ac00 ADD_270 r10, r11
0099 00229800 ADD_270 r10, r6
0099 002e9000 ADD r10, 0000
0099 00056800 MOV r5, [r10]
		 read mem : db33404b
		 r5=DB33404B
00a5 007d40ff AND r5, 00ff
		 r5=0000004b
00a5 009dc0ae JA r7 00ae
00ae 0011c000 DEC r7
00ae 0002d800 MOV r11, r6
		 r11=0000009B
00b4 004ec008 LSH r11, 0008
		 r11=00009B00
00b7 00029c00 MOV r10, r7
		 r10=00000007
00ba 004e8010 LSH r10, 0010
		 r10=00070000
00bd 0022ac00 ADD_270 r10, r11
00bd 00229400 ADD_270 r10, r5
00bd 002e9000 ADD r10, 0000
00bd 00052800 MOV r4, [r10]
		 read mem : 1147d7e3
		 r4=1147D7E3
00c9 007d00ff AND r4, 00ff
		 r4=000000e3
00c9 009dc0d2 JA r7 00d2
00d2 0011c000 DEC r7
00d2 0002d400 MOV r11, r5
		 r11=0000004B
00d8 004ec008 LSH r11, 0008
		 r11=00004B00
00db 00029c00 MOV r10, r7
		 r10=00000006
00de 004e8010 LSH r10, 0010
		 r10=00060000
00e1 0022ac00 ADD_270 r10, r11
00e1 00229000 ADD_270 r10, r4
00e1 002e9000 ADD r10, 0000
00e1 0005a800 MOV r6, [r10]
		 read mem : 90436057
		 r6=90436057
00ed 007d80ff AND r6, 00ff
		 r6=00000057
00ed 009dc0f6 JA r7 00f6
00f6 0011c000 DEC r7
00f6 00025800 MOV r9, r6
		 r9=00000057
00fc 004e4008 LSH r9, 0008
		 r9=00005700
00ff 00225000 ADD_270 r9, r4
00ff 00023800 MOV r8, r14
		 r8=00000004
0105 005e0003 RSH r8, 0003
		 r8=00000000
0108 007e0001 AND r8, 0001
		 r8=00000000
00cf8000 MOV [0X10000+r14], cst (0c 03 0e 00 0000)
010e 009e012f JA r8 012f
0111 00020c00 MOV r8, r3
		 r8=00007772
0114 0000f800 MOV r3, r14
		 r3=00000004
0117 002cc001 ADD r3, 0001
0117 0060c000 XOR r3, r0
		 r3=00007771
00ecc14a OP_e (0e 03 03 00 014a)
014a 009f8057 JA r14 0057
0057 00138000 DEC r14
0057 00010400 MOV r4, r1
		 r4=00000B9E
005d 00015000 MOV r5, r4
		 r5=00000B9E
0060 005d0008 RSH r4, 0008
		 r4=0000000B
0063 007d00ff AND r4, 00ff
		 r4=0000000b
0063 007d40ff AND r5, 00ff
		 r5=0000009e
0063 0002d400 MOV r11, r5
		 r11=0000009E
006c 004ec008 LSH r11, 0008
		 r11=00009E00
006f 00029c00 MOV r10, r7
		 r10=00000005
0072 004e8010 LSH r10, 0010
		 r10=00050000
0075 0022ac00 ADD_270 r10, r11
0075 00229000 ADD_270 r10, r4
0075 002e9000 ADD r10, 0000
0075 0005a800 MOV r6, [r10]
		 read mem : 2bd3ff4f
		 r6=2BD3FF4F
0081 007d80ff AND r6, 00ff
		 r6=0000004f
0081 009dc08a JA r7 008a
008a 0011c000 DEC r7
008a 0002d000 MOV r11, r4
		 r11=0000000B
0090 004ec008 LSH r11, 0008
		 r11=00000B00
0093 00029c00 MOV r10, r7
		 r10=00000004
0096 004e8010 LSH r10, 0010
		 r10=00040000
0099 0022ac00 ADD_270 r10, r11
0099 00229800 ADD_270 r10, r6
0099 002e9000 ADD r10, 0000
0099 00056800 MOV r5, [r10]
		 read mem : 3ec85b58
		 r5=3EC85B58
00a5 007d40ff AND r5, 00ff
		 r5=00000058
00a5 009dc0ae JA r7 00ae
00ae 0011c000 DEC r7
00ae 0002d800 MOV r11, r6
		 r11=0000004F
00b4 004ec008 LSH r11, 0008
		 r11=00004F00
00b7 00029c00 MOV r10, r7
		 r10=00000003
00ba 004e8010 LSH r10, 0010
		 r10=00030000
00bd 0022ac00 ADD_270 r10, r11
00bd 00229400 ADD_270 r10, r5
00bd 002e9000 ADD r10, 0000
00bd 00052800 MOV r4, [r10]
		 read mem : 8fd361c1
		 r4=8FD361C1
00c9 007d00ff AND r4, 00ff
		 r4=000000c1
00c9 009dc0d2 JA r7 00d2
00d2 0011c000 DEC r7
00d2 0002d400 MOV r11, r5
		 r11=00000058
00d8 004ec008 LSH r11, 0008
		 r11=00005800
00db 00029c00 MOV r10, r7
		 r10=00000002
00de 004e8010 LSH r10, 0010
		 r10=00020000
00e1 0022ac00 ADD_270 r10, r11
00e1 00229000 ADD_270 r10, r4
00e1 002e9000 ADD r10, 0000
00e1 0005a800 MOV r6, [r10]
		 read mem : 24ddca01
		 r6=24DDCA01
00ed 007d80ff AND r6, 00ff
		 r6=00000001
00ed 009dc0f6 JA r7 00f6
00f6 0011c000 DEC r7
00f6 00025800 MOV r9, r6
		 r9=00000001
00fc 004e4008 LSH r9, 0008
		 r9=00000100
00ff 00225000 ADD_270 r9, r4
00ff 00023800 MOV r8, r14
		 r8=00000003
0105 005e0003 RSH r8, 0003
		 r8=00000000
0108 007e0001 AND r8, 0001
		 r8=00000000
00cf8000 MOV [0X10000+r14], cst (0c 03 0e 00 0000)
010e 009e012f JA r8 012f
0111 00020c00 MOV r8, r3
		 r8=00007771
0114 0000f800 MOV r3, r14
		 r3=00000003
0117 002cc001 ADD r3, 0001
0117 0060c000 XOR r3, r0
		 r3=00007770
00ecc14a OP_e (0e 03 03 00 014a)
014a 009f8057 JA r14 0057
0057 00138000 DEC r14
0057 00010400 MOV r4, r1
		 r4=00000B9E
005d 00015000 MOV r5, r4
		 r5=00000B9E
0060 005d0008 RSH r4, 0008
		 r4=0000000B
0063 007d00ff AND r4, 00ff
		 r4=0000000b
0063 007d40ff AND r5, 00ff
		 r5=0000009e
0063 0002d400 MOV r11, r5
		 r11=0000009E
006c 004ec008 LSH r11, 0008
		 r11=00009E00
006f 00029c00 MOV r10, r7
		 r10=00000001
0072 004e8010 LSH r10, 0010
		 r10=00010000
0075 0022ac00 ADD_270 r10, r11
0075 00229000 ADD_270 r10, r4
0075 002e9000 ADD r10, 0000
0075 0005a800 MOV r6, [r10]
		 read mem : 4fb6e85b
		 r6=4FB6E85B
0081 007d80ff AND r6, 00ff
		 r6=0000005b
0081 009dc08a JA r7 008a
008a 0011c000 DEC r7
008a 0002d000 MOV r11, r4
		 r11=0000000B
0090 004ec008 LSH r11, 0008
		 r11=00000B00
0093 00029c00 MOV r10, r7
		 r10=00000000
0096 004e8010 LSH r10, 0010
		 r10=00000000
0099 0022ac00 ADD_270 r10, r11
0099 00229800 ADD_270 r10, r6
0099 002e9000 ADD r10, 0000
0099 00056800 MOV r5, [r10]
		 read mem : 12dc038f
		 r5=12DC038F
00a5 007d40ff AND r5, 00ff
		 r5=0000008f
00a5 009dc0ae JA r7 00ae
00ab 000dc00a MOV r7, 000a
		 r7=0000000A
00ae 0011c000 DEC r7
00ae 0002d800 MOV r11, r6
		 r11=0000005B
00b4 004ec008 LSH r11, 0008
		 r11=00005B00
00b7 00029c00 MOV r10, r7
		 r10=00000009
00ba 004e8010 LSH r10, 0010
		 r10=00090000
00bd 0022ac00 ADD_270 r10, r11
00bd 00229400 ADD_270 r10, r5
00bd 002e9000 ADD r10, 0000
00bd 00052800 MOV r4, [r10]
		 read mem : 9ced67ec
		 r4=9CED67EC
00c9 007d00ff AND r4, 00ff
		 r4=000000ec
00c9 009dc0d2 JA r7 00d2
00d2 0011c000 DEC r7
00d2 0002d400 MOV r11, r5
		 r11=0000008F
00d8 004ec008 LSH r11, 0008
		 r11=00008F00
00db 00029c00 MOV r10, r7
		 r10=00000008
00de 004e8010 LSH r10, 0010
		 r10=00080000
00e1 0022ac00 ADD_270 r10, r11
00e1 00229000 ADD_270 r10, r4
00e1 002e9000 ADD r10, 0000
00e1 0005a800 MOV r6, [r10]
		 read mem : 397f36f0
		 r6=397F36F0
00ed 007d80ff AND r6, 00ff
		 r6=000000f0
00ed 009dc0f6 JA r7 00f6
00f6 0011c000 DEC r7
00f6 00025800 MOV r9, r6
		 r9=000000F0
00fc 004e4008 LSH r9, 0008
		 r9=0000F000
00ff 00225000 ADD_270 r9, r4
00ff 00023800 MOV r8, r14
		 r8=00000002
0105 005e0003 RSH r8, 0003
		 r8=00000000
0108 007e0001 AND r8, 0001
		 r8=00000000
00cf8000 MOV [0X10000+r14], cst (0c 03 0e 00 0000)
010e 009e012f JA r8 012f
0111 00020c00 MOV r8, r3
		 r8=00007770
0114 0000f800 MOV r3, r14
		 r3=00000002
0117 002cc001 ADD r3, 0001
0117 0060c000 XOR r3, r0
		 r3=00007777
00ecc14a OP_e (0e 03 03 00 014a)
014a 009f8057 JA r14 0057
0057 00138000 DEC r14
0057 00010400 MOV r4, r1
		 r4=00000B9E
005d 00015000 MOV r5, r4
		 r5=00000B9E
0060 005d0008 RSH r4, 0008
		 r4=0000000B
0063 007d00ff AND r4, 00ff
		 r4=0000000b
0063 007d40ff AND r5, 00ff
		 r5=0000009e
0063 0002d400 MOV r11, r5
		 r11=0000009E
006c 004ec008 LSH r11, 0008
		 r11=00009E00
006f 00029c00 MOV r10, r7
		 r10=00000007
0072 004e8010 LSH r10, 0010
		 r10=00070000
0075 0022ac00 ADD_270 r10, r11
0075 00229000 ADD_270 r10, r4
0075 002e9000 ADD r10, 0000
0075 0005a800 MOV r6, [r10]
		 read mem : 9b1363d5
		 r6=9B1363D5
0081 007d80ff AND r6, 00ff
		 r6=000000d5
0081 009dc08a JA r7 008a
008a 0011c000 DEC r7
008a 0002d000 MOV r11, r4
		 r11=0000000B
0090 004ec008 LSH r11, 0008
		 r11=00000B00
0093 00029c00 MOV r10, r7
		 r10=00000006
0096 004e8010 LSH r10, 0010
		 r10=00060000
0099 0022ac00 ADD_270 r10, r11
0099 00229800 ADD_270 r10, r6
0099 002e9000 ADD r10, 0000
0099 00056800 MOV r5, [r10]
		 read mem : 1a7ba440
		 r5=1A7BA440
00a5 007d40ff AND r5, 00ff
		 r5=00000040
00a5 009dc0ae JA r7 00ae
00ae 0011c000 DEC r7
00ae 0002d800 MOV r11, r6
		 r11=000000D5
00b4 004ec008 LSH r11, 0008
		 r11=0000D500
00b7 00029c00 MOV r10, r7
		 r10=00000005
00ba 004e8010 LSH r10, 0010
		 r10=00050000
00bd 0022ac00 ADD_270 r10, r11
00bd 00229400 ADD_270 r10, r5
00bd 002e9000 ADD r10, 0000
00bd 00052800 MOV r4, [r10]
		 read mem : 239d5046
		 r4=239D5046
00c9 007d00ff AND r4, 00ff
		 r4=00000046
00c9 009dc0d2 JA r7 00d2
00d2 0011c000 DEC r7
00d2 0002d400 MOV r11, r5
		 r11=00000040
00d8 004ec008 LSH r11, 0008
		 r11=00004000
00db 00029c00 MOV r10, r7
		 r10=00000004
00de 004e8010 LSH r10, 0010
		 r10=00040000
00e1 0022ac00 ADD_270 r10, r11
00e1 00229000 ADD_270 r10, r4
00e1 002e9000 ADD r10, 0000
00e1 0005a800 MOV r6, [r10]
		 read mem : cd8bbbc4
		 r6=CD8BBBC4
00ed 007d80ff AND r6, 00ff
		 r6=000000c4
00ed 009dc0f6 JA r7 00f6
00f6 0011c000 DEC r7
00f6 00025800 MOV r9, r6
		 r9=000000C4
00fc 004e4008 LSH r9, 0008
		 r9=0000C400
00ff 00225000 ADD_270 r9, r4
00ff 00023800 MOV r8, r14
		 r8=00000001
0105 005e0003 RSH r8, 0003
		 r8=00000000
0108 007e0001 AND r8, 0001
		 r8=00000000
00cf8000 MOV [0X10000+r14], cst (0c 03 0e 00 0000)
010e 009e012f JA r8 012f
0111 00020c00 MOV r8, r3
		 r8=00007777
0114 0000f800 MOV r3, r14
		 r3=00000001
0117 002cc001 ADD r3, 0001
0117 0060c000 XOR r3, r0
		 r3=00007776
00ecc14a OP_e (0e 03 03 00 014a)
014a 009f8057 JA r14 0057
0057 00138000 DEC r14
0057 00010400 MOV r4, r1
		 r4=00000B9E
005d 00015000 MOV r5, r4
		 r5=00000B9E
0060 005d0008 RSH r4, 0008
		 r4=0000000B
0063 007d00ff AND r4, 00ff
		 r4=0000000b
0063 007d40ff AND r5, 00ff
		 r5=0000009e
0063 0002d400 MOV r11, r5
		 r11=0000009E
006c 004ec008 LSH r11, 0008
		 r11=00009E00
006f 00029c00 MOV r10, r7
		 r10=00000003
0072 004e8010 LSH r10, 0010
		 r10=00030000
0075 0022ac00 ADD_270 r10, r11
0075 00229000 ADD_270 r10, r4
0075 002e9000 ADD r10, 0000
0075 0005a800 MOV r6, [r10]
		 read mem : 5cfa317b
		 r6=5CFA317B
0081 007d80ff AND r6, 00ff
		 r6=0000007b
0081 009dc08a JA r7 008a
008a 0011c000 DEC r7
008a 0002d000 MOV r11, r4
		 r11=0000000B
0090 004ec008 LSH r11, 0008
		 r11=00000B00
0093 00029c00 MOV r10, r7
		 r10=00000002
0096 004e8010 LSH r10, 0010
		 r10=00020000
0099 0022ac00 ADD_270 r10, r11
0099 00229800 ADD_270 r10, r6
0099 002e9000 ADD r10, 0000
0099 00056800 MOV r5, [r10]
		 read mem : 27bfb4b0
		 r5=27BFB4B0
00a5 007d40ff AND r5, 00ff
		 r5=000000b0
00a5 009dc0ae JA r7 00ae
00ae 0011c000 DEC r7
00ae 0002d800 MOV r11, r6
		 r11=0000007B
00b4 004ec008 LSH r11, 0008
		 r11=00007B00
00b7 00029c00 MOV r10, r7
		 r10=00000001
00ba 004e8010 LSH r10, 0010
		 r10=00010000
00bd 0022ac00 ADD_270 r10, r11
00bd 00229400 ADD_270 r10, r5
00bd 002e9000 ADD r10, 0000
00bd 00052800 MOV r4, [r10]
		 read mem : e08dfdd5
		 r4=E08DFDD5
00c9 007d00ff AND r4, 00ff
		 r4=000000d5
00c9 009dc0d2 JA r7 00d2
00d2 0011c000 DEC r7
00d2 0002d400 MOV r11, r5
		 r11=000000B0
00d8 004ec008 LSH r11, 0008
		 r11=0000B000
00db 00029c00 MOV r10, r7
		 r10=00000000
00de 004e8010 LSH r10, 0010
		 r10=00000000
00e1 0022ac00 ADD_270 r10, r11
00e1 00229000 ADD_270 r10, r4
00e1 002e9000 ADD r10, 0000
00e1 0005a800 MOV r6, [r10]
		 read mem : 5a2fd309
		 r6=5A2FD309
00ed 007d80ff AND r6, 00ff
		 r6=00000009
00ed 009dc0f6 JA r7 00f6
00f3 000dc00a MOV r7, 000a
		 r7=0000000A
00f6 0011c000 DEC r7
00f6 00025800 MOV r9, r6
		 r9=00000009
00fc 004e4008 LSH r9, 0008
		 r9=00000900
00ff 00225000 ADD_270 r9, r4
00ff 00023800 MOV r8, r14
		 r8=00000000
0105 005e0003 RSH r8, 0003
		 r8=00000000
0108 007e0001 AND r8, 0001
		 r8=00000000
00cf8000 MOV [0X10000+r14], cst (0c 03 0e 00 0000)
010e 009e012f JA r8 012f
0111 00020c00 MOV r8, r3
		 r8=00007776
0114 0000f800 MOV r3, r14
		 r3=00000000
0117 002cc001 ADD r3, 0001
0117 0060c000 XOR r3, r0
		 r3=00007775
00ecc14a OP_e (0e 03 03 00 014a)
014a 009f8057 JA r14 0057
014d 00b00000 SWAP r0
		 r0=00007477
0150 00b04000 SWAP r1
		 r1=00009E0B
0153 004c4010 LSH r1, 0010
		 r1=9E0B0000
0156 00200400 ADD_270 r0, r1
000b4000 OP_x_2 (00 02 0d 00 0000)
015c 002f4004 ADD r13, 0004
015c 00b08000 SWAP r2
		 r2=0000E37C
0162 00b0c000 SWAP r3
		 r3=00007577
0165 004cc010 LSH r3, 0010
		 r3=75770000
0168 00208c00 ADD_270 r2, r3
000b4800 OP_x_2 (00 02 0d 02 0000)
016e 002f4004 ADD r13, 0004
016e 00013400 MOV r4, r13
		 r4=00100038
0174 00130000 DEC r12
0174 009f0015 JA r12 0015
0015 00041000 MOV r0, [r4]
		 read mem : 00000000
		 r0=00000000
0018 004c0010 LSH r0, 0010
		 r0=00000000
001b 005c0010 RSH r0, 0010
		 r0=00000000
001e 00b00000 SWAP r0
		 r0=00000000
0021 002d0002 ADD r4, 0002
0021 00045000 MOV r1, [r4]
		 read mem : 11110000
		 r1=11110000
0027 004c4010 LSH r1, 0010
		 r1=00000000
002a 005c4010 RSH r1, 0010
		 r1=00000000
002d 00b04000 SWAP r1
		 r1=00000000
0030 002d0002 ADD r4, 0002
0030 00049000 MOV r2, [r4]
		 read mem : 11111111
		 r2=11111111
0036 004c8010 LSH r2, 0010
		 r2=11110000
0039 005c8010 RSH r2, 0010
		 r2=00001111
003c 00b08000 SWAP r2
		 r2=00001111
003f 002d0002 ADD r4, 0002
003f 0004d000 MOV r3, [r4]
		 read mem : ba1b1111
		 r3=BA1B1111
0045 004cc010 LSH r3, 0010
		 r3=11110000
0048 005cc010 RSH r3, 0010
		 r3=00001111
004b 00b0c000 SWAP r3
		 r3=00001111
004e 000f8020 MOV r14, 0020
		 r14=00000020
0051 000dc007 MOV r7, 0007
		 r7=00000007
00dd0000 OP_d (0d 03 04 00 0000)
0057 00138000 DEC r14
0057 00010400 MOV r4, r1
		 r4=00000000
005d 00015000 MOV r5, r4
		 r5=00000000
0060 005d0008 RSH r4, 0008
		 r4=00000000
0063 007d00ff AND r4, 00ff
		 r4=00000000
0063 007d40ff AND r5, 00ff
		 r5=00000000
0063 0002d400 MOV r11, r5
		 r11=00000000
006c 004ec008 LSH r11, 0008
		 r11=00000000
006f 00029c00 MOV r10, r7
		 r10=00000007
0072 004e8010 LSH r10, 0010
		 r10=00070000
0075 0022ac00 ADD_270 r10, r11
0075 00229000 ADD_270 r10, r4
0075 002e9000 ADD r10, 0000
0075 0005a800 MOV r6, [r10]
		 read mem : f128fd05
		 r6=F128FD05
0081 007d80ff AND r6, 00ff
		 r6=00000005
0081 009dc08a JA r7 008a
008a 0011c000 DEC r7
008a 0002d000 MOV r11, r4
		 r11=00000000
0090 004ec008 LSH r11, 0008
		 r11=00000000
0093 00029c00 MOV r10, r7
		 r10=00000006
0096 004e8010 LSH r10, 0010
		 r10=00060000
0099 0022ac00 ADD_270 r10, r11
0099 00229800 ADD_270 r10, r6
0099 002e9000 ADD r10, 0000
0099 00056800 MOV r5, [r10]
		 read mem : b199a24d
		 r5=B199A24D
00a5 007d40ff AND r5, 00ff
		 r5=0000004d
00a5 009dc0ae JA r7 00ae
00ae 0011c000 DEC r7
00ae 0002d800 MOV r11, r6
		 r11=00000005
00b4 004ec008 LSH r11, 0008
		 r11=00000500
00b7 00029c00 MOV r10, r7
		 r10=00000005
00ba 004e8010 LSH r10, 0010
		 r10=00050000
00bd 0022ac00 ADD_270 r10, r11
00bd 00229400 ADD_270 r10, r5
00bd 002e9000 ADD r10, 0000
00bd 00052800 MOV r4, [r10]
		 read mem : 8a25e84f
		 r4=8A25E84F
00c9 007d00ff AND r4, 00ff
		 r4=0000004f
00c9 009dc0d2 JA r7 00d2
00d2 0011c000 DEC r7
00d2 0002d400 MOV r11, r5
		 r11=0000004D
00d8 004ec008 LSH r11, 0008
		 r11=00004D00
00db 00029c00 MOV r10, r7
		 r10=00000004
00de 004e8010 LSH r10, 0010
		 r10=00040000
00e1 0022ac00 ADD_270 r10, r11
00e1 00229000 ADD_270 r10, r4
00e1 002e9000 ADD r10, 0000
00e1 0005a800 MOV r6, [r10]
		 read mem : 3b172d03
		 r6=3B172D03
00ed 007d80ff AND r6, 00ff
		 r6=00000003
00ed 009dc0f6 JA r7 00f6
00f6 0011c000 DEC r7
00f6 00025800 MOV r9, r6
		 r9=00000003
00fc 004e4008 LSH r9, 0008
		 r9=00000300
00ff 00225000 ADD_270 r9, r4
00ff 00023800 MOV r8, r14
		 r8=0000001F
0105 005e0003 RSH r8, 0003
		 r8=00000003
0108 007e0001 AND r8, 0001
		 r8=00000001
00cf8000 MOV [0X10000+r14], cst (0c 03 0e 00 0000)
010e 009e012f JA r8 012f
012f 00020000 MOV r8, r0
		 r8=00000000
0132 00002400 MOV r0, r9
		 r0=0000034F
0135 00007800 MOV r1, r14
		 r1=0000001F
0138 002c4001 ADD r1, 0001
0138 00604000 XOR r1, r0
		 r1=0000036f
0138 00604800 XOR r1, r2
		 r1=0000127e
00ec414a OP_e (0e 03 01 00 014a)
0144 00008c00 MOV r2, r3
		 r2=00001111
0147 0000e000 MOV r3, r8
		 r3=00000000
014a 009f8057 JA r14 0057
0057 00138000 DEC r14
0057 00010400 MOV r4, r1
		 r4=0000127E
005d 00015000 MOV r5, r4
		 r5=0000127E
0060 005d0008 RSH r4, 0008
		 r4=00000012
0063 007d00ff AND r4, 00ff
		 r4=00000012
0063 007d40ff AND r5, 00ff
		 r5=0000007e
0063 0002d400 MOV r11, r5
		 r11=0000007E
006c 004ec008 LSH r11, 0008
		 r11=00007E00
006f 00029c00 MOV r10, r7
		 r10=00000003
0072 004e8010 LSH r10, 0010
		 r10=00030000
0075 0022ac00 ADD_270 r10, r11
0075 00229000 ADD_270 r10, r4
0075 002e9000 ADD r10, 0000
0075 0005a800 MOV r6, [r10]
		 read mem : 6fc66f6d
		 r6=6FC66F6D
0081 007d80ff AND r6, 00ff
		 r6=0000006d
0081 009dc08a JA r7 008a
008a 0011c000 DEC r7
008a 0002d000 MOV r11, r4
		 r11=00000012
0090 004ec008 LSH r11, 0008
		 r11=00001200
0093 00029c00 MOV r10, r7
		 r10=00000002
0096 004e8010 LSH r10, 0010
		 r10=00020000
0099 0022ac00 ADD_270 r10, r11
0099 00229800 ADD_270 r10, r6
0099 002e9000 ADD r10, 0000
0099 00056800 MOV r5, [r10]
		 read mem : 2b949b48
		 r5=2B949B48
00a5 007d40ff AND r5, 00ff
		 r5=00000048
00a5 009dc0ae JA r7 00ae
00ae 0011c000 DEC r7
00ae 0002d800 MOV r11, r6
		 r11=0000006D
00b4 004ec008 LSH r11, 0008
		 r11=00006D00
00b7 00029c00 MOV r10, r7
		 r10=00000001
00ba 004e8010 LSH r10, 0010
		 r10=00010000
00bd 0022ac00 ADD_270 r10, r11
00bd 00229400 ADD_270 r10, r5
00bd 002e9000 ADD r10, 0000
00bd 00052800 MOV r4, [r10]
		 read mem : 810babb1
		 r4=810BABB1
00c9 007d00ff AND r4, 00ff
		 r4=000000b1
00c9 009dc0d2 JA r7 00d2
00d2 0011c000 DEC r7
00d2 0002d400 MOV r11, r5
		 r11=00000048
00d8 004ec008 LSH r11, 0008
		 r11=00004800
00db 00029c00 MOV r10, r7
		 r10=00000000
00de 004e8010 LSH r10, 0010
		 r10=00000000
00e1 0022ac00 ADD_270 r10, r11
00e1 00229000 ADD_270 r10, r4
00e1 002e9000 ADD r10, 0000
00e1 0005a800 MOV r6, [r10]
		 read mem : fda68c27
		 r6=FDA68C27
00ed 007d80ff AND r6, 00ff
		 r6=00000027
00ed 009dc0f6 JA r7 00f6
00f3 000dc00a MOV r7, 000a
		 r7=0000000A
00f6 0011c000 DEC r7
00f6 00025800 MOV r9, r6
		 r9=00000027
00fc 004e4008 LSH r9, 0008
		 r9=00002700
00ff 00225000 ADD_270 r9, r4
00ff 00023800 MOV r8, r14
		 r8=0000001E
0105 005e0003 RSH r8, 0003
		 r8=00000003
0108 007e0001 AND r8, 0001
		 r8=00000001
00cf8000 MOV [0X10000+r14], cst (0c 03 0e 00 0000)
010e 009e012f JA r8 012f
012f 00020000 MOV r8, r0
		 r8=0000034F
0132 00002400 MOV r0, r9
		 r0=000027B1
0135 00007800 MOV r1, r14
		 r1=0000001E
0138 002c4001 ADD r1, 0001
0138 00604000 XOR r1, r0
		 r1=000027ae
0138 00604800 XOR r1, r2
		 r1=000036bf
00ec414a OP_e (0e 03 01 00 014a)
0144 00008c00 MOV r2, r3
		 r2=00000000
0147 0000e000 MOV r3, r8
		 r3=0000034F
014a 009f8057 JA r14 0057
0057 00138000 DEC r14
0057 00010400 MOV r4, r1
		 r4=000036BF
005d 00015000 MOV r5, r4
		 r5=000036BF
0060 005d0008 RSH r4, 0008
		 r4=00000036
0063 007d00ff AND r4, 00ff
		 r4=00000036
0063 007d40ff AND r5, 00ff
		 r5=000000bf
0063 0002d400 MOV r11, r5
		 r11=000000BF
006c 004ec008 LSH r11, 0008
		 r11=0000BF00
006f 00029c00 MOV r10, r7
		 r10=00000009
0072 004e8010 LSH r10, 0010
		 r10=00090000
0075 0022ac00 ADD_270 r10, r11
0075 00229000 ADD_270 r10, r4
0075 002e9000 ADD r10, 0000
0075 0005a800 MOV r6, [r10]
		 read mem : 4590a7fb
		 r6=4590A7FB
0081 007d80ff AND r6, 00ff
		 r6=000000fb
0081 009dc08a JA r7 008a
008a 0011c000 DEC r7
008a 0002d000 MOV r11, r4
		 r11=00000036
0090 004ec008 LSH r11, 0008
		 r11=00003600
0093 00029c00 MOV r10, r7
		 r10=00000008
0096 004e8010 LSH r10, 0010
		 r10=00080000
0099 0022ac00 ADD_270 r10, r11
0099 00229800 ADD_270 r10, r6
0099 002e9000 ADD r10, 0000
0099 00056800 MOV r5, [r10]
		 read mem : 13266843
		 r5=13266843
00a5 007d40ff AND r5, 00ff
		 r5=00000043
00a5 009dc0ae JA r7 00ae
00ae 0011c000 DEC r7
00ae 0002d800 MOV r11, r6
		 r11=000000FB
00b4 004ec008 LSH r11, 0008
		 r11=0000FB00
00b7 00029c00 MOV r10, r7
		 r10=00000007
00ba 004e8010 LSH r10, 0010
		 r10=00070000
00bd 0022ac00 ADD_270 r10, r11
00bd 00229400 ADD_270 r10, r5
00bd 002e9000 ADD r10, 0000
00bd 00052800 MOV r4, [r10]
		 read mem : fa8026c7
		 r4=FA8026C7
00c9 007d00ff AND r4, 00ff
		 r4=000000c7
00c9 009dc0d2 JA r7 00d2
00d2 0011c000 DEC r7
00d2 0002d400 MOV r11, r5
		 r11=00000043
00d8 004ec008 LSH r11, 0008
		 r11=00004300
00db 00029c00 MOV r10, r7
		 r10=00000006
00de 004e8010 LSH r10, 0010
		 r10=00060000
00e1 0022ac00 ADD_270 r10, r11
00e1 00229000 ADD_270 r10, r4
00e1 002e9000 ADD r10, 0000
00e1 0005a800 MOV r6, [r10]
		 read mem : 39b2a774
		 r6=39B2A774
00ed 007d80ff AND r6, 00ff
		 r6=00000074
00ed 009dc0f6 JA r7 00f6
00f6 0011c000 DEC r7
00f6 00025800 MOV r9, r6
		 r9=00000074
00fc 004e4008 LSH r9, 0008
		 r9=00007400
00ff 00225000 ADD_270 r9, r4
00ff 00023800 MOV r8, r14
		 r8=0000001D
0105 005e0003 RSH r8, 0003
		 r8=00000003
0108 007e0001 AND r8, 0001
		 r8=00000001
00cf8000 MOV [0X10000+r14], cst (0c 03 0e 00 0000)
010e 009e012f JA r8 012f
012f 00020000 MOV r8, r0
		 r8=000027B1
0132 00002400 MOV r0, r9
		 r0=000074C7
0135 00007800 MOV r1, r14
		 r1=0000001D
0138 002c4001 ADD r1, 0001
0138 00604000 XOR r1, r0
		 r1=000074d9
0138 00604800 XOR r1, r2
		 r1=000074d9
00ec414a OP_e (0e 03 01 00 014a)
0144 00008c00 MOV r2, r3
		 r2=0000034F
0147 0000e000 MOV r3, r8
		 r3=000027B1
014a 009f8057 JA r14 0057
0057 00138000 DEC r14
0057 00010400 MOV r4, r1
		 r4=000074D9
005d 00015000 MOV r5, r4
		 r5=000074D9
0060 005d0008 RSH r4, 0008
		 r4=00000074
0063 007d00ff AND r4, 00ff
		 r4=00000074
0063 007d40ff AND r5, 00ff
		 r5=000000d9
0063 0002d400 MOV r11, r5
		 r11=000000D9
006c 004ec008 LSH r11, 0008
		 r11=0000D900
006f 00029c00 MOV r10, r7
		 r10=00000005
0072 004e8010 LSH r10, 0010
		 r10=00050000
0075 0022ac00 ADD_270 r10, r11
0075 00229000 ADD_270 r10, r4
0075 002e9000 ADD r10, 0000
0075 0005a800 MOV r6, [r10]
		 read mem : 5cd51e59
		 r6=5CD51E59
0081 007d80ff AND r6, 00ff
		 r6=00000059
0081 009dc08a JA r7 008a
008a 0011c000 DEC r7
008a 0002d000 MOV r11, r4
		 r11=00000074
0090 004ec008 LSH r11, 0008
		 r11=00007400
0093 00029c00 MOV r10, r7
		 r10=00000004
0096 004e8010 LSH r10, 0010
		 r10=00040000
0099 0022ac00 ADD_270 r10, r11
0099 00229800 ADD_270 r10, r6
0099 002e9000 ADD r10, 0000
0099 00056800 MOV r5, [r10]
		 read mem : 76b87c28
		 r5=76B87C28
00a5 007d40ff AND r5, 00ff
		 r5=00000028
00a5 009dc0ae JA r7 00ae
00ae 0011c000 DEC r7
00ae 0002d800 MOV r11, r6
		 r11=00000059
00b4 004ec008 LSH r11, 0008
		 r11=00005900
00b7 00029c00 MOV r10, r7
		 r10=00000003
00ba 004e8010 LSH r10, 0010
		 r10=00030000
00bd 0022ac00 ADD_270 r10, r11
00bd 00229400 ADD_270 r10, r5
00bd 002e9000 ADD r10, 0000
00bd 00052800 MOV r4, [r10]
		 read mem : 509989d4
		 r4=509989D4
00c9 007d00ff AND r4, 00ff
		 r4=000000d4
00c9 009dc0d2 JA r7 00d2
00d2 0011c000 DEC r7
00d2 0002d400 MOV r11, r5
		 r11=00000028
00d8 004ec008 LSH r11, 0008
		 r11=00002800
00db 00029c00 MOV r10, r7
		 r10=00000002
00de 004e8010 LSH r10, 0010
		 r10=00020000
00e1 0022ac00 ADD_270 r10, r11
00e1 00229000 ADD_270 r10, r4
00e1 002e9000 ADD r10, 0000
00e1 0005a800 MOV r6, [r10]
		 read mem : ac562bc5
		 r6=AC562BC5
00ed 007d80ff AND r6, 00ff
		 r6=000000c5
00ed 009dc0f6 JA r7 00f6
00f6 0011c000 DEC r7
00f6 00025800 MOV r9, r6
		 r9=000000C5
00fc 004e4008 LSH r9, 0008
		 r9=0000C500
00ff 00225000 ADD_270 r9, r4
00ff 00023800 MOV r8, r14
		 r8=0000001C
0105 005e0003 RSH r8, 0003
		 r8=00000003
0108 007e0001 AND r8, 0001
		 r8=00000001
00cf8000 MOV [0X10000+r14], cst (0c 03 0e 00 0000)
010e 009e012f JA r8 012f
012f 00020000 MOV r8, r0
		 r8=000074C7
0132 00002400 MOV r0, r9
		 r0=0000C5D4
0135 00007800 MOV r1, r14
		 r1=0000001C
0138 002c4001 ADD r1, 0001
0138 00604000 XOR r1, r0
		 r1=0000c5c9
0138 00604800 XOR r1, r2
		 r1=0000c686
00ec414a OP_e (0e 03 01 00 014a)
0144 00008c00 MOV r2, r3
		 r2=000027B1
0147 0000e000 MOV r3, r8
		 r3=000074C7
014a 009f8057 JA r14 0057
0057 00138000 DEC r14
0057 00010400 MOV r4, r1
		 r4=0000C686
005d 00015000 MOV r5, r4
		 r5=0000C686
0060 005d0008 RSH r4, 0008
		 r4=000000C6
0063 007d00ff AND r4, 00ff
		 r4=000000c6
0063 007d40ff AND r5, 00ff
		 r5=00000086
0063 0002d400 MOV r11, r5
		 r11=00000086
006c 004ec008 LSH r11, 0008
		 r11=00008600
006f 00029c00 MOV r10, r7
		 r10=00000001
0072 004e8010 LSH r10, 0010
		 r10=00010000
0075 0022ac00 ADD_270 r10, r11
0075 00229000 ADD_270 r10, r4
0075 002e9000 ADD r10, 0000
0075 0005a800 MOV r6, [r10]
		 read mem : 180f4311
		 r6=180F4311
0081 007d80ff AND r6, 00ff
		 r6=00000011
0081 009dc08a JA r7 008a
008a 0011c000 DEC r7
008a 0002d000 MOV r11, r4
		 r11=000000C6
0090 004ec008 LSH r11, 0008
		 r11=0000C600
0093 00029c00 MOV r10, r7
		 r10=00000000
0096 004e8010 LSH r10, 0010
		 r10=00000000
0099 0022ac00 ADD_270 r10, r11
0099 00229800 ADD_270 r10, r6
0099 002e9000 ADD r10, 0000
0099 00056800 MOV r5, [r10]
		 read mem : 380113d4
		 r5=380113D4
00a5 007d40ff AND r5, 00ff
		 r5=000000d4
00a5 009dc0ae JA r7 00ae
00ab 000dc00a MOV r7, 000a
		 r7=0000000A
00ae 0011c000 DEC r7
00ae 0002d800 MOV r11, r6
		 r11=00000011
00b4 004ec008 LSH r11, 0008
		 r11=00001100
00b7 00029c00 MOV r10, r7
		 r10=00000009
00ba 004e8010 LSH r10, 0010
		 r10=00090000
00bd 0022ac00 ADD_270 r10, r11
00bd 00229400 ADD_270 r10, r5
00bd 002e9000 ADD r10, 0000
00bd 00052800 MOV r4, [r10]
		 read mem : a6d52667
		 r4=A6D52667
00c9 007d00ff AND r4, 00ff
		 r4=00000067
00c9 009dc0d2 JA r7 00d2
00d2 0011c000 DEC r7
00d2 0002d400 MOV r11, r5
		 r11=000000D4
00d8 004ec008 LSH r11, 0008
		 r11=0000D400
00db 00029c00 MOV r10, r7
		 r10=00000008
00de 004e8010 LSH r10, 0010
		 r10=00080000
00e1 0022ac00 ADD_270 r10, r11
00e1 00229000 ADD_270 r10, r4
00e1 002e9000 ADD r10, 0000
00e1 0005a800 MOV r6, [r10]
		 read mem : cccc766b
		 r6=CCCC766B
00ed 007d80ff AND r6, 00ff
		 r6=0000006b
00ed 009dc0f6 JA r7 00f6
00f6 0011c000 DEC r7
00f6 00025800 MOV r9, r6
		 r9=0000006B
00fc 004e4008 LSH r9, 0008
		 r9=00006B00
00ff 00225000 ADD_270 r9, r4
00ff 00023800 MOV r8, r14
		 r8=0000001B
0105 005e0003 RSH r8, 0003
		 r8=00000003
0108 007e0001 AND r8, 0001
		 r8=00000001
00cf8000 MOV [0X10000+r14], cst (0c 03 0e 00 0000)
010e 009e012f JA r8 012f
012f 00020000 MOV r8, r0
		 r8=0000C5D4
0132 00002400 MOV r0, r9
		 r0=00006B67
0135 00007800 MOV r1, r14
		 r1=0000001B
0138 002c4001 ADD r1, 0001
0138 00604000 XOR r1, r0
		 r1=00006b7b
0138 00604800 XOR r1, r2
		 r1=00004cca
00ec414a OP_e (0e 03 01 00 014a)
0144 00008c00 MOV r2, r3
		 r2=000074C7
0147 0000e000 MOV r3, r8
		 r3=0000C5D4
014a 009f8057 JA r14 0057
0057 00138000 DEC r14
0057 00010400 MOV r4, r1
		 r4=00004CCA
005d 00015000 MOV r5, r4
		 r5=00004CCA
0060 005d0008 RSH r4, 0008
		 r4=0000004C
0063 007d00ff AND r4, 00ff
		 r4=0000004c
0063 007d40ff AND r5, 00ff
		 r5=000000ca
0063 0002d400 MOV r11, r5
		 r11=000000CA
006c 004ec008 LSH r11, 0008
		 r11=0000CA00
006f 00029c00 MOV r10, r7
		 r10=00000007
0072 004e8010 LSH r10, 0010
		 r10=00070000
0075 0022ac00 ADD_270 r10, r11
0075 00229000 ADD_270 r10, r4
0075 002e9000 ADD r10, 0000
0075 0005a800 MOV r6, [r10]
		 read mem : a03f8e23
		 r6=A03F8E23
0081 007d80ff AND r6, 00ff
		 r6=00000023
0081 009dc08a JA r7 008a
008a 0011c000 DEC r7
008a 0002d000 MOV r11, r4
		 r11=0000004C
0090 004ec008 LSH r11, 0008
		 r11=00004C00
0093 00029c00 MOV r10, r7
		 r10=00000006
0096 004e8010 LSH r10, 0010
		 r10=00060000
0099 0022ac00 ADD_270 r10, r11
0099 00229800 ADD_270 r10, r6
0099 002e9000 ADD r10, 0000
0099 00056800 MOV r5, [r10]
		 read mem : 73b10314
		 r5=73B10314
00a5 007d40ff AND r5, 00ff
		 r5=00000014
00a5 009dc0ae JA r7 00ae
00ae 0011c000 DEC r7
00ae 0002d800 MOV r11, r6
		 r11=00000023
00b4 004ec008 LSH r11, 0008
		 r11=00002300
00b7 00029c00 MOV r10, r7
		 r10=00000005
00ba 004e8010 LSH r10, 0010
		 r10=00050000
00bd 0022ac00 ADD_270 r10, r11
00bd 00229400 ADD_270 r10, r5
00bd 002e9000 ADD r10, 0000
00bd 00052800 MOV r4, [r10]
		 read mem : 65eb975e
		 r4=65EB975E
00c9 007d00ff AND r4, 00ff
		 r4=0000005e
00c9 009dc0d2 JA r7 00d2
00d2 0011c000 DEC r7
00d2 0002d400 MOV r11, r5
		 r11=00000014
00d8 004ec008 LSH r11, 0008
		 r11=00001400
00db 00029c00 MOV r10, r7
		 r10=00000004
00de 004e8010 LSH r10, 0010
		 r10=00040000
00e1 0022ac00 ADD_270 r10, r11
00e1 00229000 ADD_270 r10, r4
00e1 002e9000 ADD r10, 0000
00e1 0005a800 MOV r6, [r10]
		 read mem : 11fc2423
		 r6=11FC2423
00ed 007d80ff AND r6, 00ff
		 r6=00000023
00ed 009dc0f6 JA r7 00f6
00f6 0011c000 DEC r7
00f6 00025800 MOV r9, r6
		 r9=00000023
00fc 004e4008 LSH r9, 0008
		 r9=00002300
00ff 00225000 ADD_270 r9, r4
00ff 00023800 MOV r8, r14
		 r8=0000001A
0105 005e0003 RSH r8, 0003
		 r8=00000003
0108 007e0001 AND r8, 0001
		 r8=00000001
00cf8000 MOV [0X10000+r14], cst (0c 03 0e 00 0000)
010e 009e012f JA r8 012f
012f 00020000 MOV r8, r0
		 r8=00006B67
0132 00002400 MOV r0, r9
		 r0=0000235E
0135 00007800 MOV r1, r14
		 r1=0000001A
0138 002c4001 ADD r1, 0001
0138 00604000 XOR r1, r0
		 r1=00002345
0138 00604800 XOR r1, r2
		 r1=00005782
00ec414a OP_e (0e 03 01 00 014a)
0144 00008c00 MOV r2, r3
		 r2=0000C5D4
0147 0000e000 MOV r3, r8
		 r3=00006B67
014a 009f8057 JA r14 0057
0057 00138000 DEC r14
0057 00010400 MOV r4, r1
		 r4=00005782
005d 00015000 MOV r5, r4
		 r5=00005782
0060 005d0008 RSH r4, 0008
		 r4=00000057
0063 007d00ff AND r4, 00ff
		 r4=00000057
0063 007d40ff AND r5, 00ff
		 r5=00000082
0063 0002d400 MOV r11, r5
		 r11=00000082
006c 004ec008 LSH r11, 0008
		 r11=00008200
006f 00029c00 MOV r10, r7
		 r10=00000003
0072 004e8010 LSH r10, 0010
		 r10=00030000
0075 0022ac00 ADD_270 r10, r11
0075 00229000 ADD_270 r10, r4
0075 002e9000 ADD r10, 0000
0075 0005a800 MOV r6, [r10]
		 read mem : ff771b31
		 r6=FF771B31
0081 007d80ff AND r6, 00ff
		 r6=00000031
0081 009dc08a JA r7 008a
008a 0011c000 DEC r7
008a 0002d000 MOV r11, r4
		 r11=00000057
0090 004ec008 LSH r11, 0008
		 r11=00005700
0093 00029c00 MOV r10, r7
		 r10=00000002
0096 004e8010 LSH r10, 0010
		 r10=00020000
0099 0022ac00 ADD_270 r10, r11
0099 00229800 ADD_270 r10, r6
0099 002e9000 ADD r10, 0000
0099 00056800 MOV r5, [r10]
		 read mem : 39520c00
		 r5=39520C00
00a5 007d40ff AND r5, 00ff
		 r5=00000000
00a5 009dc0ae JA r7 00ae
00ae 0011c000 DEC r7
00ae 0002d800 MOV r11, r6
		 r11=00000031
00b4 004ec008 LSH r11, 0008
		 r11=00003100
00b7 00029c00 MOV r10, r7
		 r10=00000001
00ba 004e8010 LSH r10, 0010
		 r10=00010000
00bd 0022ac00 ADD_270 r10, r11
00bd 00229400 ADD_270 r10, r5
00bd 002e9000 ADD r10, 0000
00bd 00052800 MOV r4, [r10]
		 read mem : f76a793d
		 r4=F76A793D
00c9 007d00ff AND r4, 00ff
		 r4=0000003d
00c9 009dc0d2 JA r7 00d2
00d2 0011c000 DEC r7
00d2 0002d400 MOV r11, r5
		 r11=00000000
00d8 004ec008 LSH r11, 0008
		 r11=00000000
00db 00029c00 MOV r10, r7
		 r10=00000000
00de 004e8010 LSH r10, 0010
		 r10=00000000
00e1 0022ac00 ADD_270 r10, r11
00e1 00229000 ADD_270 r10, r4
00e1 002e9000 ADD r10, 0000
00e1 0005a800 MOV r6, [r10]
		 read mem : ac876d82
		 r6=AC876D82
00ed 007d80ff AND r6, 00ff
		 r6=00000082
00ed 009dc0f6 JA r7 00f6
00f3 000dc00a MOV r7, 000a
		 r7=0000000A
00f6 0011c000 DEC r7
00f6 00025800 MOV r9, r6
		 r9=00000082
00fc 004e4008 LSH r9, 0008
		 r9=00008200
00ff 00225000 ADD_270 r9, r4
00ff 00023800 MOV r8, r14
		 r8=00000019
0105 005e0003 RSH r8, 0003
		 r8=00000003
0108 007e0001 AND r8, 0001
		 r8=00000001
00cf8000 MOV [0X10000+r14], cst (0c 03 0e 00 0000)
010e 009e012f JA r8 012f
012f 00020000 MOV r8, r0
		 r8=0000235E
0132 00002400 MOV r0, r9
		 r0=0000823D
0135 00007800 MOV r1, r14
		 r1=00000019
0138 002c4001 ADD r1, 0001
0138 00604000 XOR r1, r0
		 r1=00008227
0138 00604800 XOR r1, r2
		 r1=000047f3
00ec414a OP_e (0e 03 01 00 014a)
014a 009f8057 JA r14 0057
0057 00138000 DEC r14
0057 00010400 MOV r4, r1
		 r4=000047F3
005d 00015000 MOV r5, r4
		 r5=000047F3
0060 005d0008 RSH r4, 0008
		 r4=00000047
0063 007d00ff AND r4, 00ff
		 r4=00000047
0063 007d40ff AND r5, 00ff
		 r5=000000f3
0063 0002d400 MOV r11, r5
		 r11=000000F3
006c 004ec008 LSH r11, 0008
		 r11=0000F300
006f 00029c00 MOV r10, r7
		 r10=00000009
0072 004e8010 LSH r10, 0010
		 r10=00090000
0075 0022ac00 ADD_270 r10, r11
0075 00229000 ADD_270 r10, r4
0075 002e9000 ADD r10, 0000
0075 0005a800 MOV r6, [r10]
		 read mem : ab2f8a94
		 r6=AB2F8A94
0081 007d80ff AND r6, 00ff
		 r6=00000094
0081 009dc08a JA r7 008a
008a 0011c000 DEC r7
008a 0002d000 MOV r11, r4
		 r11=00000047
0090 004ec008 LSH r11, 0008
		 r11=00004700
0093 00029c00 MOV r10, r7
		 r10=00000008
0096 004e8010 LSH r10, 0010
		 r10=00080000
0099 0022ac00 ADD_270 r10, r11
0099 00229800 ADD_270 r10, r6
0099 002e9000 ADD r10, 0000
0099 00056800 MOV r5, [r10]
		 read mem : 2ff1468b
		 r5=2FF1468B
00a5 007d40ff AND r5, 00ff
		 r5=0000008b
00a5 009dc0ae JA r7 00ae
00ae 0011c000 DEC r7
00ae 0002d800 MOV r11, r6
		 r11=00000094
00b4 004ec008 LSH r11, 0008
		 r11=00009400
00b7 00029c00 MOV r10, r7
		 r10=00000007
00ba 004e8010 LSH r10, 0010
		 r10=00070000
00bd 0022ac00 ADD_270 r10, r11
00bd 00229400 ADD_270 r10, r5
00bd 002e9000 ADD r10, 0000
00bd 00052800 MOV r4, [r10]
		 read mem : 8f7d8e8a
		 r4=8F7D8E8A
00c9 007d00ff AND r4, 00ff
		 r4=0000008a
00c9 009dc0d2 JA r7 00d2
00d2 0011c000 DEC r7
00d2 0002d400 MOV r11, r5
		 r11=0000008B
00d8 004ec008 LSH r11, 0008
		 r11=00008B00
00db 00029c00 MOV r10, r7
		 r10=00000006
00de 004e8010 LSH r10, 0010
		 r10=00060000
00e1 0022ac00 ADD_270 r10, r11
00e1 00229000 ADD_270 r10, r4
00e1 002e9000 ADD r10, 0000
00e1 0005a800 MOV r6, [r10]
		 read mem : e6c23b4b
		 r6=E6C23B4B
00ed 007d80ff AND r6, 00ff
		 r6=0000004b
00ed 009dc0f6 JA r7 00f6
00f6 0011c000 DEC r7
00f6 00025800 MOV r9, r6
		 r9=0000004B
00fc 004e4008 LSH r9, 0008
		 r9=00004B00
00ff 00225000 ADD_270 r9, r4
00ff 00023800 MOV r8, r14
		 r8=00000018
0105 005e0003 RSH r8, 0003
		 r8=00000003
0108 007e0001 AND r8, 0001
		 r8=00000001
00cf8000 MOV [0X10000+r14], cst (0c 03 0e 00 0000)
010e 009e012f JA r8 012f
012f 00020000 MOV r8, r0
		 r8=0000823D
0132 00002400 MOV r0, r9
		 r0=00004B8A
0135 00007800 MOV r1, r14
		 r1=00000018
0138 002c4001 ADD r1, 0001
0138 00604000 XOR r1, r0
		 r1=00004b93
0138 00604800 XOR r1, r2
		 r1=00008e47
00ec414a OP_e (0e 03 01 00 014a)
014a 009f8057 JA r14 0057
0057 00138000 DEC r14
0057 00010400 MOV r4, r1
		 r4=00008E47
005d 00015000 MOV r5, r4
		 r5=00008E47
0060 005d0008 RSH r4, 0008
		 r4=0000008E
0063 007d00ff AND r4, 00ff
		 r4=0000008e
0063 007d40ff AND r5, 00ff
		 r5=00000047
0063 0002d400 MOV r11, r5
		 r11=00000047
006c 004ec008 LSH r11, 0008
		 r11=00004700
006f 00029c00 MOV r10, r7
		 r10=00000005
0072 004e8010 LSH r10, 0010
		 r10=00050000
0075 0022ac00 ADD_270 r10, r11
0075 00229000 ADD_270 r10, r4
0075 002e9000 ADD r10, 0000
0075 0005a800 MOV r6, [r10]
		 read mem : 015ee73a
		 r6=015EE73A
0081 007d80ff AND r6, 00ff
		 r6=0000003a
0081 009dc08a JA r7 008a
008a 0011c000 DEC r7
008a 0002d000 MOV r11, r4
		 r11=0000008E
0090 004ec008 LSH r11, 0008
		 r11=00008E00
0093 00029c00 MOV r10, r7
		 r10=00000004
0096 004e8010 LSH r10, 0010
		 r10=00040000
0099 0022ac00 ADD_270 r10, r11
0099 00229800 ADD_270 r10, r6
0099 002e9000 ADD r10, 0000
0099 00056800 MOV r5, [r10]
		 read mem : 2620e600
		 r5=2620E600
00a5 007d40ff AND r5, 00ff
		 r5=00000000
00a5 009dc0ae JA r7 00ae
00ae 0011c000 DEC r7
00ae 0002d800 MOV r11, r6
		 r11=0000003A
00b4 004ec008 LSH r11, 0008
		 r11=00003A00
00b7 00029c00 MOV r10, r7
		 r10=00000003
00ba 004e8010 LSH r10, 0010
		 r10=00030000
00bd 0022ac00 ADD_270 r10, r11
00bd 00229400 ADD_270 r10, r5
00bd 002e9000 ADD r10, 0000
00bd 00052800 MOV r4, [r10]
		 read mem : 9c34131b
		 r4=9C34131B
00c9 007d00ff AND r4, 00ff
		 r4=0000001b
00c9 009dc0d2 JA r7 00d2
00d2 0011c000 DEC r7
00d2 0002d400 MOV r11, r5
		 r11=00000000
00d8 004ec008 LSH r11, 0008
		 r11=00000000
00db 00029c00 MOV r10, r7
		 r10=00000002
00de 004e8010 LSH r10, 0010
		 r10=00020000
00e1 0022ac00 ADD_270 r10, r11
00e1 00229000 ADD_270 r10, r4
00e1 002e9000 ADD r10, 0000
00e1 0005a800 MOV r6, [r10]
		 read mem : 75ccf9c6
		 r6=75CCF9C6
00ed 007d80ff AND r6, 00ff
		 r6=000000c6
00ed 009dc0f6 JA r7 00f6
00f6 0011c000 DEC r7
00f6 00025800 MOV r9, r6
		 r9=000000C6
00fc 004e4008 LSH r9, 0008
		 r9=0000C600
00ff 00225000 ADD_270 r9, r4
00ff 00023800 MOV r8, r14
		 r8=00000017
0105 005e0003 RSH r8, 0003
		 r8=00000002
0108 007e0001 AND r8, 0001
		 r8=00000000
00cf8000 MOV [0X10000+r14], cst (0c 03 0e 00 0000)
010e 009e012f JA r8 012f
0111 00020c00 MOV r8, r3
		 r8=00006B67
0114 0000f800 MOV r3, r14
		 r3=00000017
0117 002cc001 ADD r3, 0001
0117 0060c000 XOR r3, r0
		 r3=00004b92
00ecc14a OP_e (0e 03 03 00 014a)
014a 009f8057 JA r14 0057
0057 00138000 DEC r14
0057 00010400 MOV r4, r1
		 r4=00008E47
005d 00015000 MOV r5, r4
		 r5=00008E47
0060 005d0008 RSH r4, 0008
		 r4=0000008E
0063 007d00ff AND r4, 00ff
		 r4=0000008e
0063 007d40ff AND r5, 00ff
		 r5=00000047
0063 0002d400 MOV r11, r5
		 r11=00000047
006c 004ec008 LSH r11, 0008
		 r11=00004700
006f 00029c00 MOV r10, r7
		 r10=00000001
0072 004e8010 LSH r10, 0010
		 r10=00010000
0075 0022ac00 ADD_270 r10, r11
0075 00229000 ADD_270 r10, r4
0075 002e9000 ADD r10, 0000
0075 0005a800 MOV r6, [r10]
		 read mem : 0f1a4243
		 r6=0F1A4243
0081 007d80ff AND r6, 00ff
		 r6=00000043
0081 009dc08a JA r7 008a
008a 0011c000 DEC r7
008a 0002d000 MOV r11, r4
		 r11=0000008E
0090 004ec008 LSH r11, 0008
		 r11=00008E00
0093 00029c00 MOV r10, r7
		 r10=00000000
0096 004e8010 LSH r10, 0010
		 r10=00000000
0099 0022ac00 ADD_270 r10, r11
0099 00229800 ADD_270 r10, r6
0099 002e9000 ADD r10, 0000
0099 00056800 MOV r5, [r10]
		 read mem : 497d2cea
		 r5=497D2CEA
00a5 007d40ff AND r5, 00ff
		 r5=000000ea
00a5 009dc0ae JA r7 00ae
00ab 000dc00a MOV r7, 000a
		 r7=0000000A
00ae 0011c000 DEC r7
00ae 0002d800 MOV r11, r6
		 r11=00000043
00b4 004ec008 LSH r11, 0008
		 r11=00004300
00b7 00029c00 MOV r10, r7
		 r10=00000009
00ba 004e8010 LSH r10, 0010
		 r10=00090000
00bd 0022ac00 ADD_270 r10, r11
00bd 00229400 ADD_270 r10, r5
00bd 002e9000 ADD r10, 0000
00bd 00052800 MOV r4, [r10]
		 read mem : c2a547c7
		 r4=C2A547C7
00c9 007d00ff AND r4, 00ff
		 r4=000000c7
00c9 009dc0d2 JA r7 00d2
00d2 0011c000 DEC r7
00d2 0002d400 MOV r11, r5
		 r11=000000EA
00d8 004ec008 LSH r11, 0008
		 r11=0000EA00
00db 00029c00 MOV r10, r7
		 r10=00000008
00de 004e8010 LSH r10, 0010
		 r10=00080000
00e1 0022ac00 ADD_270 r10, r11
00e1 00229000 ADD_270 r10, r4
00e1 002e9000 ADD r10, 0000
00e1 0005a800 MOV r6, [r10]
		 read mem : ac3e260c
		 r6=AC3E260C
00ed 007d80ff AND r6, 00ff
		 r6=0000000c
00ed 009dc0f6 JA r7 00f6
00f6 0011c000 DEC r7
00f6 00025800 MOV r9, r6
		 r9=0000000C
00fc 004e4008 LSH r9, 0008
		 r9=00000C00
00ff 00225000 ADD_270 r9, r4
00ff 00023800 MOV r8, r14
		 r8=00000016
0105 005e0003 RSH r8, 0003
		 r8=00000002
0108 007e0001 AND r8, 0001
		 r8=00000000
00cf8000 MOV [0X10000+r14], cst (0c 03 0e 00 0000)
010e 009e012f JA r8 012f
0111 00020c00 MOV r8, r3
		 r8=00004B92
0114 0000f800 MOV r3, r14
		 r3=00000016
0117 002cc001 ADD r3, 0001
0117 0060c000 XOR r3, r0
		 r3=00004b9d
00ecc14a OP_e (0e 03 03 00 014a)
014a 009f8057 JA r14 0057
0057 00138000 DEC r14
0057 00010400 MOV r4, r1
		 r4=00008E47
005d 00015000 MOV r5, r4
		 r5=00008E47
0060 005d0008 RSH r4, 0008
		 r4=0000008E
0063 007d00ff AND r4, 00ff
		 r4=0000008e
0063 007d40ff AND r5, 00ff
		 r5=00000047
0063 0002d400 MOV r11, r5
		 r11=00000047
006c 004ec008 LSH r11, 0008
		 r11=00004700
006f 00029c00 MOV r10, r7
		 r10=00000007
0072 004e8010 LSH r10, 0010
		 r10=00070000
0075 0022ac00 ADD_270 r10, r11
0075 00229000 ADD_270 r10, r4
0075 002e9000 ADD r10, 0000
0075 0005a800 MOV r6, [r10]
		 read mem : 3993fbae
		 r6=3993FBAE
0081 007d80ff AND r6, 00ff
		 r6=000000ae
0081 009dc08a JA r7 008a
008a 0011c000 DEC r7
008a 0002d000 MOV r11, r4
		 r11=0000008E
0090 004ec008 LSH r11, 0008
		 r11=00008E00
0093 00029c00 MOV r10, r7
		 r10=00000006
0096 004e8010 LSH r10, 0010
		 r10=00060000
0099 0022ac00 ADD_270 r10, r11
0099 00229800 ADD_270 r10, r6
0099 002e9000 ADD r10, 0000
0099 00056800 MOV r5, [r10]
		 read mem : cc73c9c9
		 r5=CC73C9C9
00a5 007d40ff AND r5, 00ff
		 r5=000000c9
00a5 009dc0ae JA r7 00ae
00ae 0011c000 DEC r7
00ae 0002d800 MOV r11, r6
		 r11=000000AE
00b4 004ec008 LSH r11, 0008
		 r11=0000AE00
00b7 00029c00 MOV r10, r7
		 r10=00000005
00ba 004e8010 LSH r10, 0010
		 r10=00050000
00bd 0022ac00 ADD_270 r10, r11
00bd 00229400 ADD_270 r10, r5
00bd 002e9000 ADD r10, 0000
00bd 00052800 MOV r4, [r10]
		 read mem : 5f99db3d
		 r4=5F99DB3D
00c9 007d00ff AND r4, 00ff
		 r4=0000003d
00c9 009dc0d2 JA r7 00d2
00d2 0011c000 DEC r7
00d2 0002d400 MOV r11, r5
		 r11=000000C9
00d8 004ec008 LSH r11, 0008
		 r11=0000C900
00db 00029c00 MOV r10, r7
		 r10=00000004
00de 004e8010 LSH r10, 0010
		 r10=00040000
00e1 0022ac00 ADD_270 r10, r11
00e1 00229000 ADD_270 r10, r4
00e1 002e9000 ADD r10, 0000
00e1 0005a800 MOV r6, [r10]
		 read mem : f8ce4123
		 r6=F8CE4123
00ed 007d80ff AND r6, 00ff
		 r6=00000023
00ed 009dc0f6 JA r7 00f6
00f6 0011c000 DEC r7
00f6 00025800 MOV r9, r6
		 r9=00000023
00fc 004e4008 LSH r9, 0008
		 r9=00002300
00ff 00225000 ADD_270 r9, r4
00ff 00023800 MOV r8, r14
		 r8=00000015
0105 005e0003 RSH r8, 0003
		 r8=00000002
0108 007e0001 AND r8, 0001
		 r8=00000000
00cf8000 MOV [0X10000+r14], cst (0c 03 0e 00 0000)
010e 009e012f JA r8 012f
0111 00020c00 MOV r8, r3
		 r8=00004B9D
0114 0000f800 MOV r3, r14
		 r3=00000015
0117 002cc001 ADD r3, 0001
0117 0060c000 XOR r3, r0
		 r3=00004b9c
00ecc14a OP_e (0e 03 03 00 014a)
014a 009f8057 JA r14 0057
0057 00138000 DEC r14
0057 00010400 MOV r4, r1
		 r4=00008E47
005d 00015000 MOV r5, r4
		 r5=00008E47
0060 005d0008 RSH r4, 0008
		 r4=0000008E
0063 007d00ff AND r4, 00ff
		 r4=0000008e
0063 007d40ff AND r5, 00ff
		 r5=00000047
0063 0002d400 MOV r11, r5
		 r11=00000047
006c 004ec008 LSH r11, 0008
		 r11=00004700
006f 00029c00 MOV r10, r7
		 r10=00000003
0072 004e8010 LSH r10, 0010
		 r10=00030000
0075 0022ac00 ADD_270 r10, r11
0075 00229000 ADD_270 r10, r4
0075 002e9000 ADD r10, 0000
0075 0005a800 MOV r6, [r10]
		 read mem : 1c253a27
		 r6=1C253A27
0081 007d80ff AND r6, 00ff
		 r6=00000027
0081 009dc08a JA r7 008a
008a 0011c000 DEC r7
008a 0002d000 MOV r11, r4
		 r11=0000008E
0090 004ec008 LSH r11, 0008
		 r11=00008E00
0093 00029c00 MOV r10, r7
		 r10=00000002
0096 004e8010 LSH r10, 0010
		 r10=00020000
0099 0022ac00 ADD_270 r10, r11
0099 00229800 ADD_270 r10, r6
0099 002e9000 ADD r10, 0000
0099 00056800 MOV r5, [r10]
		 read mem : 0a4eef12
		 r5=0A4EEF12
00a5 007d40ff AND r5, 00ff
		 r5=00000012
00a5 009dc0ae JA r7 00ae
00ae 0011c000 DEC r7
00ae 0002d800 MOV r11, r6
		 r11=00000027
00b4 004ec008 LSH r11, 0008
		 r11=00002700
00b7 00029c00 MOV r10, r7
		 r10=00000001
00ba 004e8010 LSH r10, 0010
		 r10=00010000
00bd 0022ac00 ADD_270 r10, r11
00bd 00229400 ADD_270 r10, r5
00bd 002e9000 ADD r10, 0000
00bd 00052800 MOV r4, [r10]
		 read mem : dd7debc6
		 r4=DD7DEBC6
00c9 007d00ff AND r4, 00ff
		 r4=000000c6
00c9 009dc0d2 JA r7 00d2
00d2 0011c000 DEC r7
00d2 0002d400 MOV r11, r5
		 r11=00000012
00d8 004ec008 LSH r11, 0008
		 r11=00001200
00db 00029c00 MOV r10, r7
		 r10=00000000
00de 004e8010 LSH r10, 0010
		 r10=00000000
00e1 0022ac00 ADD_270 r10, r11
00e1 00229000 ADD_270 r10, r4
00e1 002e9000 ADD r10, 0000
00e1 0005a800 MOV r6, [r10]
		 read mem : afaddf20
		 r6=AFADDF20
00ed 007d80ff AND r6, 00ff
		 r6=00000020
00ed 009dc0f6 JA r7 00f6
00f3 000dc00a MOV r7, 000a
		 r7=0000000A
00f6 0011c000 DEC r7
00f6 00025800 MOV r9, r6
		 r9=00000020
00fc 004e4008 LSH r9, 0008
		 r9=00002000
00ff 00225000 ADD_270 r9, r4
00ff 00023800 MOV r8, r14
		 r8=00000014
0105 005e0003 RSH r8, 0003
		 r8=00000002
0108 007e0001 AND r8, 0001
		 r8=00000000
00cf8000 MOV [0X10000+r14], cst (0c 03 0e 00 0000)
010e 009e012f JA r8 012f
0111 00020c00 MOV r8, r3
		 r8=00004B9C
0114 0000f800 MOV r3, r14
		 r3=00000014
0117 002cc001 ADD r3, 0001
0117 0060c000 XOR r3, r0
		 r3=00004b9f
00ecc14a OP_e (0e 03 03 00 014a)
014a 009f8057 JA r14 0057
0057 00138000 DEC r14
0057 00010400 MOV r4, r1
		 r4=00008E47
005d 00015000 MOV r5, r4
		 r5=00008E47
0060 005d0008 RSH r4, 0008
		 r4=0000008E
0063 007d00ff AND r4, 00ff
		 r4=0000008e
0063 007d40ff AND r5, 00ff
		 r5=00000047
0063 0002d400 MOV r11, r5
		 r11=00000047
006c 004ec008 LSH r11, 0008
		 r11=00004700
006f 00029c00 MOV r10, r7
		 r10=00000009
0072 004e8010 LSH r10, 0010
		 r10=00090000
0075 0022ac00 ADD_270 r10, r11
0075 00229000 ADD_270 r10, r4
0075 002e9000 ADD r10, 0000
0075 0005a800 MOV r6, [r10]
		 read mem : d5844241
		 r6=D5844241
0081 007d80ff AND r6, 00ff
		 r6=00000041
0081 009dc08a JA r7 008a
008a 0011c000 DEC r7
008a 0002d000 MOV r11, r4
		 r11=0000008E
0090 004ec008 LSH r11, 0008
		 r11=00008E00
0093 00029c00 MOV r10, r7
		 r10=00000008
0096 004e8010 LSH r10, 0010
		 r10=00080000
0099 0022ac00 ADD_270 r10, r11
0099 00229800 ADD_270 r10, r6
0099 002e9000 ADD r10, 0000
0099 00056800 MOV r5, [r10]
		 read mem : 7033c2b6
		 r5=7033C2B6
00a5 007d40ff AND r5, 00ff
		 r5=000000b6
00a5 009dc0ae JA r7 00ae
00ae 0011c000 DEC r7
00ae 0002d800 MOV r11, r6
		 r11=00000041
00b4 004ec008 LSH r11, 0008
		 r11=00004100
00b7 00029c00 MOV r10, r7
		 r10=00000007
00ba 004e8010 LSH r10, 0010
		 r10=00070000
00bd 0022ac00 ADD_270 r10, r11
00bd 00229400 ADD_270 r10, r5
00bd 002e9000 ADD r10, 0000
00bd 00052800 MOV r4, [r10]
		 read mem : a4bb251a
		 r4=A4BB251A
00c9 007d00ff AND r4, 00ff
		 r4=0000001a
00c9 009dc0d2 JA r7 00d2
00d2 0011c000 DEC r7
00d2 0002d400 MOV r11, r5
		 r11=000000B6
00d8 004ec008 LSH r11, 0008
		 r11=0000B600
00db 00029c00 MOV r10, r7
		 r10=00000006
00de 004e8010 LSH r10, 0010
		 r10=00060000
00e1 0022ac00 ADD_270 r10, r11
00e1 00229000 ADD_270 r10, r4
00e1 002e9000 ADD r10, 0000
00e1 0005a800 MOV r6, [r10]
		 read mem : dc4848e7
		 r6=DC4848E7
00ed 007d80ff AND r6, 00ff
		 r6=000000e7
00ed 009dc0f6 JA r7 00f6
00f6 0011c000 DEC r7
00f6 00025800 MOV r9, r6
		 r9=000000E7
00fc 004e4008 LSH r9, 0008
		 r9=0000E700
00ff 00225000 ADD_270 r9, r4
00ff 00023800 MOV r8, r14
		 r8=00000013
0105 005e0003 RSH r8, 0003
		 r8=00000002
0108 007e0001 AND r8, 0001
		 r8=00000000
00cf8000 MOV [0X10000+r14], cst (0c 03 0e 00 0000)
010e 009e012f JA r8 012f
0111 00020c00 MOV r8, r3
		 r8=00004B9F
0114 0000f800 MOV r3, r14
		 r3=00000013
0117 002cc001 ADD r3, 0001
0117 0060c000 XOR r3, r0
		 r3=00004b9e
00ecc14a OP_e (0e 03 03 00 014a)
014a 009f8057 JA r14 0057
0057 00138000 DEC r14
0057 00010400 MOV r4, r1
		 r4=00008E47
005d 00015000 MOV r5, r4
		 r5=00008E47
0060 005d0008 RSH r4, 0008
		 r4=0000008E
0063 007d00ff AND r4, 00ff
		 r4=0000008e
0063 007d40ff AND r5, 00ff
		 r5=00000047
0063 0002d400 MOV r11, r5
		 r11=00000047
006c 004ec008 LSH r11, 0008
		 r11=00004700
006f 00029c00 MOV r10, r7
		 r10=00000005
0072 004e8010 LSH r10, 0010
		 r10=00050000
0075 0022ac00 ADD_270 r10, r11
0075 00229000 ADD_270 r10, r4
0075 002e9000 ADD r10, 0000
0075 0005a800 MOV r6, [r10]
		 read mem : 015ee73a
		 r6=015EE73A
0081 007d80ff AND r6, 00ff
		 r6=0000003a
0081 009dc08a JA r7 008a
008a 0011c000 DEC r7
008a 0002d000 MOV r11, r4
		 r11=0000008E
0090 004ec008 LSH r11, 0008
		 r11=00008E00
0093 00029c00 MOV r10, r7
		 r10=00000004
0096 004e8010 LSH r10, 0010
		 r10=00040000
0099 0022ac00 ADD_270 r10, r11
0099 00229800 ADD_270 r10, r6
0099 002e9000 ADD r10, 0000
0099 00056800 MOV r5, [r10]
		 read mem : 2620e600
		 r5=2620E600
00a5 007d40ff AND r5, 00ff
		 r5=00000000
00a5 009dc0ae JA r7 00ae
00ae 0011c000 DEC r7
00ae 0002d800 MOV r11, r6
		 r11=0000003A
00b4 004ec008 LSH r11, 0008
		 r11=00003A00
00b7 00029c00 MOV r10, r7
		 r10=00000003
00ba 004e8010 LSH r10, 0010
		 r10=00030000
00bd 0022ac00 ADD_270 r10, r11
00bd 00229400 ADD_270 r10, r5
00bd 002e9000 ADD r10, 0000
00bd 00052800 MOV r4, [r10]
		 read mem : 9c34131b
		 r4=9C34131B
00c9 007d00ff AND r4, 00ff
		 r4=0000001b
00c9 009dc0d2 JA r7 00d2
00d2 0011c000 DEC r7
00d2 0002d400 MOV r11, r5
		 r11=00000000
00d8 004ec008 LSH r11, 0008
		 r11=00000000
00db 00029c00 MOV r10, r7
		 r10=00000002
00de 004e8010 LSH r10, 0010
		 r10=00020000
00e1 0022ac00 ADD_270 r10, r11
00e1 00229000 ADD_270 r10, r4
00e1 002e9000 ADD r10, 0000
00e1 0005a800 MOV r6, [r10]
		 read mem : 75ccf9c6
		 r6=75CCF9C6
00ed 007d80ff AND r6, 00ff
		 r6=000000c6
00ed 009dc0f6 JA r7 00f6
00f6 0011c000 DEC r7
00f6 00025800 MOV r9, r6
		 r9=000000C6
00fc 004e4008 LSH r9, 0008
		 r9=0000C600
00ff 00225000 ADD_270 r9, r4
00ff 00023800 MOV r8, r14
		 r8=00000012
0105 005e0003 RSH r8, 0003
		 r8=00000002
0108 007e0001 AND r8, 0001
		 r8=00000000
00cf8000 MOV [0X10000+r14], cst (0c 03 0e 00 0000)
010e 009e012f JA r8 012f
0111 00020c00 MOV r8, r3
		 r8=00004B9E
0114 0000f800 MOV r3, r14
		 r3=00000012
0117 002cc001 ADD r3, 0001
0117 0060c000 XOR r3, r0
		 r3=00004b99
00ecc14a OP_e (0e 03 03 00 014a)
014a 009f8057 JA r14 0057
0057 00138000 DEC r14
0057 00010400 MOV r4, r1
		 r4=00008E47
005d 00015000 MOV r5, r4
		 r5=00008E47
0060 005d0008 RSH r4, 0008
		 r4=0000008E
0063 007d00ff AND r4, 00ff
		 r4=0000008e
0063 007d40ff AND r5, 00ff
		 r5=00000047
0063 0002d400 MOV r11, r5
		 r11=00000047
006c 004ec008 LSH r11, 0008
		 r11=00004700
006f 00029c00 MOV r10, r7
		 r10=00000001
0072 004e8010 LSH r10, 0010
		 r10=00010000
0075 0022ac00 ADD_270 r10, r11
0075 00229000 ADD_270 r10, r4
0075 002e9000 ADD r10, 0000
0075 0005a800 MOV r6, [r10]
		 read mem : 0f1a4243
		 r6=0F1A4243
0081 007d80ff AND r6, 00ff
		 r6=00000043
0081 009dc08a JA r7 008a
008a 0011c000 DEC r7
008a 0002d000 MOV r11, r4
		 r11=0000008E
0090 004ec008 LSH r11, 0008
		 r11=00008E00
0093 00029c00 MOV r10, r7
		 r10=00000000
0096 004e8010 LSH r10, 0010
		 r10=00000000
0099 0022ac00 ADD_270 r10, r11
0099 00229800 ADD_270 r10, r6
0099 002e9000 ADD r10, 0000
0099 00056800 MOV r5, [r10]
		 read mem : 497d2cea
		 r5=497D2CEA
00a5 007d40ff AND r5, 00ff
		 r5=000000ea
00a5 009dc0ae JA r7 00ae
00ab 000dc00a MOV r7, 000a
		 r7=0000000A
00ae 0011c000 DEC r7
00ae 0002d800 MOV r11, r6
		 r11=00000043
00b4 004ec008 LSH r11, 0008
		 r11=00004300
00b7 00029c00 MOV r10, r7
		 r10=00000009
00ba 004e8010 LSH r10, 0010
		 r10=00090000
00bd 0022ac00 ADD_270 r10, r11
00bd 00229400 ADD_270 r10, r5
00bd 002e9000 ADD r10, 0000
00bd 00052800 MOV r4, [r10]
		 read mem : c2a547c7
		 r4=C2A547C7
00c9 007d00ff AND r4, 00ff
		 r4=000000c7
00c9 009dc0d2 JA r7 00d2
00d2 0011c000 DEC r7
00d2 0002d400 MOV r11, r5
		 r11=000000EA
00d8 004ec008 LSH r11, 0008
		 r11=0000EA00
00db 00029c00 MOV r10, r7
		 r10=00000008
00de 004e8010 LSH r10, 0010
		 r10=00080000
00e1 0022ac00 ADD_270 r10, r11
00e1 00229000 ADD_270 r10, r4
00e1 002e9000 ADD r10, 0000
00e1 0005a800 MOV r6, [r10]
		 read mem : ac3e260c
		 r6=AC3E260C
00ed 007d80ff AND r6, 00ff
		 r6=0000000c
00ed 009dc0f6 JA r7 00f6
00f6 0011c000 DEC r7
00f6 00025800 MOV r9, r6
		 r9=0000000C
00fc 004e4008 LSH r9, 0008
		 r9=00000C00
00ff 00225000 ADD_270 r9, r4
00ff 00023800 MOV r8, r14
		 r8=00000011
0105 005e0003 RSH r8, 0003
		 r8=00000002
0108 007e0001 AND r8, 0001
		 r8=00000000
00cf8000 MOV [0X10000+r14], cst (0c 03 0e 00 0000)
010e 009e012f JA r8 012f
0111 00020c00 MOV r8, r3
		 r8=00004B99
0114 0000f800 MOV r3, r14
		 r3=00000011
0117 002cc001 ADD r3, 0001
0117 0060c000 XOR r3, r0
		 r3=00004b98
00ecc14a OP_e (0e 03 03 00 014a)
014a 009f8057 JA r14 0057
0057 00138000 DEC r14
0057 00010400 MOV r4, r1
		 r4=00008E47
005d 00015000 MOV r5, r4
		 r5=00008E47
0060 005d0008 RSH r4, 0008
		 r4=0000008E
0063 007d00ff AND r4, 00ff
		 r4=0000008e
0063 007d40ff AND r5, 00ff
		 r5=00000047
0063 0002d400 MOV r11, r5
		 r11=00000047
006c 004ec008 LSH r11, 0008
		 r11=00004700
006f 00029c00 MOV r10, r7
		 r10=00000007
0072 004e8010 LSH r10, 0010
		 r10=00070000
0075 0022ac00 ADD_270 r10, r11
0075 00229000 ADD_270 r10, r4
0075 002e9000 ADD r10, 0000
0075 0005a800 MOV r6, [r10]
		 read mem : 3993fbae
		 r6=3993FBAE
0081 007d80ff AND r6, 00ff
		 r6=000000ae
0081 009dc08a JA r7 008a
008a 0011c000 DEC r7
008a 0002d000 MOV r11, r4
		 r11=0000008E
0090 004ec008 LSH r11, 0008
		 r11=00008E00
0093 00029c00 MOV r10, r7
		 r10=00000006
0096 004e8010 LSH r10, 0010
		 r10=00060000
0099 0022ac00 ADD_270 r10, r11
0099 00229800 ADD_270 r10, r6
0099 002e9000 ADD r10, 0000
0099 00056800 MOV r5, [r10]
		 read mem : cc73c9c9
		 r5=CC73C9C9
00a5 007d40ff AND r5, 00ff
		 r5=000000c9
00a5 009dc0ae JA r7 00ae
00ae 0011c000 DEC r7
00ae 0002d800 MOV r11, r6
		 r11=000000AE
00b4 004ec008 LSH r11, 0008
		 r11=0000AE00
00b7 00029c00 MOV r10, r7
		 r10=00000005
00ba 004e8010 LSH r10, 0010
		 r10=00050000
00bd 0022ac00 ADD_270 r10, r11
00bd 00229400 ADD_270 r10, r5
00bd 002e9000 ADD r10, 0000
00bd 00052800 MOV r4, [r10]
		 read mem : 5f99db3d
		 r4=5F99DB3D
00c9 007d00ff AND r4, 00ff
		 r4=0000003d
00c9 009dc0d2 JA r7 00d2
00d2 0011c000 DEC r7
00d2 0002d400 MOV r11, r5
		 r11=000000C9
00d8 004ec008 LSH r11, 0008
		 r11=0000C900
00db 00029c00 MOV r10, r7
		 r10=00000004
00de 004e8010 LSH r10, 0010
		 r10=00040000
00e1 0022ac00 ADD_270 r10, r11
00e1 00229000 ADD_270 r10, r4
00e1 002e9000 ADD r10, 0000
00e1 0005a800 MOV r6, [r10]
		 read mem : f8ce4123
		 r6=F8CE4123
00ed 007d80ff AND r6, 00ff
		 r6=00000023
00ed 009dc0f6 JA r7 00f6
00f6 0011c000 DEC r7
00f6 00025800 MOV r9, r6
		 r9=00000023
00fc 004e4008 LSH r9, 0008
		 r9=00002300
00ff 00225000 ADD_270 r9, r4
00ff 00023800 MOV r8, r14
		 r8=00000010
0105 005e0003 RSH r8, 0003
		 r8=00000002
0108 007e0001 AND r8, 0001
		 r8=00000000
00cf8000 MOV [0X10000+r14], cst (0c 03 0e 00 0000)
010e 009e012f JA r8 012f
0111 00020c00 MOV r8, r3
		 r8=00004B98
0114 0000f800 MOV r3, r14
		 r3=00000010
0117 002cc001 ADD r3, 0001
0117 0060c000 XOR r3, r0
		 r3=00004b9b
00ecc14a OP_e (0e 03 03 00 014a)
014a 009f8057 JA r14 0057
0057 00138000 DEC r14
0057 00010400 MOV r4, r1
		 r4=00008E47
005d 00015000 MOV r5, r4
		 r5=00008E47
0060 005d0008 RSH r4, 0008
		 r4=0000008E
0063 007d00ff AND r4, 00ff
		 r4=0000008e
0063 007d40ff AND r5, 00ff
		 r5=00000047
0063 0002d400 MOV r11, r5
		 r11=00000047
006c 004ec008 LSH r11, 0008
		 r11=00004700
006f 00029c00 MOV r10, r7
		 r10=00000003
0072 004e8010 LSH r10, 0010
		 r10=00030000
0075 0022ac00 ADD_270 r10, r11
0075 00229000 ADD_270 r10, r4
0075 002e9000 ADD r10, 0000
0075 0005a800 MOV r6, [r10]
		 read mem : 1c253a27
		 r6=1C253A27
0081 007d80ff AND r6, 00ff
		 r6=00000027
0081 009dc08a JA r7 008a
008a 0011c000 DEC r7
008a 0002d000 MOV r11, r4
		 r11=0000008E
0090 004ec008 LSH r11, 0008
		 r11=00008E00
0093 00029c00 MOV r10, r7
		 r10=00000002
0096 004e8010 LSH r10, 0010
		 r10=00020000
0099 0022ac00 ADD_270 r10, r11
0099 00229800 ADD_270 r10, r6
0099 002e9000 ADD r10, 0000
0099 00056800 MOV r5, [r10]
		 read mem : 0a4eef12
		 r5=0A4EEF12
00a5 007d40ff AND r5, 00ff
		 r5=00000012
00a5 009dc0ae JA r7 00ae
00ae 0011c000 DEC r7
00ae 0002d800 MOV r11, r6
		 r11=00000027
00b4 004ec008 LSH r11, 0008
		 r11=00002700
00b7 00029c00 MOV r10, r7
		 r10=00000001
00ba 004e8010 LSH r10, 0010
		 r10=00010000
00bd 0022ac00 ADD_270 r10, r11
00bd 00229400 ADD_270 r10, r5
00bd 002e9000 ADD r10, 0000
00bd 00052800 MOV r4, [r10]
		 read mem : dd7debc6
		 r4=DD7DEBC6
00c9 007d00ff AND r4, 00ff
		 r4=000000c6
00c9 009dc0d2 JA r7 00d2
00d2 0011c000 DEC r7
00d2 0002d400 MOV r11, r5
		 r11=00000012
00d8 004ec008 LSH r11, 0008
		 r11=00001200
00db 00029c00 MOV r10, r7
		 r10=00000000
00de 004e8010 LSH r10, 0010
		 r10=00000000
00e1 0022ac00 ADD_270 r10, r11
00e1 00229000 ADD_270 r10, r4
00e1 002e9000 ADD r10, 0000
00e1 0005a800 MOV r6, [r10]
		 read mem : afaddf20
		 r6=AFADDF20
00ed 007d80ff AND r6, 00ff
		 r6=00000020
00ed 009dc0f6 JA r7 00f6
00f3 000dc00a MOV r7, 000a
		 r7=0000000A
00f6 0011c000 DEC r7
00f6 00025800 MOV r9, r6
		 r9=00000020
00fc 004e4008 LSH r9, 0008
		 r9=00002000
00ff 00225000 ADD_270 r9, r4
00ff 00023800 MOV r8, r14
		 r8=0000000F
0105 005e0003 RSH r8, 0003
		 r8=00000001
0108 007e0001 AND r8, 0001
		 r8=00000001
00cf8000 MOV [0X10000+r14], cst (0c 03 0e 00 0000)
010e 009e012f JA r8 012f
012f 00020000 MOV r8, r0
		 r8=00004B8A
0132 00002400 MOV r0, r9
		 r0=000020C6
0135 00007800 MOV r1, r14
		 r1=0000000F
0138 002c4001 ADD r1, 0001
0138 00604000 XOR r1, r0
		 r1=000020d6
0138 00604800 XOR r1, r2
		 r1=0000e502
00ec414a OP_e (0e 03 01 00 014a)
014a 009f8057 JA r14 0057
0057 00138000 DEC r14
0057 00010400 MOV r4, r1
		 r4=0000E502
005d 00015000 MOV r5, r4
		 r5=0000E502
0060 005d0008 RSH r4, 0008
		 r4=000000E5
0063 007d00ff AND r4, 00ff
		 r4=000000e5
0063 007d40ff AND r5, 00ff
		 r5=00000002
0063 0002d400 MOV r11, r5
		 r11=00000002
006c 004ec008 LSH r11, 0008
		 r11=00000200
006f 00029c00 MOV r10, r7
		 r10=00000009
0072 004e8010 LSH r10, 0010
		 r10=00090000
0075 0022ac00 ADD_270 r10, r11
0075 00229000 ADD_270 r10, r4
0075 002e9000 ADD r10, 0000
0075 0005a800 MOV r6, [r10]
		 read mem : c957bced
		 r6=C957BCED
0081 007d80ff AND r6, 00ff
		 r6=000000ed
0081 009dc08a JA r7 008a
008a 0011c000 DEC r7
008a 0002d000 MOV r11, r4
		 r11=000000E5
0090 004ec008 LSH r11, 0008
		 r11=0000E500
0093 00029c00 MOV r10, r7
		 r10=00000008
0096 004e8010 LSH r10, 0010
		 r10=00080000
0099 0022ac00 ADD_270 r10, r11
0099 00229800 ADD_270 r10, r6
0099 002e9000 ADD r10, 0000
0099 00056800 MOV r5, [r10]
		 read mem : 1d770e23
		 r5=1D770E23
00a5 007d40ff AND r5, 00ff
		 r5=00000023
00a5 009dc0ae JA r7 00ae
00ae 0011c000 DEC r7
00ae 0002d800 MOV r11, r6
		 r11=000000ED
00b4 004ec008 LSH r11, 0008
		 r11=0000ED00
00b7 00029c00 MOV r10, r7
		 r10=00000007
00ba 004e8010 LSH r10, 0010
		 r10=00070000
00bd 0022ac00 ADD_270 r10, r11
00bd 00229400 ADD_270 r10, r5
00bd 002e9000 ADD r10, 0000
00bd 00052800 MOV r4, [r10]
		 read mem : 2122c7c7
		 r4=2122C7C7
00c9 007d00ff AND r4, 00ff
		 r4=000000c7
00c9 009dc0d2 JA r7 00d2
00d2 0011c000 DEC r7
00d2 0002d400 MOV r11, r5
		 r11=00000023
00d8 004ec008 LSH r11, 0008
		 r11=00002300
00db 00029c00 MOV r10, r7
		 r10=00000006
00de 004e8010 LSH r10, 0010
		 r10=00060000
00e1 0022ac00 ADD_270 r10, r11
00e1 00229000 ADD_270 r10, r4
00e1 002e9000 ADD r10, 0000
00e1 0005a800 MOV r6, [r10]
		 read mem : 840f61b1
		 r6=840F61B1
00ed 007d80ff AND r6, 00ff
		 r6=000000b1
00ed 009dc0f6 JA r7 00f6
00f6 0011c000 DEC r7
00f6 00025800 MOV r9, r6
		 r9=000000B1
00fc 004e4008 LSH r9, 0008
		 r9=0000B100
00ff 00225000 ADD_270 r9, r4
00ff 00023800 MOV r8, r14
		 r8=0000000E
0105 005e0003 RSH r8, 0003
		 r8=00000001
0108 007e0001 AND r8, 0001
		 r8=00000001
00cf8000 MOV [0X10000+r14], cst (0c 03 0e 00 0000)
010e 009e012f JA r8 012f
012f 00020000 MOV r8, r0
		 r8=000020C6
0132 00002400 MOV r0, r9
		 r0=0000B1C7
0135 00007800 MOV r1, r14
		 r1=0000000E
0138 002c4001 ADD r1, 0001
0138 00604000 XOR r1, r0
		 r1=0000b1c8
0138 00604800 XOR r1, r2
		 r1=0000741c
00ec414a OP_e (0e 03 01 00 014a)
014a 009f8057 JA r14 0057
0057 00138000 DEC r14
0057 00010400 MOV r4, r1
		 r4=0000741C
005d 00015000 MOV r5, r4
		 r5=0000741C
0060 005d0008 RSH r4, 0008
		 r4=00000074
0063 007d00ff AND r4, 00ff
		 r4=00000074
0063 007d40ff AND r5, 00ff
		 r5=0000001c
0063 0002d400 MOV r11, r5
		 r11=0000001C
006c 004ec008 LSH r11, 0008
		 r11=00001C00
006f 00029c00 MOV r10, r7
		 r10=00000005
0072 004e8010 LSH r10, 0010
		 r10=00050000
0075 0022ac00 ADD_270 r10, r11
0075 00229000 ADD_270 r10, r4
0075 002e9000 ADD r10, 0000
0075 0005a800 MOV r6, [r10]
		 read mem : 9ee759ca
		 r6=9EE759CA
0081 007d80ff AND r6, 00ff
		 r6=000000ca
0081 009dc08a JA r7 008a
008a 0011c000 DEC r7
008a 0002d000 MOV r11, r4
		 r11=00000074
0090 004ec008 LSH r11, 0008
		 r11=00007400
0093 00029c00 MOV r10, r7
		 r10=00000004
0096 004e8010 LSH r10, 0010
		 r10=00040000
0099 0022ac00 ADD_270 r10, r11
0099 00229800 ADD_270 r10, r6
0099 002e9000 ADD r10, 0000
0099 00056800 MOV r5, [r10]
		 read mem : 2a9fa9ab
		 r5=2A9FA9AB
00a5 007d40ff AND r5, 00ff
		 r5=000000ab
00a5 009dc0ae JA r7 00ae
00ae 0011c000 DEC r7
00ae 0002d800 MOV r11, r6
		 r11=000000CA
00b4 004ec008 LSH r11, 0008
		 r11=0000CA00
00b7 00029c00 MOV r10, r7
		 r10=00000003
00ba 004e8010 LSH r10, 0010
		 r10=00030000
00bd 0022ac00 ADD_270 r10, r11
00bd 00229400 ADD_270 r10, r5
00bd 002e9000 ADD r10, 0000
00bd 00052800 MOV r4, [r10]
		 read mem : d47311a3
		 r4=D47311A3
00c9 007d00ff AND r4, 00ff
		 r4=000000a3
00c9 009dc0d2 JA r7 00d2
00d2 0011c000 DEC r7
00d2 0002d400 MOV r11, r5
		 r11=000000AB
00d8 004ec008 LSH r11, 0008
		 r11=0000AB00
00db 00029c00 MOV r10, r7
		 r10=00000002
00de 004e8010 LSH r10, 0010
		 r10=00020000
00e1 0022ac00 ADD_270 r10, r11
00e1 00229000 ADD_270 r10, r4
00e1 002e9000 ADD r10, 0000
00e1 0005a800 MOV r6, [r10]
		 read mem : 40c91681
		 r6=40C91681
00ed 007d80ff AND r6, 00ff
		 r6=00000081
00ed 009dc0f6 JA r7 00f6
00f6 0011c000 DEC r7
00f6 00025800 MOV r9, r6
		 r9=00000081
00fc 004e4008 LSH r9, 0008
		 r9=00008100
00ff 00225000 ADD_270 r9, r4
00ff 00023800 MOV r8, r14
		 r8=0000000D
0105 005e0003 RSH r8, 0003
		 r8=00000001
0108 007e0001 AND r8, 0001
		 r8=00000001
00cf8000 MOV [0X10000+r14], cst (0c 03 0e 00 0000)
010e 009e012f JA r8 012f
012f 00020000 MOV r8, r0
		 r8=0000B1C7
0132 00002400 MOV r0, r9
		 r0=000081A3
0135 00007800 MOV r1, r14
		 r1=0000000D
0138 002c4001 ADD r1, 0001
0138 00604000 XOR r1, r0
		 r1=000081ad
0138 00604800 XOR r1, r2
		 r1=00004479
00ec414a OP_e (0e 03 01 00 014a)
014a 009f8057 JA r14 0057
0057 00138000 DEC r14
0057 00010400 MOV r4, r1
		 r4=00004479
005d 00015000 MOV r5, r4
		 r5=00004479
0060 005d0008 RSH r4, 0008
		 r4=00000044
0063 007d00ff AND r4, 00ff
		 r4=00000044
0063 007d40ff AND r5, 00ff
		 r5=00000079
0063 0002d400 MOV r11, r5
		 r11=00000079
006c 004ec008 LSH r11, 0008
		 r11=00007900
006f 00029c00 MOV r10, r7
		 r10=00000001
0072 004e8010 LSH r10, 0010
		 r10=00010000
0075 0022ac00 ADD_270 r10, r11
0075 00229000 ADD_270 r10, r4
0075 002e9000 ADD r10, 0000
0075 0005a800 MOV r6, [r10]
		 read mem : 05726f87
		 r6=05726F87
0081 007d80ff AND r6, 00ff
		 r6=00000087
0081 009dc08a JA r7 008a
008a 0011c000 DEC r7
008a 0002d000 MOV r11, r4
		 r11=00000044
0090 004ec008 LSH r11, 0008
		 r11=00004400
0093 00029c00 MOV r10, r7
		 r10=00000000
0096 004e8010 LSH r10, 0010
		 r10=00000000
0099 0022ac00 ADD_270 r10, r11
0099 00229800 ADD_270 r10, r6
0099 002e9000 ADD r10, 0000
0099 00056800 MOV r5, [r10]
		 read mem : 3e38fe67
		 r5=3E38FE67
00a5 007d40ff AND r5, 00ff
		 r5=00000067
00a5 009dc0ae JA r7 00ae
00ab 000dc00a MOV r7, 000a
		 r7=0000000A
00ae 0011c000 DEC r7
00ae 0002d800 MOV r11, r6
		 r11=00000087
00b4 004ec008 LSH r11, 0008
		 r11=00008700
00b7 00029c00 MOV r10, r7
		 r10=00000009
00ba 004e8010 LSH r10, 0010
		 r10=00090000
00bd 0022ac00 ADD_270 r10, r11
00bd 00229400 ADD_270 r10, r5
00bd 002e9000 ADD r10, 0000
00bd 00052800 MOV r4, [r10]
		 read mem : 86100e7d
		 r4=86100E7D
00c9 007d00ff AND r4, 00ff
		 r4=0000007d
00c9 009dc0d2 JA r7 00d2
00d2 0011c000 DEC r7
00d2 0002d400 MOV r11, r5
		 r11=00000067
00d8 004ec008 LSH r11, 0008
		 r11=00006700
00db 00029c00 MOV r10, r7
		 r10=00000008
00de 004e8010 LSH r10, 0010
		 r10=00080000
00e1 0022ac00 ADD_270 r10, r11
00e1 00229000 ADD_270 r10, r4
00e1 002e9000 ADD r10, 0000
00e1 0005a800 MOV r6, [r10]
		 read mem : 41144475
		 r6=41144475
00ed 007d80ff AND r6, 00ff
		 r6=00000075
00ed 009dc0f6 JA r7 00f6
00f6 0011c000 DEC r7
00f6 00025800 MOV r9, r6
		 r9=00000075
00fc 004e4008 LSH r9, 0008
		 r9=00007500
00ff 00225000 ADD_270 r9, r4
00ff 00023800 MOV r8, r14
		 r8=0000000C
0105 005e0003 RSH r8, 0003
		 r8=00000001
0108 007e0001 AND r8, 0001
		 r8=00000001
00cf8000 MOV [0X10000+r14], cst (0c 03 0e 00 0000)
010e 009e012f JA r8 012f
012f 00020000 MOV r8, r0
		 r8=000081A3
0132 00002400 MOV r0, r9
		 r0=0000757D
0135 00007800 MOV r1, r14
		 r1=0000000C
0138 002c4001 ADD r1, 0001
0138 00604000 XOR r1, r0
		 r1=00007570
0138 00604800 XOR r1, r2
		 r1=0000b0a4
00ec414a OP_e (0e 03 01 00 014a)
014a 009f8057 JA r14 0057
0057 00138000 DEC r14
0057 00010400 MOV r4, r1
		 r4=0000B0A4
005d 00015000 MOV r5, r4
		 r5=0000B0A4
0060 005d0008 RSH r4, 0008
		 r4=000000B0
0063 007d00ff AND r4, 00ff
		 r4=000000b0
0063 007d40ff AND r5, 00ff
		 r5=000000a4
0063 0002d400 MOV r11, r5
		 r11=000000A4
006c 004ec008 LSH r11, 0008
		 r11=0000A400
006f 00029c00 MOV r10, r7
		 r10=00000007
0072 004e8010 LSH r10, 0010
		 r10=00070000
0075 0022ac00 ADD_270 r10, r11
0075 00229000 ADD_270 r10, r4
0075 002e9000 ADD r10, 0000
0075 0005a800 MOV r6, [r10]
		 read mem : 92ff6001
		 r6=92FF6001
0081 007d80ff AND r6, 00ff
		 r6=00000001
0081 009dc08a JA r7 008a
008a 0011c000 DEC r7
008a 0002d000 MOV r11, r4
		 r11=000000B0
0090 004ec008 LSH r11, 0008
		 r11=0000B000
0093 00029c00 MOV r10, r7
		 r10=00000006
0096 004e8010 LSH r10, 0010
		 r10=00060000
0099 0022ac00 ADD_270 r10, r11
0099 00229800 ADD_270 r10, r6
0099 002e9000 ADD r10, 0000
0099 00056800 MOV r5, [r10]
		 read mem : 090ab9d2
		 r5=090AB9D2
00a5 007d40ff AND r5, 00ff
		 r5=000000d2
00a5 009dc0ae JA r7 00ae
00ae 0011c000 DEC r7
00ae 0002d800 MOV r11, r6
		 r11=00000001
00b4 004ec008 LSH r11, 0008
		 r11=00000100
00b7 00029c00 MOV r10, r7
		 r10=00000005
00ba 004e8010 LSH r10, 0010
		 r10=00050000
00bd 0022ac00 ADD_270 r10, r11
00bd 00229400 ADD_270 r10, r5
00bd 002e9000 ADD r10, 0000
00bd 00052800 MOV r4, [r10]
		 read mem : 06b3230d
		 r4=06B3230D
00c9 007d00ff AND r4, 00ff
		 r4=0000000d
00c9 009dc0d2 JA r7 00d2
00d2 0011c000 DEC r7
00d2 0002d400 MOV r11, r5
		 r11=000000D2
00d8 004ec008 LSH r11, 0008
		 r11=0000D200
00db 00029c00 MOV r10, r7
		 r10=00000004
00de 004e8010 LSH r10, 0010
		 r10=00040000
00e1 0022ac00 ADD_270 r10, r11
00e1 00229000 ADD_270 r10, r4
00e1 002e9000 ADD r10, 0000
00e1 0005a800 MOV r6, [r10]
		 read mem : 34941a7d
		 r6=34941A7D
00ed 007d80ff AND r6, 00ff
		 r6=0000007d
00ed 009dc0f6 JA r7 00f6
00f6 0011c000 DEC r7
00f6 00025800 MOV r9, r6
		 r9=0000007D
00fc 004e4008 LSH r9, 0008
		 r9=00007D00
00ff 00225000 ADD_270 r9, r4
00ff 00023800 MOV r8, r14
		 r8=0000000B
0105 005e0003 RSH r8, 0003
		 r8=00000001
0108 007e0001 AND r8, 0001
		 r8=00000001
00cf8000 MOV [0X10000+r14], cst (0c 03 0e 00 0000)
010e 009e012f JA r8 012f
012f 00020000 MOV r8, r0
		 r8=0000757D
0132 00002400 MOV r0, r9
		 r0=00007D0D
0135 00007800 MOV r1, r14
		 r1=0000000B
0138 002c4001 ADD r1, 0001
0138 00604000 XOR r1, r0
		 r1=00007d01
0138 00604800 XOR r1, r2
		 r1=0000b8d5
00ec414a OP_e (0e 03 01 00 014a)
014a 009f8057 JA r14 0057
0057 00138000 DEC r14
0057 00010400 MOV r4, r1
		 r4=0000B8D5
005d 00015000 MOV r5, r4
		 r5=0000B8D5
0060 005d0008 RSH r4, 0008
		 r4=000000B8
0063 007d00ff AND r4, 00ff
		 r4=000000b8
0063 007d40ff AND r5, 00ff
		 r5=000000d5
0063 0002d400 MOV r11, r5
		 r11=000000D5
006c 004ec008 LSH r11, 0008
		 r11=0000D500
006f 00029c00 MOV r10, r7
		 r10=00000003
0072 004e8010 LSH r10, 0010
		 r10=00030000
0075 0022ac00 ADD_270 r10, r11
0075 00229000 ADD_270 r10, r4
0075 002e9000 ADD r10, 0000
0075 0005a800 MOV r6, [r10]
		 read mem : 8ce38dbe
		 r6=8CE38DBE
0081 007d80ff AND r6, 00ff
		 r6=000000be
0081 009dc08a JA r7 008a
008a 0011c000 DEC r7
008a 0002d000 MOV r11, r4
		 r11=000000B8
0090 004ec008 LSH r11, 0008
		 r11=0000B800
0093 00029c00 MOV r10, r7
		 r10=00000002
0096 004e8010 LSH r10, 0010
		 r10=00020000
0099 0022ac00 ADD_270 r10, r11
0099 00229800 ADD_270 r10, r6
0099 002e9000 ADD r10, 0000
0099 00056800 MOV r5, [r10]
		 read mem : b1a4e057
		 r5=B1A4E057
00a5 007d40ff AND r5, 00ff
		 r5=00000057
00a5 009dc0ae JA r7 00ae
00ae 0011c000 DEC r7
00ae 0002d800 MOV r11, r6
		 r11=000000BE
00b4 004ec008 LSH r11, 0008
		 r11=0000BE00
00b7 00029c00 MOV r10, r7
		 r10=00000001
00ba 004e8010 LSH r10, 0010
		 r10=00010000
00bd 0022ac00 ADD_270 r10, r11
00bd 00229400 ADD_270 r10, r5
00bd 002e9000 ADD r10, 0000
00bd 00052800 MOV r4, [r10]
		 read mem : e592ed9c
		 r4=E592ED9C
00c9 007d00ff AND r4, 00ff
		 r4=0000009c
00c9 009dc0d2 JA r7 00d2
00d2 0011c000 DEC r7
00d2 0002d400 MOV r11, r5
		 r11=00000057
00d8 004ec008 LSH r11, 0008
		 r11=00005700
00db 00029c00 MOV r10, r7
		 r10=00000000
00de 004e8010 LSH r10, 0010
		 r10=00000000
00e1 0022ac00 ADD_270 r10, r11
00e1 00229000 ADD_270 r10, r4
00e1 002e9000 ADD r10, 0000
00e1 0005a800 MOV r6, [r10]
		 read mem : 86cc31a4
		 r6=86CC31A4
00ed 007d80ff AND r6, 00ff
		 r6=000000a4
00ed 009dc0f6 JA r7 00f6
00f3 000dc00a MOV r7, 000a
		 r7=0000000A
00f6 0011c000 DEC r7
00f6 00025800 MOV r9, r6
		 r9=000000A4
00fc 004e4008 LSH r9, 0008
		 r9=0000A400
00ff 00225000 ADD_270 r9, r4
00ff 00023800 MOV r8, r14
		 r8=0000000A
0105 005e0003 RSH r8, 0003
		 r8=00000001
0108 007e0001 AND r8, 0001
		 r8=00000001
00cf8000 MOV [0X10000+r14], cst (0c 03 0e 00 0000)
010e 009e012f JA r8 012f
012f 00020000 MOV r8, r0
		 r8=00007D0D
0132 00002400 MOV r0, r9
		 r0=0000A49C
0135 00007800 MOV r1, r14
		 r1=0000000A
0138 002c4001 ADD r1, 0001
0138 00604000 XOR r1, r0
		 r1=0000a497
0138 00604800 XOR r1, r2
		 r1=00006143
00ec414a OP_e (0e 03 01 00 014a)
014a 009f8057 JA r14 0057
0057 00138000 DEC r14
0057 00010400 MOV r4, r1
		 r4=00006143
005d 00015000 MOV r5, r4
		 r5=00006143
0060 005d0008 RSH r4, 0008
		 r4=00000061
0063 007d00ff AND r4, 00ff
		 r4=00000061
0063 007d40ff AND r5, 00ff
		 r5=00000043
0063 0002d400 MOV r11, r5
		 r11=00000043
006c 004ec008 LSH r11, 0008
		 r11=00004300
006f 00029c00 MOV r10, r7
		 r10=00000009
0072 004e8010 LSH r10, 0010
		 r10=00090000
0075 0022ac00 ADD_270 r10, r11
0075 00229000 ADD_270 r10, r4
0075 002e9000 ADD r10, 0000
0075 0005a800 MOV r6, [r10]
		 read mem : 6cf33749
		 r6=6CF33749
0081 007d80ff AND r6, 00ff
		 r6=00000049
0081 009dc08a JA r7 008a
008a 0011c000 DEC r7
008a 0002d000 MOV r11, r4
		 r11=00000061
0090 004ec008 LSH r11, 0008
		 r11=00006100
0093 00029c00 MOV r10, r7
		 r10=00000008
0096 004e8010 LSH r10, 0010
		 r10=00080000
0099 0022ac00 ADD_270 r10, r11
0099 00229800 ADD_270 r10, r6
0099 002e9000 ADD r10, 0000
0099 00056800 MOV r5, [r10]
		 read mem : bd953256
		 r5=BD953256
00a5 007d40ff AND r5, 00ff
		 r5=00000056
00a5 009dc0ae JA r7 00ae
00ae 0011c000 DEC r7
00ae 0002d800 MOV r11, r6
		 r11=00000049
00b4 004ec008 LSH r11, 0008
		 r11=00004900
00b7 00029c00 MOV r10, r7
		 r10=00000007
00ba 004e8010 LSH r10, 0010
		 r10=00070000
00bd 0022ac00 ADD_270 r10, r11
00bd 00229400 ADD_270 r10, r5
00bd 002e9000 ADD r10, 0000
00bd 00052800 MOV r4, [r10]
		 read mem : 68fc8c5b
		 r4=68FC8C5B
00c9 007d00ff AND r4, 00ff
		 r4=0000005b
00c9 009dc0d2 JA r7 00d2
00d2 0011c000 DEC r7
00d2 0002d400 MOV r11, r5
		 r11=00000056
00d8 004ec008 LSH r11, 0008
		 r11=00005600
00db 00029c00 MOV r10, r7
		 r10=00000006
00de 004e8010 LSH r10, 0010
		 r10=00060000
00e1 0022ac00 ADD_270 r10, r11
00e1 00229000 ADD_270 r10, r4
00e1 002e9000 ADD r10, 0000
00e1 0005a800 MOV r6, [r10]
		 read mem : 4d6f5a5e
		 r6=4D6F5A5E
00ed 007d80ff AND r6, 00ff
		 r6=0000005e
00ed 009dc0f6 JA r7 00f6
00f6 0011c000 DEC r7
00f6 00025800 MOV r9, r6
		 r9=0000005E
00fc 004e4008 LSH r9, 0008
		 r9=00005E00
00ff 00225000 ADD_270 r9, r4
00ff 00023800 MOV r8, r14
		 r8=00000009
0105 005e0003 RSH r8, 0003
		 r8=00000001
0108 007e0001 AND r8, 0001
		 r8=00000001
00cf8000 MOV [0X10000+r14], cst (0c 03 0e 00 0000)
010e 009e012f JA r8 012f
012f 00020000 MOV r8, r0
		 r8=0000A49C
0132 00002400 MOV r0, r9
		 r0=00005E5B
0135 00007800 MOV r1, r14
		 r1=00000009
0138 002c4001 ADD r1, 0001
0138 00604000 XOR r1, r0
		 r1=00005e51
0138 00604800 XOR r1, r2
		 r1=00009b85
00ec414a OP_e (0e 03 01 00 014a)
014a 009f8057 JA r14 0057
0057 00138000 DEC r14
0057 00010400 MOV r4, r1
		 r4=00009B85
005d 00015000 MOV r5, r4
		 r5=00009B85
0060 005d0008 RSH r4, 0008
		 r4=0000009B
0063 007d00ff AND r4, 00ff
		 r4=0000009b
0063 007d40ff AND r5, 00ff
		 r5=00000085
0063 0002d400 MOV r11, r5
		 r11=00000085
006c 004ec008 LSH r11, 0008
		 r11=00008500
006f 00029c00 MOV r10, r7
		 r10=00000005
0072 004e8010 LSH r10, 0010
		 r10=00050000
0075 0022ac00 ADD_270 r10, r11
0075 00229000 ADD_270 r10, r4
0075 002e9000 ADD r10, 0000
0075 0005a800 MOV r6, [r10]
		 read mem : e4c8e86b
		 r6=E4C8E86B
0081 007d80ff AND r6, 00ff
		 r6=0000006b
0081 009dc08a JA r7 008a
008a 0011c000 DEC r7
008a 0002d000 MOV r11, r4
		 r11=0000009B
0090 004ec008 LSH r11, 0008
		 r11=00009B00
0093 00029c00 MOV r10, r7
		 r10=00000004
0096 004e8010 LSH r10, 0010
		 r10=00040000
0099 0022ac00 ADD_270 r10, r11
0099 00229800 ADD_270 r10, r6
0099 002e9000 ADD r10, 0000
0099 00056800 MOV r5, [r10]
		 read mem : 83372cdb
		 r5=83372CDB
00a5 007d40ff AND r5, 00ff
		 r5=000000db
00a5 009dc0ae JA r7 00ae
00ae 0011c000 DEC r7
00ae 0002d800 MOV r11, r6
		 r11=0000006B
00b4 004ec008 LSH r11, 0008
		 r11=00006B00
00b7 00029c00 MOV r10, r7
		 r10=00000003
00ba 004e8010 LSH r10, 0010
		 r10=00030000
00bd 0022ac00 ADD_270 r10, r11
00bd 00229400 ADD_270 r10, r5
00bd 002e9000 ADD r10, 0000
00bd 00052800 MOV r4, [r10]
		 read mem : 058630ea
		 r4=058630EA
00c9 007d00ff AND r4, 00ff
		 r4=000000ea
00c9 009dc0d2 JA r7 00d2
00d2 0011c000 DEC r7
00d2 0002d400 MOV r11, r5
		 r11=000000DB
00d8 004ec008 LSH r11, 0008
		 r11=0000DB00
00db 00029c00 MOV r10, r7
		 r10=00000002
00de 004e8010 LSH r10, 0010
		 r10=00020000
00e1 0022ac00 ADD_270 r10, r11
00e1 00229000 ADD_270 r10, r4
00e1 002e9000 ADD r10, 0000
00e1 0005a800 MOV r6, [r10]
		 read mem : 485d15fc
		 r6=485D15FC
00ed 007d80ff AND r6, 00ff
		 r6=000000fc
00ed 009dc0f6 JA r7 00f6
00f6 0011c000 DEC r7
00f6 00025800 MOV r9, r6
		 r9=000000FC
00fc 004e4008 LSH r9, 0008
		 r9=0000FC00
00ff 00225000 ADD_270 r9, r4
00ff 00023800 MOV r8, r14
		 r8=00000008
0105 005e0003 RSH r8, 0003
		 r8=00000001
0108 007e0001 AND r8, 0001
		 r8=00000001
00cf8000 MOV [0X10000+r14], cst (0c 03 0e 00 0000)
010e 009e012f JA r8 012f
012f 00020000 MOV r8, r0
		 r8=00005E5B
0132 00002400 MOV r0, r9
		 r0=0000FCEA
0135 00007800 MOV r1, r14
		 r1=00000008
0138 002c4001 ADD r1, 0001
0138 00604000 XOR r1, r0
		 r1=0000fce3
0138 00604800 XOR r1, r2
		 r1=00003937
00ec414a OP_e (0e 03 01 00 014a)
014a 009f8057 JA r14 0057
0057 00138000 DEC r14
0057 00010400 MOV r4, r1
		 r4=00003937
005d 00015000 MOV r5, r4
		 r5=00003937
0060 005d0008 RSH r4, 0008
		 r4=00000039
0063 007d00ff AND r4, 00ff
		 r4=00000039
0063 007d40ff AND r5, 00ff
		 r5=00000037
0063 0002d400 MOV r11, r5
		 r11=00000037
006c 004ec008 LSH r11, 0008
		 r11=00003700
006f 00029c00 MOV r10, r7
		 r10=00000001
0072 004e8010 LSH r10, 0010
		 r10=00010000
0075 0022ac00 ADD_270 r10, r11
0075 00229000 ADD_270 r10, r4
0075 002e9000 ADD r10, 0000
0075 0005a800 MOV r6, [r10]
		 read mem : c3949ef6
		 r6=C3949EF6
0081 007d80ff AND r6, 00ff
		 r6=000000f6
0081 009dc08a JA r7 008a
008a 0011c000 DEC r7
008a 0002d000 MOV r11, r4
		 r11=00000039
0090 004ec008 LSH r11, 0008
		 r11=00003900
0093 00029c00 MOV r10, r7
		 r10=00000000
0096 004e8010 LSH r10, 0010
		 r10=00000000
0099 0022ac00 ADD_270 r10, r11
0099 00229800 ADD_270 r10, r6
0099 002e9000 ADD r10, 0000
0099 00056800 MOV r5, [r10]
		 read mem : 0b162d97
		 r5=0B162D97
00a5 007d40ff AND r5, 00ff
		 r5=00000097
00a5 009dc0ae JA r7 00ae
00ab 000dc00a MOV r7, 000a
		 r7=0000000A
00ae 0011c000 DEC r7
00ae 0002d800 MOV r11, r6
		 r11=000000F6
00b4 004ec008 LSH r11, 0008
		 r11=0000F600
00b7 00029c00 MOV r10, r7
		 r10=00000009
00ba 004e8010 LSH r10, 0010
		 r10=00090000
00bd 0022ac00 ADD_270 r10, r11
00bd 00229400 ADD_270 r10, r5
00bd 002e9000 ADD r10, 0000
00bd 00052800 MOV r4, [r10]
		 read mem : 15088d9f
		 r4=15088D9F
00c9 007d00ff AND r4, 00ff
		 r4=0000009f
00c9 009dc0d2 JA r7 00d2
00d2 0011c000 DEC r7
00d2 0002d400 MOV r11, r5
		 r11=00000097
00d8 004ec008 LSH r11, 0008
		 r11=00009700
00db 00029c00 MOV r10, r7
		 r10=00000008
00de 004e8010 LSH r10, 0010
		 r10=00080000
00e1 0022ac00 ADD_270 r10, r11
00e1 00229000 ADD_270 r10, r4
00e1 002e9000 ADD r10, 0000
00e1 0005a800 MOV r6, [r10]
		 read mem : ce93f8d4
		 r6=CE93F8D4
00ed 007d80ff AND r6, 00ff
		 r6=000000d4
00ed 009dc0f6 JA r7 00f6
00f6 0011c000 DEC r7
00f6 00025800 MOV r9, r6
		 r9=000000D4
00fc 004e4008 LSH r9, 0008
		 r9=0000D400
00ff 00225000 ADD_270 r9, r4
00ff 00023800 MOV r8, r14
		 r8=00000007
0105 005e0003 RSH r8, 0003
		 r8=00000000
0108 007e0001 AND r8, 0001
		 r8=00000000
00cf8000 MOV [0X10000+r14], cst (0c 03 0e 00 0000)
010e 009e012f JA r8 012f
0111 00020c00 MOV r8, r3
		 r8=00004B9B
0114 0000f800 MOV r3, r14
		 r3=00000007
0117 002cc001 ADD r3, 0001
0117 0060c000 XOR r3, r0
		 r3=0000fce2
00ecc14a OP_e (0e 03 03 00 014a)
014a 009f8057 JA r14 0057
0057 00138000 DEC r14
0057 00010400 MOV r4, r1
		 r4=00003937
005d 00015000 MOV r5, r4
		 r5=00003937
0060 005d0008 RSH r4, 0008
		 r4=00000039
0063 007d00ff AND r4, 00ff
		 r4=00000039
0063 007d40ff AND r5, 00ff
		 r5=00000037
0063 0002d400 MOV r11, r5
		 r11=00000037
006c 004ec008 LSH r11, 0008
		 r11=00003700
006f 00029c00 MOV r10, r7
		 r10=00000007
0072 004e8010 LSH r10, 0010
		 r10=00070000
0075 0022ac00 ADD_270 r10, r11
0075 00229000 ADD_270 r10, r4
0075 002e9000 ADD r10, 0000
0075 0005a800 MOV r6, [r10]
		 read mem : 24960f6d
		 r6=24960F6D
0081 007d80ff AND r6, 00ff
		 r6=0000006d
0081 009dc08a JA r7 008a
008a 0011c000 DEC r7
008a 0002d000 MOV r11, r4
		 r11=00000039
0090 004ec008 LSH r11, 0008
		 r11=00003900
0093 00029c00 MOV r10, r7
		 r10=00000006
0096 004e8010 LSH r10, 0010
		 r10=00060000
0099 0022ac00 ADD_270 r10, r11
0099 00229800 ADD_270 r10, r6
0099 002e9000 ADD r10, 0000
0099 00056800 MOV r5, [r10]
		 read mem : 3f64e828
		 r5=3F64E828
00a5 007d40ff AND r5, 00ff
		 r5=00000028
00a5 009dc0ae JA r7 00ae
00ae 0011c000 DEC r7
00ae 0002d800 MOV r11, r6
		 r11=0000006D
00b4 004ec008 LSH r11, 0008
		 r11=00006D00
00b7 00029c00 MOV r10, r7
		 r10=00000005
00ba 004e8010 LSH r10, 0010
		 r10=00050000
00bd 0022ac00 ADD_270 r10, r11
00bd 00229400 ADD_270 r10, r5
00bd 002e9000 ADD r10, 0000
00bd 00052800 MOV r4, [r10]
		 read mem : eee54e14
		 r4=EEE54E14
00c9 007d00ff AND r4, 00ff
		 r4=00000014
00c9 009dc0d2 JA r7 00d2
00d2 0011c000 DEC r7
00d2 0002d400 MOV r11, r5
		 r11=00000028
00d8 004ec008 LSH r11, 0008
		 r11=00002800
00db 00029c00 MOV r10, r7
		 r10=00000004
00de 004e8010 LSH r10, 0010
		 r10=00040000
00e1 0022ac00 ADD_270 r10, r11
00e1 00229000 ADD_270 r10, r4
00e1 002e9000 ADD r10, 0000
00e1 0005a800 MOV r6, [r10]
		 read mem : 1781d006
		 r6=1781D006
00ed 007d80ff AND r6, 00ff
		 r6=00000006
00ed 009dc0f6 JA r7 00f6
00f6 0011c000 DEC r7
00f6 00025800 MOV r9, r6
		 r9=00000006
00fc 004e4008 LSH r9, 0008
		 r9=00000600
00ff 00225000 ADD_270 r9, r4
00ff 00023800 MOV r8, r14
		 r8=00000006
0105 005e0003 RSH r8, 0003
		 r8=00000000
0108 007e0001 AND r8, 0001
		 r8=00000000
00cf8000 MOV [0X10000+r14], cst (0c 03 0e 00 0000)
010e 009e012f JA r8 012f
0111 00020c00 MOV r8, r3
		 r8=0000FCE2
0114 0000f800 MOV r3, r14
		 r3=00000006
0117 002cc001 ADD r3, 0001
0117 0060c000 XOR r3, r0
		 r3=0000fced
00ecc14a OP_e (0e 03 03 00 014a)
014a 009f8057 JA r14 0057
0057 00138000 DEC r14
0057 00010400 MOV r4, r1
		 r4=00003937
005d 00015000 MOV r5, r4
		 r5=00003937
0060 005d0008 RSH r4, 0008
		 r4=00000039
0063 007d00ff AND r4, 00ff
		 r4=00000039
0063 007d40ff AND r5, 00ff
		 r5=00000037
0063 0002d400 MOV r11, r5
		 r11=00000037
006c 004ec008 LSH r11, 0008
		 r11=00003700
006f 00029c00 MOV r10, r7
		 r10=00000003
0072 004e8010 LSH r10, 0010
		 r10=00030000
0075 0022ac00 ADD_270 r10, r11
0075 00229000 ADD_270 r10, r4
0075 002e9000 ADD r10, 0000
0075 0005a800 MOV r6, [r10]
		 read mem : 64cbfcde
		 r6=64CBFCDE
0081 007d80ff AND r6, 00ff
		 r6=000000de
0081 009dc08a JA r7 008a
008a 0011c000 DEC r7
008a 0002d000 MOV r11, r4
		 r11=00000039
0090 004ec008 LSH r11, 0008
		 r11=00003900
0093 00029c00 MOV r10, r7
		 r10=00000002
0096 004e8010 LSH r10, 0010
		 r10=00020000
0099 0022ac00 ADD_270 r10, r11
0099 00229800 ADD_270 r10, r6
0099 002e9000 ADD r10, 0000
0099 00056800 MOV r5, [r10]
		 read mem : 8fa141ef
		 r5=8FA141EF
00a5 007d40ff AND r5, 00ff
		 r5=000000ef
00a5 009dc0ae JA r7 00ae
00ae 0011c000 DEC r7
00ae 0002d800 MOV r11, r6
		 r11=000000DE
00b4 004ec008 LSH r11, 0008
		 r11=0000DE00
00b7 00029c00 MOV r10, r7
		 r10=00000001
00ba 004e8010 LSH r10, 0010
		 r10=00010000
00bd 0022ac00 ADD_270 r10, r11
00bd 00229400 ADD_270 r10, r5
00bd 002e9000 ADD r10, 0000
00bd 00052800 MOV r4, [r10]
		 read mem : 156ad19b
		 r4=156AD19B
00c9 007d00ff AND r4, 00ff
		 r4=0000009b
00c9 009dc0d2 JA r7 00d2
00d2 0011c000 DEC r7
00d2 0002d400 MOV r11, r5
		 r11=000000EF
00d8 004ec008 LSH r11, 0008
		 r11=0000EF00
00db 00029c00 MOV r10, r7
		 r10=00000000
00de 004e8010 LSH r10, 0010
		 r10=00000000
00e1 0022ac00 ADD_270 r10, r11
00e1 00229000 ADD_270 r10, r4
00e1 002e9000 ADD r10, 0000
00e1 0005a800 MOV r6, [r10]
		 read mem : e4d7e1cc
		 r6=E4D7E1CC
00ed 007d80ff AND r6, 00ff
		 r6=000000cc
00ed 009dc0f6 JA r7 00f6
00f3 000dc00a MOV r7, 000a
		 r7=0000000A
00f6 0011c000 DEC r7
00f6 00025800 MOV r9, r6
		 r9=000000CC
00fc 004e4008 LSH r9, 0008
		 r9=0000CC00
00ff 00225000 ADD_270 r9, r4
00ff 00023800 MOV r8, r14
		 r8=00000005
0105 005e0003 RSH r8, 0003
		 r8=00000000
0108 007e0001 AND r8, 0001
		 r8=00000000
00cf8000 MOV [0X10000+r14], cst (0c 03 0e 00 0000)
010e 009e012f JA r8 012f
0111 00020c00 MOV r8, r3
		 r8=0000FCED
0114 0000f800 MOV r3, r14
		 r3=00000005
0117 002cc001 ADD r3, 0001
0117 0060c000 XOR r3, r0
		 r3=0000fcec
00ecc14a OP_e (0e 03 03 00 014a)
014a 009f8057 JA r14 0057
0057 00138000 DEC r14
0057 00010400 MOV r4, r1
		 r4=00003937
005d 00015000 MOV r5, r4
		 r5=00003937
0060 005d0008 RSH r4, 0008
		 r4=00000039
0063 007d00ff AND r4, 00ff
		 r4=00000039
0063 007d40ff AND r5, 00ff
		 r5=00000037
0063 0002d400 MOV r11, r5
		 r11=00000037
006c 004ec008 LSH r11, 0008
		 r11=00003700
006f 00029c00 MOV r10, r7
		 r10=00000009
0072 004e8010 LSH r10, 0010
		 r10=00090000
0075 0022ac00 ADD_270 r10, r11
0075 00229000 ADD_270 r10, r4
0075 002e9000 ADD r10, 0000
0075 0005a800 MOV r6, [r10]
		 read mem : 9572b3db
		 r6=9572B3DB
0081 007d80ff AND r6, 00ff
		 r6=000000db
0081 009dc08a JA r7 008a
008a 0011c000 DEC r7
008a 0002d000 MOV r11, r4
		 r11=00000039
0090 004ec008 LSH r11, 0008
		 r11=00003900
0093 00029c00 MOV r10, r7
		 r10=00000008
0096 004e8010 LSH r10, 0010
		 r10=00080000
0099 0022ac00 ADD_270 r10, r11
0099 00229800 ADD_270 r10, r6
0099 002e9000 ADD r10, 0000
0099 00056800 MOV r5, [r10]
		 read mem : 84763eba
		 r5=84763EBA
00a5 007d40ff AND r5, 00ff
		 r5=000000ba
00a5 009dc0ae JA r7 00ae
00ae 0011c000 DEC r7
00ae 0002d800 MOV r11, r6
		 r11=000000DB
00b4 004ec008 LSH r11, 0008
		 r11=0000DB00
00b7 00029c00 MOV r10, r7
		 r10=00000007
00ba 004e8010 LSH r10, 0010
		 r10=00070000
00bd 0022ac00 ADD_270 r10, r11
00bd 00229400 ADD_270 r10, r5
00bd 002e9000 ADD r10, 0000
00bd 00052800 MOV r4, [r10]
		 read mem : 4f88156d
		 r4=4F88156D
00c9 007d00ff AND r4, 00ff
		 r4=0000006d
00c9 009dc0d2 JA r7 00d2
00d2 0011c000 DEC r7
00d2 0002d400 MOV r11, r5
		 r11=000000BA
00d8 004ec008 LSH r11, 0008
		 r11=0000BA00
00db 00029c00 MOV r10, r7
		 r10=00000006
00de 004e8010 LSH r10, 0010
		 r10=00060000
00e1 0022ac00 ADD_270 r10, r11
00e1 00229000 ADD_270 r10, r4
00e1 002e9000 ADD r10, 0000
00e1 0005a800 MOV r6, [r10]
		 read mem : efdd3bc3
		 r6=EFDD3BC3
00ed 007d80ff AND r6, 00ff
		 r6=000000c3
00ed 009dc0f6 JA r7 00f6
00f6 0011c000 DEC r7
00f6 00025800 MOV r9, r6
		 r9=000000C3
00fc 004e4008 LSH r9, 0008
		 r9=0000C300
00ff 00225000 ADD_270 r9, r4
00ff 00023800 MOV r8, r14
		 r8=00000004
0105 005e0003 RSH r8, 0003
		 r8=00000000
0108 007e0001 AND r8, 0001
		 r8=00000000
00cf8000 MOV [0X10000+r14], cst (0c 03 0e 00 0000)
010e 009e012f JA r8 012f
0111 00020c00 MOV r8, r3
		 r8=0000FCEC
0114 0000f800 MOV r3, r14
		 r3=00000004
0117 002cc001 ADD r3, 0001
0117 0060c000 XOR r3, r0
		 r3=0000fcef
00ecc14a OP_e (0e 03 03 00 014a)
014a 009f8057 JA r14 0057
0057 00138000 DEC r14
0057 00010400 MOV r4, r1
		 r4=00003937
005d 00015000 MOV r5, r4
		 r5=00003937
0060 005d0008 RSH r4, 0008
		 r4=00000039
0063 007d00ff AND r4, 00ff
		 r4=00000039
0063 007d40ff AND r5, 00ff
		 r5=00000037
0063 0002d400 MOV r11, r5
		 r11=00000037
006c 004ec008 LSH r11, 0008
		 r11=00003700
006f 00029c00 MOV r10, r7
		 r10=00000005
0072 004e8010 LSH r10, 0010
		 r10=00050000
0075 0022ac00 ADD_270 r10, r11
0075 00229000 ADD_270 r10, r4
0075 002e9000 ADD r10, 0000
0075 0005a800 MOV r6, [r10]
		 read mem : 0c1b33d7
		 r6=0C1B33D7
0081 007d80ff AND r6, 00ff
		 r6=000000d7
0081 009dc08a JA r7 008a
008a 0011c000 DEC r7
008a 0002d000 MOV r11, r4
		 r11=00000039
0090 004ec008 LSH r11, 0008
		 r11=00003900
0093 00029c00 MOV r10, r7
		 r10=00000004
0096 004e8010 LSH r10, 0010
		 r10=00040000
0099 0022ac00 ADD_270 r10, r11
0099 00229800 ADD_270 r10, r6
0099 002e9000 ADD r10, 0000
0099 00056800 MOV r5, [r10]
		 read mem : 2ec6a33d
		 r5=2EC6A33D
00a5 007d40ff AND r5, 00ff
		 r5=0000003d
00a5 009dc0ae JA r7 00ae
00ae 0011c000 DEC r7
00ae 0002d800 MOV r11, r6
		 r11=000000D7
00b4 004ec008 LSH r11, 0008
		 r11=0000D700
00b7 00029c00 MOV r10, r7
		 r10=00000003
00ba 004e8010 LSH r10, 0010
		 r10=00030000
00bd 0022ac00 ADD_270 r10, r11
00bd 00229400 ADD_270 r10, r5
00bd 002e9000 ADD r10, 0000
00bd 00052800 MOV r4, [r10]
		 read mem : b9b971a7
		 r4=B9B971A7
00c9 007d00ff AND r4, 00ff
		 r4=000000a7
00c9 009dc0d2 JA r7 00d2
00d2 0011c000 DEC r7
00d2 0002d400 MOV r11, r5
		 r11=0000003D
00d8 004ec008 LSH r11, 0008
		 r11=00003D00
00db 00029c00 MOV r10, r7
		 r10=00000002
00de 004e8010 LSH r10, 0010
		 r10=00020000
00e1 0022ac00 ADD_270 r10, r11
00e1 00229000 ADD_270 r10, r4
00e1 002e9000 ADD r10, 0000
00e1 0005a800 MOV r6, [r10]
		 read mem : 76b505e2
		 r6=76B505E2
00ed 007d80ff AND r6, 00ff
		 r6=000000e2
00ed 009dc0f6 JA r7 00f6
00f6 0011c000 DEC r7
00f6 00025800 MOV r9, r6
		 r9=000000E2
00fc 004e4008 LSH r9, 0008
		 r9=0000E200
00ff 00225000 ADD_270 r9, r4
00ff 00023800 MOV r8, r14
		 r8=00000003
0105 005e0003 RSH r8, 0003
		 r8=00000000
0108 007e0001 AND r8, 0001
		 r8=00000000
00cf8000 MOV [0X10000+r14], cst (0c 03 0e 00 0000)
010e 009e012f JA r8 012f
0111 00020c00 MOV r8, r3
		 r8=0000FCEF
0114 0000f800 MOV r3, r14
		 r3=00000003
0117 002cc001 ADD r3, 0001
0117 0060c000 XOR r3, r0
		 r3=0000fcee
00ecc14a OP_e (0e 03 03 00 014a)
014a 009f8057 JA r14 0057
0057 00138000 DEC r14
0057 00010400 MOV r4, r1
		 r4=00003937
005d 00015000 MOV r5, r4
		 r5=00003937
0060 005d0008 RSH r4, 0008
		 r4=00000039
0063 007d00ff AND r4, 00ff
		 r4=00000039
0063 007d40ff AND r5, 00ff
		 r5=00000037
0063 0002d400 MOV r11, r5
		 r11=00000037
006c 004ec008 LSH r11, 0008
		 r11=00003700
006f 00029c00 MOV r10, r7
		 r10=00000001
0072 004e8010 LSH r10, 0010
		 r10=00010000
0075 0022ac00 ADD_270 r10, r11
0075 00229000 ADD_270 r10, r4
0075 002e9000 ADD r10, 0000
0075 0005a800 MOV r6, [r10]
		 read mem : c3949ef6
		 r6=C3949EF6
0081 007d80ff AND r6, 00ff
		 r6=000000f6
0081 009dc08a JA r7 008a
008a 0011c000 DEC r7
008a 0002d000 MOV r11, r4
		 r11=00000039
0090 004ec008 LSH r11, 0008
		 r11=00003900
0093 00029c00 MOV r10, r7
		 r10=00000000
0096 004e8010 LSH r10, 0010
		 r10=00000000
0099 0022ac00 ADD_270 r10, r11
0099 00229800 ADD_270 r10, r6
0099 002e9000 ADD r10, 0000
0099 00056800 MOV r5, [r10]
		 read mem : 0b162d97
		 r5=0B162D97
00a5 007d40ff AND r5, 00ff
		 r5=00000097
00a5 009dc0ae JA r7 00ae
00ab 000dc00a MOV r7, 000a
		 r7=0000000A
00ae 0011c000 DEC r7
00ae 0002d800 MOV r11, r6
		 r11=000000F6
00b4 004ec008 LSH r11, 0008
		 r11=0000F600
00b7 00029c00 MOV r10, r7
		 r10=00000009
00ba 004e8010 LSH r10, 0010
		 r10=00090000
00bd 0022ac00 ADD_270 r10, r11
00bd 00229400 ADD_270 r10, r5
00bd 002e9000 ADD r10, 0000
00bd 00052800 MOV r4, [r10]
		 read mem : 15088d9f
		 r4=15088D9F
00c9 007d00ff AND r4, 00ff
		 r4=0000009f
00c9 009dc0d2 JA r7 00d2
00d2 0011c000 DEC r7
00d2 0002d400 MOV r11, r5
		 r11=00000097
00d8 004ec008 LSH r11, 0008
		 r11=00009700
00db 00029c00 MOV r10, r7
		 r10=00000008
00de 004e8010 LSH r10, 0010
		 r10=00080000
00e1 0022ac00 ADD_270 r10, r11
00e1 00229000 ADD_270 r10, r4
00e1 002e9000 ADD r10, 0000
00e1 0005a800 MOV r6, [r10]
		 read mem : ce93f8d4
		 r6=CE93F8D4
00ed 007d80ff AND r6, 00ff
		 r6=000000d4
00ed 009dc0f6 JA r7 00f6
00f6 0011c000 DEC r7
00f6 00025800 MOV r9, r6
		 r9=000000D4
00fc 004e4008 LSH r9, 0008
		 r9=0000D400
00ff 00225000 ADD_270 r9, r4
00ff 00023800 MOV r8, r14
		 r8=00000002
0105 005e0003 RSH r8, 0003
		 r8=00000000
0108 007e0001 AND r8, 0001
		 r8=00000000
00cf8000 MOV [0X10000+r14], cst (0c 03 0e 00 0000)
010e 009e012f JA r8 012f
0111 00020c00 MOV r8, r3
		 r8=0000FCEE
0114 0000f800 MOV r3, r14
		 r3=00000002
0117 002cc001 ADD r3, 0001
0117 0060c000 XOR r3, r0
		 r3=0000fce9
00ecc14a OP_e (0e 03 03 00 014a)
014a 009f8057 JA r14 0057
0057 00138000 DEC r14
0057 00010400 MOV r4, r1
		 r4=00003937
005d 00015000 MOV r5, r4
		 r5=00003937
0060 005d0008 RSH r4, 0008
		 r4=00000039
0063 007d00ff AND r4, 00ff
		 r4=00000039
0063 007d40ff AND r5, 00ff
		 r5=00000037
0063 0002d400 MOV r11, r5
		 r11=00000037
006c 004ec008 LSH r11, 0008
		 r11=00003700
006f 00029c00 MOV r10, r7
		 r10=00000007
0072 004e8010 LSH r10, 0010
		 r10=00070000
0075 0022ac00 ADD_270 r10, r11
0075 00229000 ADD_270 r10, r4
0075 002e9000 ADD r10, 0000
0075 0005a800 MOV r6, [r10]
		 read mem : 24960f6d
		 r6=24960F6D
0081 007d80ff AND r6, 00ff
		 r6=0000006d
0081 009dc08a JA r7 008a
008a 0011c000 DEC r7
008a 0002d000 MOV r11, r4
		 r11=00000039
0090 004ec008 LSH r11, 0008
		 r11=00003900
0093 00029c00 MOV r10, r7
		 r10=00000006
0096 004e8010 LSH r10, 0010
		 r10=00060000
0099 0022ac00 ADD_270 r10, r11
0099 00229800 ADD_270 r10, r6
0099 002e9000 ADD r10, 0000
0099 00056800 MOV r5, [r10]
		 read mem : 3f64e828
		 r5=3F64E828
00a5 007d40ff AND r5, 00ff
		 r5=00000028
00a5 009dc0ae JA r7 00ae
00ae 0011c000 DEC r7
00ae 0002d800 MOV r11, r6
		 r11=0000006D
00b4 004ec008 LSH r11, 0008
		 r11=00006D00
00b7 00029c00 MOV r10, r7
		 r10=00000005
00ba 004e8010 LSH r10, 0010
		 r10=00050000
00bd 0022ac00 ADD_270 r10, r11
00bd 00229400 ADD_270 r10, r5
00bd 002e9000 ADD r10, 0000
00bd 00052800 MOV r4, [r10]
		 read mem : eee54e14
		 r4=EEE54E14
00c9 007d00ff AND r4, 00ff
		 r4=00000014
00c9 009dc0d2 JA r7 00d2
00d2 0011c000 DEC r7
00d2 0002d400 MOV r11, r5
		 r11=00000028
00d8 004ec008 LSH r11, 0008
		 r11=00002800
00db 00029c00 MOV r10, r7
		 r10=00000004
00de 004e8010 LSH r10, 0010
		 r10=00040000
00e1 0022ac00 ADD_270 r10, r11
00e1 00229000 ADD_270 r10, r4
00e1 002e9000 ADD r10, 0000
00e1 0005a800 MOV r6, [r10]
		 read mem : 1781d006
		 r6=1781D006
00ed 007d80ff AND r6, 00ff
		 r6=00000006
00ed 009dc0f6 JA r7 00f6
00f6 0011c000 DEC r7
00f6 00025800 MOV r9, r6
		 r9=00000006
00fc 004e4008 LSH r9, 0008
		 r9=00000600
00ff 00225000 ADD_270 r9, r4
00ff 00023800 MOV r8, r14
		 r8=00000001
0105 005e0003 RSH r8, 0003
		 r8=00000000
0108 007e0001 AND r8, 0001
		 r8=00000000
00cf8000 MOV [0X10000+r14], cst (0c 03 0e 00 0000)
010e 009e012f JA r8 012f
0111 00020c00 MOV r8, r3
		 r8=0000FCE9
0114 0000f800 MOV r3, r14
		 r3=00000001
0117 002cc001 ADD r3, 0001
0117 0060c000 XOR r3, r0
		 r3=0000fce8
00ecc14a OP_e (0e 03 03 00 014a)
014a 009f8057 JA r14 0057
0057 00138000 DEC r14
0057 00010400 MOV r4, r1
		 r4=00003937
005d 00015000 MOV r5, r4
		 r5=00003937
0060 005d0008 RSH r4, 0008
		 r4=00000039
0063 007d00ff AND r4, 00ff
		 r4=00000039
0063 007d40ff AND r5, 00ff
		 r5=00000037
0063 0002d400 MOV r11, r5
		 r11=00000037
006c 004ec008 LSH r11, 0008
		 r11=00003700
006f 00029c00 MOV r10, r7
		 r10=00000003
0072 004e8010 LSH r10, 0010
		 r10=00030000
0075 0022ac00 ADD_270 r10, r11
0075 00229000 ADD_270 r10, r4
0075 002e9000 ADD r10, 0000
0075 0005a800 MOV r6, [r10]
		 read mem : 64cbfcde
		 r6=64CBFCDE
0081 007d80ff AND r6, 00ff
		 r6=000000de
0081 009dc08a JA r7 008a
008a 0011c000 DEC r7
008a 0002d000 MOV r11, r4
		 r11=00000039
0090 004ec008 LSH r11, 0008
		 r11=00003900
0093 00029c00 MOV r10, r7
		 r10=00000002
0096 004e8010 LSH r10, 0010
		 r10=00020000
0099 0022ac00 ADD_270 r10, r11
0099 00229800 ADD_270 r10, r6
0099 002e9000 ADD r10, 0000
0099 00056800 MOV r5, [r10]
		 read mem : 8fa141ef
		 r5=8FA141EF
00a5 007d40ff AND r5, 00ff
		 r5=000000ef
00a5 009dc0ae JA r7 00ae
00ae 0011c000 DEC r7
00ae 0002d800 MOV r11, r6
		 r11=000000DE
00b4 004ec008 LSH r11, 0008
		 r11=0000DE00
00b7 00029c00 MOV r10, r7
		 r10=00000001
00ba 004e8010 LSH r10, 0010
		 r10=00010000
00bd 0022ac00 ADD_270 r10, r11
00bd 00229400 ADD_270 r10, r5
00bd 002e9000 ADD r10, 0000
00bd 00052800 MOV r4, [r10]
		 read mem : 156ad19b
		 r4=156AD19B
00c9 007d00ff AND r4, 00ff
		 r4=0000009b
00c9 009dc0d2 JA r7 00d2
00d2 0011c000 DEC r7
00d2 0002d400 MOV r11, r5
		 r11=000000EF
00d8 004ec008 LSH r11, 0008
		 r11=0000EF00
00db 00029c00 MOV r10, r7
		 r10=00000000
00de 004e8010 LSH r10, 0010
		 r10=00000000
00e1 0022ac00 ADD_270 r10, r11
00e1 00229000 ADD_270 r10, r4
00e1 002e9000 ADD r10, 0000
00e1 0005a800 MOV r6, [r10]
		 read mem : e4d7e1cc
		 r6=E4D7E1CC
00ed 007d80ff AND r6, 00ff
		 r6=000000cc
00ed 009dc0f6 JA r7 00f6
00f3 000dc00a MOV r7, 000a
		 r7=0000000A
00f6 0011c000 DEC r7
00f6 00025800 MOV r9, r6
		 r9=000000CC
00fc 004e4008 LSH r9, 0008
		 r9=0000CC00
00ff 00225000 ADD_270 r9, r4
00ff 00023800 MOV r8, r14
		 r8=00000000
0105 005e0003 RSH r8, 0003
		 r8=00000000
0108 007e0001 AND r8, 0001
		 r8=00000000
00cf8000 MOV [0X10000+r14], cst (0c 03 0e 00 0000)
010e 009e012f JA r8 012f
0111 00020c00 MOV r8, r3
		 r8=0000FCE8
0114 0000f800 MOV r3, r14
		 r3=00000000
0117 002cc001 ADD r3, 0001
0117 0060c000 XOR r3, r0
		 r3=0000fceb
00ecc14a OP_e (0e 03 03 00 014a)
014a 009f8057 JA r14 0057
014d 00b00000 SWAP r0
		 r0=0000EAFC
0150 00b04000 SWAP r1
		 r1=00003739
0153 004c4010 LSH r1, 0010
		 r1=37390000
0156 00200400 ADD_270 r0, r1
000b4000 OP_x_2 (00 02 0d 00 0000)
015c 002f4004 ADD r13, 0004
015c 00b08000 SWAP r2
		 r2=0000D4C5
0162 00b0c000 SWAP r3
		 r3=0000EBFC
0165 004cc010 LSH r3, 0010
		 r3=EBFC0000
0168 00208c00 ADD_270 r2, r3
000b4800 OP_x_2 (00 02 0d 02 0000)
016e 002f4004 ADD r13, 0004
016e 00013400 MOV r4, r13
		 r4=00100040
0174 00130000 DEC r12
0174 009f0015 JA r12 0015
017a 000f0010 MOV r12, 0010
		 r12=00000010
017d 004f0010 LSH r12, 0010
		 r12=00100000
0180 000ec020 MOV r11, 0020
		 r11=00000020
0183 003f4020 ADD r13, 0020
0183 000d0000 MOV r4, 0000
		 r4=00000000
0189 00043400 MOV r0, [r13]
		 read mem : b1ff1cd0
		 r0=B1FF1CD0
018c 007c00ff AND r0, 00ff
		 r0=000000d0
018c 00047000 MOV r1, [r12]
		 read mem : 612e7270
		 r1=612E7270
0192 007c40ff AND r1, 00ff
		 r1=00000070
0192 00300400 ADD_90 r0 r1
0192 009c01a1 JA r0 01a1
01a1 000d0001 MOV r4, 0001
		 r4=00000001
01a4 008c01a7 CACHE r0
01a4 002f4001 ADD r13, 0001
01a4 002f0001 ADD r12, 0001
01a4 0012c000 DEC r11
01a4 009ec189 JA r11 0189
0189 00043400 MOV r0, [r13]
		 read mem : 2fb1ff1c
		 r0=2FB1FF1C
018c 007c00ff AND r0, 00ff
		 r0=0000001c
018c 00047000 MOV r1, [r12]
		 read mem : 2e612e72
		 r1=2E612E72
0192 007c40ff AND r1, 00ff
		 r1=00000072
0192 00300400 ADD_90 r0 r1
0192 009c01a1 JA r0 01a1
01a1 000d0001 MOV r4, 0001
		 r4=00000001
01a4 008c01a7 CACHE r0
01a4 002f4001 ADD r13, 0001
01a4 002f0001 ADD r12, 0001
01a4 0012c000 DEC r11
01a4 009ec189 JA r11 0189
0189 00043400 MOV r0, [r13]
		 read mem : a42fb1ff
		 r0=A42FB1FF
018c 007c00ff AND r0, 00ff
		 r0=000000ff
018c 00047000 MOV r1, [r12]
		 read mem : 722e612e
		 r1=722E612E
0192 007c40ff AND r1, 00ff
		 r1=0000002e
0192 00300400 ADD_90 r0 r1
0192 009c01a1 JA r0 01a1
01a1 000d0001 MOV r4, 0001
		 r4=00000001
01a4 008c01a7 CACHE r0
01a4 002f4001 ADD r13, 0001
01a4 002f0001 ADD r12, 0001
01a4 0012c000 DEC r11
01a4 009ec189 JA r11 0189
0189 00043400 MOV r0, [r13]
		 read mem : d0a42fb1
		 r0=D0A42FB1
018c 007c00ff AND r0, 00ff
		 r0=000000b1
018c 00047000 MOV r1, [r12]
		 read mem : 66722e61
		 r1=66722E61
0192 007c40ff AND r1, 00ff
		 r1=00000061
0192 00300400 ADD_90 r0 r1
0192 009c01a1 JA r0 01a1
01a1 000d0001 MOV r4, 0001
		 r4=00000001
01a4 008c01a7 CACHE r0
01a4 002f4001 ADD r13, 0001
01a4 002f0001 ADD r12, 0001
01a4 0012c000 DEC r11
01a4 009ec189 JA r11 0189
0189 00043400 MOV r0, [r13]
		 read mem : 1dd0a42f
		 r0=1DD0A42F
018c 007c00ff AND r0, 00ff
		 r0=0000002f
018c 00047000 MOV r1, [r12]
		 read mem : 6766722e
		 r1=6766722E
0192 007c40ff AND r1, 00ff
		 r1=0000002e
0192 00300400 ADD_90 r0 r1
0192 009c01a1 JA r0 01a1
01a1 000d0001 MOV r4, 0001
		 r4=00000001
01a4 008c01a7 CACHE r0
01a4 002f4001 ADD r13, 0001
01a4 002f0001 ADD r12, 0001
01a4 0012c000 DEC r11
01a4 009ec189 JA r11 0189
0189 00043400 MOV r0, [r13]
		 read mem : 6f1dd0a4
		 r0=6F1DD0A4
018c 007c00ff AND r0, 00ff
		 r0=000000a4
018c 00047000 MOV r1, [r12]
		 read mem : 2e676672
		 r1=2E676672
0192 007c40ff AND r1, 00ff
		 r1=00000072
0192 00300400 ADD_90 r0 r1
0192 009c01a1 JA r0 01a1
01a1 000d0001 MOV r4, 0001
		 r4=00000001
01a4 008c01a7 CACHE r0
01a4 002f4001 ADD r13, 0001
01a4 002f0001 ADD r12, 0001
01a4 0012c000 DEC r11
01a4 009ec189 JA r11 0189
0189 00043400 MOV r0, [r13]
		 read mem : 456f1dd0
		 r0=456F1DD0
018c 007c00ff AND r0, 00ff
		 r0=000000d0
018c 00047000 MOV r1, [r12]
		 read mem : 632e6766
		 r1=632E6766
0192 007c40ff AND r1, 00ff
		 r1=00000066
0192 00300400 ADD_90 r0 r1
0192 009c01a1 JA r0 01a1
01a1 000d0001 MOV r4, 0001
		 r4=00000001
01a4 008c01a7 CACHE r0
01a4 002f4001 ADD r13, 0001
01a4 002f0001 ADD r12, 0001
01a4 0012c000 DEC r11
01a4 009ec189 JA r11 0189
0189 00043400 MOV r0, [r13]
		 read mem : 81456f1d
		 r0=81456F1D
018c 007c00ff AND r0, 00ff
		 r0=0000001d
018c 00047000 MOV r1, [r12]
		 read mem : 6e632e67
		 r1=6E632E67
0192 007c40ff AND r1, 00ff
		 r1=00000067
0192 00300400 ADD_90 r0 r1
0192 009c01a1 JA r0 01a1
01a1 000d0001 MOV r4, 0001
		 r4=00000001
01a4 008c01a7 CACHE r0
01a4 002f4001 ADD r13, 0001
01a4 002f0001 ADD r12, 0001
01a4 0012c000 DEC r11
01a4 009ec189 JA r11 0189
0189 00043400 MOV r0, [r13]
		 read mem : 9a81456f
		 r0=9A81456F
018c 007c00ff AND r0, 00ff
		 r0=0000006f
018c 00047000 MOV r1, [r12]
		 read mem : 666e632e
		 r1=666E632E
0192 007c40ff AND r1, 00ff
		 r1=0000002e
0192 00300400 ADD_90 r0 r1
0192 009c01a1 JA r0 01a1
01a1 000d0001 MOV r4, 0001
		 r4=00000001
01a4 008c01a7 CACHE r0
01a4 002f4001 ADD r13, 0001
01a4 002f0001 ADD r12, 0001
01a4 0012c000 DEC r11
01a4 009ec189 JA r11 0189
0189 00043400 MOV r0, [r13]
		 read mem : ee9a8145
		 r0=EE9A8145
018c 007c00ff AND r0, 00ff
		 r0=00000045
018c 00047000 MOV r1, [r12]
		 read mem : 2e666e63
		 r1=2E666E63
0192 007c40ff AND r1, 00ff
		 r1=00000063
0192 00300400 ADD_90 r0 r1
0192 009c01a1 JA r0 01a1
01a1 000d0001 MOV r4, 0001
		 r4=00000001
01a4 008c01a7 CACHE r0
01a4 002f4001 ADD r13, 0001
01a4 002f0001 ADD r12, 0001
01a4 0012c000 DEC r11
01a4 009ec189 JA r11 0189
0189 00043400 MOV r0, [r13]
		 read mem : d6ee9a81
		 r0=D6EE9A81
018c 007c00ff AND r0, 00ff
		 r0=00000081
018c 00047000 MOV r1, [r12]
		 read mem : 662e666e
		 r1=662E666E
0192 007c40ff AND r1, 00ff
		 r1=0000006e
0192 00300400 ADD_90 r0 r1
0192 009c01a1 JA r0 01a1
01a1 000d0001 MOV r4, 0001
		 r4=00000001
01a4 008c01a7 CACHE r0
01a4 002f4001 ADD r13, 0001
01a4 002f0001 ADD r12, 0001
01a4 0012c000 DEC r11
01a4 009ec189 JA r11 0189
0189 00043400 MOV r0, [r13]
		 read mem : 6fd6ee9a
		 r0=6FD6EE9A
018c 007c00ff AND r0, 00ff
		 r0=0000009a
018c 00047000 MOV r1, [r12]
		 read mem : 76662e66
		 r1=76662E66
0192 007c40ff AND r1, 00ff
		 r1=00000066
0192 00300400 ADD_90 r0 r1
0192 009c01a1 JA r0 01a1
01a1 000d0001 MOV r4, 0001
		 r4=00000001
01a4 008c01a7 CACHE r0
01a4 002f4001 ADD r13, 0001
01a4 002f0001 ADD r12, 0001
01a4 0012c000 DEC r11
01a4 009ec189 JA r11 0189
0189 00043400 MOV r0, [r13]
		 read mem : 446fd6ee
		 r0=446FD6EE
018c 007c00ff AND r0, 00ff
		 r0=000000ee
018c 00047000 MOV r1, [r12]
		 read mem : 2e76662e
		 r1=2E76662E
0192 007c40ff AND r1, 00ff
		 r1=0000002e
0192 00300400 ADD_90 r0 r1
0192 009c01a1 JA r0 01a1
01a1 000d0001 MOV r4, 0001
		 r4=00000001
01a4 008c01a7 CACHE r0
01a4 002f4001 ADD r13, 0001
01a4 002f0001 ADD r12, 0001
01a4 0012c000 DEC r11
01a4 009ec189 JA r11 0189
0189 00043400 MOV r0, [r13]
		 read mem : 77446fd6
		 r0=77446FD6
018c 007c00ff AND r0, 00ff
		 r0=000000d6
018c 00047000 MOV r1, [r12]
		 read mem : 732e7666
		 r1=732E7666
0192 007c40ff AND r1, 00ff
		 r1=00000066
0192 00300400 ADD_90 r0 r1
0192 009c01a1 JA r0 01a1
01a1 000d0001 MOV r4, 0001
		 r4=00000001
01a4 008c01a7 CACHE r0
01a4 002f4001 ADD r13, 0001
01a4 002f0001 ADD r12, 0001
01a4 0012c000 DEC r11
01a4 009ec189 JA r11 0189
0189 00043400 MOV r0, [r13]
		 read mem : 7477446f
		 r0=7477446F
018c 007c00ff AND r0, 00ff
		 r0=0000006f
018c 00047000 MOV r1, [r12]
		 read mem : 6e732e76
		 r1=6E732E76
0192 007c40ff AND r1, 00ff
		 r1=00000076
0192 00300400 ADD_90 r0 r1
0192 009c01a1 JA r0 01a1
01a1 000d0001 MOV r4, 0001
		 r4=00000001
01a4 008c01a7 CACHE r0
01a4 002f4001 ADD r13, 0001
01a4 002f0001 ADD r12, 0001
01a4 0012c000 DEC r11
01a4 009ec189 JA r11 0189
0189 00043400 MOV r0, [r13]
		 read mem : 0b747744
		 r0=0B747744
018c 007c00ff AND r0, 00ff
		 r0=00000044
018c 00047000 MOV r1, [r12]
		 read mem : 706e732e
		 r1=706E732E
0192 007c40ff AND r1, 00ff
		 r1=0000002e
0192 00300400 ADD_90 r0 r1
0192 009c01a1 JA r0 01a1
01a1 000d0001 MOV r4, 0001
		 r4=00000001
01a4 008c01a7 CACHE r0
01a4 002f4001 ADD r13, 0001
01a4 002f0001 ADD r12, 0001
01a4 0012c000 DEC r11
01a4 009ec189 JA r11 0189
0189 00043400 MOV r0, [r13]
		 read mem : 9e0b7477
		 r0=9E0B7477
018c 007c00ff AND r0, 00ff
		 r0=00000077
018c 00047000 MOV r1, [r12]
		 read mem : 76706e73
		 r1=76706E73
0192 007c40ff AND r1, 00ff
		 r1=00000073
0192 00300400 ADD_90 r0 r1
0192 009c01a1 JA r0 01a1
01a1 000d0001 MOV r4, 0001
		 r4=00000001
01a4 008c01a7 CACHE r0
01a4 002f4001 ADD r13, 0001
01a4 002f0001 ADD r12, 0001
01a4 0012c000 DEC r11
01a4 009ec189 JA r11 0189
0189 00043400 MOV r0, [r13]
		 read mem : 7c9e0b74
		 r0=7C9E0B74
018c 007c00ff AND r0, 00ff
		 r0=00000074
018c 00047000 MOV r1, [r12]
		 read mem : 7976706e
		 r1=7976706E
0192 007c40ff AND r1, 00ff
		 r1=0000006e
0192 00300400 ADD_90 r0 r1
0192 009c01a1 JA r0 01a1
01a1 000d0001 MOV r4, 0001
		 r4=00000001
01a4 008c01a7 CACHE r0
01a4 002f4001 ADD r13, 0001
01a4 002f0001 ADD r12, 0001
01a4 0012c000 DEC r11
01a4 009ec189 JA r11 0189
0189 00043400 MOV r0, [r13]
		 read mem : e37c9e0b
		 r0=E37C9E0B
018c 007c00ff AND r0, 00ff
		 r0=0000000b
018c 00047000 MOV r1, [r12]
		 read mem : 72797670
		 r1=72797670
0192 007c40ff AND r1, 00ff
		 r1=00000070
0192 00300400 ADD_90 r0 r1
0192 009c01a1 JA r0 01a1
01a1 000d0001 MOV r4, 0001
		 r4=00000001
01a4 008c01a7 CACHE r0
01a4 002f4001 ADD r13, 0001
01a4 002f0001 ADD r12, 0001
01a4 0012c000 DEC r11
01a4 009ec189 JA r11 0189
0189 00043400 MOV r0, [r13]
		 read mem : 77e37c9e
		 r0=77E37C9E
018c 007c00ff AND r0, 00ff
		 r0=0000009e
018c 00047000 MOV r1, [r12]
		 read mem : 40727976
		 r1=40727976
0192 007c40ff AND r1, 00ff
		 r1=00000076
0192 00300400 ADD_90 r0 r1
0192 009c01a1 JA r0 01a1
01a1 000d0001 MOV r4, 0001
		 r4=00000001
01a4 008c01a7 CACHE r0
01a4 002f4001 ADD r13, 0001
01a4 002f0001 ADD r12, 0001
01a4 0012c000 DEC r11
01a4 009ec189 JA r11 0189
0189 00043400 MOV r0, [r13]
		 read mem : 7577e37c
		 r0=7577E37C
018c 007c00ff AND r0, 00ff
		 r0=0000007c
018c 00047000 MOV r1, [r12]
		 read mem : 66407279
		 r1=66407279
0192 007c40ff AND r1, 00ff
		 r1=00000079
0192 00300400 ADD_90 r0 r1
0192 009c01a1 JA r0 01a1
01a1 000d0001 MOV r4, 0001
		 r4=00000001
01a4 008c01a7 CACHE r0
01a4 002f4001 ADD r13, 0001
01a4 002f0001 ADD r12, 0001
01a4 0012c000 DEC r11
01a4 009ec189 JA r11 0189
0189 00043400 MOV r0, [r13]
		 read mem : fc7577e3
		 r0=FC7577E3
018c 007c00ff AND r0, 00ff
		 r0=000000e3
018c 00047000 MOV r1, [r12]
		 read mem : 66664072
		 r1=66664072
0192 007c40ff AND r1, 00ff
		 r1=00000072
0192 00300400 ADD_90 r0 r1
0192 009c01a1 JA r0 01a1
01a1 000d0001 MOV r4, 0001
		 r4=00000001
01a4 008c01a7 CACHE r0
01a4 002f4001 ADD r13, 0001
01a4 002f0001 ADD r12, 0001
01a4 0012c000 DEC r11
01a4 009ec189 JA r11 0189
0189 00043400 MOV r0, [r13]
		 read mem : eafc7577
		 r0=EAFC7577
018c 007c00ff AND r0, 00ff
		 r0=00000077
018c 00047000 MOV r1, [r12]
		 read mem : 67666640
		 r1=67666640
0192 007c40ff AND r1, 00ff
		 r1=00000040
0192 00300400 ADD_90 r0 r1
0192 009c01a1 JA r0 01a1
01a1 000d0001 MOV r4, 0001
		 r4=00000001
01a4 008c01a7 CACHE r0
01a4 002f4001 ADD r13, 0001
01a4 002f0001 ADD r12, 0001
01a4 0012c000 DEC r11
01a4 009ec189 JA r11 0189
0189 00043400 MOV r0, [r13]
		 read mem : 39eafc75
		 r0=39EAFC75
018c 007c00ff AND r0, 00ff
		 r0=00000075
018c 00047000 MOV r1, [r12]
		 read mem : 76676666
		 r1=76676666
0192 007c40ff AND r1, 00ff
		 r1=00000066
0192 00300400 ADD_90 r0 r1
0192 009c01a1 JA r0 01a1
01a1 000d0001 MOV r4, 0001
		 r4=00000001
01a4 008c01a7 CACHE r0
01a4 002f4001 ADD r13, 0001
01a4 002f0001 ADD r12, 0001
01a4 0012c000 DEC r11
01a4 009ec189 JA r11 0189
0189 00043400 MOV r0, [r13]
		 read mem : 3739eafc
		 r0=3739EAFC
018c 007c00ff AND r0, 00ff
		 r0=000000fc
018c 00047000 MOV r1, [r12]
		 read mem : 70766766
		 r1=70766766
0192 007c40ff AND r1, 00ff
		 r1=00000066
0192 00300400 ADD_90 r0 r1
0192 009c01a1 JA r0 01a1
01a1 000d0001 MOV r4, 0001
		 r4=00000001
01a4 008c01a7 CACHE r0
01a4 002f4001 ADD r13, 0001
01a4 002f0001 ADD r12, 0001
01a4 0012c000 DEC r11
01a4 009ec189 JA r11 0189
0189 00043400 MOV r0, [r13]
		 read mem : c53739ea
		 r0=C53739EA
018c 007c00ff AND r0, 00ff
		 r0=000000ea
018c 00047000 MOV r1, [r12]
		 read mem : 2e707667
		 r1=2E707667
0192 007c40ff AND r1, 00ff
		 r1=00000067
0192 00300400 ADD_90 r0 r1
0192 009c01a1 JA r0 01a1
01a1 000d0001 MOV r4, 0001
		 r4=00000001
01a4 008c01a7 CACHE r0
01a4 002f4001 ADD r13, 0001
01a4 002f0001 ADD r12, 0001
01a4 0012c000 DEC r11
01a4 009ec189 JA r11 0189
0189 00043400 MOV r0, [r13]
		 read mem : d4c53739
		 r0=D4C53739
018c 007c00ff AND r0, 00ff
		 r0=00000039
018c 00047000 MOV r1, [r12]
		 read mem : 622e7076
		 r1=622E7076
0192 007c40ff AND r1, 00ff
		 r1=00000076
0192 00300400 ADD_90 r0 r1
0192 009c01a1 JA r0 01a1
01a1 000d0001 MOV r4, 0001
		 r4=00000001
01a4 008c01a7 CACHE r0
01a4 002f4001 ADD r13, 0001
01a4 002f0001 ADD r12, 0001
01a4 0012c000 DEC r11
01a4 009ec189 JA r11 0189
0189 00043400 MOV r0, [r13]
		 read mem : fcd4c537
		 r0=FCD4C537
018c 007c00ff AND r0, 00ff
		 r0=00000037
018c 00047000 MOV r1, [r12]
		 read mem : 65622e70
		 r1=65622E70
0192 007c40ff AND r1, 00ff
		 r1=00000070
0192 00300400 ADD_90 r0 r1
0192 009c01a1 JA r0 01a1
01a1 000d0001 MOV r4, 0001
		 r4=00000001
01a4 008c01a7 CACHE r0
01a4 002f4001 ADD r13, 0001
01a4 002f0001 ADD r12, 0001
01a4 0012c000 DEC r11
01a4 009ec189 JA r11 0189
0189 00043400 MOV r0, [r13]
		 read mem : ebfcd4c5
		 r0=EBFCD4C5
018c 007c00ff AND r0, 00ff
		 r0=000000c5
018c 00047000 MOV r1, [r12]
		 read mem : 7465622e
		 r1=7465622E
0192 007c40ff AND r1, 00ff
		 r1=0000002e
0192 00300400 ADD_90 r0 r1
0192 009c01a1 JA r0 01a1
01a1 000d0001 MOV r4, 0001
		 r4=00000001
01a4 008c01a7 CACHE r0
01a4 002f4001 ADD r13, 0001
01a4 002f0001 ADD r12, 0001
01a4 0012c000 DEC r11
01a4 009ec189 JA r11 0189
0189 00043400 MOV r0, [r13]
		 read mem : 1bebfcd4
		 r0=1BEBFCD4
018c 007c00ff AND r0, 00ff
		 r0=000000d4
018c 00047000 MOV r1, [r12]
		 read mem : d0746562
		 r1=D0746562
0192 007c40ff AND r1, 00ff
		 r1=00000062
0192 00300400 ADD_90 r0 r1
0192 009c01a1 JA r0 01a1
01a1 000d0001 MOV r4, 0001
		 r4=00000001
01a4 008c01a7 CACHE r0
01a4 002f4001 ADD r13, 0001
01a4 002f0001 ADD r12, 0001
01a4 0012c000 DEC r11
01a4 009ec189 JA r11 0189
0189 00043400 MOV r0, [r13]
		 read mem : ba1bebfc
		 r0=BA1BEBFC
018c 007c00ff AND r0, 00ff
		 r0=000000fc
018c 00047000 MOV r1, [r12]
		 read mem : 1cd07465
		 r1=1CD07465
0192 007c40ff AND r1, 00ff
		 r1=00000065
0192 00300400 ADD_90 r0 r1
0192 009c01a1 JA r0 01a1
01a1 000d0001 MOV r4, 0001
		 r4=00000001
01a4 008c01a7 CACHE r0
01a4 002f4001 ADD r13, 0001
01a4 002f0001 ADD r12, 0001
01a4 0012c000 DEC r11
01a4 009ec189 JA r11 0189
0189 00043400 MOV r0, [r13]
		 read mem : 59ba1beb
		 r0=59BA1BEB
018c 007c00ff AND r0, 00ff
		 r0=000000eb
018c 00047000 MOV r1, [r12]
		 read mem : ff1cd074
		 r1=FF1CD074
0192 007c40ff AND r1, 00ff
		 r1=00000074
0192 00300400 ADD_90 r0 r1
0192 009c01a1 JA r0 01a1
01a1 000d0001 MOV r4, 0001
		 r4=00000001
01a4 008c01a7 CACHE r0
01a4 002f4001 ADD r13, 0001
01a4 002f0001 ADD r12, 0001
01a4 0012c000 DEC r11
01a4 009ec189 JA r11 0189
01b3 00001000 MOV r0, r4
		 r0=00000001
00a54000 RET r0 (0a 01 05 00 0000)
		 
		 Program received signal SIGINT, Interrupt.
		 0xffff00001009d1b0 in ?? ()
